Generalplus u'nSP Assembler - Ver. 1.14.13.0
              Listing File Has Been Relocated
                            	// GCC for GeneralPlus u'nSP version 1.1.0.3
                            	// Command: C:\PROGRA~2\unspIDE\toolchain\cc1.exe C:\Users\Libertas\AppData\Local\Temp\ccjsbhLB.i -fkeep-inline-functions -quiet -dumpbase main.c -mglobal-var-iram -gstabs -Wall -o .\Debug/main.asm
                            		.external __sn_func_ptr_sec
                            	
                            	// gcc2_compiled.:
                            	
00000000                    	.debug
00000000 2E 00 73 00        		.dw '.stabs "D:/Light4/light/",0x64,0,3,',0,0,offset Ltext0,seg Ltext0,0x0d,0x0a
         74 00 61 00
         62 00 73 00
         20 00 22 00
         44 00 3A 00
         2F 00 4C 00
         69 00 67 00
         68 00 74 00
         34 00 2F 00
         6C 00 69 00
         67 00 68 00
         74 00 2F 00
         22 00 2C 00
         30 00 78 00
         36 00 34 00
         2C 00 30 00
         2C 00 33 00
         2C 00 00 00
         00 00 00 00
         00 00 0D 00
         0A 00      
00008026                    	.code
00000029                    	.debug
00000029 2E 00 73 00        		.dw '.stabs "D:/Light4/light/main.c",0x64,0,3,',0,0,offset Ltext0,seg Ltext0,0x0d,0x0a
         74 00 61 00
         62 00 73 00
         20 00 22 00
         44 00 3A 00
         2F 00 4C 00
         69 00 67 00
         68 00 74 00
         34 00 2F 00
         6C 00 69 00
         67 00 68 00
         74 00 2F 00
         6D 00 61 00
         69 00 6E 00
         2E 00 63 00
         22 00 2C 00
         30 00 78 00
         36 00 34 00
         2C 00 30 00
         2C 00 33 00
         2C 00 00 00
         00 00 00 00
         00 00 0D 00
         0A 00      
00008026                    	.code
00008026                    	.code
                            	Ltext0:
00000058                    	.debug
00000058 2E 00 73 00        		.dw '.stabs "int:t1=r1;-32768;32767;",128,0,0,0',0x0d,0x0a
         74 00 61 00
         62 00 73 00
         20 00 22 00
         69 00 6E 00
         74 00 3A 00
         74 00 31 00
         3D 00 72 00
         31 00 3B 00
         2D 00 33 00
         32 00 37 00
         36 00 38 00
         3B 00 33 00
         32 00 37 00
         36 00 37 00
         3B 00 22 00
         2C 00 31 00
         32 00 38 00
         2C 00 30 00
         2C 00 30 00
         2C 00 30 00
         0D 00 0A 00
00008026                    	.CODE
00000084                    	.debug
00000084 2E 00 73 00        		.dw '.stabs "char:t2=r2;0;127;",128,0,0,0',0x0d,0x0a
         74 00 61 00
         62 00 73 00
         20 00 22 00
         63 00 68 00
         61 00 72 00
         3A 00 74 00
         32 00 3D 00
         72 00 32 00
         3B 00 30 00
         3B 00 31 00
         32 00 37 00
         3B 00 22 00
         2C 00 31 00
         32 00 38 00
         2C 00 30 00
         2C 00 30 00
         2C 00 30 00
         0D 00 0A 00
00008026                    	.CODE
000000AA                    	.debug
000000AA 2E 00 73 00        		.dw '.stabs "long int:t3=r3;-2147483648;2147483647;",128,0,0,0',0x0d,0x0a
         74 00 61 00
         62 00 73 00
         20 00 22 00
         6C 00 6F 00
         6E 00 67 00
         20 00 69 00
         6E 00 74 00
         3A 00 74 00
         33 00 3D 00
         72 00 33 00
         3B 00 2D 00
         32 00 31 00
         34 00 37 00
         34 00 38 00
         33 00 36 00
         34 00 38 00
         3B 00 32 00
         31 00 34 00
         37 00 34 00
         38 00 33 00
         36 00 34 00
         37 00 3B 00
         22 00 2C 00
         31 00 32 00
         38 00 2C 00
         30 00 2C 00
         30 00 2C 00
         30 00 0D 00
         0A 00      
00008026                    	.CODE
000000E5                    	.debug
000000E5 2E 00 73 00        		.dw '.stabs "unsigned int:t4=r4;0;65535;",128,0,0,0',0x0d,0x0a
         74 00 61 00
         62 00 73 00
         20 00 22 00
         75 00 6E 00
         73 00 69 00
         67 00 6E 00
         65 00 64 00
         20 00 69 00
         6E 00 74 00
         3A 00 74 00
         34 00 3D 00
         72 00 34 00
         3B 00 30 00
         3B 00 36 00
         35 00 35 00
         33 00 35 00
         3B 00 22 00
         2C 00 31 00
         32 00 38 00
         2C 00 30 00
         2C 00 30 00
         2C 00 30 00
         0D 00 0A 00
00008026                    	.CODE
00000115                    	.debug
00000115 2E 00 73 00        		.dw '.stabs "long unsigned int:t5=r5;0;4294967295;",128,0,0,0',0x0d,0x0a
         74 00 61 00
         62 00 73 00
         20 00 22 00
         6C 00 6F 00
         6E 00 67 00
         20 00 75 00
         6E 00 73 00
         69 00 67 00
         6E 00 65 00
         64 00 20 00
         69 00 6E 00
         74 00 3A 00
         74 00 35 00
         3D 00 72 00
         35 00 3B 00
         30 00 3B 00
         34 00 32 00
         39 00 34 00
         39 00 36 00
         37 00 32 00
         39 00 35 00
         3B 00 22 00
         2C 00 31 00
         32 00 38 00
         2C 00 30 00
         2C 00 30 00
         2C 00 30 00
         0D 00 0A 00
00008026                    	.CODE
0000014F                    	.debug
0000014F 2E 00 73 00        		.dw '.stabs "long long int:t6=r6;-2147483648;2147483647;",128,0,0,0',0x0d,0x0a
         74 00 61 00
         62 00 73 00
         20 00 22 00
         6C 00 6F 00
         6E 00 67 00
         20 00 6C 00
         6F 00 6E 00
         67 00 20 00
         69 00 6E 00
         74 00 3A 00
         74 00 36 00
         3D 00 72 00
         36 00 3B 00
         2D 00 32 00
         31 00 34 00
         37 00 34 00
         38 00 33 00
         36 00 34 00
         38 00 3B 00
         32 00 31 00
         34 00 37 00
         34 00 38 00
         33 00 36 00
         34 00 37 00
         3B 00 22 00
         2C 00 31 00
         32 00 38 00
         2C 00 30 00
         2C 00 30 00
         2C 00 30 00
         0D 00 0A 00
00008026                    	.CODE
0000018F                    	.debug
0000018F 2E 00 73 00        		.dw '.stabs "long long unsigned int:t7=r7;0;4294967295;",128,0,0,0',0x0d,0x0a
         74 00 61 00
         62 00 73 00
         20 00 22 00
         6C 00 6F 00
         6E 00 67 00
         20 00 6C 00
         6F 00 6E 00
         67 00 20 00
         75 00 6E 00
         73 00 69 00
         67 00 6E 00
         65 00 64 00
         20 00 69 00
         6E 00 74 00
         3A 00 74 00
         37 00 3D 00
         72 00 37 00
         3B 00 30 00
         3B 00 34 00
         32 00 39 00
         34 00 39 00
         36 00 37 00
         32 00 39 00
         35 00 3B 00
         22 00 2C 00
         31 00 32 00
         38 00 2C 00
         30 00 2C 00
         30 00 2C 00
         30 00 0D 00
         0A 00      
00008026                    	.CODE
000001CE                    	.debug
000001CE 2E 00 73 00        		.dw '.stabs "short int:t8=r8;-32768;32767;",128,0,0,0',0x0d,0x0a
         74 00 61 00
         62 00 73 00
         20 00 22 00
         73 00 68 00
         6F 00 72 00
         74 00 20 00
         69 00 6E 00
         74 00 3A 00
         74 00 38 00
         3D 00 72 00
         38 00 3B 00
         2D 00 33 00
         32 00 37 00
         36 00 38 00
         3B 00 33 00
         32 00 37 00
         36 00 37 00
         3B 00 22 00
         2C 00 31 00
         32 00 38 00
         2C 00 30 00
         2C 00 30 00
         2C 00 30 00
         0D 00 0A 00
00008026                    	.CODE
00000200                    	.debug
00000200 2E 00 73 00        		.dw '.stabs "short unsigned int:t9=r9;0;65535;",128,0,0,0',0x0d,0x0a
         74 00 61 00
         62 00 73 00
         20 00 22 00
         73 00 68 00
         6F 00 72 00
         74 00 20 00
         75 00 6E 00
         73 00 69 00
         67 00 6E 00
         65 00 64 00
         20 00 69 00
         6E 00 74 00
         3A 00 74 00
         39 00 3D 00
         72 00 39 00
         3B 00 30 00
         3B 00 36 00
         35 00 35 00
         33 00 35 00
         3B 00 22 00
         2C 00 31 00
         32 00 38 00
         2C 00 30 00
         2C 00 30 00
         2C 00 30 00
         0D 00 0A 00
00008026                    	.CODE
00000236                    	.debug
00000236 2E 00 73 00        		.dw '.stabs "signed char:t10=r10;-32768;32767;",128,0,0,0',0x0d,0x0a
         74 00 61 00
         62 00 73 00
         20 00 22 00
         73 00 69 00
         67 00 6E 00
         65 00 64 00
         20 00 63 00
         68 00 61 00
         72 00 3A 00
         74 00 31 00
         30 00 3D 00
         72 00 31 00
         30 00 3B 00
         2D 00 33 00
         32 00 37 00
         36 00 38 00
         3B 00 33 00
         32 00 37 00
         36 00 37 00
         3B 00 22 00
         2C 00 31 00
         32 00 38 00
         2C 00 30 00
         2C 00 30 00
         2C 00 30 00
         0D 00 0A 00
00008026                    	.CODE
0000026C                    	.debug
0000026C 2E 00 73 00        		.dw '.stabs "unsigned char:t11=r11;0;65535;",128,0,0,0',0x0d,0x0a
         74 00 61 00
         62 00 73 00
         20 00 22 00
         75 00 6E 00
         73 00 69 00
         67 00 6E 00
         65 00 64 00
         20 00 63 00
         68 00 61 00
         72 00 3A 00
         74 00 31 00
         31 00 3D 00
         72 00 31 00
         31 00 3B 00
         30 00 3B 00
         36 00 35 00
         35 00 33 00
         35 00 3B 00
         22 00 2C 00
         31 00 32 00
         38 00 2C 00
         30 00 2C 00
         30 00 2C 00
         30 00 0D 00
         0A 00      
00008026                    	.CODE
0000029F                    	.debug
0000029F 2E 00 73 00        		.dw '.stabs "float:t12=r1;2;0;",128,0,0,0',0x0d,0x0a
         74 00 61 00
         62 00 73 00
         20 00 22 00
         66 00 6C 00
         6F 00 61 00
         74 00 3A 00
         74 00 31 00
         32 00 3D 00
         72 00 31 00
         3B 00 32 00
         3B 00 30 00
         3B 00 22 00
         2C 00 31 00
         32 00 38 00
         2C 00 30 00
         2C 00 30 00
         2C 00 30 00
         0D 00 0A 00
00008026                    	.CODE
000002C5                    	.debug
000002C5 2E 00 73 00        		.dw '.stabs "double:t13=r1;2;0;",128,0,0,0',0x0d,0x0a
         74 00 61 00
         62 00 73 00
         20 00 22 00
         64 00 6F 00
         75 00 62 00
         6C 00 65 00
         3A 00 74 00
         31 00 33 00
         3D 00 72 00
         31 00 3B 00
         32 00 3B 00
         30 00 3B 00
         22 00 2C 00
         31 00 32 00
         38 00 2C 00
         30 00 2C 00
         30 00 2C 00
         30 00 0D 00
         0A 00      
00008026                    	.CODE
000002EC                    	.debug
000002EC 2E 00 73 00        		.dw '.stabs "long double:t14=r1;2;0;",128,0,0,0',0x0d,0x0a
         74 00 61 00
         62 00 73 00
         20 00 22 00
         6C 00 6F 00
         6E 00 67 00
         20 00 64 00
         6F 00 75 00
         62 00 6C 00
         65 00 3A 00
         74 00 31 00
         34 00 3D 00
         72 00 31 00
         3B 00 32 00
         3B 00 30 00
         3B 00 22 00
         2C 00 31 00
         32 00 38 00
         2C 00 30 00
         2C 00 30 00
         2C 00 30 00
         0D 00 0A 00
00008026                    	.CODE
00000318                    	.debug
00000318 2E 00 73 00        		.dw '.stabs "complex int:t15=s2real:1,0,16;imag:1,16,16;;",128,0,0,0',0x0d,0x0a
         74 00 61 00
         62 00 73 00
         20 00 22 00
         63 00 6F 00
         6D 00 70 00
         6C 00 65 00
         78 00 20 00
         69 00 6E 00
         74 00 3A 00
         74 00 31 00
         35 00 3D 00
         73 00 32 00
         72 00 65 00
         61 00 6C 00
         3A 00 31 00
         2C 00 30 00
         2C 00 31 00
         36 00 3B 00
         69 00 6D 00
         61 00 67 00
         3A 00 31 00
         2C 00 31 00
         36 00 2C 00
         31 00 36 00
         3B 00 3B 00
         22 00 2C 00
         31 00 32 00
         38 00 2C 00
         30 00 2C 00
         30 00 2C 00
         30 00 0D 00
         0A 00      
00008026                    	.CODE
00000359                    	.debug
00000359 2E 00 73 00        		.dw '.stabs "complex float:t16=r16;2;0;",128,0,0,0',0x0d,0x0a
         74 00 61 00
         62 00 73 00
         20 00 22 00
         63 00 6F 00
         6D 00 70 00
         6C 00 65 00
         78 00 20 00
         66 00 6C 00
         6F 00 61 00
         74 00 3A 00
         74 00 31 00
         36 00 3D 00
         72 00 31 00
         36 00 3B 00
         32 00 3B 00
         30 00 3B 00
         22 00 2C 00
         31 00 32 00
         38 00 2C 00
         30 00 2C 00
         30 00 2C 00
         30 00 0D 00
         0A 00      
00008026                    	.CODE
00000388                    	.debug
00000388 2E 00 73 00        		.dw '.stabs "complex double:t17=r17;2;0;",128,0,0,0',0x0d,0x0a
         74 00 61 00
         62 00 73 00
         20 00 22 00
         63 00 6F 00
         6D 00 70 00
         6C 00 65 00
         78 00 20 00
         64 00 6F 00
         75 00 62 00
         6C 00 65 00
         3A 00 74 00
         31 00 37 00
         3D 00 72 00
         31 00 37 00
         3B 00 32 00
         3B 00 30 00
         3B 00 22 00
         2C 00 31 00
         32 00 38 00
         2C 00 30 00
         2C 00 30 00
         2C 00 30 00
         0D 00 0A 00
00008026                    	.CODE
000003B8                    	.debug
000003B8 2E 00 73 00        		.dw '.stabs "complex long double:t18=r18;2;0;",128,0,0,0',0x0d,0x0a
         74 00 61 00
         62 00 73 00
         20 00 22 00
         63 00 6F 00
         6D 00 70 00
         6C 00 65 00
         78 00 20 00
         6C 00 6F 00
         6E 00 67 00
         20 00 64 00
         6F 00 75 00
         62 00 6C 00
         65 00 3A 00
         74 00 31 00
         38 00 3D 00
         72 00 31 00
         38 00 3B 00
         32 00 3B 00
         30 00 3B 00
         22 00 2C 00
         31 00 32 00
         38 00 2C 00
         30 00 2C 00
         30 00 2C 00
         30 00 0D 00
         0A 00      
00008026                    	.CODE
000003ED                    	.debug
000003ED 2E 00 73 00        		.dw '.stabs "void:t19=19",128,0,0,0',0x0d,0x0a
         74 00 61 00
         62 00 73 00
         20 00 22 00
         76 00 6F 00
         69 00 64 00
         3A 00 74 00
         31 00 39 00
         3D 00 31 00
         39 00 22 00
         2C 00 31 00
         32 00 38 00
         2C 00 30 00
         2C 00 30 00
         2C 00 30 00
         0D 00 0A 00
00008026                    	.CODE
                            	.public _stop
00000001                    	.iram
                            	_stop:
00000001 00 00              		.dw 0
0000040D                    	.debug
0000040D 2E 00 73 00        		.dw '.stabs "stop:G1",32,0,0,',0,0,offset _stop,seg _stop,0x0d,0x0a
         74 00 61 00
         62 00 73 00
         20 00 22 00
         73 00 74 00
         6F 00 70 00
         3A 00 47 00
         31 00 22 00
         2C 00 33 00
         32 00 2C 00
         30 00 2C 00
         30 00 2C 00
         00 00 00 00
         00 00 00 00
         0D 00 0A 00
00008026                    	.CODE
00008026                    	.code
0000042B                    	.debug
0000042B 2E 00 73 00        		.dw '.stabs "Delay:F19",36,0,0,',0,0,offset _Delay,seg _Delay,0x0d,0x0a
         74 00 61 00
         62 00 73 00
         20 00 22 00
         44 00 65 00
         6C 00 61 00
         79 00 3A 00
         46 00 31 00
         39 00 22 00
         2C 00 33 00
         36 00 2C 00
         30 00 2C 00
         30 00 2C 00
         00 00 00 00
         00 00 00 00
         0D 00 0A 00
00008026                    	.CODE
                            	.public _Delay
                            	_Delay:	.proc
0000044B                    	.debug
0000044B 2E 00 73 00        		.dw '.stabn 0x44,0,15,',0,0
         74 00 61 00
         62 00 6E 00
         20 00 30 00
         78 00 34 00
         34 00 2C 00
         30 00 2C 00
         31 00 35 00
         2C 00 00 00
         00 00      
0000045E 00 00 00 00        		.dd LM1-_Delay
00000460 0D 00 0A 00        		.dw 0x0d,0x0a
00008026                    	.code
                            	LM1:
                            		// total=1, vars=1
                            		// frame_pointer_needed: 1
00000462                    	.debug
00000462 2E 00 73 00        		.dw '.stabn 0xa6,0,0,1',0x0d, 0x0a
         74 00 61 00
         62 00 6E 00
         20 00 30 00
         78 00 61 00
         36 00 2C 00
         30 00 2C 00
         30 00 2C 00
         31 00 0D 00
         0A 00      
00008026                    	.code
00008026 88 DA              		PUSH BP to [SP]
00008027 41 20              		SP-=1
00008028 08 0B 01 00        		BP=SP+1
                            	
0000802A 0D 03 04 00        		R1=BP+4
                            	LBB2:
00000475                    	.debug
00000475 2E 00 73 00        		.dw '.stabn 0x44,0,17,',0,0
         74 00 61 00
         62 00 6E 00
         20 00 30 00
         78 00 34 00
         34 00 2C 00
         30 00 2C 00
         31 00 37 00
         2C 00 00 00
         00 00      
00000488 06 00 00 00        		.dd LM2-_Delay
0000048A 0D 00 0A 00        		.dw 0x0d,0x0a
0000802C                    	.code
                            	LM2:
0000802C 40 94              		R2=0	// QImode move
0000802D C5 D4              		[BP]=R2	// QImode move
                            	L3:
0000802E C5 94              		R2=[BP]	// QImode move
0000802F 0A 45 B8 0B        		CMP R2,3000	// QImode compare
00008031 04 8E 01 EE        		NSJNA L6	//QImode LEU
         00 EE      
00008034 0F 9F 3F 80        		PC=L4	// jump
                            	L6:
0000048C                    	.debug
0000048C 2E 00 73 00        		.dw '.stabn 0x44,0,19,',0,0
         74 00 61 00
         62 00 6E 00
         20 00 30 00
         78 00 34 00
         34 00 2C 00
         30 00 2C 00
         31 00 39 00
         2C 00 00 00
         00 00      
0000049F 10 00 00 00        		.dd LM3-_Delay
000004A1 0D 00 0A 00        		.dw 0x0d,0x0a
00008036                    	.code
                            	LM3:
00008036 41 94              		R2=1	// QImode move
00008037 1A D5 12 70        		[28690]=R2	// QImode move
000004A3                    	.debug
000004A3 2E 00 73 00        		.dw '.stabn 0x44,0,17,',0,0
         74 00 61 00
         62 00 6E 00
         20 00 30 00
         78 00 34 00
         34 00 2C 00
         30 00 2C 00
         31 00 37 00
         2C 00 00 00
         00 00      
000004B6 13 00 00 00        		.dd LM4-_Delay
000004B8 0D 00 0A 00        		.dw 0x0d,0x0a
00008039                    	.code
                            	LM4:
                            	L5:
00008039 C5 94              		R2=[BP]	// QImode move
0000803A 0A 07 01 00        		R3=R2+1
0000803C C5 D6              		[BP]=R3	// QImode move
0000803D 0F 9F 2E 80        		PC=L3	// jump
                            	L4:
000004BA                    	.debug
000004BA 2E 00 73 00        		.dw '.stabn 0x44,0,21,',0,0
         74 00 61 00
         62 00 6E 00
         20 00 30 00
         78 00 34 00
         34 00 2C 00
         30 00 2C 00
         32 00 31 00
         2C 00 00 00
         00 00      
000004CD 19 00 00 00        		.dd LM5-_Delay
000004CF 0D 00 0A 00        		.dw 0x0d,0x0a
0000803F                    	.code
                            	LM5:
                            	LBE2:
000004D1                    	.debug
000004D1 2E 00 73 00        		.dw '.stabn 0x44,0,21,',0,0
         74 00 61 00
         62 00 6E 00
         20 00 30 00
         78 00 34 00
         34 00 2C 00
         30 00 2C 00
         32 00 31 00
         2C 00 00 00
         00 00      
000004E4 19 00 00 00        		.dd LM6-_Delay
000004E6 0D 00 0A 00        		.dw 0x0d,0x0a
0000803F                    	.code
                            	LM6:
                            	L2:
                            	
0000803F 41 00              		SP+=1
00008040 88 98              		POP BP from [SP]
00008041 90 9A              		RETF
                            		.endp	// end of Delay
                            	
000004E8                    	.debug
000004E8 2E 00 73 00        		.dw '.stabn 0xc0,0,0,',0,0
         74 00 61 00
         62 00 6E 00
         20 00 30 00
         78 00 63 00
         30 00 2C 00
         30 00 2C 00
         30 00 2C 00
         00 00 00 00
000004FA 06 00 00 00        		.dd LBB2-_Delay
000004FC 0D 00 0A 00        		.dw 0x0d,0x0a
00008042                    	.code
000004FE                    	.debug
000004FE 2E 00 73 00        		.dw '.stabs "uiCount:4",128,0,0,0',0x0d,0x0a
         74 00 61 00
         62 00 73 00
         20 00 22 00
         75 00 69 00
         43 00 6F 00
         75 00 6E 00
         74 00 3A 00
         34 00 22 00
         2C 00 31 00
         32 00 38 00
         2C 00 30 00
         2C 00 30 00
         2C 00 30 00
         0D 00 0A 00
00008042                    	.CODE
0000051C                    	.debug
0000051C 2E 00 73 00        		.dw '.stabn 0xe0,0,0,',0,0
         74 00 61 00
         62 00 6E 00
         20 00 30 00
         78 00 65 00
         30 00 2C 00
         30 00 2C 00
         30 00 2C 00
         00 00 00 00
0000052E 19 00 00 00        		.dd LBE2-_Delay
00000530 0D 00 0A 00        		.dw 0x0d,0x0a
00008042                    	.code
00000532                    	.debug
00000532 2E 00 73 00        		.dw '.stabf ',0,0
         74 00 61 00
         62 00 66 00
         20 00 00 00
         00 00      
0000053B 1C 00 00 00        		.dd LME1-_Delay
0000053D 0D 00 0A 00        		.dw 0x0d,0x0a
00008042                    	.code
                            	LME1:
00008042                    	.code
0000053F                    	.debug
0000053F 2E 00 73 00        		.dw '.stabs "scanKey:F4",36,0,0,',0,0,offset _scanKey,seg _scanKey,0x0d,0x0a
         74 00 61 00
         62 00 73 00
         20 00 22 00
         73 00 63 00
         61 00 6E 00
         4B 00 65 00
         79 00 3A 00
         46 00 34 00
         22 00 2C 00
         33 00 36 00
         2C 00 30 00
         2C 00 30 00
         2C 00 00 00
         00 00 1C 00
         00 00 0D 00
         0A 00      
00008042                    	.CODE
                            	.public _scanKey
                            	_scanKey:	.proc
00000560                    	.debug
00000560 2E 00 73 00        		.dw '.stabn 0x44,0,24,',0,0
         74 00 61 00
         62 00 6E 00
         20 00 30 00
         78 00 34 00
         34 00 2C 00
         30 00 2C 00
         32 00 34 00
         2C 00 00 00
         00 00      
00000573 00 00 00 00        		.dd LM7-_scanKey
00000575 0D 00 0A 00        		.dw 0x0d,0x0a
00008042                    	.code
                            	LM7:
                            		// total=4, vars=4
                            		// frame_pointer_needed: 1
00000577                    	.debug
00000577 2E 00 73 00        		.dw '.stabn 0xa6,0,0,4',0x0d, 0x0a
         74 00 61 00
         62 00 6E 00
         20 00 30 00
         78 00 61 00
         36 00 2C 00
         30 00 2C 00
         30 00 2C 00
         34 00 0D 00
         0A 00      
00008042                    	.code
00008042 88 DA              		PUSH BP to [SP]
00008043 44 20              		SP-=4
00008044 08 0B 01 00        		BP=SP+1
                            	
00008046 0D 03 07 00        		R1=BP+7
00008048 03 D2              		[BP+3]=R1	// QImode move
                            	LBB3:
0000058A                    	.debug
0000058A 2E 00 73 00        		.dw '.stabn 0x44,0,30,',0,0
         74 00 61 00
         62 00 6E 00
         20 00 30 00
         78 00 34 00
         34 00 2C 00
         30 00 2C 00
         33 00 30 00
         2C 00 00 00
         00 00      
0000059D 07 00 00 00        		.dd LM8-_scanKey
0000059F 0D 00 0A 00        		.dw 0x0d,0x0a
00008049                    	.code
                            	LM8:
00008049 03 94              		R2=[BP+3]	// QImode move
0000804A C2 92              		R1=[R2]	// QImode move
0000804B 09 43 41 00        		CMP R1,65	// QImode compare
0000804D 0B 4E 01 EE        		NSJNZ L9	//QImode NE
         00 EE      
000005A1                    	.debug
000005A1 2E 00 73 00        		.dw '.stabn 0x44,0,31,',0,0
         74 00 61 00
         62 00 6E 00
         20 00 30 00
         78 00 34 00
         34 00 2C 00
         30 00 2C 00
         33 00 31 00
         2C 00 00 00
         00 00      
000005B4 0E 00 00 00        		.dd LM9-_scanKey
000005B6 0D 00 0A 00        		.dw 0x0d,0x0a
00008050                    	.code
                            	LM9:
00008050 05 93              		R1=BP	// QImode move
00008051 0D 05 02 00        		R2=BP+2
00008053 09 93 00 70        		R1=28672	// QImode move
00008055 02 97              		R3=R2	// QImode move
00008056 C3 D2              		[R3]=R1	// QImode move
00008057 0F 9F 64 80        		PC=L10	// jump
                            	L9:
000005B8                    	.debug
000005B8 2E 00 73 00        		.dw '.stabn 0x44,0,32,',0,0
         74 00 61 00
         62 00 6E 00
         20 00 30 00
         78 00 34 00
         34 00 2C 00
         30 00 2C 00
         33 00 32 00
         2C 00 00 00
         00 00      
000005CB 17 00 00 00        		.dd LM10-_scanKey
000005CD 0D 00 0A 00        		.dw 0x0d,0x0a
00008059                    	.code
                            	LM10:
00008059 09 93 42 00        		R1=66	// QImode move
0000805B 03 98              		R4=[BP+3]	// QImode move
0000805C C4 D2              		[R4]=R1	// QImode move
000005CF                    	.debug
000005CF 2E 00 73 00        		.dw '.stabn 0x44,0,33,',0,0
         74 00 61 00
         62 00 6E 00
         20 00 30 00
         78 00 34 00
         34 00 2C 00
         30 00 2C 00
         33 00 33 00
         2C 00 00 00
         00 00      
000005E2 1B 00 00 00        		.dd LM11-_scanKey
000005E4 0D 00 0A 00        		.dw 0x0d,0x0a
0000805D                    	.code
                            	LM11:
0000805D 05 93              		R1=BP	// QImode move
0000805E 0D 05 02 00        		R2=BP+2
00008060 09 93 05 70        		R1=28677	// QImode move
00008062 02 97              		R3=R2	// QImode move
00008063 C3 D2              		[R3]=R1	// QImode move
                            	L11:
                            	L10:
000005E6                    	.debug
000005E6 2E 00 73 00        		.dw '.stabn 0x44,0,35,',0,0
         74 00 61 00
         62 00 6E 00
         20 00 30 00
         78 00 34 00
         34 00 2C 00
         30 00 2C 00
         33 00 35 00
         2C 00 00 00
         00 00      
000005F9 22 00 00 00        		.dd LM12-_scanKey
000005FB 0D 00 0A 00        		.dw 0x0d,0x0a
00008064                    	.code
                            	LM12:
00008064 05 93              		R1=BP	// QImode move
00008065 0D 05 02 00        		R2=BP+2
00008067 02 99              		R4=R2	// QImode move
00008068 C4 92              		R1=[R4]	// QImode move
00008069 01 97              		R3=R1	// QImode move
0000806A C3 94              		R2=[R3]	// QImode move
0000806B C5 D4              		[BP]=R2	// QImode move
000005FD                    	.debug
000005FD 2E 00 73 00        		.dw '.stabn 0x44,0,37,',0,0
         74 00 61 00
         62 00 6E 00
         20 00 30 00
         78 00 34 00
         34 00 2C 00
         30 00 2C 00
         33 00 37 00
         2C 00 00 00
         00 00      
00000610 2A 00 00 00        		.dd LM13-_scanKey
00000612 0D 00 0A 00        		.dw 0x0d,0x0a
0000806C                    	.code
                            	LM13:
0000806C C5 92              		R1=[BP]	// QImode move
0000806D 40 42              		CMP R1,0	// QImode test
0000806E 1B 5E 01 EE        		NSJZ L12	//QImode EQ
         00 EE      
00000614                    	.debug
00000614 2E 00 73 00        		.dw '.stabn 0x44,0,39,',0,0
         74 00 61 00
         62 00 6E 00
         20 00 30 00
         78 00 34 00
         34 00 2C 00
         30 00 2C 00
         33 00 39 00
         2C 00 00 00
         00 00      
00000627 2F 00 00 00        		.dd LM14-_scanKey
00000629 0D 00 0A 00        		.dw 0x0d,0x0a
00008071                    	.code
                            	LM14:
00008071 40 F0 26 80        		CALL _Delay	// call without return value
0000062B                    	.debug
0000062B 2E 00 73 00        		.dw '.stabn 0x44,0,40,',0,0
         74 00 61 00
         62 00 6E 00
         20 00 30 00
         78 00 34 00
         34 00 2C 00
         30 00 2C 00
         34 00 30 00
         2C 00 00 00
         00 00      
0000063E 31 00 00 00        		.dd LM15-_scanKey
00000640 0D 00 0A 00        		.dw 0x0d,0x0a
00008073                    	.code
                            	LM15:
00008073 05 95              		R2=BP	// QImode move
00008074 0D 03 01 00        		R1=BP+1
00008076 05 95              		R2=BP	// QImode move
00008077 0D 07 02 00        		R3=BP+2
00008079 03 99              		R4=R3	// QImode move
0000807A C4 94              		R2=[R4]	// QImode move
0000807B 02 99              		R4=R2	// QImode move
0000807C C4 96              		R3=[R4]	// QImode move
0000807D 01 95              		R2=R1	// QImode move
0000807E C2 D6              		[R2]=R3	// QImode move
00000642                    	.debug
00000642 2E 00 73 00        		.dw '.stabn 0x44,0,41,',0,0
         74 00 61 00
         62 00 6E 00
         20 00 30 00
         78 00 34 00
         34 00 2C 00
         30 00 2C 00
         34 00 31 00
         2C 00 00 00
         00 00      
00000655 3D 00 00 00        		.dd LM16-_scanKey
00000657 0D 00 0A 00        		.dw 0x0d,0x0a
0000807F                    	.code
                            	LM16:
0000807F 05 93              		R1=BP	// QImode move
00008080 0D 05 01 00        		R2=BP+1
00008082 C5 92              		R1=[BP]	// QImode move
00008083 02 97              		R3=R2	// QImode move
00008084 C3 42              		CMP R1,[R3]	// QImode compare
00008085 04 5E 01 EE        		NSJZ L12	//QImode EQ
         00 EE      
00000659                    	.debug
00000659 2E 00 73 00        		.dw '.stabn 0x44,0,42,',0,0
         74 00 61 00
         62 00 6E 00
         20 00 30 00
         78 00 34 00
         34 00 2C 00
         30 00 2C 00
         34 00 32 00
         2C 00 00 00
         00 00      
0000066C 46 00 00 00        		.dd LM17-_scanKey
0000066E 0D 00 0A 00        		.dw 0x0d,0x0a
00008088                    	.code
                            	LM17:
00008088 40 92              		R1=0	// QImode move
00008089 C5 D2              		[BP]=R1	// QImode move
                            	L13:
                            	L12:
00000670                    	.debug
00000670 2E 00 73 00        		.dw '.stabn 0x44,0,44,',0,0
         74 00 61 00
         62 00 6E 00
         20 00 30 00
         78 00 34 00
         34 00 2C 00
         30 00 2C 00
         34 00 34 00
         2C 00 00 00
         00 00      
00000683 48 00 00 00        		.dd LM18-_scanKey
00000685 0D 00 0A 00        		.dw 0x0d,0x0a
0000808A                    	.code
                            	LM18:
0000808A C5 94              		R2=[BP]	// QImode move
0000808B 02 93              		R1=R2	// QImode move
0000808C 0F 9F 8E 80        		PC=L8	// jump
00000687                    	.debug
00000687 2E 00 73 00        		.dw '.stabn 0x44,0,45,',0,0
         74 00 61 00
         62 00 6E 00
         20 00 30 00
         78 00 34 00
         34 00 2C 00
         30 00 2C 00
         34 00 35 00
         2C 00 00 00
         00 00      
0000069A 4C 00 00 00        		.dd LM19-_scanKey
0000069C 0D 00 0A 00        		.dw 0x0d,0x0a
0000808E                    	.code
                            	LM19:
                            	LBE3:
0000069E                    	.debug
0000069E 2E 00 73 00        		.dw '.stabn 0x44,0,45,',0,0
         74 00 61 00
         62 00 6E 00
         20 00 30 00
         78 00 34 00
         34 00 2C 00
         30 00 2C 00
         34 00 35 00
         2C 00 00 00
         00 00      
000006B1 4C 00 00 00        		.dd LM20-_scanKey
000006B3 0D 00 0A 00        		.dw 0x0d,0x0a
0000808E                    	.code
                            	LM20:
                            	L8:
                            	
0000808E 44 00              		SP+=4
0000808F 88 98              		POP BP from [SP]
00008090 90 9A              		RETF
                            		.endp	// end of scanKey
                            	
000006B5                    	.debug
000006B5 2E 00 73 00        		.dw '.stabs "portName:p2",160,0,0,7',0x0d,0x0a
         74 00 61 00
         62 00 73 00
         20 00 22 00
         70 00 6F 00
         72 00 74 00
         4E 00 61 00
         6D 00 65 00
         3A 00 70 00
         32 00 22 00
         2C 00 31 00
         36 00 30 00
         2C 00 30 00
         2C 00 30 00
         2C 00 37 00
         0D 00 0A 00
00008091                    	.CODE
000006D5                    	.debug
000006D5 2E 00 73 00        		.dw '.stabn 0xc0,0,0,',0,0
         74 00 61 00
         62 00 6E 00
         20 00 30 00
         78 00 63 00
         30 00 2C 00
         30 00 2C 00
         30 00 2C 00
         00 00 00 00
000006E7 07 00 00 00        		.dd LBB3-_scanKey
000006E9 0D 00 0A 00        		.dw 0x0d,0x0a
00008091                    	.code
000006EB                    	.debug
000006EB 2E 00 73 00        		.dw '.stabs "uiData:4",128,0,0,0',0x0d,0x0a
         74 00 61 00
         62 00 73 00
         20 00 22 00
         75 00 69 00
         44 00 61 00
         74 00 61 00
         3A 00 34 00
         22 00 2C 00
         31 00 32 00
         38 00 2C 00
         30 00 2C 00
         30 00 2C 00
         30 00 0D 00
         0A 00      
00008091                    	.CODE
00000708                    	.debug
00000708 2E 00 73 00        		.dw '.stabs "uiTemp:4",128,0,0,1',0x0d,0x0a
         74 00 61 00
         62 00 73 00
         20 00 22 00
         75 00 69 00
         54 00 65 00
         6D 00 70 00
         3A 00 34 00
         22 00 2C 00
         31 00 32 00
         38 00 2C 00
         30 00 2C 00
         30 00 2C 00
         31 00 0D 00
         0A 00      
00008091                    	.CODE
00000725                    	.debug
00000725 2E 00 73 00        		.dw '.stabs "port:20=*4",128,0,0,2',0x0d,0x0a
         74 00 61 00
         62 00 73 00
         20 00 22 00
         70 00 6F 00
         72 00 74 00
         3A 00 32 00
         30 00 3D 00
         2A 00 34 00
         22 00 2C 00
         31 00 32 00
         38 00 2C 00
         30 00 2C 00
         30 00 2C 00
         32 00 0D 00
         0A 00      
00008091                    	.CODE
00000744                    	.debug
00000744 2E 00 73 00        		.dw '.stabn 0xe0,0,0,',0,0
         74 00 61 00
         62 00 6E 00
         20 00 30 00
         78 00 65 00
         30 00 2C 00
         30 00 2C 00
         30 00 2C 00
         00 00 00 00
00000756 4C 00 00 00        		.dd LBE3-_scanKey
00000758 0D 00 0A 00        		.dw 0x0d,0x0a
00008091                    	.code
0000075A                    	.debug
0000075A 2E 00 73 00        		.dw '.stabf ',0,0
         74 00 61 00
         62 00 66 00
         20 00 00 00
         00 00      
00000763 4F 00 00 00        		.dd LME2-_scanKey
00000765 0D 00 0A 00        		.dw 0x0d,0x0a
00008091                    	.code
                            	LME2:
00008091                    	.code
00000767                    	.debug
00000767 2E 00 73 00        		.dw '.stabs "delayTime:F19",36,0,0,',0,0,offset _delayTime,seg _delayTime,0x0d,0x0a
         74 00 61 00
         62 00 73 00
         20 00 22 00
         64 00 65 00
         6C 00 61 00
         79 00 54 00
         69 00 6D 00
         65 00 3A 00
         46 00 31 00
         39 00 22 00
         2C 00 33 00
         36 00 2C 00
         30 00 2C 00
         30 00 2C 00
         00 00 00 00
         6B 00 00 00
         0D 00 0A 00
00008091                    	.CODE
                            	.public _delayTime
                            	_delayTime:	.proc
0000078B                    	.debug
0000078B 2E 00 73 00        		.dw '.stabn 0x44,0,48,',0,0
         74 00 61 00
         62 00 6E 00
         20 00 30 00
         78 00 34 00
         34 00 2C 00
         30 00 2C 00
         34 00 38 00
         2C 00 00 00
         00 00      
0000079E 00 00 00 00        		.dd LM21-_delayTime
000007A0 0D 00 0A 00        		.dw 0x0d,0x0a
00008091                    	.code
                            	LM21:
                            		// total=6, vars=6
                            		// frame_pointer_needed: 1
000007A2                    	.debug
000007A2 2E 00 73 00        		.dw '.stabn 0xa6,0,0,6',0x0d, 0x0a
         74 00 61 00
         62 00 6E 00
         20 00 30 00
         78 00 61 00
         36 00 2C 00
         30 00 2C 00
         30 00 2C 00
         36 00 0D 00
         0A 00      
00008091                    	.code
00008091 88 DA              		PUSH BP to [SP]
00008092 46 20              		SP-=6
00008093 08 0B 01 00        		BP=SP+1
                            	
00008095 0D 03 09 00        		R1=BP+9
00008097 05 D2              		[BP+5]=R1	// QImode move
                            	LBB4:
000007B5                    	.debug
000007B5 2E 00 73 00        		.dw '.stabn 0x44,0,51,',0,0
         74 00 61 00
         62 00 6E 00
         20 00 30 00
         78 00 34 00
         34 00 2C 00
         30 00 2C 00
         35 00 31 00
         2C 00 00 00
         00 00      
000007C8 07 00 00 00        		.dd LM22-_delayTime
000007CA 0D 00 0A 00        		.dw 0x0d,0x0a
00008098                    	.code
                            	LM22:
                            		//split R1=0
00008098 40 92              		R1=0	// QImode move
00008099 40 94              		R2=0	// QImode move
                            		//split [BP]=R1
0000809A C5 D2              		[BP]=R1	// QImode move
0000809B 01 D4              		[BP+1]=R2	// QImode move
                            	L18:
0000809C 05 96              		R3=[BP+5]	// QImode move
0000809D C3 92              		R1=[R3]
0000809E 40 94              		R2=0
                            		//split R3=[BP]
0000809F C5 96              		R3=[BP]	// QImode move
000080A0 01 98              		R4=[BP+1]	// QImode move
000080A1 02 49              		CMP R4,R2	// HImode 1st compare
000080A2 07 9E              		JA  L24	// HImode LEU
000080A3 08 4E 01 EE        		NSJNZ L21
         00 EE      
000080A6 01 47              		CMP R3,R1
000080A7 04 8E 01 EE        		NSJNA  L21
         00 EE      
                            	L24:
000080AA 0F 9F D4 80        		PC=L19	// jump
                            	L21:
000007CC                    	.debug
000007CC 2E 00 73 00        		.dw '.stabn 0x44,0,53,',0,0
         74 00 61 00
         62 00 6E 00
         20 00 30 00
         78 00 34 00
         34 00 2C 00
         30 00 2C 00
         35 00 33 00
         2C 00 00 00
         00 00      
000007DF 1B 00 00 00        		.dd LM23-_delayTime
000007E1 0D 00 0A 00        		.dw 0x0d,0x0a
000080AC                    	.code
                            	LM23:
000080AC 41 92              		R1=1	// QImode move
000080AD 19 D3 12 70        		[28690]=R1	// QImode move
000007E3                    	.debug
000007E3 2E 00 73 00        		.dw '.stabn 0x44,0,54,',0,0
         74 00 61 00
         62 00 6E 00
         20 00 30 00
         78 00 34 00
         34 00 2C 00
         30 00 2C 00
         35 00 34 00
         2C 00 00 00
         00 00      
000007F6 1E 00 00 00        		.dd LM24-_delayTime
000007F8 0D 00 0A 00        		.dw 0x0d,0x0a
000080AF                    	.code
                            	LM24:
000080AF 09 93 42 00        		R1=66	// QImode move
000080B1 C8 D2              		[SP--]=R1	// QImode move
000080B2 40 F0 42 80        		CALL _scanKey	// call with return value
000080B4 41 00              		SP = SP + 1	//SP
000080B5 05 95              		R2=BP	// QImode move
000080B6 0D 07 04 00        		R3=BP+4
000080B8 03 99              		R4=R3	// QImode move
000080B9 C4 D2              		[R4]=R1	// QImode move
000007FA                    	.debug
000007FA 2E 00 73 00        		.dw '.stabn 0x44,0,55,',0,0
         74 00 61 00
         62 00 6E 00
         20 00 30 00
         78 00 34 00
         34 00 2C 00
         30 00 2C 00
         35 00 35 00
         2C 00 00 00
         00 00      
0000080D 29 00 00 00        		.dd LM25-_delayTime
0000080F 0D 00 0A 00        		.dw 0x0d,0x0a
000080BA                    	.code
                            	LM25:
000080BA 05 93              		R1=BP	// QImode move
000080BB 0D 05 04 00        		R2=BP+4
000080BD 02 97              		R3=R2	// QImode move
000080BE C3 96              		R3=[R3]
000080BF 0B B3 08 00        		R1=R3&8
000080C1 40 42              		CMP R1,0	// QImode test
000080C2 07 5E 01 EE        		NSJZ L20	//QImode EQ
         00 EE      
00000811                    	.debug
00000811 2E 00 73 00        		.dw '.stabn 0x44,0,57,',0,0
         74 00 61 00
         62 00 6E 00
         20 00 30 00
         78 00 34 00
         34 00 2C 00
         30 00 2C 00
         35 00 37 00
         2C 00 00 00
         00 00      
00000824 34 00 00 00        		.dd LM26-_delayTime
00000826 0D 00 0A 00        		.dw 0x0d,0x0a
000080C5                    	.code
                            	LM26:
000080C5 41 92              		R1=1	// QImode move
000080C6 19 D3 01 00        		[_stop]=R1	// QImode move
00000828                    	.debug
00000828 2E 00 73 00        		.dw '.stabn 0x44,0,58,',0,0
         74 00 61 00
         62 00 6E 00
         20 00 30 00
         78 00 34 00
         34 00 2C 00
         30 00 2C 00
         35 00 38 00
         2C 00 00 00
         00 00      
0000083B 37 00 00 00        		.dd LM27-_delayTime
0000083D 0D 00 0A 00        		.dw 0x0d,0x0a
000080C8                    	.code
                            	LM27:
000080C8 0F 9F D4 80        		PC=L17	// jump
                            	L22:
0000083F                    	.debug
0000083F 2E 00 73 00        		.dw '.stabn 0x44,0,51,',0,0
         74 00 61 00
         62 00 6E 00
         20 00 30 00
         78 00 34 00
         34 00 2C 00
         30 00 2C 00
         35 00 31 00
         2C 00 00 00
         00 00      
00000852 39 00 00 00        		.dd LM28-_delayTime
00000854 0D 00 0A 00        		.dw 0x0d,0x0a
000080CA                    	.code
                            	LM28:
                            	L20:
                            		//split R1=[BP]
000080CA C5 92              		R1=[BP]	// QImode move
000080CB 01 94              		R2=[BP+1]	// QImode move
000080CC 09 07 01 00        		R3=R1+1	// HImode RD=RS+#IMM16
000080CE 0A 19 00 00        		R4=R2+0, Carry
                            		//split [BP]=R3
000080D0 C5 D6              		[BP]=R3	// QImode move
000080D1 01 D8              		[BP+1]=R4	// QImode move
000080D2 0F 9F 9C 80        		PC=L18	// jump
                            	L19:
00000856                    	.debug
00000856 2E 00 73 00        		.dw '.stabn 0x44,0,61,',0,0
         74 00 61 00
         62 00 6E 00
         20 00 30 00
         78 00 34 00
         34 00 2C 00
         30 00 2C 00
         36 00 31 00
         2C 00 00 00
         00 00      
00000869 43 00 00 00        		.dd LM29-_delayTime
0000086B 0D 00 0A 00        		.dw 0x0d,0x0a
000080D4                    	.code
                            	LM29:
                            	LBE4:
0000086D                    	.debug
0000086D 2E 00 73 00        		.dw '.stabn 0x44,0,61,',0,0
         74 00 61 00
         62 00 6E 00
         20 00 30 00
         78 00 34 00
         34 00 2C 00
         30 00 2C 00
         36 00 31 00
         2C 00 00 00
         00 00      
00000880 43 00 00 00        		.dd LM30-_delayTime
00000882 0D 00 0A 00        		.dw 0x0d,0x0a
000080D4                    	.code
                            	LM30:
                            	L17:
                            	
000080D4 46 00              		SP+=6
000080D5 88 98              		POP BP from [SP]
000080D6 90 9A              		RETF
                            		.endp	// end of delayTime
                            	
00000884                    	.debug
00000884 2E 00 73 00        		.dw '.stabs "time:p4",160,0,0,9',0x0d,0x0a
         74 00 61 00
         62 00 73 00
         20 00 22 00
         74 00 69 00
         6D 00 65 00
         3A 00 70 00
         34 00 22 00
         2C 00 31 00
         36 00 30 00
         2C 00 30 00
         2C 00 30 00
         2C 00 39 00
         0D 00 0A 00
000080D7                    	.CODE
000008A0                    	.debug
000008A0 2E 00 73 00        		.dw '.stabn 0xc0,0,0,',0,0
         74 00 61 00
         62 00 6E 00
         20 00 30 00
         78 00 63 00
         30 00 2C 00
         30 00 2C 00
         30 00 2C 00
         00 00 00 00
000008B2 07 00 00 00        		.dd LBB4-_delayTime
000008B4 0D 00 0A 00        		.dw 0x0d,0x0a
000080D7                    	.code
000008B6                    	.debug
000008B6 2E 00 73 00        		.dw '.stabs "i:5",128,0,0,0',0x0d,0x0a
         74 00 61 00
         62 00 73 00
         20 00 22 00
         69 00 3A 00
         35 00 22 00
         2C 00 31 00
         32 00 38 00
         2C 00 30 00
         2C 00 30 00
         2C 00 30 00
         0D 00 0A 00
000080D7                    	.CODE
000008CE                    	.debug
000008CE 2E 00 73 00        		.dw '.stabs "j:5",128,0,0,2',0x0d,0x0a
         74 00 61 00
         62 00 73 00
         20 00 22 00
         6A 00 3A 00
         35 00 22 00
         2C 00 31 00
         32 00 38 00
         2C 00 30 00
         2C 00 30 00
         2C 00 32 00
         0D 00 0A 00
000080D7                    	.CODE
000008E6                    	.debug
000008E6 2E 00 73 00        		.dw '.stabs "key:4",128,0,0,4',0x0d,0x0a
         74 00 61 00
         62 00 73 00
         20 00 22 00
         6B 00 65 00
         79 00 3A 00
         34 00 22 00
         2C 00 31 00
         32 00 38 00
         2C 00 30 00
         2C 00 30 00
         2C 00 34 00
         0D 00 0A 00
000080D7                    	.CODE
00000900                    	.debug
00000900 2E 00 73 00        		.dw '.stabn 0xe0,0,0,',0,0
         74 00 61 00
         62 00 6E 00
         20 00 30 00
         78 00 65 00
         30 00 2C 00
         30 00 2C 00
         30 00 2C 00
         00 00 00 00
00000912 43 00 00 00        		.dd LBE4-_delayTime
00000914 0D 00 0A 00        		.dw 0x0d,0x0a
000080D7                    	.code
00000916                    	.debug
00000916 2E 00 73 00        		.dw '.stabf ',0,0
         74 00 61 00
         62 00 66 00
         20 00 00 00
         00 00      
0000091F 46 00 00 00        		.dd LME3-_delayTime
00000921 0D 00 0A 00        		.dw 0x0d,0x0a
000080D7                    	.code
                            	LME3:
000080D7                    	.code
00000923                    	.debug
00000923 2E 00 73 00        		.dw '.stabs "main:F1",36,0,0,',0,0,offset _main,seg _main,0x0d,0x0a
         74 00 61 00
         62 00 73 00
         20 00 22 00
         6D 00 61 00
         69 00 6E 00
         3A 00 46 00
         31 00 22 00
         2C 00 33 00
         36 00 2C 00
         30 00 2C 00
         30 00 2C 00
         00 00 00 00
         B1 00 00 00
         0D 00 0A 00
000080D7                    	.CODE
                            	.public _main
                            	_main:	.proc
00000941                    	.debug
00000941 2E 00 73 00        		.dw '.stabn 0x44,0,64,',0,0
         74 00 61 00
         62 00 6E 00
         20 00 30 00
         78 00 34 00
         34 00 2C 00
         30 00 2C 00
         36 00 34 00
         2C 00 00 00
         00 00      
00000954 00 00 00 00        		.dd LM31-_main
00000956 0D 00 0A 00        		.dw 0x0d,0x0a
000080D7                    	.code
                            	LM31:
                            		// total=3, vars=3
                            		// frame_pointer_needed: 1
00000958                    	.debug
00000958 2E 00 73 00        		.dw '.stabn 0xa6,0,0,3',0x0d, 0x0a
         74 00 61 00
         62 00 6E 00
         20 00 30 00
         78 00 61 00
         36 00 2C 00
         30 00 2C 00
         30 00 2C 00
         33 00 0D 00
         0A 00      
000080D7                    	.code
000080D7 88 DA              		PUSH BP to [SP]
000080D8 43 20              		SP-=3
000080D9 08 0B 01 00        		BP=SP+1
                            	
000080DB 0D 03 06 00        		R1=BP+6
000080DD 02 D2              		[BP+2]=R1	// QImode move
                            	LBB5:
                            	L27:
0000096B                    	.debug
0000096B 2E 00 73 00        		.dw '.stabn 0x44,0,67,',0,0
         74 00 61 00
         62 00 6E 00
         20 00 30 00
         78 00 34 00
         34 00 2C 00
         30 00 2C 00
         36 00 37 00
         2C 00 00 00
         00 00      
0000097E 07 00 00 00        		.dd LM32-_main
00000980 0D 00 0A 00        		.dw 0x0d,0x0a
000080DE                    	.code
                            	LM32:
000080DE 40 92              		R1=0	// QImode move
000080DF C5 D2              		[BP]=R1	// QImode move
00000982                    	.debug
00000982 2E 00 73 00        		.dw '.stabn 0x44,0,68,',0,0
         74 00 61 00
         62 00 6E 00
         20 00 30 00
         78 00 34 00
         34 00 2C 00
         30 00 2C 00
         36 00 38 00
         2C 00 00 00
         00 00      
00000995 09 00 00 00        		.dd LM33-_main
00000997 0D 00 0A 00        		.dw 0x0d,0x0a
000080E0                    	.code
                            	LM33:
000080E0 40 92              		R1=0	// QImode move
000080E1 19 D3 01 00        		[_stop]=R1	// QImode move
00000999                    	.debug
00000999 2E 00 73 00        		.dw '.stabn 0x44,0,70,',0,0
         74 00 61 00
         62 00 6E 00
         20 00 30 00
         78 00 34 00
         34 00 2C 00
         30 00 2C 00
         37 00 30 00
         2C 00 00 00
         00 00      
000009AC 0C 00 00 00        		.dd LM34-_main
000009AE 0D 00 0A 00        		.dw 0x0d,0x0a
000080E3                    	.code
                            	LM34:
000080E3 09 93 FF 7F        		R1=32767	// QImode move
000080E5 19 D3 02 70        		[28674]=R1	// QImode move
000009B0                    	.debug
000009B0 2E 00 73 00        		.dw '.stabn 0x44,0,71,',0,0
         74 00 61 00
         62 00 6E 00
         20 00 30 00
         78 00 34 00
         34 00 2C 00
         30 00 2C 00
         37 00 31 00
         2C 00 00 00
         00 00      
000009C3 10 00 00 00        		.dd LM35-_main
000009C5 0D 00 0A 00        		.dw 0x0d,0x0a
000080E7                    	.code
                            	LM35:
000080E7 09 93 FF 7F        		R1=32767	// QImode move
000080E9 19 D3 03 70        		[28675]=R1	// QImode move
000009C7                    	.debug
000009C7 2E 00 73 00        		.dw '.stabn 0x44,0,72,',0,0
         74 00 61 00
         62 00 6E 00
         20 00 30 00
         78 00 34 00
         34 00 2C 00
         30 00 2C 00
         37 00 32 00
         2C 00 00 00
         00 00      
000009DA 14 00 00 00        		.dd LM36-_main
000009DC 0D 00 0A 00        		.dw 0x0d,0x0a
000080EB                    	.code
                            	LM36:
000080EB 40 92              		R1=0	// QImode move
000080EC 19 D3 00 70        		[28672]=R1	// QImode move
000009DE                    	.debug
000009DE 2E 00 73 00        		.dw '.stabn 0x44,0,74,',0,0
         74 00 61 00
         62 00 6E 00
         20 00 30 00
         78 00 34 00
         34 00 2C 00
         30 00 2C 00
         37 00 34 00
         2C 00 00 00
         00 00      
000009F1 17 00 00 00        		.dd LM37-_main
000009F3 0D 00 0A 00        		.dw 0x0d,0x0a
000080EE                    	.code
                            	LM37:
000080EE 49 62              		R1=(-9)	// QImode move
000080EF 19 D3 07 70        		[28679]=R1	// QImode move
000009F5                    	.debug
000009F5 2E 00 73 00        		.dw '.stabn 0x44,0,75,',0,0
         74 00 61 00
         62 00 6E 00
         20 00 30 00
         78 00 34 00
         34 00 2C 00
         30 00 2C 00
         37 00 35 00
         2C 00 00 00
         00 00      
00000A08 1A 00 00 00        		.dd LM38-_main
00000A0A 0D 00 0A 00        		.dw 0x0d,0x0a
000080F1                    	.code
                            	LM38:
000080F1 49 62              		R1=(-9)	// QImode move
000080F2 19 D3 08 70        		[28680]=R1	// QImode move
00000A0C                    	.debug
00000A0C 2E 00 73 00        		.dw '.stabn 0x44,0,76,',0,0
         74 00 61 00
         62 00 6E 00
         20 00 30 00
         78 00 34 00
         34 00 2C 00
         30 00 2C 00
         37 00 36 00
         2C 00 00 00
         00 00      
00000A1F 1D 00 00 00        		.dd LM39-_main
00000A21 0D 00 0A 00        		.dw 0x0d,0x0a
000080F4                    	.code
                            	LM39:
000080F4 40 92              		R1=0	// QImode move
000080F5 19 D3 05 70        		[28677]=R1	// QImode move
00000A23                    	.debug
00000A23 2E 00 73 00        		.dw '.stabn 0x44,0,78,',0,0
         74 00 61 00
         62 00 6E 00
         20 00 30 00
         78 00 34 00
         34 00 2C 00
         30 00 2C 00
         37 00 38 00
         2C 00 00 00
         00 00      
00000A36 20 00 00 00        		.dd LM40-_main
00000A38 0D 00 0A 00        		.dw 0x0d,0x0a
000080F7                    	.code
                            	LM40:
                            	L28:
000080F7 0F 9F FB 80        		PC=L30	// jump
000080F9 0F 9F 13 81        		PC=L29	// jump
                            	L30:
00000A3A                    	.debug
00000A3A 2E 00 73 00        		.dw '.stabn 0x44,0,80,',0,0
         74 00 61 00
         62 00 6E 00
         20 00 30 00
         78 00 34 00
         34 00 2C 00
         30 00 2C 00
         38 00 30 00
         2C 00 00 00
         00 00      
00000A4D 24 00 00 00        		.dd LM41-_main
00000A4F 0D 00 0A 00        		.dw 0x0d,0x0a
000080FB                    	.code
                            	LM41:
000080FB 09 93 41 00        		R1=65	// QImode move
000080FD C8 D2              		[SP--]=R1	// QImode move
000080FE 40 F0 42 80        		CALL _scanKey	// call with return value
00008100 41 00              		SP = SP + 1	//SP
00008101 C5 D2              		[BP]=R1	// QImode move
00000A51                    	.debug
00000A51 2E 00 73 00        		.dw '.stabn 0x44,0,81,',0,0
         74 00 61 00
         62 00 6E 00
         20 00 30 00
         78 00 34 00
         34 00 2C 00
         30 00 2C 00
         38 00 31 00
         2C 00 00 00
         00 00      
00000A64 2B 00 00 00        		.dd LM42-_main
00000A66 0D 00 0A 00        		.dw 0x0d,0x0a
00008102                    	.code
                            	LM42:
00008102 C5 94              		R2=[BP]	// QImode move
00008103 0A B3 00 80        		R1=R2&(-32768)
00008105 40 42              		CMP R1,0	// QImode test
00008106 07 5E 01 EE        		NSJZ L31	//QImode EQ
         00 EE      
00000A68                    	.debug
00000A68 2E 00 73 00        		.dw '.stabn 0x44,0,83,',0,0
         74 00 61 00
         62 00 6E 00
         20 00 30 00
         78 00 34 00
         34 00 2C 00
         30 00 2C 00
         38 00 33 00
         2C 00 00 00
         00 00      
00000A7B 32 00 00 00        		.dd LM43-_main
00000A7D 0D 00 0A 00        		.dw 0x0d,0x0a
00008109                    	.code
                            	LM43:
00008109 41 92              		R1=1	// QImode move
0000810A 19 D3 12 70        		[28690]=R1	// QImode move
00000A7F                    	.debug
00000A7F 2E 00 73 00        		.dw '.stabn 0x44,0,84,',0,0
         74 00 61 00
         62 00 6E 00
         20 00 30 00
         78 00 34 00
         34 00 2C 00
         30 00 2C 00
         38 00 34 00
         2C 00 00 00
         00 00      
00000A92 35 00 00 00        		.dd LM44-_main
00000A94 0D 00 0A 00        		.dw 0x0d,0x0a
0000810C                    	.code
                            	LM44:
0000810C 0F 9F 13 81        		PC=L29	// jump
                            	L31:
00000A96                    	.debug
00000A96 2E 00 73 00        		.dw '.stabn 0x44,0,86,',0,0
         74 00 61 00
         62 00 6E 00
         20 00 30 00
         78 00 34 00
         34 00 2C 00
         30 00 2C 00
         38 00 36 00
         2C 00 00 00
         00 00      
00000AA9 37 00 00 00        		.dd LM45-_main
00000AAB 0D 00 0A 00        		.dw 0x0d,0x0a
0000810E                    	.code
                            	LM45:
0000810E 41 92              		R1=1	// QImode move
0000810F 19 D3 12 70        		[28690]=R1	// QImode move
00000AAD                    	.debug
00000AAD 2E 00 73 00        		.dw '.stabn 0x44,0,87,',0,0
         74 00 61 00
         62 00 6E 00
         20 00 30 00
         78 00 34 00
         34 00 2C 00
         30 00 2C 00
         38 00 37 00
         2C 00 00 00
         00 00      
00000AC0 3A 00 00 00        		.dd LM46-_main
00000AC2 0D 00 0A 00        		.dw 0x0d,0x0a
00008111                    	.code
                            	LM46:
00008111 0F 9F F7 80        		PC=L28	// jump
                            	L29:
00000AC4                    	.debug
00000AC4 2E 00 73 00        		.dw '.stabn 0x44,0,88,',0,0
         74 00 61 00
         62 00 6E 00
         20 00 30 00
         78 00 34 00
         34 00 2C 00
         30 00 2C 00
         38 00 38 00
         2C 00 00 00
         00 00      
00000AD7 3C 00 00 00        		.dd LM47-_main
00000AD9 0D 00 0A 00        		.dw 0x0d,0x0a
00008113                    	.code
                            	LM47:
                            	L32:
00008113 0F 9F 17 81        		PC=L34	// jump
00008115 0F 9F E2 81        		PC=L33	// jump
                            	L34:
                            	LBB6:
00000ADB                    	.debug
00000ADB 2E 00 73 00        		.dw '.stabn 0x44,0,92,',0,0
         74 00 61 00
         62 00 6E 00
         20 00 30 00
         78 00 34 00
         34 00 2C 00
         30 00 2C 00
         39 00 32 00
         2C 00 00 00
         00 00      
00000AEE 40 00 00 00        		.dd LM48-_main
00000AF0 0D 00 0A 00        		.dw 0x0d,0x0a
00008117                    	.code
                            	LM48:
00008117 05 93              		R1=BP	// QImode move
00008118 0D 05 01 00        		R2=BP+1
0000811A 40 92              		R1=0	// QImode move
0000811B 02 97              		R3=R2	// QImode move
0000811C C3 D2              		[R3]=R1	// QImode move
                            	L35:
0000811D 05 93              		R1=BP	// QImode move
0000811E 0D 05 01 00        		R2=BP+1
00008120 02 99              		R4=R2	// QImode move
00008121 C4 92              		R1=[R4]	// QImode move
00008122 42 42              		CMP R1,2	// QImode compare
00008123 04 AE 01 EE        		NSJNG L38	//QImode LE
         00 EE      
00008126 0F 9F 64 81        		PC=L36	// jump
                            	L38:
00000AF2                    	.debug
00000AF2 2E 00 73 00        		.dw '.stabn 0x44,0,94,',0,0
         74 00 61 00
         62 00 6E 00
         20 00 30 00
         78 00 34 00
         34 00 2C 00
         30 00 2C 00
         39 00 34 00
         2C 00 00 00
         00 00      
00000B05 51 00 00 00        		.dd LM49-_main
00000B07 0D 00 0A 00        		.dw 0x0d,0x0a
00008128                    	.code
                            	LM49:
00008128 41 92              		R1=1	// QImode move
00008129 19 D3 12 70        		[28690]=R1	// QImode move
00000B09                    	.debug
00000B09 2E 00 73 00        		.dw '.stabn 0x44,0,95,',0,0
         74 00 61 00
         62 00 6E 00
         20 00 30 00
         78 00 34 00
         34 00 2C 00
         30 00 2C 00
         39 00 35 00
         2C 00 00 00
         00 00      
00000B1C 54 00 00 00        		.dd LM50-_main
00000B1E 0D 00 0A 00        		.dw 0x0d,0x0a
0000812B                    	.code
                            	LM50:
0000812B 09 93 00 60        		R1=24576	// QImode move
0000812D 19 D3 00 70        		[28672]=R1	// QImode move
00000B20                    	.debug
00000B20 2E 00 73 00        		.dw '.stabn 0x44,0,96,',0,0
         74 00 61 00
         62 00 6E 00
         20 00 30 00
         78 00 34 00
         34 00 2C 00
         30 00 2C 00
         39 00 36 00
         2C 00 00 00
         00 00      
00000B33 58 00 00 00        		.dd LM51-_main
00000B35 0D 00 0A 00        		.dw 0x0d,0x0a
0000812F                    	.code
                            	LM51:
0000812F 44 92              		R1=4	// QImode move
00008130 19 D3 05 70        		[28677]=R1	// QImode move
00000B37                    	.debug
00000B37 2E 00 73 00        		.dw '.stabn 0x44,0,97,',0,0
         74 00 61 00
         62 00 6E 00
         20 00 30 00
         78 00 34 00
         34 00 2C 00
         30 00 2C 00
         39 00 37 00
         2C 00 00 00
         00 00      
00000B4A 5B 00 00 00        		.dd LM52-_main
00000B4C 0D 00 0A 00        		.dw 0x0d,0x0a
00008132                    	.code
                            	LM52:
00008132 45 92              		R1=5	// QImode move
00008133 C8 D2              		[SP--]=R1	// QImode move
00008134 40 F0 91 80        		CALL _delayTime	// call without return value
00008136 41 00              		SP = SP + 1	//SP
00000B4E                    	.debug
00000B4E 2E 00 73 00        		.dw '.stabn 0x44,0,98,',0,0
         74 00 61 00
         62 00 6E 00
         20 00 30 00
         78 00 34 00
         34 00 2C 00
         30 00 2C 00
         39 00 38 00
         2C 00 00 00
         00 00      
00000B61 60 00 00 00        		.dd LM53-_main
00000B63 0D 00 0A 00        		.dw 0x0d,0x0a
00008137                    	.code
                            	LM53:
00008137 11 93 01 00        		R1=[_stop]	// QImode move
00008139 41 42              		CMP R1,1	// QImode compare
0000813A 04 4E 01 EE        		NSJNZ L39	//QImode NE
         00 EE      
00000B65                    	.debug
00000B65 2E 00 73 00        		.dw '.stabn 0x44,0,99,',0,0
         74 00 61 00
         62 00 6E 00
         20 00 30 00
         78 00 34 00
         34 00 2C 00
         30 00 2C 00
         39 00 39 00
         2C 00 00 00
         00 00      
00000B78 66 00 00 00        		.dd LM54-_main
00000B7A 0D 00 0A 00        		.dw 0x0d,0x0a
0000813D                    	.code
                            	LM54:
0000813D 0F 9F DE 80        		PC=L27	// jump
                            	L39:
00000B7C                    	.debug
00000B7C 2E 00 73 00        		.dw '.stabn 0x44,0,100,',0,0
         74 00 61 00
         62 00 6E 00
         20 00 30 00
         78 00 34 00
         34 00 2C 00
         30 00 2C 00
         31 00 30 00
         30 00 2C 00
         00 00 00 00
00000B90 68 00 00 00        		.dd LM55-_main
00000B92 0D 00 0A 00        		.dw 0x0d,0x0a
0000813F                    	.code
                            	LM55:
0000813F 09 93 00 20        		R1=8192	// QImode move
00008141 19 D3 00 70        		[28672]=R1	// QImode move
00000B94                    	.debug
00000B94 2E 00 73 00        		.dw '.stabn 0x44,0,101,',0,0
         74 00 61 00
         62 00 6E 00
         20 00 30 00
         78 00 34 00
         34 00 2C 00
         30 00 2C 00
         31 00 30 00
         31 00 2C 00
         00 00 00 00
00000BA8 6C 00 00 00        		.dd LM56-_main
00000BAA 0D 00 0A 00        		.dw 0x0d,0x0a
00008143                    	.code
                            	LM56:
00008143 40 92              		R1=0	// QImode move
00008144 19 D3 05 70        		[28677]=R1	// QImode move
00000BAC                    	.debug
00000BAC 2E 00 73 00        		.dw '.stabn 0x44,0,102,',0,0
         74 00 61 00
         62 00 6E 00
         20 00 30 00
         78 00 34 00
         34 00 2C 00
         30 00 2C 00
         31 00 30 00
         32 00 2C 00
         00 00 00 00
00000BC0 6F 00 00 00        		.dd LM57-_main
00000BC2 0D 00 0A 00        		.dw 0x0d,0x0a
00008146                    	.code
                            	LM57:
00008146 45 92              		R1=5	// QImode move
00008147 C8 D2              		[SP--]=R1	// QImode move
00008148 40 F0 91 80        		CALL _delayTime	// call without return value
0000814A 41 00              		SP = SP + 1	//SP
00000BC4                    	.debug
00000BC4 2E 00 73 00        		.dw '.stabn 0x44,0,103,',0,0
         74 00 61 00
         62 00 6E 00
         20 00 30 00
         78 00 34 00
         34 00 2C 00
         30 00 2C 00
         31 00 30 00
         33 00 2C 00
         00 00 00 00
00000BD8 74 00 00 00        		.dd LM58-_main
00000BDA 0D 00 0A 00        		.dw 0x0d,0x0a
0000814B                    	.code
                            	LM58:
0000814B 11 93 01 00        		R1=[_stop]	// QImode move
0000814D 41 42              		CMP R1,1	// QImode compare
0000814E 04 4E 01 EE        		NSJNZ L37	//QImode NE
         00 EE      
00000BDC                    	.debug
00000BDC 2E 00 73 00        		.dw '.stabn 0x44,0,104,',0,0
         74 00 61 00
         62 00 6E 00
         20 00 30 00
         78 00 34 00
         34 00 2C 00
         30 00 2C 00
         31 00 30 00
         34 00 2C 00
         00 00 00 00
00000BF0 7A 00 00 00        		.dd LM59-_main
00000BF2 0D 00 0A 00        		.dw 0x0d,0x0a
00008151                    	.code
                            	LM59:
00008151 0F 9F DE 80        		PC=L27	// jump
                            	L40:
00000BF4                    	.debug
00000BF4 2E 00 73 00        		.dw '.stabn 0x44,0,92,',0,0
         74 00 61 00
         62 00 6E 00
         20 00 30 00
         78 00 34 00
         34 00 2C 00
         30 00 2C 00
         39 00 32 00
         2C 00 00 00
         00 00      
00000C07 7C 00 00 00        		.dd LM60-_main
00000C09 0D 00 0A 00        		.dw 0x0d,0x0a
00008153                    	.code
                            	LM60:
                            	L37:
00008153 05 93              		R1=BP	// QImode move
00008154 0D 05 01 00        		R2=BP+1
00008156 05 97              		R3=BP	// QImode move
00008157 0D 03 01 00        		R1=BP+1
00008159 05 95              		R2=BP	// QImode move
0000815A 0D 07 01 00        		R3=BP+1
0000815C 03 99              		R4=R3	// QImode move
0000815D C4 94              		R2=[R4]	// QImode move
0000815E 0A 07 01 00        		R3=R2+1
00008160 01 95              		R2=R1	// QImode move
00008161 C2 D6              		[R2]=R3	// QImode move
00008162 0F 9F 1D 81        		PC=L35	// jump
                            	L36:
00000C0B                    	.debug
00000C0B 2E 00 73 00        		.dw '.stabn 0x44,0,107,',0,0
         74 00 61 00
         62 00 6E 00
         20 00 30 00
         78 00 34 00
         34 00 2C 00
         30 00 2C 00
         31 00 30 00
         37 00 2C 00
         00 00 00 00
00000C1F 8D 00 00 00        		.dd LM61-_main
00000C21 0D 00 0A 00        		.dw 0x0d,0x0a
00008164                    	.code
                            	LM61:
00008164 41 92              		R1=1	// QImode move
00008165 19 D3 12 70        		[28690]=R1	// QImode move
00000C23                    	.debug
00000C23 2E 00 73 00        		.dw '.stabn 0x44,0,108,',0,0
         74 00 61 00
         62 00 6E 00
         20 00 30 00
         78 00 34 00
         34 00 2C 00
         30 00 2C 00
         31 00 30 00
         38 00 2C 00
         00 00 00 00
00000C37 90 00 00 00        		.dd LM62-_main
00000C39 0D 00 0A 00        		.dw 0x0d,0x0a
00008167                    	.code
                            	LM62:
00008167 09 93 00 50        		R1=20480	// QImode move
00008169 19 D3 00 70        		[28672]=R1	// QImode move
00000C3B                    	.debug
00000C3B 2E 00 73 00        		.dw '.stabn 0x44,0,109,',0,0
         74 00 61 00
         62 00 6E 00
         20 00 30 00
         78 00 34 00
         34 00 2C 00
         30 00 2C 00
         31 00 30 00
         39 00 2C 00
         00 00 00 00
00000C4F 94 00 00 00        		.dd LM63-_main
00000C51 0D 00 0A 00        		.dw 0x0d,0x0a
0000816B                    	.code
                            	LM63:
0000816B 40 92              		R1=0	// QImode move
0000816C 19 D3 05 70        		[28677]=R1	// QImode move
00000C53                    	.debug
00000C53 2E 00 73 00        		.dw '.stabn 0x44,0,110,',0,0
         74 00 61 00
         62 00 6E 00
         20 00 30 00
         78 00 34 00
         34 00 2C 00
         30 00 2C 00
         31 00 31 00
         30 00 2C 00
         00 00 00 00
00000C67 97 00 00 00        		.dd LM64-_main
00000C69 0D 00 0A 00        		.dw 0x0d,0x0a
0000816E                    	.code
                            	LM64:
0000816E 09 93 64 00        		R1=100	// QImode move
00008170 C8 D2              		[SP--]=R1	// QImode move
00008171 40 F0 91 80        		CALL _delayTime	// call without return value
00008173 41 00              		SP = SP + 1	//SP
00000C6B                    	.debug
00000C6B 2E 00 73 00        		.dw '.stabn 0x44,0,111,',0,0
         74 00 61 00
         62 00 6E 00
         20 00 30 00
         78 00 34 00
         34 00 2C 00
         30 00 2C 00
         31 00 31 00
         31 00 2C 00
         00 00 00 00
00000C7F 9D 00 00 00        		.dd LM65-_main
00000C81 0D 00 0A 00        		.dw 0x0d,0x0a
00008174                    	.code
                            	LM65:
00008174 11 93 01 00        		R1=[_stop]	// QImode move
00008176 41 42              		CMP R1,1	// QImode compare
00008177 04 4E 01 EE        		NSJNZ L41	//QImode NE
         00 EE      
00000C83                    	.debug
00000C83 2E 00 73 00        		.dw '.stabn 0x44,0,112,',0,0
         74 00 61 00
         62 00 6E 00
         20 00 30 00
         78 00 34 00
         34 00 2C 00
         30 00 2C 00
         31 00 31 00
         32 00 2C 00
         00 00 00 00
00000C97 A3 00 00 00        		.dd LM66-_main
00000C99 0D 00 0A 00        		.dw 0x0d,0x0a
0000817A                    	.code
                            	LM66:
0000817A 0F 9F DE 80        		PC=L27	// jump
                            	L41:
00000C9B                    	.debug
00000C9B 2E 00 73 00        		.dw '.stabn 0x44,0,114,',0,0
         74 00 61 00
         62 00 6E 00
         20 00 30 00
         78 00 34 00
         34 00 2C 00
         30 00 2C 00
         31 00 31 00
         34 00 2C 00
         00 00 00 00
00000CAF A5 00 00 00        		.dd LM67-_main
00000CB1 0D 00 0A 00        		.dw 0x0d,0x0a
0000817C                    	.code
                            	LM67:
0000817C 41 92              		R1=1	// QImode move
0000817D 19 D3 12 70        		[28690]=R1	// QImode move
00000CB3                    	.debug
00000CB3 2E 00 73 00        		.dw '.stabn 0x44,0,115,',0,0
         74 00 61 00
         62 00 6E 00
         20 00 30 00
         78 00 34 00
         34 00 2C 00
         30 00 2C 00
         31 00 31 00
         35 00 2C 00
         00 00 00 00
00000CC7 A8 00 00 00        		.dd LM68-_main
00000CC9 0D 00 0A 00        		.dw 0x0d,0x0a
0000817F                    	.code
                            	LM68:
0000817F 09 93 00 10        		R1=4096	// QImode move
00008181 19 D3 00 70        		[28672]=R1	// QImode move
00000CCB                    	.debug
00000CCB 2E 00 73 00        		.dw '.stabn 0x44,0,116,',0,0
         74 00 61 00
         62 00 6E 00
         20 00 30 00
         78 00 34 00
         34 00 2C 00
         30 00 2C 00
         31 00 31 00
         36 00 2C 00
         00 00 00 00
00000CDF AC 00 00 00        		.dd LM69-_main
00000CE1 0D 00 0A 00        		.dw 0x0d,0x0a
00008183                    	.code
                            	LM69:
00008183 41 92              		R1=1	// QImode move
00008184 19 D3 05 70        		[28677]=R1	// QImode move
00000CE3                    	.debug
00000CE3 2E 00 73 00        		.dw '.stabn 0x44,0,117,',0,0
         74 00 61 00
         62 00 6E 00
         20 00 30 00
         78 00 34 00
         34 00 2C 00
         30 00 2C 00
         31 00 31 00
         37 00 2C 00
         00 00 00 00
00000CF7 AF 00 00 00        		.dd LM70-_main
00000CF9 0D 00 0A 00        		.dw 0x0d,0x0a
00008186                    	.code
                            	LM70:
00008186 09 93 64 00        		R1=100	// QImode move
00008188 C8 D2              		[SP--]=R1	// QImode move
00008189 40 F0 91 80        		CALL _delayTime	// call without return value
0000818B 41 00              		SP = SP + 1	//SP
00000CFB                    	.debug
00000CFB 2E 00 73 00        		.dw '.stabn 0x44,0,118,',0,0
         74 00 61 00
         62 00 6E 00
         20 00 30 00
         78 00 34 00
         34 00 2C 00
         30 00 2C 00
         31 00 31 00
         38 00 2C 00
         00 00 00 00
00000D0F B5 00 00 00        		.dd LM71-_main
00000D11 0D 00 0A 00        		.dw 0x0d,0x0a
0000818C                    	.code
                            	LM71:
0000818C 11 93 01 00        		R1=[_stop]	// QImode move
0000818E 41 42              		CMP R1,1	// QImode compare
0000818F 04 4E 01 EE        		NSJNZ L42	//QImode NE
         00 EE      
00000D13                    	.debug
00000D13 2E 00 73 00        		.dw '.stabn 0x44,0,119,',0,0
         74 00 61 00
         62 00 6E 00
         20 00 30 00
         78 00 34 00
         34 00 2C 00
         30 00 2C 00
         31 00 31 00
         39 00 2C 00
         00 00 00 00
00000D27 BB 00 00 00        		.dd LM72-_main
00000D29 0D 00 0A 00        		.dw 0x0d,0x0a
00008192                    	.code
                            	LM72:
00008192 0F 9F DE 80        		PC=L27	// jump
                            	L42:
00000D2B                    	.debug
00000D2B 2E 00 73 00        		.dw '.stabn 0x44,0,121,',0,0
         74 00 61 00
         62 00 6E 00
         20 00 30 00
         78 00 34 00
         34 00 2C 00
         30 00 2C 00
         31 00 32 00
         31 00 2C 00
         00 00 00 00
00000D3F BD 00 00 00        		.dd LM73-_main
00000D41 0D 00 0A 00        		.dw 0x0d,0x0a
00008194                    	.code
                            	LM73:
00008194 05 93              		R1=BP	// QImode move
00008195 0D 05 01 00        		R2=BP+1
00008197 40 92              		R1=0	// QImode move
00008198 02 97              		R3=R2	// QImode move
00008199 C3 D2              		[R3]=R1	// QImode move
                            	L43:
0000819A 05 93              		R1=BP	// QImode move
0000819B 0D 05 01 00        		R2=BP+1
0000819D 02 99              		R4=R2	// QImode move
0000819E C4 92              		R1=[R4]	// QImode move
0000819F 42 42              		CMP R1,2	// QImode compare
000081A0 04 AE 01 EE        		NSJNG L46	//QImode LE
         00 EE      
000081A3 0F 9F E0 81        		PC=L44	// jump
                            	L46:
00000D43                    	.debug
00000D43 2E 00 73 00        		.dw '.stabn 0x44,0,123,',0,0
         74 00 61 00
         62 00 6E 00
         20 00 30 00
         78 00 34 00
         34 00 2C 00
         30 00 2C 00
         31 00 32 00
         33 00 2C 00
         00 00 00 00
00000D57 CE 00 00 00        		.dd LM74-_main
00000D59 0D 00 0A 00        		.dw 0x0d,0x0a
000081A5                    	.code
                            	LM74:
000081A5 41 92              		R1=1	// QImode move
000081A6 19 D3 12 70        		[28690]=R1	// QImode move
00000D5B                    	.debug
00000D5B 2E 00 73 00        		.dw '.stabn 0x44,0,124,',0,0
         74 00 61 00
         62 00 6E 00
         20 00 30 00
         78 00 34 00
         34 00 2C 00
         30 00 2C 00
         31 00 32 00
         34 00 2C 00
         00 00 00 00
00000D6F D1 00 00 00        		.dd LM75-_main
00000D71 0D 00 0A 00        		.dw 0x0d,0x0a
000081A8                    	.code
                            	LM75:
000081A8 09 93 00 20        		R1=8192	// QImode move
000081AA 19 D3 00 70        		[28672]=R1	// QImode move
00000D73                    	.debug
00000D73 2E 00 73 00        		.dw '.stabn 0x44,0,125,',0,0
         74 00 61 00
         62 00 6E 00
         20 00 30 00
         78 00 34 00
         34 00 2C 00
         30 00 2C 00
         31 00 32 00
         35 00 2C 00
         00 00 00 00
00000D87 D5 00 00 00        		.dd LM76-_main
00000D89 0D 00 0A 00        		.dw 0x0d,0x0a
000081AC                    	.code
                            	LM76:
000081AC 42 92              		R1=2	// QImode move
000081AD 19 D3 05 70        		[28677]=R1	// QImode move
00000D8B                    	.debug
00000D8B 2E 00 73 00        		.dw '.stabn 0x44,0,126,',0,0
         74 00 61 00
         62 00 6E 00
         20 00 30 00
         78 00 34 00
         34 00 2C 00
         30 00 2C 00
         31 00 32 00
         36 00 2C 00
         00 00 00 00
00000D9F D8 00 00 00        		.dd LM77-_main
00000DA1 0D 00 0A 00        		.dw 0x0d,0x0a
000081AF                    	.code
                            	LM77:
000081AF 45 92              		R1=5	// QImode move
000081B0 C8 D2              		[SP--]=R1	// QImode move
000081B1 40 F0 91 80        		CALL _delayTime	// call without return value
000081B3 41 00              		SP = SP + 1	//SP
00000DA3                    	.debug
00000DA3 2E 00 73 00        		.dw '.stabn 0x44,0,127,',0,0
         74 00 61 00
         62 00 6E 00
         20 00 30 00
         78 00 34 00
         34 00 2C 00
         30 00 2C 00
         31 00 32 00
         37 00 2C 00
         00 00 00 00
00000DB7 DD 00 00 00        		.dd LM78-_main
00000DB9 0D 00 0A 00        		.dw 0x0d,0x0a
000081B4                    	.code
                            	LM78:
000081B4 11 93 01 00        		R1=[_stop]	// QImode move
000081B6 41 42              		CMP R1,1	// QImode compare
000081B7 04 4E 01 EE        		NSJNZ L47	//QImode NE
         00 EE      
00000DBB                    	.debug
00000DBB 2E 00 73 00        		.dw '.stabn 0x44,0,128,',0,0
         74 00 61 00
         62 00 6E 00
         20 00 30 00
         78 00 34 00
         34 00 2C 00
         30 00 2C 00
         31 00 32 00
         38 00 2C 00
         00 00 00 00
00000DCF E3 00 00 00        		.dd LM79-_main
00000DD1 0D 00 0A 00        		.dw 0x0d,0x0a
000081BA                    	.code
                            	LM79:
000081BA 0F 9F DE 80        		PC=L27	// jump
                            	L47:
00000DD3                    	.debug
00000DD3 2E 00 73 00        		.dw '.stabn 0x44,0,129,',0,0
         74 00 61 00
         62 00 6E 00
         20 00 30 00
         78 00 34 00
         34 00 2C 00
         30 00 2C 00
         31 00 32 00
         39 00 2C 00
         00 00 00 00
00000DE7 E5 00 00 00        		.dd LM80-_main
00000DE9 0D 00 0A 00        		.dw 0x0d,0x0a
000081BC                    	.code
                            	LM80:
000081BC 40 92              		R1=0	// QImode move
000081BD 19 D3 00 70        		[28672]=R1	// QImode move
00000DEB                    	.debug
00000DEB 2E 00 73 00        		.dw '.stabn 0x44,0,130,',0,0
         74 00 61 00
         62 00 6E 00
         20 00 30 00
         78 00 34 00
         34 00 2C 00
         30 00 2C 00
         31 00 33 00
         30 00 2C 00
         00 00 00 00
00000DFF E8 00 00 00        		.dd LM81-_main
00000E01 0D 00 0A 00        		.dw 0x0d,0x0a
000081BF                    	.code
                            	LM81:
000081BF 42 92              		R1=2	// QImode move
000081C0 19 D3 05 70        		[28677]=R1	// QImode move
00000E03                    	.debug
00000E03 2E 00 73 00        		.dw '.stabn 0x44,0,131,',0,0
         74 00 61 00
         62 00 6E 00
         20 00 30 00
         78 00 34 00
         34 00 2C 00
         30 00 2C 00
         31 00 33 00
         31 00 2C 00
         00 00 00 00
00000E17 EB 00 00 00        		.dd LM82-_main
00000E19 0D 00 0A 00        		.dw 0x0d,0x0a
000081C2                    	.code
                            	LM82:
000081C2 45 92              		R1=5	// QImode move
000081C3 C8 D2              		[SP--]=R1	// QImode move
000081C4 40 F0 91 80        		CALL _delayTime	// call without return value
000081C6 41 00              		SP = SP + 1	//SP
00000E1B                    	.debug
00000E1B 2E 00 73 00        		.dw '.stabn 0x44,0,132,',0,0
         74 00 61 00
         62 00 6E 00
         20 00 30 00
         78 00 34 00
         34 00 2C 00
         30 00 2C 00
         31 00 33 00
         32 00 2C 00
         00 00 00 00
00000E2F F0 00 00 00        		.dd LM83-_main
00000E31 0D 00 0A 00        		.dw 0x0d,0x0a
000081C7                    	.code
                            	LM83:
000081C7 11 93 01 00        		R1=[_stop]	// QImode move
000081C9 41 42              		CMP R1,1	// QImode compare
000081CA 04 4E 01 EE        		NSJNZ L45	//QImode NE
         00 EE      
00000E33                    	.debug
00000E33 2E 00 73 00        		.dw '.stabn 0x44,0,133,',0,0
         74 00 61 00
         62 00 6E 00
         20 00 30 00
         78 00 34 00
         34 00 2C 00
         30 00 2C 00
         31 00 33 00
         33 00 2C 00
         00 00 00 00
00000E47 F6 00 00 00        		.dd LM84-_main
00000E49 0D 00 0A 00        		.dw 0x0d,0x0a
000081CD                    	.code
                            	LM84:
000081CD 0F 9F DE 80        		PC=L27	// jump
                            	L48:
00000E4B                    	.debug
00000E4B 2E 00 73 00        		.dw '.stabn 0x44,0,121,',0,0
         74 00 61 00
         62 00 6E 00
         20 00 30 00
         78 00 34 00
         34 00 2C 00
         30 00 2C 00
         31 00 32 00
         31 00 2C 00
         00 00 00 00
00000E5F F8 00 00 00        		.dd LM85-_main
00000E61 0D 00 0A 00        		.dw 0x0d,0x0a
000081CF                    	.code
                            	LM85:
                            	L45:
000081CF 05 93              		R1=BP	// QImode move
000081D0 0D 05 01 00        		R2=BP+1
000081D2 05 97              		R3=BP	// QImode move
000081D3 0D 03 01 00        		R1=BP+1
000081D5 05 95              		R2=BP	// QImode move
000081D6 0D 07 01 00        		R3=BP+1
000081D8 03 99              		R4=R3	// QImode move
000081D9 C4 94              		R2=[R4]	// QImode move
000081DA 0A 07 01 00        		R3=R2+1
000081DC 01 95              		R2=R1	// QImode move
000081DD C2 D6              		[R2]=R3	// QImode move
000081DE 0F 9F 9A 81        		PC=L43	// jump
                            	L44:
00000E63                    	.debug
00000E63 2E 00 73 00        		.dw '.stabn 0x44,0,135,',0,0
         74 00 61 00
         62 00 6E 00
         20 00 30 00
         78 00 34 00
         34 00 2C 00
         30 00 2C 00
         31 00 33 00
         35 00 2C 00
         00 00 00 00
00000E77 09 01 00 00        		.dd LM86-_main
00000E79 0D 00 0A 00        		.dw 0x0d,0x0a
000081E0                    	.code
                            	LM86:
                            	LBE6:
000081E0 0F 9F 13 81        		PC=L32	// jump
                            	L33:
00000E7B                    	.debug
00000E7B 2E 00 73 00        		.dw '.stabn 0x44,0,136,',0,0
         74 00 61 00
         62 00 6E 00
         20 00 30 00
         78 00 34 00
         34 00 2C 00
         30 00 2C 00
         31 00 33 00
         36 00 2C 00
         00 00 00 00
00000E8F 0B 01 00 00        		.dd LM87-_main
00000E91 0D 00 0A 00        		.dw 0x0d,0x0a
000081E2                    	.code
                            	LM87:
000081E2 40 92              		R1=0	// QImode move
000081E3 0F 9F E5 81        		PC=L26	// jump
00000E93                    	.debug
00000E93 2E 00 73 00        		.dw '.stabn 0x44,0,137,',0,0
         74 00 61 00
         62 00 6E 00
         20 00 30 00
         78 00 34 00
         34 00 2C 00
         30 00 2C 00
         31 00 33 00
         37 00 2C 00
         00 00 00 00
00000EA7 0E 01 00 00        		.dd LM88-_main
00000EA9 0D 00 0A 00        		.dw 0x0d,0x0a
000081E5                    	.code
                            	LM88:
                            	LBE5:
00000EAB                    	.debug
00000EAB 2E 00 73 00        		.dw '.stabn 0x44,0,137,',0,0
         74 00 61 00
         62 00 6E 00
         20 00 30 00
         78 00 34 00
         34 00 2C 00
         30 00 2C 00
         31 00 33 00
         37 00 2C 00
         00 00 00 00
00000EBF 0E 01 00 00        		.dd LM89-_main
00000EC1 0D 00 0A 00        		.dw 0x0d,0x0a
000081E5                    	.code
                            	LM89:
                            	L26:
                            	
000081E5 43 00              		SP+=3
000081E6 88 98              		POP BP from [SP]
000081E7 90 9A              		RETF
                            		.endp	// end of main
                            	
00000EC3                    	.debug
00000EC3 2E 00 73 00        		.dw '.stabn 0xc0,0,0,',0,0
         74 00 61 00
         62 00 6E 00
         20 00 30 00
         78 00 63 00
         30 00 2C 00
         30 00 2C 00
         30 00 2C 00
         00 00 00 00
00000ED5 07 00 00 00        		.dd LBB5-_main
00000ED7 0D 00 0A 00        		.dw 0x0d,0x0a
000081E8                    	.code
00000ED9                    	.debug
00000ED9 2E 00 73 00        		.dw '.stabs "key:4",128,0,0,0',0x0d,0x0a
         74 00 61 00
         62 00 73 00
         20 00 22 00
         6B 00 65 00
         79 00 3A 00
         34 00 22 00
         2C 00 31 00
         32 00 38 00
         2C 00 30 00
         2C 00 30 00
         2C 00 30 00
         0D 00 0A 00
000081E8                    	.CODE
00000EF3                    	.debug
00000EF3 2E 00 73 00        		.dw '.stabn 0xc0,0,0,',0,0
         74 00 61 00
         62 00 6E 00
         20 00 30 00
         78 00 63 00
         30 00 2C 00
         30 00 2C 00
         30 00 2C 00
         00 00 00 00
00000F05 40 00 00 00        		.dd LBB6-_main
00000F07 0D 00 0A 00        		.dw 0x0d,0x0a
000081E8                    	.code
00000F09                    	.debug
00000F09 2E 00 73 00        		.dw '.stabs "i:1",128,0,0,1',0x0d,0x0a
         74 00 61 00
         62 00 73 00
         20 00 22 00
         69 00 3A 00
         31 00 22 00
         2C 00 31 00
         32 00 38 00
         2C 00 30 00
         2C 00 30 00
         2C 00 31 00
         0D 00 0A 00
000081E8                    	.CODE
00000F21                    	.debug
00000F21 2E 00 73 00        		.dw '.stabn 0xe0,0,0,',0,0
         74 00 61 00
         62 00 6E 00
         20 00 30 00
         78 00 65 00
         30 00 2C 00
         30 00 2C 00
         30 00 2C 00
         00 00 00 00
00000F33 09 01 00 00        		.dd LBE6-_main
00000F35 0D 00 0A 00        		.dw 0x0d,0x0a
000081E8                    	.code
00000F37                    	.debug
00000F37 2E 00 73 00        		.dw '.stabn 0xe0,0,0,',0,0
         74 00 61 00
         62 00 6E 00
         20 00 30 00
         78 00 65 00
         30 00 2C 00
         30 00 2C 00
         30 00 2C 00
         00 00 00 00
00000F49 0E 01 00 00        		.dd LBE5-_main
00000F4B 0D 00 0A 00        		.dw 0x0d,0x0a
000081E8                    	.code
00000F4D                    	.debug
00000F4D 2E 00 73 00        		.dw '.stabf ',0,0
         74 00 61 00
         62 00 66 00
         20 00 00 00
         00 00      
00000F56 11 01 00 00        		.dd LME4-_main
00000F58 0D 00 0A 00        		.dw 0x0d,0x0a
000081E8                    	.code
                            	LME4:
                            		.end
0 error(s), 0 warning(s).

