Generalplus u'nSP Assembler - Ver. 1.14.13.0
              Listing File Has Been Relocated
                            	// GCC for GeneralPlus u'nSP version 1.1.0.3
                            	// Command: C:\PROGRA~2\unspIDE\toolchain\cc1.exe C:\Users\Libertas\AppData\Local\Temp\ccq05DOq.i -fkeep-inline-functions -quiet -dumpbase main.c -mglobal-var-iram -gstabs -Wall -o .\Debug/main.asm
                            		.external __sn_func_ptr_sec
                            	
                            	// gcc2_compiled.:
                            	
00000000                    	.debug
00000000 2E 00 73 00        		.dw '.stabs "D:/Light3/light/",0x64,0,3,',0,0,offset Ltext0,seg Ltext0,0x0d,0x0a
         74 00 61 00
         62 00 73 00
         20 00 22 00
         44 00 3A 00
         2F 00 4C 00
         69 00 67 00
         68 00 74 00
         33 00 2F 00
         6C 00 69 00
         67 00 68 00
         74 00 2F 00
         22 00 2C 00
         30 00 78 00
         36 00 34 00
         2C 00 30 00
         2C 00 33 00
         2C 00 00 00
         00 00 00 00
         00 00 0D 00
         0A 00      
00008026                    	.code
00000029                    	.debug
00000029 2E 00 73 00        		.dw '.stabs "D:/Light3/light/main.c",0x64,0,3,',0,0,offset Ltext0,seg Ltext0,0x0d,0x0a
         74 00 61 00
         62 00 73 00
         20 00 22 00
         44 00 3A 00
         2F 00 4C 00
         69 00 67 00
         68 00 74 00
         33 00 2F 00
         6C 00 69 00
         67 00 68 00
         74 00 2F 00
         6D 00 61 00
         69 00 6E 00
         2E 00 63 00
         22 00 2C 00
         30 00 78 00
         36 00 34 00
         2C 00 30 00
         2C 00 33 00
         2C 00 00 00
         00 00 00 00
         00 00 0D 00
         0A 00      
00008026                    	.code
00008026                    	.code
                            	Ltext0:
00000058                    	.debug
00000058 2E 00 73 00        		.dw '.stabs "int:t1=r1;-32768;32767;",128,0,0,0',0x0d,0x0a
         74 00 61 00
         62 00 73 00
         20 00 22 00
         69 00 6E 00
         74 00 3A 00
         74 00 31 00
         3D 00 72 00
         31 00 3B 00
         2D 00 33 00
         32 00 37 00
         36 00 38 00
         3B 00 33 00
         32 00 37 00
         36 00 37 00
         3B 00 22 00
         2C 00 31 00
         32 00 38 00
         2C 00 30 00
         2C 00 30 00
         2C 00 30 00
         0D 00 0A 00
00008026                    	.CODE
00000084                    	.debug
00000084 2E 00 73 00        		.dw '.stabs "char:t2=r2;0;127;",128,0,0,0',0x0d,0x0a
         74 00 61 00
         62 00 73 00
         20 00 22 00
         63 00 68 00
         61 00 72 00
         3A 00 74 00
         32 00 3D 00
         72 00 32 00
         3B 00 30 00
         3B 00 31 00
         32 00 37 00
         3B 00 22 00
         2C 00 31 00
         32 00 38 00
         2C 00 30 00
         2C 00 30 00
         2C 00 30 00
         0D 00 0A 00
00008026                    	.CODE
000000AA                    	.debug
000000AA 2E 00 73 00        		.dw '.stabs "long int:t3=r3;-2147483648;2147483647;",128,0,0,0',0x0d,0x0a
         74 00 61 00
         62 00 73 00
         20 00 22 00
         6C 00 6F 00
         6E 00 67 00
         20 00 69 00
         6E 00 74 00
         3A 00 74 00
         33 00 3D 00
         72 00 33 00
         3B 00 2D 00
         32 00 31 00
         34 00 37 00
         34 00 38 00
         33 00 36 00
         34 00 38 00
         3B 00 32 00
         31 00 34 00
         37 00 34 00
         38 00 33 00
         36 00 34 00
         37 00 3B 00
         22 00 2C 00
         31 00 32 00
         38 00 2C 00
         30 00 2C 00
         30 00 2C 00
         30 00 0D 00
         0A 00      
00008026                    	.CODE
000000E5                    	.debug
000000E5 2E 00 73 00        		.dw '.stabs "unsigned int:t4=r4;0;65535;",128,0,0,0',0x0d,0x0a
         74 00 61 00
         62 00 73 00
         20 00 22 00
         75 00 6E 00
         73 00 69 00
         67 00 6E 00
         65 00 64 00
         20 00 69 00
         6E 00 74 00
         3A 00 74 00
         34 00 3D 00
         72 00 34 00
         3B 00 30 00
         3B 00 36 00
         35 00 35 00
         33 00 35 00
         3B 00 22 00
         2C 00 31 00
         32 00 38 00
         2C 00 30 00
         2C 00 30 00
         2C 00 30 00
         0D 00 0A 00
00008026                    	.CODE
00000115                    	.debug
00000115 2E 00 73 00        		.dw '.stabs "long unsigned int:t5=r5;0;4294967295;",128,0,0,0',0x0d,0x0a
         74 00 61 00
         62 00 73 00
         20 00 22 00
         6C 00 6F 00
         6E 00 67 00
         20 00 75 00
         6E 00 73 00
         69 00 67 00
         6E 00 65 00
         64 00 20 00
         69 00 6E 00
         74 00 3A 00
         74 00 35 00
         3D 00 72 00
         35 00 3B 00
         30 00 3B 00
         34 00 32 00
         39 00 34 00
         39 00 36 00
         37 00 32 00
         39 00 35 00
         3B 00 22 00
         2C 00 31 00
         32 00 38 00
         2C 00 30 00
         2C 00 30 00
         2C 00 30 00
         0D 00 0A 00
00008026                    	.CODE
0000014F                    	.debug
0000014F 2E 00 73 00        		.dw '.stabs "long long int:t6=r6;-2147483648;2147483647;",128,0,0,0',0x0d,0x0a
         74 00 61 00
         62 00 73 00
         20 00 22 00
         6C 00 6F 00
         6E 00 67 00
         20 00 6C 00
         6F 00 6E 00
         67 00 20 00
         69 00 6E 00
         74 00 3A 00
         74 00 36 00
         3D 00 72 00
         36 00 3B 00
         2D 00 32 00
         31 00 34 00
         37 00 34 00
         38 00 33 00
         36 00 34 00
         38 00 3B 00
         32 00 31 00
         34 00 37 00
         34 00 38 00
         33 00 36 00
         34 00 37 00
         3B 00 22 00
         2C 00 31 00
         32 00 38 00
         2C 00 30 00
         2C 00 30 00
         2C 00 30 00
         0D 00 0A 00
00008026                    	.CODE
0000018F                    	.debug
0000018F 2E 00 73 00        		.dw '.stabs "long long unsigned int:t7=r7;0;4294967295;",128,0,0,0',0x0d,0x0a
         74 00 61 00
         62 00 73 00
         20 00 22 00
         6C 00 6F 00
         6E 00 67 00
         20 00 6C 00
         6F 00 6E 00
         67 00 20 00
         75 00 6E 00
         73 00 69 00
         67 00 6E 00
         65 00 64 00
         20 00 69 00
         6E 00 74 00
         3A 00 74 00
         37 00 3D 00
         72 00 37 00
         3B 00 30 00
         3B 00 34 00
         32 00 39 00
         34 00 39 00
         36 00 37 00
         32 00 39 00
         35 00 3B 00
         22 00 2C 00
         31 00 32 00
         38 00 2C 00
         30 00 2C 00
         30 00 2C 00
         30 00 0D 00
         0A 00      
00008026                    	.CODE
000001CE                    	.debug
000001CE 2E 00 73 00        		.dw '.stabs "short int:t8=r8;-32768;32767;",128,0,0,0',0x0d,0x0a
         74 00 61 00
         62 00 73 00
         20 00 22 00
         73 00 68 00
         6F 00 72 00
         74 00 20 00
         69 00 6E 00
         74 00 3A 00
         74 00 38 00
         3D 00 72 00
         38 00 3B 00
         2D 00 33 00
         32 00 37 00
         36 00 38 00
         3B 00 33 00
         32 00 37 00
         36 00 37 00
         3B 00 22 00
         2C 00 31 00
         32 00 38 00
         2C 00 30 00
         2C 00 30 00
         2C 00 30 00
         0D 00 0A 00
00008026                    	.CODE
00000200                    	.debug
00000200 2E 00 73 00        		.dw '.stabs "short unsigned int:t9=r9;0;65535;",128,0,0,0',0x0d,0x0a
         74 00 61 00
         62 00 73 00
         20 00 22 00
         73 00 68 00
         6F 00 72 00
         74 00 20 00
         75 00 6E 00
         73 00 69 00
         67 00 6E 00
         65 00 64 00
         20 00 69 00
         6E 00 74 00
         3A 00 74 00
         39 00 3D 00
         72 00 39 00
         3B 00 30 00
         3B 00 36 00
         35 00 35 00
         33 00 35 00
         3B 00 22 00
         2C 00 31 00
         32 00 38 00
         2C 00 30 00
         2C 00 30 00
         2C 00 30 00
         0D 00 0A 00
00008026                    	.CODE
00000236                    	.debug
00000236 2E 00 73 00        		.dw '.stabs "signed char:t10=r10;-32768;32767;",128,0,0,0',0x0d,0x0a
         74 00 61 00
         62 00 73 00
         20 00 22 00
         73 00 69 00
         67 00 6E 00
         65 00 64 00
         20 00 63 00
         68 00 61 00
         72 00 3A 00
         74 00 31 00
         30 00 3D 00
         72 00 31 00
         30 00 3B 00
         2D 00 33 00
         32 00 37 00
         36 00 38 00
         3B 00 33 00
         32 00 37 00
         36 00 37 00
         3B 00 22 00
         2C 00 31 00
         32 00 38 00
         2C 00 30 00
         2C 00 30 00
         2C 00 30 00
         0D 00 0A 00
00008026                    	.CODE
0000026C                    	.debug
0000026C 2E 00 73 00        		.dw '.stabs "unsigned char:t11=r11;0;65535;",128,0,0,0',0x0d,0x0a
         74 00 61 00
         62 00 73 00
         20 00 22 00
         75 00 6E 00
         73 00 69 00
         67 00 6E 00
         65 00 64 00
         20 00 63 00
         68 00 61 00
         72 00 3A 00
         74 00 31 00
         31 00 3D 00
         72 00 31 00
         31 00 3B 00
         30 00 3B 00
         36 00 35 00
         35 00 33 00
         35 00 3B 00
         22 00 2C 00
         31 00 32 00
         38 00 2C 00
         30 00 2C 00
         30 00 2C 00
         30 00 0D 00
         0A 00      
00008026                    	.CODE
0000029F                    	.debug
0000029F 2E 00 73 00        		.dw '.stabs "float:t12=r1;2;0;",128,0,0,0',0x0d,0x0a
         74 00 61 00
         62 00 73 00
         20 00 22 00
         66 00 6C 00
         6F 00 61 00
         74 00 3A 00
         74 00 31 00
         32 00 3D 00
         72 00 31 00
         3B 00 32 00
         3B 00 30 00
         3B 00 22 00
         2C 00 31 00
         32 00 38 00
         2C 00 30 00
         2C 00 30 00
         2C 00 30 00
         0D 00 0A 00
00008026                    	.CODE
000002C5                    	.debug
000002C5 2E 00 73 00        		.dw '.stabs "double:t13=r1;2;0;",128,0,0,0',0x0d,0x0a
         74 00 61 00
         62 00 73 00
         20 00 22 00
         64 00 6F 00
         75 00 62 00
         6C 00 65 00
         3A 00 74 00
         31 00 33 00
         3D 00 72 00
         31 00 3B 00
         32 00 3B 00
         30 00 3B 00
         22 00 2C 00
         31 00 32 00
         38 00 2C 00
         30 00 2C 00
         30 00 2C 00
         30 00 0D 00
         0A 00      
00008026                    	.CODE
000002EC                    	.debug
000002EC 2E 00 73 00        		.dw '.stabs "long double:t14=r1;2;0;",128,0,0,0',0x0d,0x0a
         74 00 61 00
         62 00 73 00
         20 00 22 00
         6C 00 6F 00
         6E 00 67 00
         20 00 64 00
         6F 00 75 00
         62 00 6C 00
         65 00 3A 00
         74 00 31 00
         34 00 3D 00
         72 00 31 00
         3B 00 32 00
         3B 00 30 00
         3B 00 22 00
         2C 00 31 00
         32 00 38 00
         2C 00 30 00
         2C 00 30 00
         2C 00 30 00
         0D 00 0A 00
00008026                    	.CODE
00000318                    	.debug
00000318 2E 00 73 00        		.dw '.stabs "complex int:t15=s2real:1,0,16;imag:1,16,16;;",128,0,0,0',0x0d,0x0a
         74 00 61 00
         62 00 73 00
         20 00 22 00
         63 00 6F 00
         6D 00 70 00
         6C 00 65 00
         78 00 20 00
         69 00 6E 00
         74 00 3A 00
         74 00 31 00
         35 00 3D 00
         73 00 32 00
         72 00 65 00
         61 00 6C 00
         3A 00 31 00
         2C 00 30 00
         2C 00 31 00
         36 00 3B 00
         69 00 6D 00
         61 00 67 00
         3A 00 31 00
         2C 00 31 00
         36 00 2C 00
         31 00 36 00
         3B 00 3B 00
         22 00 2C 00
         31 00 32 00
         38 00 2C 00
         30 00 2C 00
         30 00 2C 00
         30 00 0D 00
         0A 00      
00008026                    	.CODE
00000359                    	.debug
00000359 2E 00 73 00        		.dw '.stabs "complex float:t16=r16;2;0;",128,0,0,0',0x0d,0x0a
         74 00 61 00
         62 00 73 00
         20 00 22 00
         63 00 6F 00
         6D 00 70 00
         6C 00 65 00
         78 00 20 00
         66 00 6C 00
         6F 00 61 00
         74 00 3A 00
         74 00 31 00
         36 00 3D 00
         72 00 31 00
         36 00 3B 00
         32 00 3B 00
         30 00 3B 00
         22 00 2C 00
         31 00 32 00
         38 00 2C 00
         30 00 2C 00
         30 00 2C 00
         30 00 0D 00
         0A 00      
00008026                    	.CODE
00000388                    	.debug
00000388 2E 00 73 00        		.dw '.stabs "complex double:t17=r17;2;0;",128,0,0,0',0x0d,0x0a
         74 00 61 00
         62 00 73 00
         20 00 22 00
         63 00 6F 00
         6D 00 70 00
         6C 00 65 00
         78 00 20 00
         64 00 6F 00
         75 00 62 00
         6C 00 65 00
         3A 00 74 00
         31 00 37 00
         3D 00 72 00
         31 00 37 00
         3B 00 32 00
         3B 00 30 00
         3B 00 22 00
         2C 00 31 00
         32 00 38 00
         2C 00 30 00
         2C 00 30 00
         2C 00 30 00
         0D 00 0A 00
00008026                    	.CODE
000003B8                    	.debug
000003B8 2E 00 73 00        		.dw '.stabs "complex long double:t18=r18;2;0;",128,0,0,0',0x0d,0x0a
         74 00 61 00
         62 00 73 00
         20 00 22 00
         63 00 6F 00
         6D 00 70 00
         6C 00 65 00
         78 00 20 00
         6C 00 6F 00
         6E 00 67 00
         20 00 64 00
         6F 00 75 00
         62 00 6C 00
         65 00 3A 00
         74 00 31 00
         38 00 3D 00
         72 00 31 00
         38 00 3B 00
         32 00 3B 00
         30 00 3B 00
         22 00 2C 00
         31 00 32 00
         38 00 2C 00
         30 00 2C 00
         30 00 2C 00
         30 00 0D 00
         0A 00      
00008026                    	.CODE
000003ED                    	.debug
000003ED 2E 00 73 00        		.dw '.stabs "void:t19=19",128,0,0,0',0x0d,0x0a
         74 00 61 00
         62 00 73 00
         20 00 22 00
         76 00 6F 00
         69 00 64 00
         3A 00 74 00
         31 00 39 00
         3D 00 31 00
         39 00 22 00
         2C 00 31 00
         32 00 38 00
         2C 00 30 00
         2C 00 30 00
         2C 00 30 00
         0D 00 0A 00
00008026                    	.CODE
                            	.public _stop
00000001                    	.iram
                            	_stop:
00000001 00 00              		.dw 0
0000040D                    	.debug
0000040D 2E 00 73 00        		.dw '.stabs "stop:G1",32,0,0,',0,0,offset _stop,seg _stop,0x0d,0x0a
         74 00 61 00
         62 00 73 00
         20 00 22 00
         73 00 74 00
         6F 00 70 00
         3A 00 47 00
         31 00 22 00
         2C 00 33 00
         32 00 2C 00
         30 00 2C 00
         30 00 2C 00
         00 00 00 00
         00 00 00 00
         0D 00 0A 00
00008026                    	.CODE
00008026                    	.code
0000042B                    	.debug
0000042B 2E 00 73 00        		.dw '.stabs "Delay:F19",36,0,0,',0,0,offset _Delay,seg _Delay,0x0d,0x0a
         74 00 61 00
         62 00 73 00
         20 00 22 00
         44 00 65 00
         6C 00 61 00
         79 00 3A 00
         46 00 31 00
         39 00 22 00
         2C 00 33 00
         36 00 2C 00
         30 00 2C 00
         30 00 2C 00
         00 00 00 00
         00 00 00 00
         0D 00 0A 00
00008026                    	.CODE
                            	.public _Delay
                            	_Delay:	.proc
0000044B                    	.debug
0000044B 2E 00 73 00        		.dw '.stabn 0x44,0,15,',0,0
         74 00 61 00
         62 00 6E 00
         20 00 30 00
         78 00 34 00
         34 00 2C 00
         30 00 2C 00
         31 00 35 00
         2C 00 00 00
         00 00      
0000045E 00 00 00 00        		.dd LM1-_Delay
00000460 0D 00 0A 00        		.dw 0x0d,0x0a
00008026                    	.code
                            	LM1:
                            		// total=1, vars=1
                            		// frame_pointer_needed: 1
00000462                    	.debug
00000462 2E 00 73 00        		.dw '.stabn 0xa6,0,0,1',0x0d, 0x0a
         74 00 61 00
         62 00 6E 00
         20 00 30 00
         78 00 61 00
         36 00 2C 00
         30 00 2C 00
         30 00 2C 00
         31 00 0D 00
         0A 00      
00008026                    	.code
00008026 88 DA              		PUSH BP to [SP]
00008027 41 20              		SP-=1
00008028 08 0B 01 00        		BP=SP+1
                            	
0000802A 0D 03 04 00        		R1=BP+4
                            	LBB2:
00000475                    	.debug
00000475 2E 00 73 00        		.dw '.stabn 0x44,0,17,',0,0
         74 00 61 00
         62 00 6E 00
         20 00 30 00
         78 00 34 00
         34 00 2C 00
         30 00 2C 00
         31 00 37 00
         2C 00 00 00
         00 00      
00000488 06 00 00 00        		.dd LM2-_Delay
0000048A 0D 00 0A 00        		.dw 0x0d,0x0a
0000802C                    	.code
                            	LM2:
0000802C 40 94              		R2=0	// QImode move
0000802D C5 D4              		[BP]=R2	// QImode move
                            	L3:
0000802E C5 94              		R2=[BP]	// QImode move
0000802F 0A 45 B8 0B        		CMP R2,3000	// QImode compare
00008031 04 8E 01 EE        		NSJNA L6	//QImode LEU
         00 EE      
00008034 0F 9F 3F 80        		PC=L4	// jump
                            	L6:
0000048C                    	.debug
0000048C 2E 00 73 00        		.dw '.stabn 0x44,0,19,',0,0
         74 00 61 00
         62 00 6E 00
         20 00 30 00
         78 00 34 00
         34 00 2C 00
         30 00 2C 00
         31 00 39 00
         2C 00 00 00
         00 00      
0000049F 10 00 00 00        		.dd LM3-_Delay
000004A1 0D 00 0A 00        		.dw 0x0d,0x0a
00008036                    	.code
                            	LM3:
00008036 41 94              		R2=1	// QImode move
00008037 1A D5 12 70        		[28690]=R2	// QImode move
000004A3                    	.debug
000004A3 2E 00 73 00        		.dw '.stabn 0x44,0,17,',0,0
         74 00 61 00
         62 00 6E 00
         20 00 30 00
         78 00 34 00
         34 00 2C 00
         30 00 2C 00
         31 00 37 00
         2C 00 00 00
         00 00      
000004B6 13 00 00 00        		.dd LM4-_Delay
000004B8 0D 00 0A 00        		.dw 0x0d,0x0a
00008039                    	.code
                            	LM4:
                            	L5:
00008039 C5 94              		R2=[BP]	// QImode move
0000803A 0A 07 01 00        		R3=R2+1
0000803C C5 D6              		[BP]=R3	// QImode move
0000803D 0F 9F 2E 80        		PC=L3	// jump
                            	L4:
000004BA                    	.debug
000004BA 2E 00 73 00        		.dw '.stabn 0x44,0,21,',0,0
         74 00 61 00
         62 00 6E 00
         20 00 30 00
         78 00 34 00
         34 00 2C 00
         30 00 2C 00
         32 00 31 00
         2C 00 00 00
         00 00      
000004CD 19 00 00 00        		.dd LM5-_Delay
000004CF 0D 00 0A 00        		.dw 0x0d,0x0a
0000803F                    	.code
                            	LM5:
                            	LBE2:
000004D1                    	.debug
000004D1 2E 00 73 00        		.dw '.stabn 0x44,0,21,',0,0
         74 00 61 00
         62 00 6E 00
         20 00 30 00
         78 00 34 00
         34 00 2C 00
         30 00 2C 00
         32 00 31 00
         2C 00 00 00
         00 00      
000004E4 19 00 00 00        		.dd LM6-_Delay
000004E6 0D 00 0A 00        		.dw 0x0d,0x0a
0000803F                    	.code
                            	LM6:
                            	L2:
                            	
0000803F 41 00              		SP+=1
00008040 88 98              		POP BP from [SP]
00008041 90 9A              		RETF
                            		.endp	// end of Delay
                            	
000004E8                    	.debug
000004E8 2E 00 73 00        		.dw '.stabn 0xc0,0,0,',0,0
         74 00 61 00
         62 00 6E 00
         20 00 30 00
         78 00 63 00
         30 00 2C 00
         30 00 2C 00
         30 00 2C 00
         00 00 00 00
000004FA 06 00 00 00        		.dd LBB2-_Delay
000004FC 0D 00 0A 00        		.dw 0x0d,0x0a
00008042                    	.code
000004FE                    	.debug
000004FE 2E 00 73 00        		.dw '.stabs "uiCount:4",128,0,0,0',0x0d,0x0a
         74 00 61 00
         62 00 73 00
         20 00 22 00
         75 00 69 00
         43 00 6F 00
         75 00 6E 00
         74 00 3A 00
         34 00 22 00
         2C 00 31 00
         32 00 38 00
         2C 00 30 00
         2C 00 30 00
         2C 00 30 00
         0D 00 0A 00
00008042                    	.CODE
0000051C                    	.debug
0000051C 2E 00 73 00        		.dw '.stabn 0xe0,0,0,',0,0
         74 00 61 00
         62 00 6E 00
         20 00 30 00
         78 00 65 00
         30 00 2C 00
         30 00 2C 00
         30 00 2C 00
         00 00 00 00
0000052E 19 00 00 00        		.dd LBE2-_Delay
00000530 0D 00 0A 00        		.dw 0x0d,0x0a
00008042                    	.code
00000532                    	.debug
00000532 2E 00 73 00        		.dw '.stabf ',0,0
         74 00 61 00
         62 00 66 00
         20 00 00 00
         00 00      
0000053B 1C 00 00 00        		.dd LME1-_Delay
0000053D 0D 00 0A 00        		.dw 0x0d,0x0a
00008042                    	.code
                            	LME1:
00008042                    	.code
0000053F                    	.debug
0000053F 2E 00 73 00        		.dw '.stabs "scanKey:F4",36,0,0,',0,0,offset _scanKey,seg _scanKey,0x0d,0x0a
         74 00 61 00
         62 00 73 00
         20 00 22 00
         73 00 63 00
         61 00 6E 00
         4B 00 65 00
         79 00 3A 00
         46 00 34 00
         22 00 2C 00
         33 00 36 00
         2C 00 30 00
         2C 00 30 00
         2C 00 00 00
         00 00 1C 00
         00 00 0D 00
         0A 00      
00008042                    	.CODE
                            	.public _scanKey
                            	_scanKey:	.proc
00000560                    	.debug
00000560 2E 00 73 00        		.dw '.stabn 0x44,0,24,',0,0
         74 00 61 00
         62 00 6E 00
         20 00 30 00
         78 00 34 00
         34 00 2C 00
         30 00 2C 00
         32 00 34 00
         2C 00 00 00
         00 00      
00000573 00 00 00 00        		.dd LM7-_scanKey
00000575 0D 00 0A 00        		.dw 0x0d,0x0a
00008042                    	.code
                            	LM7:
                            		// total=4, vars=4
                            		// frame_pointer_needed: 1
00000577                    	.debug
00000577 2E 00 73 00        		.dw '.stabn 0xa6,0,0,4',0x0d, 0x0a
         74 00 61 00
         62 00 6E 00
         20 00 30 00
         78 00 61 00
         36 00 2C 00
         30 00 2C 00
         30 00 2C 00
         34 00 0D 00
         0A 00      
00008042                    	.code
00008042 88 DA              		PUSH BP to [SP]
00008043 44 20              		SP-=4
00008044 08 0B 01 00        		BP=SP+1
                            	
00008046 0D 03 07 00        		R1=BP+7
00008048 03 D2              		[BP+3]=R1	// QImode move
                            	LBB3:
0000058A                    	.debug
0000058A 2E 00 73 00        		.dw '.stabn 0x44,0,28,',0,0
         74 00 61 00
         62 00 6E 00
         20 00 30 00
         78 00 34 00
         34 00 2C 00
         30 00 2C 00
         32 00 38 00
         2C 00 00 00
         00 00      
0000059D 07 00 00 00        		.dd LM8-_scanKey
0000059F 0D 00 0A 00        		.dw 0x0d,0x0a
00008049                    	.code
                            	LM8:
00008049 03 94              		R2=[BP+3]	// QImode move
0000804A C2 92              		R1=[R2]	// QImode move
0000804B 09 43 41 00        		CMP R1,65	// QImode compare
0000804D 0B 4E 01 EE        		NSJNZ L9	//QImode NE
         00 EE      
000005A1                    	.debug
000005A1 2E 00 73 00        		.dw '.stabn 0x44,0,29,',0,0
         74 00 61 00
         62 00 6E 00
         20 00 30 00
         78 00 34 00
         34 00 2C 00
         30 00 2C 00
         32 00 39 00
         2C 00 00 00
         00 00      
000005B4 0E 00 00 00        		.dd LM9-_scanKey
000005B6 0D 00 0A 00        		.dw 0x0d,0x0a
00008050                    	.code
                            	LM9:
00008050 05 93              		R1=BP	// QImode move
00008051 0D 05 02 00        		R2=BP+2
00008053 09 93 00 70        		R1=28672	// QImode move
00008055 02 97              		R3=R2	// QImode move
00008056 C3 D2              		[R3]=R1	// QImode move
00008057 0F 9F 64 80        		PC=L10	// jump
                            	L9:
000005B8                    	.debug
000005B8 2E 00 73 00        		.dw '.stabn 0x44,0,30,',0,0
         74 00 61 00
         62 00 6E 00
         20 00 30 00
         78 00 34 00
         34 00 2C 00
         30 00 2C 00
         33 00 30 00
         2C 00 00 00
         00 00      
000005CB 17 00 00 00        		.dd LM10-_scanKey
000005CD 0D 00 0A 00        		.dw 0x0d,0x0a
00008059                    	.code
                            	LM10:
00008059 09 93 42 00        		R1=66	// QImode move
0000805B 03 98              		R4=[BP+3]	// QImode move
0000805C C4 D2              		[R4]=R1	// QImode move
000005CF                    	.debug
000005CF 2E 00 73 00        		.dw '.stabn 0x44,0,31,',0,0
         74 00 61 00
         62 00 6E 00
         20 00 30 00
         78 00 34 00
         34 00 2C 00
         30 00 2C 00
         33 00 31 00
         2C 00 00 00
         00 00      
000005E2 1B 00 00 00        		.dd LM11-_scanKey
000005E4 0D 00 0A 00        		.dw 0x0d,0x0a
0000805D                    	.code
                            	LM11:
0000805D 05 93              		R1=BP	// QImode move
0000805E 0D 05 02 00        		R2=BP+2
00008060 09 93 05 70        		R1=28677	// QImode move
00008062 02 97              		R3=R2	// QImode move
00008063 C3 D2              		[R3]=R1	// QImode move
                            	L11:
                            	L10:
000005E6                    	.debug
000005E6 2E 00 73 00        		.dw '.stabn 0x44,0,32,',0,0
         74 00 61 00
         62 00 6E 00
         20 00 30 00
         78 00 34 00
         34 00 2C 00
         30 00 2C 00
         33 00 32 00
         2C 00 00 00
         00 00      
000005F9 22 00 00 00        		.dd LM12-_scanKey
000005FB 0D 00 0A 00        		.dw 0x0d,0x0a
00008064                    	.code
                            	LM12:
00008064 05 93              		R1=BP	// QImode move
00008065 0D 05 02 00        		R2=BP+2
00008067 02 99              		R4=R2	// QImode move
00008068 C4 92              		R1=[R4]	// QImode move
00008069 01 97              		R3=R1	// QImode move
0000806A C3 94              		R2=[R3]	// QImode move
0000806B C5 D4              		[BP]=R2	// QImode move
000005FD                    	.debug
000005FD 2E 00 73 00        		.dw '.stabn 0x44,0,33,',0,0
         74 00 61 00
         62 00 6E 00
         20 00 30 00
         78 00 34 00
         34 00 2C 00
         30 00 2C 00
         33 00 33 00
         2C 00 00 00
         00 00      
00000610 2A 00 00 00        		.dd LM13-_scanKey
00000612 0D 00 0A 00        		.dw 0x0d,0x0a
0000806C                    	.code
                            	LM13:
0000806C C5 92              		R1=[BP]	// QImode move
0000806D 40 42              		CMP R1,0	// QImode test
0000806E 1B 5E 01 EE        		NSJZ L12	//QImode EQ
         00 EE      
00000614                    	.debug
00000614 2E 00 73 00        		.dw '.stabn 0x44,0,35,',0,0
         74 00 61 00
         62 00 6E 00
         20 00 30 00
         78 00 34 00
         34 00 2C 00
         30 00 2C 00
         33 00 35 00
         2C 00 00 00
         00 00      
00000627 2F 00 00 00        		.dd LM14-_scanKey
00000629 0D 00 0A 00        		.dw 0x0d,0x0a
00008071                    	.code
                            	LM14:
00008071 40 F0 26 80        		CALL _Delay	// call without return value
0000062B                    	.debug
0000062B 2E 00 73 00        		.dw '.stabn 0x44,0,36,',0,0
         74 00 61 00
         62 00 6E 00
         20 00 30 00
         78 00 34 00
         34 00 2C 00
         30 00 2C 00
         33 00 36 00
         2C 00 00 00
         00 00      
0000063E 31 00 00 00        		.dd LM15-_scanKey
00000640 0D 00 0A 00        		.dw 0x0d,0x0a
00008073                    	.code
                            	LM15:
00008073 05 95              		R2=BP	// QImode move
00008074 0D 03 01 00        		R1=BP+1
00008076 05 95              		R2=BP	// QImode move
00008077 0D 07 02 00        		R3=BP+2
00008079 03 99              		R4=R3	// QImode move
0000807A C4 94              		R2=[R4]	// QImode move
0000807B 02 99              		R4=R2	// QImode move
0000807C C4 96              		R3=[R4]	// QImode move
0000807D 01 95              		R2=R1	// QImode move
0000807E C2 D6              		[R2]=R3	// QImode move
00000642                    	.debug
00000642 2E 00 73 00        		.dw '.stabn 0x44,0,37,',0,0
         74 00 61 00
         62 00 6E 00
         20 00 30 00
         78 00 34 00
         34 00 2C 00
         30 00 2C 00
         33 00 37 00
         2C 00 00 00
         00 00      
00000655 3D 00 00 00        		.dd LM16-_scanKey
00000657 0D 00 0A 00        		.dw 0x0d,0x0a
0000807F                    	.code
                            	LM16:
0000807F 05 93              		R1=BP	// QImode move
00008080 0D 05 01 00        		R2=BP+1
00008082 C5 92              		R1=[BP]	// QImode move
00008083 02 97              		R3=R2	// QImode move
00008084 C3 42              		CMP R1,[R3]	// QImode compare
00008085 04 5E 01 EE        		NSJZ L12	//QImode EQ
         00 EE      
00000659                    	.debug
00000659 2E 00 73 00        		.dw '.stabn 0x44,0,38,',0,0
         74 00 61 00
         62 00 6E 00
         20 00 30 00
         78 00 34 00
         34 00 2C 00
         30 00 2C 00
         33 00 38 00
         2C 00 00 00
         00 00      
0000066C 46 00 00 00        		.dd LM17-_scanKey
0000066E 0D 00 0A 00        		.dw 0x0d,0x0a
00008088                    	.code
                            	LM17:
00008088 40 92              		R1=0	// QImode move
00008089 C5 D2              		[BP]=R1	// QImode move
                            	L13:
                            	L12:
00000670                    	.debug
00000670 2E 00 73 00        		.dw '.stabn 0x44,0,40,',0,0
         74 00 61 00
         62 00 6E 00
         20 00 30 00
         78 00 34 00
         34 00 2C 00
         30 00 2C 00
         34 00 30 00
         2C 00 00 00
         00 00      
00000683 48 00 00 00        		.dd LM18-_scanKey
00000685 0D 00 0A 00        		.dw 0x0d,0x0a
0000808A                    	.code
                            	LM18:
0000808A C5 94              		R2=[BP]	// QImode move
0000808B 02 93              		R1=R2	// QImode move
0000808C 0F 9F 8E 80        		PC=L8	// jump
00000687                    	.debug
00000687 2E 00 73 00        		.dw '.stabn 0x44,0,41,',0,0
         74 00 61 00
         62 00 6E 00
         20 00 30 00
         78 00 34 00
         34 00 2C 00
         30 00 2C 00
         34 00 31 00
         2C 00 00 00
         00 00      
0000069A 4C 00 00 00        		.dd LM19-_scanKey
0000069C 0D 00 0A 00        		.dw 0x0d,0x0a
0000808E                    	.code
                            	LM19:
                            	LBE3:
0000069E                    	.debug
0000069E 2E 00 73 00        		.dw '.stabn 0x44,0,41,',0,0
         74 00 61 00
         62 00 6E 00
         20 00 30 00
         78 00 34 00
         34 00 2C 00
         30 00 2C 00
         34 00 31 00
         2C 00 00 00
         00 00      
000006B1 4C 00 00 00        		.dd LM20-_scanKey
000006B3 0D 00 0A 00        		.dw 0x0d,0x0a
0000808E                    	.code
                            	LM20:
                            	L8:
                            	
0000808E 44 00              		SP+=4
0000808F 88 98              		POP BP from [SP]
00008090 90 9A              		RETF
                            		.endp	// end of scanKey
                            	
000006B5                    	.debug
000006B5 2E 00 73 00        		.dw '.stabs "portName:p2",160,0,0,7',0x0d,0x0a
         74 00 61 00
         62 00 73 00
         20 00 22 00
         70 00 6F 00
         72 00 74 00
         4E 00 61 00
         6D 00 65 00
         3A 00 70 00
         32 00 22 00
         2C 00 31 00
         36 00 30 00
         2C 00 30 00
         2C 00 30 00
         2C 00 37 00
         0D 00 0A 00
00008091                    	.CODE
000006D5                    	.debug
000006D5 2E 00 73 00        		.dw '.stabn 0xc0,0,0,',0,0
         74 00 61 00
         62 00 6E 00
         20 00 30 00
         78 00 63 00
         30 00 2C 00
         30 00 2C 00
         30 00 2C 00
         00 00 00 00
000006E7 07 00 00 00        		.dd LBB3-_scanKey
000006E9 0D 00 0A 00        		.dw 0x0d,0x0a
00008091                    	.code
000006EB                    	.debug
000006EB 2E 00 73 00        		.dw '.stabs "uiData:4",128,0,0,0',0x0d,0x0a
         74 00 61 00
         62 00 73 00
         20 00 22 00
         75 00 69 00
         44 00 61 00
         74 00 61 00
         3A 00 34 00
         22 00 2C 00
         31 00 32 00
         38 00 2C 00
         30 00 2C 00
         30 00 2C 00
         30 00 0D 00
         0A 00      
00008091                    	.CODE
00000708                    	.debug
00000708 2E 00 73 00        		.dw '.stabs "uiTemp:4",128,0,0,1',0x0d,0x0a
         74 00 61 00
         62 00 73 00
         20 00 22 00
         75 00 69 00
         54 00 65 00
         6D 00 70 00
         3A 00 34 00
         22 00 2C 00
         31 00 32 00
         38 00 2C 00
         30 00 2C 00
         30 00 2C 00
         31 00 0D 00
         0A 00      
00008091                    	.CODE
00000725                    	.debug
00000725 2E 00 73 00        		.dw '.stabs "port:20=*4",128,0,0,2',0x0d,0x0a
         74 00 61 00
         62 00 73 00
         20 00 22 00
         70 00 6F 00
         72 00 74 00
         3A 00 32 00
         30 00 3D 00
         2A 00 34 00
         22 00 2C 00
         31 00 32 00
         38 00 2C 00
         30 00 2C 00
         30 00 2C 00
         32 00 0D 00
         0A 00      
00008091                    	.CODE
00000744                    	.debug
00000744 2E 00 73 00        		.dw '.stabn 0xe0,0,0,',0,0
         74 00 61 00
         62 00 6E 00
         20 00 30 00
         78 00 65 00
         30 00 2C 00
         30 00 2C 00
         30 00 2C 00
         00 00 00 00
00000756 4C 00 00 00        		.dd LBE3-_scanKey
00000758 0D 00 0A 00        		.dw 0x0d,0x0a
00008091                    	.code
0000075A                    	.debug
0000075A 2E 00 73 00        		.dw '.stabf ',0,0
         74 00 61 00
         62 00 66 00
         20 00 00 00
         00 00      
00000763 4F 00 00 00        		.dd LME2-_scanKey
00000765 0D 00 0A 00        		.dw 0x0d,0x0a
00008091                    	.code
                            	LME2:
00008091                    	.code
00000767                    	.debug
00000767 2E 00 73 00        		.dw '.stabs "delayTime:F19",36,0,0,',0,0,offset _delayTime,seg _delayTime,0x0d,0x0a
         74 00 61 00
         62 00 73 00
         20 00 22 00
         64 00 65 00
         6C 00 61 00
         79 00 54 00
         69 00 6D 00
         65 00 3A 00
         46 00 31 00
         39 00 22 00
         2C 00 33 00
         36 00 2C 00
         30 00 2C 00
         30 00 2C 00
         00 00 00 00
         6B 00 00 00
         0D 00 0A 00
00008091                    	.CODE
                            	.public _delayTime
                            	_delayTime:	.proc
0000078B                    	.debug
0000078B 2E 00 73 00        		.dw '.stabn 0x44,0,44,',0,0
         74 00 61 00
         62 00 6E 00
         20 00 30 00
         78 00 34 00
         34 00 2C 00
         30 00 2C 00
         34 00 34 00
         2C 00 00 00
         00 00      
0000079E 00 00 00 00        		.dd LM21-_delayTime
000007A0 0D 00 0A 00        		.dw 0x0d,0x0a
00008091                    	.code
                            	LM21:
                            		// total=11, vars=11
                            		// frame_pointer_needed: 1
000007A2                    	.debug
000007A2 2E 00 73 00        		.dw '.stabn 0xa6,0,0,11',0x0d, 0x0a
         74 00 61 00
         62 00 6E 00
         20 00 30 00
         78 00 61 00
         36 00 2C 00
         30 00 2C 00
         30 00 2C 00
         31 00 31 00
         0D 00 0A 00
00008091                    	.code
00008091 88 DA              		PUSH BP to [SP]
00008092 4B 20              		SP-=11
00008093 08 0B 01 00        		BP=SP+1
                            	
00008095 0D 03 0E 00        		R1=BP+14
00008097 05 D2              		[BP+5]=R1	// QImode move
                            	LBB4:
000007B6                    	.debug
000007B6 2E 00 73 00        		.dw '.stabn 0x44,0,47,',0,0
         74 00 61 00
         62 00 6E 00
         20 00 30 00
         78 00 34 00
         34 00 2C 00
         30 00 2C 00
         34 00 37 00
         2C 00 00 00
         00 00      
000007C9 07 00 00 00        		.dd LM22-_delayTime
000007CB 0D 00 0A 00        		.dw 0x0d,0x0a
00008098                    	.code
                            	LM22:
                            		//split R1=0
00008098 40 92              		R1=0	// QImode move
00008099 40 94              		R2=0	// QImode move
                            		//split [BP]=R1
0000809A C5 D2              		[BP]=R1	// QImode move
0000809B 01 D4              		[BP+1]=R2	// QImode move
                            	L18:
0000809C 05 94              		R2=[BP+5]	// QImode move
0000809D C2 92              		R1=[R2]	// QImode move
0000809E 4A 94              		R2=10	// QImode move
0000809F 0A F3              		MR=R1*R2	// R3=R1*R2 16bit=16bit*16bit
000080A0 03 93              		R1=R3
000080A1 40 94              		R2=0
                            		//split R3=[BP]
000080A2 C5 96              		R3=[BP]	// QImode move
000080A3 01 98              		R4=[BP+1]	// QImode move
000080A4 02 49              		CMP R4,R2	// HImode 1st compare
000080A5 07 9E              		JA  L28	// HImode LEU
000080A6 08 4E 01 EE        		NSJNZ L21
         00 EE      
000080A9 01 47              		CMP R3,R1
000080AA 04 8E 01 EE        		NSJNA  L21
         00 EE      
                            	L28:
000080AD 0F 9F 0C 81        		PC=L19	// jump
                            	L21:
000007CD                    	.debug
000007CD 2E 00 73 00        		.dw '.stabn 0x44,0,49,',0,0
         74 00 61 00
         62 00 6E 00
         20 00 30 00
         78 00 34 00
         34 00 2C 00
         30 00 2C 00
         34 00 39 00
         2C 00 00 00
         00 00      
000007E0 1E 00 00 00        		.dd LM23-_delayTime
000007E2 0D 00 0A 00        		.dw 0x0d,0x0a
000080AF                    	.code
                            	LM23:
000080AF 05 93              		R1=BP	// QImode move
000080B0 0D 05 02 00        		R2=BP+2
                            		//split R3=0
000080B2 40 96              		R3=0	// QImode move
000080B3 40 98              		R4=0	// QImode move
000080B4 02 93              		R1=R2	// QImode move
                            		//split [R1]=R3
000080B5 D1 D6              		[R1++]=R3	// QImode move
000080B6 C9 D8              		[R1--]=R4	// QImode move
                            	L22:
000080B7 05 93              		R1=BP	// QImode move
000080B8 0D 05 02 00        		R2=BP+2
000080BA 02 93              		R1=R2	// QImode move
                            		//split R3=[R1]
000080BB D1 96              		R3=[R1++]	// QImode move
000080BC C9 98              		R4=[R1--]	// QImode move
000080BD 40 48              		CMP R4, 0	// HImode 1st compare
000080BE 07 9E              		JA  L30	// HImode LEU
000080BF 08 4E 01 EE        		NSJNZ L25
         00 EE      
000080C2 42 46              		CMP R3,2
000080C3 04 8E 01 EE        		NSJNA  L25
         00 EE      
                            	L30:
000080C6 0F 9F 02 81        		PC=L20	// jump
                            	L25:
000007E4                    	.debug
000007E4 2E 00 73 00        		.dw '.stabn 0x44,0,51,',0,0
         74 00 61 00
         62 00 6E 00
         20 00 30 00
         78 00 34 00
         34 00 2C 00
         30 00 2C 00
         35 00 31 00
         2C 00 00 00
         00 00      
000007F7 37 00 00 00        		.dd LM24-_delayTime
000007F9 0D 00 0A 00        		.dw 0x0d,0x0a
000080C8                    	.code
                            	LM24:
000080C8 41 92              		R1=1	// QImode move
000080C9 19 D3 12 70        		[28690]=R1	// QImode move
000007FB                    	.debug
000007FB 2E 00 73 00        		.dw '.stabn 0x44,0,52,',0,0
         74 00 61 00
         62 00 6E 00
         20 00 30 00
         78 00 34 00
         34 00 2C 00
         30 00 2C 00
         35 00 32 00
         2C 00 00 00
         00 00      
0000080E 3A 00 00 00        		.dd LM25-_delayTime
00000810 0D 00 0A 00        		.dw 0x0d,0x0a
000080CB                    	.code
                            	LM25:
000080CB 09 93 42 00        		R1=66	// QImode move
000080CD C8 D2              		[SP--]=R1	// QImode move
000080CE 40 F0 42 80        		CALL _scanKey	// call with return value
000080D0 41 00              		SP = SP + 1	//SP
000080D1 05 95              		R2=BP	// QImode move
000080D2 0D 07 04 00        		R3=BP+4
000080D4 03 95              		R2=R3	// QImode move
000080D5 C2 D2              		[R2]=R1	// QImode move
00000812                    	.debug
00000812 2E 00 73 00        		.dw '.stabn 0x44,0,53,',0,0
         74 00 61 00
         62 00 6E 00
         20 00 30 00
         78 00 34 00
         34 00 2C 00
         30 00 2C 00
         35 00 33 00
         2C 00 00 00
         00 00      
00000825 45 00 00 00        		.dd LM26-_delayTime
00000827 0D 00 0A 00        		.dw 0x0d,0x0a
000080D6                    	.code
                            	LM26:
000080D6 05 93              		R1=BP	// QImode move
000080D7 0D 05 04 00        		R2=BP+4
000080D9 02 97              		R3=R2	// QImode move
000080DA C3 96              		R3=[R3]
000080DB 0B B3 08 00        		R1=R3&8
000080DD 40 42              		CMP R1,0	// QImode test
000080DE 07 5E 01 EE        		NSJZ L24	//QImode EQ
         00 EE      
00000829                    	.debug
00000829 2E 00 73 00        		.dw '.stabn 0x44,0,55,',0,0
         74 00 61 00
         62 00 6E 00
         20 00 30 00
         78 00 34 00
         34 00 2C 00
         30 00 2C 00
         35 00 35 00
         2C 00 00 00
         00 00      
0000083C 50 00 00 00        		.dd LM27-_delayTime
0000083E 0D 00 0A 00        		.dw 0x0d,0x0a
000080E1                    	.code
                            	LM27:
000080E1 41 92              		R1=1	// QImode move
000080E2 19 D3 01 00        		[_stop]=R1	// QImode move
00000840                    	.debug
00000840 2E 00 73 00        		.dw '.stabn 0x44,0,56,',0,0
         74 00 61 00
         62 00 6E 00
         20 00 30 00
         78 00 34 00
         34 00 2C 00
         30 00 2C 00
         35 00 36 00
         2C 00 00 00
         00 00      
00000853 53 00 00 00        		.dd LM28-_delayTime
00000855 0D 00 0A 00        		.dw 0x0d,0x0a
000080E4                    	.code
                            	LM28:
000080E4 0F 9F 0C 81        		PC=L17	// jump
                            	L26:
00000857                    	.debug
00000857 2E 00 73 00        		.dw '.stabn 0x44,0,49,',0,0
         74 00 61 00
         62 00 6E 00
         20 00 30 00
         78 00 34 00
         34 00 2C 00
         30 00 2C 00
         34 00 39 00
         2C 00 00 00
         00 00      
0000086A 55 00 00 00        		.dd LM29-_delayTime
0000086C 0D 00 0A 00        		.dw 0x0d,0x0a
000080E6                    	.code
                            	LM29:
                            	L24:
000080E6 05 93              		R1=BP	// QImode move
000080E7 0D 05 02 00        		R2=BP+2
000080E9 05 97              		R3=BP	// QImode move
000080EA 0D 03 02 00        		R1=BP+2
000080EC 05 95              		R2=BP	// QImode move
000080ED 0D 09 02 00        		R4=BP+2
000080EF 08 D8              		[BP+8]=R4	// QImode move
000080F0 08 98              		R4=[BP+8]	// QImode move
                            		//split R3=[R4]
000080F1 D4 96              		R3=[R4++]	// QImode move
000080F2 CC 98              		R4=[R4--]	// QImode move
                            		//split [BP+6]=R3
000080F3 06 D6              		[BP+6]=R3	// QImode move
000080F4 07 D8              		[BP+7]=R4	// QImode move
                            		//split R3=[BP+6]
000080F5 06 96              		R3=[BP+6]	// QImode move
000080F6 07 98              		R4=[BP+7]	// QImode move
000080F7 41 06              		R3=R3+1	// HImode RD=RS+#IMM16
000080F8 40 18              		R4=R4+0, Carry
                            		//split [BP+9]=R3
000080F9 09 D6              		[BP+9]=R3	// QImode move
000080FA 0A D8              		[BP+10]=R4	// QImode move
                            		//split R3=[BP+9]
000080FB 09 96              		R3=[BP+9]	// QImode move
000080FC 0A 98              		R4=[BP+10]	// QImode move
000080FD 01 95              		R2=R1	// QImode move
                            		//split [R2]=R3
000080FE D2 D6              		[R2++]=R3	// QImode move
000080FF CA D8              		[R2--]=R4	// QImode move
00008100 0F 9F B7 80        		PC=L22	// jump
                            	L23:
0000086E                    	.debug
0000086E 2E 00 73 00        		.dw '.stabn 0x44,0,47,',0,0
         74 00 61 00
         62 00 6E 00
         20 00 30 00
         78 00 34 00
         34 00 2C 00
         30 00 2C 00
         34 00 37 00
         2C 00 00 00
         00 00      
00000881 71 00 00 00        		.dd LM30-_delayTime
00000883 0D 00 0A 00        		.dw 0x0d,0x0a
00008102                    	.code
                            	LM30:
                            	L20:
                            		//split R1=[BP]
00008102 C5 92              		R1=[BP]	// QImode move
00008103 01 94              		R2=[BP+1]	// QImode move
00008104 09 07 01 00        		R3=R1+1	// HImode RD=RS+#IMM16
00008106 0A 19 00 00        		R4=R2+0, Carry
                            		//split [BP]=R3
00008108 C5 D6              		[BP]=R3	// QImode move
00008109 01 D8              		[BP+1]=R4	// QImode move
0000810A 0F 9F 9C 80        		PC=L18	// jump
                            	L19:
00000885                    	.debug
00000885 2E 00 73 00        		.dw '.stabn 0x44,0,60,',0,0
         74 00 61 00
         62 00 6E 00
         20 00 30 00
         78 00 34 00
         34 00 2C 00
         30 00 2C 00
         36 00 30 00
         2C 00 00 00
         00 00      
00000898 7B 00 00 00        		.dd LM31-_delayTime
0000089A 0D 00 0A 00        		.dw 0x0d,0x0a
0000810C                    	.code
                            	LM31:
                            	LBE4:
0000089C                    	.debug
0000089C 2E 00 73 00        		.dw '.stabn 0x44,0,60,',0,0
         74 00 61 00
         62 00 6E 00
         20 00 30 00
         78 00 34 00
         34 00 2C 00
         30 00 2C 00
         36 00 30 00
         2C 00 00 00
         00 00      
000008AF 7B 00 00 00        		.dd LM32-_delayTime
000008B1 0D 00 0A 00        		.dw 0x0d,0x0a
0000810C                    	.code
                            	LM32:
                            	L17:
                            	
0000810C 4B 00              		SP+=11
0000810D 88 98              		POP BP from [SP]
0000810E 90 9A              		RETF
                            		.endp	// end of delayTime
                            	
000008B3                    	.debug
000008B3 2E 00 73 00        		.dw '.stabs "time:p4",160,0,0,14',0x0d,0x0a
         74 00 61 00
         62 00 73 00
         20 00 22 00
         74 00 69 00
         6D 00 65 00
         3A 00 70 00
         34 00 22 00
         2C 00 31 00
         36 00 30 00
         2C 00 30 00
         2C 00 30 00
         2C 00 31 00
         34 00 0D 00
         0A 00      
0000810F                    	.CODE
000008D0                    	.debug
000008D0 2E 00 73 00        		.dw '.stabn 0xc0,0,0,',0,0
         74 00 61 00
         62 00 6E 00
         20 00 30 00
         78 00 63 00
         30 00 2C 00
         30 00 2C 00
         30 00 2C 00
         00 00 00 00
000008E2 07 00 00 00        		.dd LBB4-_delayTime
000008E4 0D 00 0A 00        		.dw 0x0d,0x0a
0000810F                    	.code
000008E6                    	.debug
000008E6 2E 00 73 00        		.dw '.stabs "i:5",128,0,0,0',0x0d,0x0a
         74 00 61 00
         62 00 73 00
         20 00 22 00
         69 00 3A 00
         35 00 22 00
         2C 00 31 00
         32 00 38 00
         2C 00 30 00
         2C 00 30 00
         2C 00 30 00
         0D 00 0A 00
0000810F                    	.CODE
000008FE                    	.debug
000008FE 2E 00 73 00        		.dw '.stabs "j:5",128,0,0,2',0x0d,0x0a
         74 00 61 00
         62 00 73 00
         20 00 22 00
         6A 00 3A 00
         35 00 22 00
         2C 00 31 00
         32 00 38 00
         2C 00 30 00
         2C 00 30 00
         2C 00 32 00
         0D 00 0A 00
0000810F                    	.CODE
00000916                    	.debug
00000916 2E 00 73 00        		.dw '.stabs "key:4",128,0,0,4',0x0d,0x0a
         74 00 61 00
         62 00 73 00
         20 00 22 00
         6B 00 65 00
         79 00 3A 00
         34 00 22 00
         2C 00 31 00
         32 00 38 00
         2C 00 30 00
         2C 00 30 00
         2C 00 34 00
         0D 00 0A 00
0000810F                    	.CODE
00000930                    	.debug
00000930 2E 00 73 00        		.dw '.stabn 0xe0,0,0,',0,0
         74 00 61 00
         62 00 6E 00
         20 00 30 00
         78 00 65 00
         30 00 2C 00
         30 00 2C 00
         30 00 2C 00
         00 00 00 00
00000942 7B 00 00 00        		.dd LBE4-_delayTime
00000944 0D 00 0A 00        		.dw 0x0d,0x0a
0000810F                    	.code
00000946                    	.debug
00000946 2E 00 73 00        		.dw '.stabf ',0,0
         74 00 61 00
         62 00 66 00
         20 00 00 00
         00 00      
0000094F 7E 00 00 00        		.dd LME3-_delayTime
00000951 0D 00 0A 00        		.dw 0x0d,0x0a
0000810F                    	.code
                            	LME3:
0000810F                    	.code
00000953                    	.debug
00000953 2E 00 73 00        		.dw '.stabs "main:F1",36,0,0,',0,0,offset _main,seg _main,0x0d,0x0a
         74 00 61 00
         62 00 73 00
         20 00 22 00
         6D 00 61 00
         69 00 6E 00
         3A 00 46 00
         31 00 22 00
         2C 00 33 00
         36 00 2C 00
         30 00 2C 00
         30 00 2C 00
         00 00 00 00
         E9 00 00 00
         0D 00 0A 00
0000810F                    	.CODE
                            	.public _main
                            	_main:	.proc
00000971                    	.debug
00000971 2E 00 73 00        		.dw '.stabn 0x44,0,63,',0,0
         74 00 61 00
         62 00 6E 00
         20 00 30 00
         78 00 34 00
         34 00 2C 00
         30 00 2C 00
         36 00 33 00
         2C 00 00 00
         00 00      
00000984 00 00 00 00        		.dd LM33-_main
00000986 0D 00 0A 00        		.dw 0x0d,0x0a
0000810F                    	.code
                            	LM33:
                            		// total=3, vars=3
                            		// frame_pointer_needed: 1
00000988                    	.debug
00000988 2E 00 73 00        		.dw '.stabn 0xa6,0,0,3',0x0d, 0x0a
         74 00 61 00
         62 00 6E 00
         20 00 30 00
         78 00 61 00
         36 00 2C 00
         30 00 2C 00
         30 00 2C 00
         33 00 0D 00
         0A 00      
0000810F                    	.code
0000810F 88 DA              		PUSH BP to [SP]
00008110 43 20              		SP-=3
00008111 08 0B 01 00        		BP=SP+1
                            	
00008113 0D 03 06 00        		R1=BP+6
00008115 02 D2              		[BP+2]=R1	// QImode move
                            	LBB5:
                            	L33:
0000099B                    	.debug
0000099B 2E 00 73 00        		.dw '.stabn 0x44,0,66,',0,0
         74 00 61 00
         62 00 6E 00
         20 00 30 00
         78 00 34 00
         34 00 2C 00
         30 00 2C 00
         36 00 36 00
         2C 00 00 00
         00 00      
000009AE 07 00 00 00        		.dd LM34-_main
000009B0 0D 00 0A 00        		.dw 0x0d,0x0a
00008116                    	.code
                            	LM34:
00008116 40 92              		R1=0	// QImode move
00008117 C5 D2              		[BP]=R1	// QImode move
000009B2                    	.debug
000009B2 2E 00 73 00        		.dw '.stabn 0x44,0,67,',0,0
         74 00 61 00
         62 00 6E 00
         20 00 30 00
         78 00 34 00
         34 00 2C 00
         30 00 2C 00
         36 00 37 00
         2C 00 00 00
         00 00      
000009C5 09 00 00 00        		.dd LM35-_main
000009C7 0D 00 0A 00        		.dw 0x0d,0x0a
00008118                    	.code
                            	LM35:
00008118 40 92              		R1=0	// QImode move
00008119 19 D3 01 00        		[_stop]=R1	// QImode move
000009C9                    	.debug
000009C9 2E 00 73 00        		.dw '.stabn 0x44,0,69,',0,0
         74 00 61 00
         62 00 6E 00
         20 00 30 00
         78 00 34 00
         34 00 2C 00
         30 00 2C 00
         36 00 39 00
         2C 00 00 00
         00 00      
000009DC 0C 00 00 00        		.dd LM36-_main
000009DE 0D 00 0A 00        		.dw 0x0d,0x0a
0000811B                    	.code
                            	LM36:
0000811B 09 93 FF 7F        		R1=32767	// QImode move
0000811D 19 D3 02 70        		[28674]=R1	// QImode move
000009E0                    	.debug
000009E0 2E 00 73 00        		.dw '.stabn 0x44,0,70,',0,0
         74 00 61 00
         62 00 6E 00
         20 00 30 00
         78 00 34 00
         34 00 2C 00
         30 00 2C 00
         37 00 30 00
         2C 00 00 00
         00 00      
000009F3 10 00 00 00        		.dd LM37-_main
000009F5 0D 00 0A 00        		.dw 0x0d,0x0a
0000811F                    	.code
                            	LM37:
0000811F 09 93 FF 7F        		R1=32767	// QImode move
00008121 19 D3 03 70        		[28675]=R1	// QImode move
000009F7                    	.debug
000009F7 2E 00 73 00        		.dw '.stabn 0x44,0,71,',0,0
         74 00 61 00
         62 00 6E 00
         20 00 30 00
         78 00 34 00
         34 00 2C 00
         30 00 2C 00
         37 00 31 00
         2C 00 00 00
         00 00      
00000A0A 14 00 00 00        		.dd LM38-_main
00000A0C 0D 00 0A 00        		.dw 0x0d,0x0a
00008123                    	.code
                            	LM38:
00008123 40 92              		R1=0	// QImode move
00008124 19 D3 00 70        		[28672]=R1	// QImode move
00000A0E                    	.debug
00000A0E 2E 00 73 00        		.dw '.stabn 0x44,0,73,',0,0
         74 00 61 00
         62 00 6E 00
         20 00 30 00
         78 00 34 00
         34 00 2C 00
         30 00 2C 00
         37 00 33 00
         2C 00 00 00
         00 00      
00000A21 17 00 00 00        		.dd LM39-_main
00000A23 0D 00 0A 00        		.dw 0x0d,0x0a
00008126                    	.code
                            	LM39:
00008126 49 62              		R1=(-9)	// QImode move
00008127 19 D3 07 70        		[28679]=R1	// QImode move
00000A25                    	.debug
00000A25 2E 00 73 00        		.dw '.stabn 0x44,0,74,',0,0
         74 00 61 00
         62 00 6E 00
         20 00 30 00
         78 00 34 00
         34 00 2C 00
         30 00 2C 00
         37 00 34 00
         2C 00 00 00
         00 00      
00000A38 1A 00 00 00        		.dd LM40-_main
00000A3A 0D 00 0A 00        		.dw 0x0d,0x0a
00008129                    	.code
                            	LM40:
00008129 49 62              		R1=(-9)	// QImode move
0000812A 19 D3 08 70        		[28680]=R1	// QImode move
00000A3C                    	.debug
00000A3C 2E 00 73 00        		.dw '.stabn 0x44,0,75,',0,0
         74 00 61 00
         62 00 6E 00
         20 00 30 00
         78 00 34 00
         34 00 2C 00
         30 00 2C 00
         37 00 35 00
         2C 00 00 00
         00 00      
00000A4F 1D 00 00 00        		.dd LM41-_main
00000A51 0D 00 0A 00        		.dw 0x0d,0x0a
0000812C                    	.code
                            	LM41:
0000812C 40 92              		R1=0	// QImode move
0000812D 19 D3 05 70        		[28677]=R1	// QImode move
00000A53                    	.debug
00000A53 2E 00 73 00        		.dw '.stabn 0x44,0,77,',0,0
         74 00 61 00
         62 00 6E 00
         20 00 30 00
         78 00 34 00
         34 00 2C 00
         30 00 2C 00
         37 00 37 00
         2C 00 00 00
         00 00      
00000A66 20 00 00 00        		.dd LM42-_main
00000A68 0D 00 0A 00        		.dw 0x0d,0x0a
0000812F                    	.code
                            	LM42:
                            	L34:
0000812F 0F 9F 33 81        		PC=L36	// jump
00008131 0F 9F 4B 81        		PC=L35	// jump
                            	L36:
00000A6A                    	.debug
00000A6A 2E 00 73 00        		.dw '.stabn 0x44,0,79,',0,0
         74 00 61 00
         62 00 6E 00
         20 00 30 00
         78 00 34 00
         34 00 2C 00
         30 00 2C 00
         37 00 39 00
         2C 00 00 00
         00 00      
00000A7D 24 00 00 00        		.dd LM43-_main
00000A7F 0D 00 0A 00        		.dw 0x0d,0x0a
00008133                    	.code
                            	LM43:
00008133 09 93 41 00        		R1=65	// QImode move
00008135 C8 D2              		[SP--]=R1	// QImode move
00008136 40 F0 42 80        		CALL _scanKey	// call with return value
00008138 41 00              		SP = SP + 1	//SP
00008139 C5 D2              		[BP]=R1	// QImode move
00000A81                    	.debug
00000A81 2E 00 73 00        		.dw '.stabn 0x44,0,80,',0,0
         74 00 61 00
         62 00 6E 00
         20 00 30 00
         78 00 34 00
         34 00 2C 00
         30 00 2C 00
         38 00 30 00
         2C 00 00 00
         00 00      
00000A94 2B 00 00 00        		.dd LM44-_main
00000A96 0D 00 0A 00        		.dw 0x0d,0x0a
0000813A                    	.code
                            	LM44:
0000813A C5 94              		R2=[BP]	// QImode move
0000813B 0A B3 00 80        		R1=R2&(-32768)
0000813D 40 42              		CMP R1,0	// QImode test
0000813E 07 5E 01 EE        		NSJZ L37	//QImode EQ
         00 EE      
00000A98                    	.debug
00000A98 2E 00 73 00        		.dw '.stabn 0x44,0,82,',0,0
         74 00 61 00
         62 00 6E 00
         20 00 30 00
         78 00 34 00
         34 00 2C 00
         30 00 2C 00
         38 00 32 00
         2C 00 00 00
         00 00      
00000AAB 32 00 00 00        		.dd LM45-_main
00000AAD 0D 00 0A 00        		.dw 0x0d,0x0a
00008141                    	.code
                            	LM45:
00008141 41 92              		R1=1	// QImode move
00008142 19 D3 12 70        		[28690]=R1	// QImode move
00000AAF                    	.debug
00000AAF 2E 00 73 00        		.dw '.stabn 0x44,0,83,',0,0
         74 00 61 00
         62 00 6E 00
         20 00 30 00
         78 00 34 00
         34 00 2C 00
         30 00 2C 00
         38 00 33 00
         2C 00 00 00
         00 00      
00000AC2 35 00 00 00        		.dd LM46-_main
00000AC4 0D 00 0A 00        		.dw 0x0d,0x0a
00008144                    	.code
                            	LM46:
00008144 0F 9F 4B 81        		PC=L35	// jump
                            	L37:
00000AC6                    	.debug
00000AC6 2E 00 73 00        		.dw '.stabn 0x44,0,85,',0,0
         74 00 61 00
         62 00 6E 00
         20 00 30 00
         78 00 34 00
         34 00 2C 00
         30 00 2C 00
         38 00 35 00
         2C 00 00 00
         00 00      
00000AD9 37 00 00 00        		.dd LM47-_main
00000ADB 0D 00 0A 00        		.dw 0x0d,0x0a
00008146                    	.code
                            	LM47:
00008146 41 92              		R1=1	// QImode move
00008147 19 D3 12 70        		[28690]=R1	// QImode move
00000ADD                    	.debug
00000ADD 2E 00 73 00        		.dw '.stabn 0x44,0,86,',0,0
         74 00 61 00
         62 00 6E 00
         20 00 30 00
         78 00 34 00
         34 00 2C 00
         30 00 2C 00
         38 00 36 00
         2C 00 00 00
         00 00      
00000AF0 3A 00 00 00        		.dd LM48-_main
00000AF2 0D 00 0A 00        		.dw 0x0d,0x0a
00008149                    	.code
                            	LM48:
00008149 0F 9F 2F 81        		PC=L34	// jump
                            	L35:
00000AF4                    	.debug
00000AF4 2E 00 73 00        		.dw '.stabn 0x44,0,87,',0,0
         74 00 61 00
         62 00 6E 00
         20 00 30 00
         78 00 34 00
         34 00 2C 00
         30 00 2C 00
         38 00 37 00
         2C 00 00 00
         00 00      
00000B07 3C 00 00 00        		.dd LM49-_main
00000B09 0D 00 0A 00        		.dw 0x0d,0x0a
0000814B                    	.code
                            	LM49:
                            	L38:
0000814B 0F 9F 4F 81        		PC=L40	// jump
0000814D 0F 9F 1A 82        		PC=L39	// jump
                            	L40:
                            	LBB6:
00000B0B                    	.debug
00000B0B 2E 00 73 00        		.dw '.stabn 0x44,0,91,',0,0
         74 00 61 00
         62 00 6E 00
         20 00 30 00
         78 00 34 00
         34 00 2C 00
         30 00 2C 00
         39 00 31 00
         2C 00 00 00
         00 00      
00000B1E 40 00 00 00        		.dd LM50-_main
00000B20 0D 00 0A 00        		.dw 0x0d,0x0a
0000814F                    	.code
                            	LM50:
0000814F 05 93              		R1=BP	// QImode move
00008150 0D 05 01 00        		R2=BP+1
00008152 40 92              		R1=0	// QImode move
00008153 02 97              		R3=R2	// QImode move
00008154 C3 D2              		[R3]=R1	// QImode move
                            	L41:
00008155 05 93              		R1=BP	// QImode move
00008156 0D 05 01 00        		R2=BP+1
00008158 02 99              		R4=R2	// QImode move
00008159 C4 92              		R1=[R4]	// QImode move
0000815A 42 42              		CMP R1,2	// QImode compare
0000815B 04 AE 01 EE        		NSJNG L44	//QImode LE
         00 EE      
0000815E 0F 9F 9C 81        		PC=L42	// jump
                            	L44:
00000B22                    	.debug
00000B22 2E 00 73 00        		.dw '.stabn 0x44,0,93,',0,0
         74 00 61 00
         62 00 6E 00
         20 00 30 00
         78 00 34 00
         34 00 2C 00
         30 00 2C 00
         39 00 33 00
         2C 00 00 00
         00 00      
00000B35 51 00 00 00        		.dd LM51-_main
00000B37 0D 00 0A 00        		.dw 0x0d,0x0a
00008160                    	.code
                            	LM51:
00008160 41 92              		R1=1	// QImode move
00008161 19 D3 12 70        		[28690]=R1	// QImode move
00000B39                    	.debug
00000B39 2E 00 73 00        		.dw '.stabn 0x44,0,94,',0,0
         74 00 61 00
         62 00 6E 00
         20 00 30 00
         78 00 34 00
         34 00 2C 00
         30 00 2C 00
         39 00 34 00
         2C 00 00 00
         00 00      
00000B4C 54 00 00 00        		.dd LM52-_main
00000B4E 0D 00 0A 00        		.dw 0x0d,0x0a
00008163                    	.code
                            	LM52:
00008163 09 93 00 60        		R1=24576	// QImode move
00008165 19 D3 00 70        		[28672]=R1	// QImode move
00000B50                    	.debug
00000B50 2E 00 73 00        		.dw '.stabn 0x44,0,95,',0,0
         74 00 61 00
         62 00 6E 00
         20 00 30 00
         78 00 34 00
         34 00 2C 00
         30 00 2C 00
         39 00 35 00
         2C 00 00 00
         00 00      
00000B63 58 00 00 00        		.dd LM53-_main
00000B65 0D 00 0A 00        		.dw 0x0d,0x0a
00008167                    	.code
                            	LM53:
00008167 44 92              		R1=4	// QImode move
00008168 19 D3 05 70        		[28677]=R1	// QImode move
00000B67                    	.debug
00000B67 2E 00 73 00        		.dw '.stabn 0x44,0,96,',0,0
         74 00 61 00
         62 00 6E 00
         20 00 30 00
         78 00 34 00
         34 00 2C 00
         30 00 2C 00
         39 00 36 00
         2C 00 00 00
         00 00      
00000B7A 5B 00 00 00        		.dd LM54-_main
00000B7C 0D 00 0A 00        		.dw 0x0d,0x0a
0000816A                    	.code
                            	LM54:
0000816A 45 92              		R1=5	// QImode move
0000816B C8 D2              		[SP--]=R1	// QImode move
0000816C 40 F0 91 80        		CALL _delayTime	// call without return value
0000816E 41 00              		SP = SP + 1	//SP
00000B7E                    	.debug
00000B7E 2E 00 73 00        		.dw '.stabn 0x44,0,97,',0,0
         74 00 61 00
         62 00 6E 00
         20 00 30 00
         78 00 34 00
         34 00 2C 00
         30 00 2C 00
         39 00 37 00
         2C 00 00 00
         00 00      
00000B91 60 00 00 00        		.dd LM55-_main
00000B93 0D 00 0A 00        		.dw 0x0d,0x0a
0000816F                    	.code
                            	LM55:
0000816F 11 93 01 00        		R1=[_stop]	// QImode move
00008171 41 42              		CMP R1,1	// QImode compare
00008172 04 4E 01 EE        		NSJNZ L45	//QImode NE
         00 EE      
00000B95                    	.debug
00000B95 2E 00 73 00        		.dw '.stabn 0x44,0,98,',0,0
         74 00 61 00
         62 00 6E 00
         20 00 30 00
         78 00 34 00
         34 00 2C 00
         30 00 2C 00
         39 00 38 00
         2C 00 00 00
         00 00      
00000BA8 66 00 00 00        		.dd LM56-_main
00000BAA 0D 00 0A 00        		.dw 0x0d,0x0a
00008175                    	.code
                            	LM56:
00008175 0F 9F 16 81        		PC=L33	// jump
                            	L45:
00000BAC                    	.debug
00000BAC 2E 00 73 00        		.dw '.stabn 0x44,0,99,',0,0
         74 00 61 00
         62 00 6E 00
         20 00 30 00
         78 00 34 00
         34 00 2C 00
         30 00 2C 00
         39 00 39 00
         2C 00 00 00
         00 00      
00000BBF 68 00 00 00        		.dd LM57-_main
00000BC1 0D 00 0A 00        		.dw 0x0d,0x0a
00008177                    	.code
                            	LM57:
00008177 09 93 00 20        		R1=8192	// QImode move
00008179 19 D3 00 70        		[28672]=R1	// QImode move
00000BC3                    	.debug
00000BC3 2E 00 73 00        		.dw '.stabn 0x44,0,100,',0,0
         74 00 61 00
         62 00 6E 00
         20 00 30 00
         78 00 34 00
         34 00 2C 00
         30 00 2C 00
         31 00 30 00
         30 00 2C 00
         00 00 00 00
00000BD7 6C 00 00 00        		.dd LM58-_main
00000BD9 0D 00 0A 00        		.dw 0x0d,0x0a
0000817B                    	.code
                            	LM58:
0000817B 40 92              		R1=0	// QImode move
0000817C 19 D3 05 70        		[28677]=R1	// QImode move
00000BDB                    	.debug
00000BDB 2E 00 73 00        		.dw '.stabn 0x44,0,101,',0,0
         74 00 61 00
         62 00 6E 00
         20 00 30 00
         78 00 34 00
         34 00 2C 00
         30 00 2C 00
         31 00 30 00
         31 00 2C 00
         00 00 00 00
00000BEF 6F 00 00 00        		.dd LM59-_main
00000BF1 0D 00 0A 00        		.dw 0x0d,0x0a
0000817E                    	.code
                            	LM59:
0000817E 45 92              		R1=5	// QImode move
0000817F C8 D2              		[SP--]=R1	// QImode move
00008180 40 F0 91 80        		CALL _delayTime	// call without return value
00008182 41 00              		SP = SP + 1	//SP
00000BF3                    	.debug
00000BF3 2E 00 73 00        		.dw '.stabn 0x44,0,102,',0,0
         74 00 61 00
         62 00 6E 00
         20 00 30 00
         78 00 34 00
         34 00 2C 00
         30 00 2C 00
         31 00 30 00
         32 00 2C 00
         00 00 00 00
00000C07 74 00 00 00        		.dd LM60-_main
00000C09 0D 00 0A 00        		.dw 0x0d,0x0a
00008183                    	.code
                            	LM60:
00008183 11 93 01 00        		R1=[_stop]	// QImode move
00008185 41 42              		CMP R1,1	// QImode compare
00008186 04 4E 01 EE        		NSJNZ L43	//QImode NE
         00 EE      
00000C0B                    	.debug
00000C0B 2E 00 73 00        		.dw '.stabn 0x44,0,103,',0,0
         74 00 61 00
         62 00 6E 00
         20 00 30 00
         78 00 34 00
         34 00 2C 00
         30 00 2C 00
         31 00 30 00
         33 00 2C 00
         00 00 00 00
00000C1F 7A 00 00 00        		.dd LM61-_main
00000C21 0D 00 0A 00        		.dw 0x0d,0x0a
00008189                    	.code
                            	LM61:
00008189 0F 9F 16 81        		PC=L33	// jump
                            	L46:
00000C23                    	.debug
00000C23 2E 00 73 00        		.dw '.stabn 0x44,0,91,',0,0
         74 00 61 00
         62 00 6E 00
         20 00 30 00
         78 00 34 00
         34 00 2C 00
         30 00 2C 00
         39 00 31 00
         2C 00 00 00
         00 00      
00000C36 7C 00 00 00        		.dd LM62-_main
00000C38 0D 00 0A 00        		.dw 0x0d,0x0a
0000818B                    	.code
                            	LM62:
                            	L43:
0000818B 05 93              		R1=BP	// QImode move
0000818C 0D 05 01 00        		R2=BP+1
0000818E 05 97              		R3=BP	// QImode move
0000818F 0D 03 01 00        		R1=BP+1
00008191 05 95              		R2=BP	// QImode move
00008192 0D 07 01 00        		R3=BP+1
00008194 03 99              		R4=R3	// QImode move
00008195 C4 94              		R2=[R4]	// QImode move
00008196 0A 07 01 00        		R3=R2+1
00008198 01 95              		R2=R1	// QImode move
00008199 C2 D6              		[R2]=R3	// QImode move
0000819A 0F 9F 55 81        		PC=L41	// jump
                            	L42:
00000C3A                    	.debug
00000C3A 2E 00 73 00        		.dw '.stabn 0x44,0,106,',0,0
         74 00 61 00
         62 00 6E 00
         20 00 30 00
         78 00 34 00
         34 00 2C 00
         30 00 2C 00
         31 00 30 00
         36 00 2C 00
         00 00 00 00
00000C4E 8D 00 00 00        		.dd LM63-_main
00000C50 0D 00 0A 00        		.dw 0x0d,0x0a
0000819C                    	.code
                            	LM63:
0000819C 41 92              		R1=1	// QImode move
0000819D 19 D3 12 70        		[28690]=R1	// QImode move
00000C52                    	.debug
00000C52 2E 00 73 00        		.dw '.stabn 0x44,0,107,',0,0
         74 00 61 00
         62 00 6E 00
         20 00 30 00
         78 00 34 00
         34 00 2C 00
         30 00 2C 00
         31 00 30 00
         37 00 2C 00
         00 00 00 00
00000C66 90 00 00 00        		.dd LM64-_main
00000C68 0D 00 0A 00        		.dw 0x0d,0x0a
0000819F                    	.code
                            	LM64:
0000819F 09 93 00 50        		R1=20480	// QImode move
000081A1 19 D3 00 70        		[28672]=R1	// QImode move
00000C6A                    	.debug
00000C6A 2E 00 73 00        		.dw '.stabn 0x44,0,108,',0,0
         74 00 61 00
         62 00 6E 00
         20 00 30 00
         78 00 34 00
         34 00 2C 00
         30 00 2C 00
         31 00 30 00
         38 00 2C 00
         00 00 00 00
00000C7E 94 00 00 00        		.dd LM65-_main
00000C80 0D 00 0A 00        		.dw 0x0d,0x0a
000081A3                    	.code
                            	LM65:
000081A3 40 92              		R1=0	// QImode move
000081A4 19 D3 05 70        		[28677]=R1	// QImode move
00000C82                    	.debug
00000C82 2E 00 73 00        		.dw '.stabn 0x44,0,109,',0,0
         74 00 61 00
         62 00 6E 00
         20 00 30 00
         78 00 34 00
         34 00 2C 00
         30 00 2C 00
         31 00 30 00
         39 00 2C 00
         00 00 00 00
00000C96 97 00 00 00        		.dd LM66-_main
00000C98 0D 00 0A 00        		.dw 0x0d,0x0a
000081A6                    	.code
                            	LM66:
000081A6 09 93 64 00        		R1=100	// QImode move
000081A8 C8 D2              		[SP--]=R1	// QImode move
000081A9 40 F0 91 80        		CALL _delayTime	// call without return value
000081AB 41 00              		SP = SP + 1	//SP
00000C9A                    	.debug
00000C9A 2E 00 73 00        		.dw '.stabn 0x44,0,110,',0,0
         74 00 61 00
         62 00 6E 00
         20 00 30 00
         78 00 34 00
         34 00 2C 00
         30 00 2C 00
         31 00 31 00
         30 00 2C 00
         00 00 00 00
00000CAE 9D 00 00 00        		.dd LM67-_main
00000CB0 0D 00 0A 00        		.dw 0x0d,0x0a
000081AC                    	.code
                            	LM67:
000081AC 11 93 01 00        		R1=[_stop]	// QImode move
000081AE 41 42              		CMP R1,1	// QImode compare
000081AF 04 4E 01 EE        		NSJNZ L47	//QImode NE
         00 EE      
00000CB2                    	.debug
00000CB2 2E 00 73 00        		.dw '.stabn 0x44,0,111,',0,0
         74 00 61 00
         62 00 6E 00
         20 00 30 00
         78 00 34 00
         34 00 2C 00
         30 00 2C 00
         31 00 31 00
         31 00 2C 00
         00 00 00 00
00000CC6 A3 00 00 00        		.dd LM68-_main
00000CC8 0D 00 0A 00        		.dw 0x0d,0x0a
000081B2                    	.code
                            	LM68:
000081B2 0F 9F 16 81        		PC=L33	// jump
                            	L47:
00000CCA                    	.debug
00000CCA 2E 00 73 00        		.dw '.stabn 0x44,0,113,',0,0
         74 00 61 00
         62 00 6E 00
         20 00 30 00
         78 00 34 00
         34 00 2C 00
         30 00 2C 00
         31 00 31 00
         33 00 2C 00
         00 00 00 00
00000CDE A5 00 00 00        		.dd LM69-_main
00000CE0 0D 00 0A 00        		.dw 0x0d,0x0a
000081B4                    	.code
                            	LM69:
000081B4 41 92              		R1=1	// QImode move
000081B5 19 D3 12 70        		[28690]=R1	// QImode move
00000CE2                    	.debug
00000CE2 2E 00 73 00        		.dw '.stabn 0x44,0,114,',0,0
         74 00 61 00
         62 00 6E 00
         20 00 30 00
         78 00 34 00
         34 00 2C 00
         30 00 2C 00
         31 00 31 00
         34 00 2C 00
         00 00 00 00
00000CF6 A8 00 00 00        		.dd LM70-_main
00000CF8 0D 00 0A 00        		.dw 0x0d,0x0a
000081B7                    	.code
                            	LM70:
000081B7 09 93 00 10        		R1=4096	// QImode move
000081B9 19 D3 00 70        		[28672]=R1	// QImode move
00000CFA                    	.debug
00000CFA 2E 00 73 00        		.dw '.stabn 0x44,0,115,',0,0
         74 00 61 00
         62 00 6E 00
         20 00 30 00
         78 00 34 00
         34 00 2C 00
         30 00 2C 00
         31 00 31 00
         35 00 2C 00
         00 00 00 00
00000D0E AC 00 00 00        		.dd LM71-_main
00000D10 0D 00 0A 00        		.dw 0x0d,0x0a
000081BB                    	.code
                            	LM71:
000081BB 41 92              		R1=1	// QImode move
000081BC 19 D3 05 70        		[28677]=R1	// QImode move
00000D12                    	.debug
00000D12 2E 00 73 00        		.dw '.stabn 0x44,0,116,',0,0
         74 00 61 00
         62 00 6E 00
         20 00 30 00
         78 00 34 00
         34 00 2C 00
         30 00 2C 00
         31 00 31 00
         36 00 2C 00
         00 00 00 00
00000D26 AF 00 00 00        		.dd LM72-_main
00000D28 0D 00 0A 00        		.dw 0x0d,0x0a
000081BE                    	.code
                            	LM72:
000081BE 09 93 64 00        		R1=100	// QImode move
000081C0 C8 D2              		[SP--]=R1	// QImode move
000081C1 40 F0 91 80        		CALL _delayTime	// call without return value
000081C3 41 00              		SP = SP + 1	//SP
00000D2A                    	.debug
00000D2A 2E 00 73 00        		.dw '.stabn 0x44,0,117,',0,0
         74 00 61 00
         62 00 6E 00
         20 00 30 00
         78 00 34 00
         34 00 2C 00
         30 00 2C 00
         31 00 31 00
         37 00 2C 00
         00 00 00 00
00000D3E B5 00 00 00        		.dd LM73-_main
00000D40 0D 00 0A 00        		.dw 0x0d,0x0a
000081C4                    	.code
                            	LM73:
000081C4 11 93 01 00        		R1=[_stop]	// QImode move
000081C6 41 42              		CMP R1,1	// QImode compare
000081C7 04 4E 01 EE        		NSJNZ L48	//QImode NE
         00 EE      
00000D42                    	.debug
00000D42 2E 00 73 00        		.dw '.stabn 0x44,0,118,',0,0
         74 00 61 00
         62 00 6E 00
         20 00 30 00
         78 00 34 00
         34 00 2C 00
         30 00 2C 00
         31 00 31 00
         38 00 2C 00
         00 00 00 00
00000D56 BB 00 00 00        		.dd LM74-_main
00000D58 0D 00 0A 00        		.dw 0x0d,0x0a
000081CA                    	.code
                            	LM74:
000081CA 0F 9F 16 81        		PC=L33	// jump
                            	L48:
00000D5A                    	.debug
00000D5A 2E 00 73 00        		.dw '.stabn 0x44,0,120,',0,0
         74 00 61 00
         62 00 6E 00
         20 00 30 00
         78 00 34 00
         34 00 2C 00
         30 00 2C 00
         31 00 32 00
         30 00 2C 00
         00 00 00 00
00000D6E BD 00 00 00        		.dd LM75-_main
00000D70 0D 00 0A 00        		.dw 0x0d,0x0a
000081CC                    	.code
                            	LM75:
000081CC 05 93              		R1=BP	// QImode move
000081CD 0D 05 01 00        		R2=BP+1
000081CF 40 92              		R1=0	// QImode move
000081D0 02 97              		R3=R2	// QImode move
000081D1 C3 D2              		[R3]=R1	// QImode move
                            	L49:
000081D2 05 93              		R1=BP	// QImode move
000081D3 0D 05 01 00        		R2=BP+1
000081D5 02 99              		R4=R2	// QImode move
000081D6 C4 92              		R1=[R4]	// QImode move
000081D7 42 42              		CMP R1,2	// QImode compare
000081D8 04 AE 01 EE        		NSJNG L52	//QImode LE
         00 EE      
000081DB 0F 9F 18 82        		PC=L50	// jump
                            	L52:
00000D72                    	.debug
00000D72 2E 00 73 00        		.dw '.stabn 0x44,0,122,',0,0
         74 00 61 00
         62 00 6E 00
         20 00 30 00
         78 00 34 00
         34 00 2C 00
         30 00 2C 00
         31 00 32 00
         32 00 2C 00
         00 00 00 00
00000D86 CE 00 00 00        		.dd LM76-_main
00000D88 0D 00 0A 00        		.dw 0x0d,0x0a
000081DD                    	.code
                            	LM76:
000081DD 41 92              		R1=1	// QImode move
000081DE 19 D3 12 70        		[28690]=R1	// QImode move
00000D8A                    	.debug
00000D8A 2E 00 73 00        		.dw '.stabn 0x44,0,123,',0,0
         74 00 61 00
         62 00 6E 00
         20 00 30 00
         78 00 34 00
         34 00 2C 00
         30 00 2C 00
         31 00 32 00
         33 00 2C 00
         00 00 00 00
00000D9E D1 00 00 00        		.dd LM77-_main
00000DA0 0D 00 0A 00        		.dw 0x0d,0x0a
000081E0                    	.code
                            	LM77:
000081E0 09 93 00 20        		R1=8192	// QImode move
000081E2 19 D3 00 70        		[28672]=R1	// QImode move
00000DA2                    	.debug
00000DA2 2E 00 73 00        		.dw '.stabn 0x44,0,124,',0,0
         74 00 61 00
         62 00 6E 00
         20 00 30 00
         78 00 34 00
         34 00 2C 00
         30 00 2C 00
         31 00 32 00
         34 00 2C 00
         00 00 00 00
00000DB6 D5 00 00 00        		.dd LM78-_main
00000DB8 0D 00 0A 00        		.dw 0x0d,0x0a
000081E4                    	.code
                            	LM78:
000081E4 42 92              		R1=2	// QImode move
000081E5 19 D3 05 70        		[28677]=R1	// QImode move
00000DBA                    	.debug
00000DBA 2E 00 73 00        		.dw '.stabn 0x44,0,125,',0,0
         74 00 61 00
         62 00 6E 00
         20 00 30 00
         78 00 34 00
         34 00 2C 00
         30 00 2C 00
         31 00 32 00
         35 00 2C 00
         00 00 00 00
00000DCE D8 00 00 00        		.dd LM79-_main
00000DD0 0D 00 0A 00        		.dw 0x0d,0x0a
000081E7                    	.code
                            	LM79:
000081E7 45 92              		R1=5	// QImode move
000081E8 C8 D2              		[SP--]=R1	// QImode move
000081E9 40 F0 91 80        		CALL _delayTime	// call without return value
000081EB 41 00              		SP = SP + 1	//SP
00000DD2                    	.debug
00000DD2 2E 00 73 00        		.dw '.stabn 0x44,0,126,',0,0
         74 00 61 00
         62 00 6E 00
         20 00 30 00
         78 00 34 00
         34 00 2C 00
         30 00 2C 00
         31 00 32 00
         36 00 2C 00
         00 00 00 00
00000DE6 DD 00 00 00        		.dd LM80-_main
00000DE8 0D 00 0A 00        		.dw 0x0d,0x0a
000081EC                    	.code
                            	LM80:
000081EC 11 93 01 00        		R1=[_stop]	// QImode move
000081EE 41 42              		CMP R1,1	// QImode compare
000081EF 04 4E 01 EE        		NSJNZ L53	//QImode NE
         00 EE      
00000DEA                    	.debug
00000DEA 2E 00 73 00        		.dw '.stabn 0x44,0,127,',0,0
         74 00 61 00
         62 00 6E 00
         20 00 30 00
         78 00 34 00
         34 00 2C 00
         30 00 2C 00
         31 00 32 00
         37 00 2C 00
         00 00 00 00
00000DFE E3 00 00 00        		.dd LM81-_main
00000E00 0D 00 0A 00        		.dw 0x0d,0x0a
000081F2                    	.code
                            	LM81:
000081F2 0F 9F 16 81        		PC=L33	// jump
                            	L53:
00000E02                    	.debug
00000E02 2E 00 73 00        		.dw '.stabn 0x44,0,128,',0,0
         74 00 61 00
         62 00 6E 00
         20 00 30 00
         78 00 34 00
         34 00 2C 00
         30 00 2C 00
         31 00 32 00
         38 00 2C 00
         00 00 00 00
00000E16 E5 00 00 00        		.dd LM82-_main
00000E18 0D 00 0A 00        		.dw 0x0d,0x0a
000081F4                    	.code
                            	LM82:
000081F4 40 92              		R1=0	// QImode move
000081F5 19 D3 00 70        		[28672]=R1	// QImode move
00000E1A                    	.debug
00000E1A 2E 00 73 00        		.dw '.stabn 0x44,0,129,',0,0
         74 00 61 00
         62 00 6E 00
         20 00 30 00
         78 00 34 00
         34 00 2C 00
         30 00 2C 00
         31 00 32 00
         39 00 2C 00
         00 00 00 00
00000E2E E8 00 00 00        		.dd LM83-_main
00000E30 0D 00 0A 00        		.dw 0x0d,0x0a
000081F7                    	.code
                            	LM83:
000081F7 42 92              		R1=2	// QImode move
000081F8 19 D3 05 70        		[28677]=R1	// QImode move
00000E32                    	.debug
00000E32 2E 00 73 00        		.dw '.stabn 0x44,0,130,',0,0
         74 00 61 00
         62 00 6E 00
         20 00 30 00
         78 00 34 00
         34 00 2C 00
         30 00 2C 00
         31 00 33 00
         30 00 2C 00
         00 00 00 00
00000E46 EB 00 00 00        		.dd LM84-_main
00000E48 0D 00 0A 00        		.dw 0x0d,0x0a
000081FA                    	.code
                            	LM84:
000081FA 45 92              		R1=5	// QImode move
000081FB C8 D2              		[SP--]=R1	// QImode move
000081FC 40 F0 91 80        		CALL _delayTime	// call without return value
000081FE 41 00              		SP = SP + 1	//SP
00000E4A                    	.debug
00000E4A 2E 00 73 00        		.dw '.stabn 0x44,0,131,',0,0
         74 00 61 00
         62 00 6E 00
         20 00 30 00
         78 00 34 00
         34 00 2C 00
         30 00 2C 00
         31 00 33 00
         31 00 2C 00
         00 00 00 00
00000E5E F0 00 00 00        		.dd LM85-_main
00000E60 0D 00 0A 00        		.dw 0x0d,0x0a
000081FF                    	.code
                            	LM85:
000081FF 11 93 01 00        		R1=[_stop]	// QImode move
00008201 41 42              		CMP R1,1	// QImode compare
00008202 04 4E 01 EE        		NSJNZ L51	//QImode NE
         00 EE      
00000E62                    	.debug
00000E62 2E 00 73 00        		.dw '.stabn 0x44,0,132,',0,0
         74 00 61 00
         62 00 6E 00
         20 00 30 00
         78 00 34 00
         34 00 2C 00
         30 00 2C 00
         31 00 33 00
         32 00 2C 00
         00 00 00 00
00000E76 F6 00 00 00        		.dd LM86-_main
00000E78 0D 00 0A 00        		.dw 0x0d,0x0a
00008205                    	.code
                            	LM86:
00008205 0F 9F 16 81        		PC=L33	// jump
                            	L54:
00000E7A                    	.debug
00000E7A 2E 00 73 00        		.dw '.stabn 0x44,0,120,',0,0
         74 00 61 00
         62 00 6E 00
         20 00 30 00
         78 00 34 00
         34 00 2C 00
         30 00 2C 00
         31 00 32 00
         30 00 2C 00
         00 00 00 00
00000E8E F8 00 00 00        		.dd LM87-_main
00000E90 0D 00 0A 00        		.dw 0x0d,0x0a
00008207                    	.code
                            	LM87:
                            	L51:
00008207 05 93              		R1=BP	// QImode move
00008208 0D 05 01 00        		R2=BP+1
0000820A 05 97              		R3=BP	// QImode move
0000820B 0D 03 01 00        		R1=BP+1
0000820D 05 95              		R2=BP	// QImode move
0000820E 0D 07 01 00        		R3=BP+1
00008210 03 99              		R4=R3	// QImode move
00008211 C4 94              		R2=[R4]	// QImode move
00008212 0A 07 01 00        		R3=R2+1
00008214 01 95              		R2=R1	// QImode move
00008215 C2 D6              		[R2]=R3	// QImode move
00008216 0F 9F D2 81        		PC=L49	// jump
                            	L50:
00000E92                    	.debug
00000E92 2E 00 73 00        		.dw '.stabn 0x44,0,134,',0,0
         74 00 61 00
         62 00 6E 00
         20 00 30 00
         78 00 34 00
         34 00 2C 00
         30 00 2C 00
         31 00 33 00
         34 00 2C 00
         00 00 00 00
00000EA6 09 01 00 00        		.dd LM88-_main
00000EA8 0D 00 0A 00        		.dw 0x0d,0x0a
00008218                    	.code
                            	LM88:
                            	LBE6:
00008218 0F 9F 4B 81        		PC=L38	// jump
                            	L39:
00000EAA                    	.debug
00000EAA 2E 00 73 00        		.dw '.stabn 0x44,0,135,',0,0
         74 00 61 00
         62 00 6E 00
         20 00 30 00
         78 00 34 00
         34 00 2C 00
         30 00 2C 00
         31 00 33 00
         35 00 2C 00
         00 00 00 00
00000EBE 0B 01 00 00        		.dd LM89-_main
00000EC0 0D 00 0A 00        		.dw 0x0d,0x0a
0000821A                    	.code
                            	LM89:
0000821A 40 92              		R1=0	// QImode move
0000821B 0F 9F 1D 82        		PC=L32	// jump
00000EC2                    	.debug
00000EC2 2E 00 73 00        		.dw '.stabn 0x44,0,136,',0,0
         74 00 61 00
         62 00 6E 00
         20 00 30 00
         78 00 34 00
         34 00 2C 00
         30 00 2C 00
         31 00 33 00
         36 00 2C 00
         00 00 00 00
00000ED6 0E 01 00 00        		.dd LM90-_main
00000ED8 0D 00 0A 00        		.dw 0x0d,0x0a
0000821D                    	.code
                            	LM90:
                            	LBE5:
00000EDA                    	.debug
00000EDA 2E 00 73 00        		.dw '.stabn 0x44,0,136,',0,0
         74 00 61 00
         62 00 6E 00
         20 00 30 00
         78 00 34 00
         34 00 2C 00
         30 00 2C 00
         31 00 33 00
         36 00 2C 00
         00 00 00 00
00000EEE 0E 01 00 00        		.dd LM91-_main
00000EF0 0D 00 0A 00        		.dw 0x0d,0x0a
0000821D                    	.code
                            	LM91:
                            	L32:
                            	
0000821D 43 00              		SP+=3
0000821E 88 98              		POP BP from [SP]
0000821F 90 9A              		RETF
                            		.endp	// end of main
                            	
00000EF2                    	.debug
00000EF2 2E 00 73 00        		.dw '.stabn 0xc0,0,0,',0,0
         74 00 61 00
         62 00 6E 00
         20 00 30 00
         78 00 63 00
         30 00 2C 00
         30 00 2C 00
         30 00 2C 00
         00 00 00 00
00000F04 07 00 00 00        		.dd LBB5-_main
00000F06 0D 00 0A 00        		.dw 0x0d,0x0a
00008220                    	.code
00000F08                    	.debug
00000F08 2E 00 73 00        		.dw '.stabs "key:4",128,0,0,0',0x0d,0x0a
         74 00 61 00
         62 00 73 00
         20 00 22 00
         6B 00 65 00
         79 00 3A 00
         34 00 22 00
         2C 00 31 00
         32 00 38 00
         2C 00 30 00
         2C 00 30 00
         2C 00 30 00
         0D 00 0A 00
00008220                    	.CODE
00000F22                    	.debug
00000F22 2E 00 73 00        		.dw '.stabn 0xc0,0,0,',0,0
         74 00 61 00
         62 00 6E 00
         20 00 30 00
         78 00 63 00
         30 00 2C 00
         30 00 2C 00
         30 00 2C 00
         00 00 00 00
00000F34 40 00 00 00        		.dd LBB6-_main
00000F36 0D 00 0A 00        		.dw 0x0d,0x0a
00008220                    	.code
00000F38                    	.debug
00000F38 2E 00 73 00        		.dw '.stabs "i:1",128,0,0,1',0x0d,0x0a
         74 00 61 00
         62 00 73 00
         20 00 22 00
         69 00 3A 00
         31 00 22 00
         2C 00 31 00
         32 00 38 00
         2C 00 30 00
         2C 00 30 00
         2C 00 31 00
         0D 00 0A 00
00008220                    	.CODE
00000F50                    	.debug
00000F50 2E 00 73 00        		.dw '.stabn 0xe0,0,0,',0,0
         74 00 61 00
         62 00 6E 00
         20 00 30 00
         78 00 65 00
         30 00 2C 00
         30 00 2C 00
         30 00 2C 00
         00 00 00 00
00000F62 09 01 00 00        		.dd LBE6-_main
00000F64 0D 00 0A 00        		.dw 0x0d,0x0a
00008220                    	.code
00000F66                    	.debug
00000F66 2E 00 73 00        		.dw '.stabn 0xe0,0,0,',0,0
         74 00 61 00
         62 00 6E 00
         20 00 30 00
         78 00 65 00
         30 00 2C 00
         30 00 2C 00
         30 00 2C 00
         00 00 00 00
00000F78 0E 01 00 00        		.dd LBE5-_main
00000F7A 0D 00 0A 00        		.dw 0x0d,0x0a
00008220                    	.code
00000F7C                    	.debug
00000F7C 2E 00 73 00        		.dw '.stabf ',0,0
         74 00 61 00
         62 00 66 00
         20 00 00 00
         00 00      
00000F85 11 01 00 00        		.dd LME4-_main
00000F87 0D 00 0A 00        		.dw 0x0d,0x0a
00008220                    	.code
                            	LME4:
                            		.end
0 error(s), 0 warning(s).

