Sunplus u'nSP Assembler - Ver. 1.14.12
              Listing File Has Been Relocated
                            	// GCC for SUNPLUS u'nSP version 1.0.23
                            	// Command: C:\PROGRA~1\Sunplus\UNSPID~1.2D\toolchain\cc1.exe C:\DOCUME~1\ADMINI~1\LOCALS~1\Temp\cc2Taaaa.i -fkeep-inline-functions -quiet -dumpbase main.c -mglobal-var-iram -gstabs -Wall -o .\Debug/main.asm
                            		.external __sn_func_ptr_sec
                            	
                            	// gcc2_compiled.:
                            	
00000000                    	.debug
00000000 2E 00 73 00        		.dw '.stabs "H:/Light6/light/",0x64,0,3,',0,0,offset Ltext0,seg Ltext0,0x0d,0x0a
         74 00 61 00
         62 00 73 00
         20 00 22 00
         48 00 3A 00
         2F 00 4C 00
         69 00 67 00
         68 00 74 00
         36 00 2F 00
         6C 00 69 00
         67 00 68 00
         74 00 2F 00
         22 00 2C 00
         30 00 78 00
         36 00 34 00
         2C 00 30 00
         2C 00 33 00
         2C 00 00 00
         00 00 00 00
         00 00 0D 00
         0A 00      
00008026                    	.code
00000029                    	.debug
00000029 2E 00 73 00        		.dw '.stabs "H:/Light6/light/main.c",0x64,0,3,',0,0,offset Ltext0,seg Ltext0,0x0d,0x0a
         74 00 61 00
         62 00 73 00
         20 00 22 00
         48 00 3A 00
         2F 00 4C 00
         69 00 67 00
         68 00 74 00
         36 00 2F 00
         6C 00 69 00
         67 00 68 00
         74 00 2F 00
         6D 00 61 00
         69 00 6E 00
         2E 00 63 00
         22 00 2C 00
         30 00 78 00
         36 00 34 00
         2C 00 30 00
         2C 00 33 00
         2C 00 00 00
         00 00 00 00
         00 00 0D 00
         0A 00      
00008026                    	.code
00008026                    	.code
                            	Ltext0:
00000058                    	.debug
00000058 2E 00 73 00        		.dw '.stabs "int:t1=r1;-32768;32767;",128,0,0,0',0x0d,0x0a
         74 00 61 00
         62 00 73 00
         20 00 22 00
         69 00 6E 00
         74 00 3A 00
         74 00 31 00
         3D 00 72 00
         31 00 3B 00
         2D 00 33 00
         32 00 37 00
         36 00 38 00
         3B 00 33 00
         32 00 37 00
         36 00 37 00
         3B 00 22 00
         2C 00 31 00
         32 00 38 00
         2C 00 30 00
         2C 00 30 00
         2C 00 30 00
         0D 00 0A 00
00008026                    	.CODE
00000084                    	.debug
00000084 2E 00 73 00        		.dw '.stabs "char:t2=r2;0;127;",128,0,0,0',0x0d,0x0a
         74 00 61 00
         62 00 73 00
         20 00 22 00
         63 00 68 00
         61 00 72 00
         3A 00 74 00
         32 00 3D 00
         72 00 32 00
         3B 00 30 00
         3B 00 31 00
         32 00 37 00
         3B 00 22 00
         2C 00 31 00
         32 00 38 00
         2C 00 30 00
         2C 00 30 00
         2C 00 30 00
         0D 00 0A 00
00008026                    	.CODE
000000AA                    	.debug
000000AA 2E 00 73 00        		.dw '.stabs "long int:t3=r3;-2147483648;2147483647;",128,0,0,0',0x0d,0x0a
         74 00 61 00
         62 00 73 00
         20 00 22 00
         6C 00 6F 00
         6E 00 67 00
         20 00 69 00
         6E 00 74 00
         3A 00 74 00
         33 00 3D 00
         72 00 33 00
         3B 00 2D 00
         32 00 31 00
         34 00 37 00
         34 00 38 00
         33 00 36 00
         34 00 38 00
         3B 00 32 00
         31 00 34 00
         37 00 34 00
         38 00 33 00
         36 00 34 00
         37 00 3B 00
         22 00 2C 00
         31 00 32 00
         38 00 2C 00
         30 00 2C 00
         30 00 2C 00
         30 00 0D 00
         0A 00      
00008026                    	.CODE
000000E5                    	.debug
000000E5 2E 00 73 00        		.dw '.stabs "unsigned int:t4=r4;0;65535;",128,0,0,0',0x0d,0x0a
         74 00 61 00
         62 00 73 00
         20 00 22 00
         75 00 6E 00
         73 00 69 00
         67 00 6E 00
         65 00 64 00
         20 00 69 00
         6E 00 74 00
         3A 00 74 00
         34 00 3D 00
         72 00 34 00
         3B 00 30 00
         3B 00 36 00
         35 00 35 00
         33 00 35 00
         3B 00 22 00
         2C 00 31 00
         32 00 38 00
         2C 00 30 00
         2C 00 30 00
         2C 00 30 00
         0D 00 0A 00
00008026                    	.CODE
00000115                    	.debug
00000115 2E 00 73 00        		.dw '.stabs "long unsigned int:t5=r5;0;4294967295;",128,0,0,0',0x0d,0x0a
         74 00 61 00
         62 00 73 00
         20 00 22 00
         6C 00 6F 00
         6E 00 67 00
         20 00 75 00
         6E 00 73 00
         69 00 67 00
         6E 00 65 00
         64 00 20 00
         69 00 6E 00
         74 00 3A 00
         74 00 35 00
         3D 00 72 00
         35 00 3B 00
         30 00 3B 00
         34 00 32 00
         39 00 34 00
         39 00 36 00
         37 00 32 00
         39 00 35 00
         3B 00 22 00
         2C 00 31 00
         32 00 38 00
         2C 00 30 00
         2C 00 30 00
         2C 00 30 00
         0D 00 0A 00
00008026                    	.CODE
0000014F                    	.debug
0000014F 2E 00 73 00        		.dw '.stabs "long long int:t6=r6;-2147483648;2147483647;",128,0,0,0',0x0d,0x0a
         74 00 61 00
         62 00 73 00
         20 00 22 00
         6C 00 6F 00
         6E 00 67 00
         20 00 6C 00
         6F 00 6E 00
         67 00 20 00
         69 00 6E 00
         74 00 3A 00
         74 00 36 00
         3D 00 72 00
         36 00 3B 00
         2D 00 32 00
         31 00 34 00
         37 00 34 00
         38 00 33 00
         36 00 34 00
         38 00 3B 00
         32 00 31 00
         34 00 37 00
         34 00 38 00
         33 00 36 00
         34 00 37 00
         3B 00 22 00
         2C 00 31 00
         32 00 38 00
         2C 00 30 00
         2C 00 30 00
         2C 00 30 00
         0D 00 0A 00
00008026                    	.CODE
0000018F                    	.debug
0000018F 2E 00 73 00        		.dw '.stabs "long long unsigned int:t7=r7;0;4294967295;",128,0,0,0',0x0d,0x0a
         74 00 61 00
         62 00 73 00
         20 00 22 00
         6C 00 6F 00
         6E 00 67 00
         20 00 6C 00
         6F 00 6E 00
         67 00 20 00
         75 00 6E 00
         73 00 69 00
         67 00 6E 00
         65 00 64 00
         20 00 69 00
         6E 00 74 00
         3A 00 74 00
         37 00 3D 00
         72 00 37 00
         3B 00 30 00
         3B 00 34 00
         32 00 39 00
         34 00 39 00
         36 00 37 00
         32 00 39 00
         35 00 3B 00
         22 00 2C 00
         31 00 32 00
         38 00 2C 00
         30 00 2C 00
         30 00 2C 00
         30 00 0D 00
         0A 00      
00008026                    	.CODE
000001CE                    	.debug
000001CE 2E 00 73 00        		.dw '.stabs "short int:t8=r8;-32768;32767;",128,0,0,0',0x0d,0x0a
         74 00 61 00
         62 00 73 00
         20 00 22 00
         73 00 68 00
         6F 00 72 00
         74 00 20 00
         69 00 6E 00
         74 00 3A 00
         74 00 38 00
         3D 00 72 00
         38 00 3B 00
         2D 00 33 00
         32 00 37 00
         36 00 38 00
         3B 00 33 00
         32 00 37 00
         36 00 37 00
         3B 00 22 00
         2C 00 31 00
         32 00 38 00
         2C 00 30 00
         2C 00 30 00
         2C 00 30 00
         0D 00 0A 00
00008026                    	.CODE
00000200                    	.debug
00000200 2E 00 73 00        		.dw '.stabs "short unsigned int:t9=r9;0;65535;",128,0,0,0',0x0d,0x0a
         74 00 61 00
         62 00 73 00
         20 00 22 00
         73 00 68 00
         6F 00 72 00
         74 00 20 00
         75 00 6E 00
         73 00 69 00
         67 00 6E 00
         65 00 64 00
         20 00 69 00
         6E 00 74 00
         3A 00 74 00
         39 00 3D 00
         72 00 39 00
         3B 00 30 00
         3B 00 36 00
         35 00 35 00
         33 00 35 00
         3B 00 22 00
         2C 00 31 00
         32 00 38 00
         2C 00 30 00
         2C 00 30 00
         2C 00 30 00
         0D 00 0A 00
00008026                    	.CODE
00000236                    	.debug
00000236 2E 00 73 00        		.dw '.stabs "signed char:t10=r10;-32768;32767;",128,0,0,0',0x0d,0x0a
         74 00 61 00
         62 00 73 00
         20 00 22 00
         73 00 69 00
         67 00 6E 00
         65 00 64 00
         20 00 63 00
         68 00 61 00
         72 00 3A 00
         74 00 31 00
         30 00 3D 00
         72 00 31 00
         30 00 3B 00
         2D 00 33 00
         32 00 37 00
         36 00 38 00
         3B 00 33 00
         32 00 37 00
         36 00 37 00
         3B 00 22 00
         2C 00 31 00
         32 00 38 00
         2C 00 30 00
         2C 00 30 00
         2C 00 30 00
         0D 00 0A 00
00008026                    	.CODE
0000026C                    	.debug
0000026C 2E 00 73 00        		.dw '.stabs "unsigned char:t11=r11;0;65535;",128,0,0,0',0x0d,0x0a
         74 00 61 00
         62 00 73 00
         20 00 22 00
         75 00 6E 00
         73 00 69 00
         67 00 6E 00
         65 00 64 00
         20 00 63 00
         68 00 61 00
         72 00 3A 00
         74 00 31 00
         31 00 3D 00
         72 00 31 00
         31 00 3B 00
         30 00 3B 00
         36 00 35 00
         35 00 33 00
         35 00 3B 00
         22 00 2C 00
         31 00 32 00
         38 00 2C 00
         30 00 2C 00
         30 00 2C 00
         30 00 0D 00
         0A 00      
00008026                    	.CODE
0000029F                    	.debug
0000029F 2E 00 73 00        		.dw '.stabs "float:t12=r1;2;0;",128,0,0,0',0x0d,0x0a
         74 00 61 00
         62 00 73 00
         20 00 22 00
         66 00 6C 00
         6F 00 61 00
         74 00 3A 00
         74 00 31 00
         32 00 3D 00
         72 00 31 00
         3B 00 32 00
         3B 00 30 00
         3B 00 22 00
         2C 00 31 00
         32 00 38 00
         2C 00 30 00
         2C 00 30 00
         2C 00 30 00
         0D 00 0A 00
00008026                    	.CODE
000002C5                    	.debug
000002C5 2E 00 73 00        		.dw '.stabs "double:t13=r1;2;0;",128,0,0,0',0x0d,0x0a
         74 00 61 00
         62 00 73 00
         20 00 22 00
         64 00 6F 00
         75 00 62 00
         6C 00 65 00
         3A 00 74 00
         31 00 33 00
         3D 00 72 00
         31 00 3B 00
         32 00 3B 00
         30 00 3B 00
         22 00 2C 00
         31 00 32 00
         38 00 2C 00
         30 00 2C 00
         30 00 2C 00
         30 00 0D 00
         0A 00      
00008026                    	.CODE
000002EC                    	.debug
000002EC 2E 00 73 00        		.dw '.stabs "long double:t14=r1;2;0;",128,0,0,0',0x0d,0x0a
         74 00 61 00
         62 00 73 00
         20 00 22 00
         6C 00 6F 00
         6E 00 67 00
         20 00 64 00
         6F 00 75 00
         62 00 6C 00
         65 00 3A 00
         74 00 31 00
         34 00 3D 00
         72 00 31 00
         3B 00 32 00
         3B 00 30 00
         3B 00 22 00
         2C 00 31 00
         32 00 38 00
         2C 00 30 00
         2C 00 30 00
         2C 00 30 00
         0D 00 0A 00
00008026                    	.CODE
00000318                    	.debug
00000318 2E 00 73 00        		.dw '.stabs "complex int:t15=s2real:1,0,16;imag:1,16,16;;",128,0,0,0',0x0d,0x0a
         74 00 61 00
         62 00 73 00
         20 00 22 00
         63 00 6F 00
         6D 00 70 00
         6C 00 65 00
         78 00 20 00
         69 00 6E 00
         74 00 3A 00
         74 00 31 00
         35 00 3D 00
         73 00 32 00
         72 00 65 00
         61 00 6C 00
         3A 00 31 00
         2C 00 30 00
         2C 00 31 00
         36 00 3B 00
         69 00 6D 00
         61 00 67 00
         3A 00 31 00
         2C 00 31 00
         36 00 2C 00
         31 00 36 00
         3B 00 3B 00
         22 00 2C 00
         31 00 32 00
         38 00 2C 00
         30 00 2C 00
         30 00 2C 00
         30 00 0D 00
         0A 00      
00008026                    	.CODE
00000359                    	.debug
00000359 2E 00 73 00        		.dw '.stabs "complex float:t16=r16;2;0;",128,0,0,0',0x0d,0x0a
         74 00 61 00
         62 00 73 00
         20 00 22 00
         63 00 6F 00
         6D 00 70 00
         6C 00 65 00
         78 00 20 00
         66 00 6C 00
         6F 00 61 00
         74 00 3A 00
         74 00 31 00
         36 00 3D 00
         72 00 31 00
         36 00 3B 00
         32 00 3B 00
         30 00 3B 00
         22 00 2C 00
         31 00 32 00
         38 00 2C 00
         30 00 2C 00
         30 00 2C 00
         30 00 0D 00
         0A 00      
00008026                    	.CODE
00000388                    	.debug
00000388 2E 00 73 00        		.dw '.stabs "complex double:t17=r17;2;0;",128,0,0,0',0x0d,0x0a
         74 00 61 00
         62 00 73 00
         20 00 22 00
         63 00 6F 00
         6D 00 70 00
         6C 00 65 00
         78 00 20 00
         64 00 6F 00
         75 00 62 00
         6C 00 65 00
         3A 00 74 00
         31 00 37 00
         3D 00 72 00
         31 00 37 00
         3B 00 32 00
         3B 00 30 00
         3B 00 22 00
         2C 00 31 00
         32 00 38 00
         2C 00 30 00
         2C 00 30 00
         2C 00 30 00
         0D 00 0A 00
00008026                    	.CODE
000003B8                    	.debug
000003B8 2E 00 73 00        		.dw '.stabs "complex long double:t18=r18;2;0;",128,0,0,0',0x0d,0x0a
         74 00 61 00
         62 00 73 00
         20 00 22 00
         63 00 6F 00
         6D 00 70 00
         6C 00 65 00
         78 00 20 00
         6C 00 6F 00
         6E 00 67 00
         20 00 64 00
         6F 00 75 00
         62 00 6C 00
         65 00 3A 00
         74 00 31 00
         38 00 3D 00
         72 00 31 00
         38 00 3B 00
         32 00 3B 00
         30 00 3B 00
         22 00 2C 00
         31 00 32 00
         38 00 2C 00
         30 00 2C 00
         30 00 2C 00
         30 00 0D 00
         0A 00      
00008026                    	.CODE
000003ED                    	.debug
000003ED 2E 00 73 00        		.dw '.stabs "void:t19=19",128,0,0,0',0x0d,0x0a
         74 00 61 00
         62 00 73 00
         20 00 22 00
         76 00 6F 00
         69 00 64 00
         3A 00 74 00
         31 00 39 00
         3D 00 31 00
         39 00 22 00
         2C 00 31 00
         32 00 38 00
         2C 00 30 00
         2C 00 30 00
         2C 00 30 00
         0D 00 0A 00
00008026                    	.CODE
                            	.public _stop
00000001                    	.iram
                            	_stop:
00000001 00 00              		.dw 0
0000040D                    	.debug
0000040D 2E 00 73 00        		.dw '.stabs "stop:G1",32,0,0,',0,0,offset _stop,seg _stop,0x0d,0x0a
         74 00 61 00
         62 00 73 00
         20 00 22 00
         73 00 74 00
         6F 00 70 00
         3A 00 47 00
         31 00 22 00
         2C 00 33 00
         32 00 2C 00
         30 00 2C 00
         30 00 2C 00
         00 00 00 00
         00 00 00 00
         0D 00 0A 00
00008026                    	.CODE
00008026                    	.code
0000042B                    	.debug
0000042B 2E 00 73 00        		.dw '.stabs "Delay:F19",36,0,0,',0,0,offset _Delay,seg _Delay,0x0d,0x0a
         74 00 61 00
         62 00 73 00
         20 00 22 00
         44 00 65 00
         6C 00 61 00
         79 00 3A 00
         46 00 31 00
         39 00 22 00
         2C 00 33 00
         36 00 2C 00
         30 00 2C 00
         30 00 2C 00
         00 00 00 00
         00 00 00 00
         0D 00 0A 00
00008026                    	.CODE
                            	.public _Delay
                            	_Delay:	.proc
0000044B                    	.debug
0000044B 2E 00 73 00        		.dw '.stabn 0x44,0,16,',0,0
         74 00 61 00
         62 00 6E 00
         20 00 30 00
         78 00 34 00
         34 00 2C 00
         30 00 2C 00
         31 00 36 00
         2C 00 00 00
         00 00      
0000045E 00 00 00 00        		.dd LM1-_Delay
00000460 0D 00 0A 00        		.dw 0x0d,0x0a
00008026                    	.code
                            	LM1:
                            		// total=1, vars=1
                            		// frame_pointer_needed: 1
00000462                    	.debug
00000462 2E 00 73 00        		.dw '.stabn 0xa6,0,0,1',0x0d, 0x0a
         74 00 61 00
         62 00 6E 00
         20 00 30 00
         78 00 61 00
         36 00 2C 00
         30 00 2C 00
         30 00 2C 00
         31 00 0D 00
         0A 00      
00008026                    	.code
00008026 88 DA              		PUSH BP to [SP]
00008027 41 20              		SP-=1
00008028 08 0B 01 00        		BP=SP+1
                            	
0000802A 0D 03 04 00        		R1=BP+4
                            	LBB2:
00000475                    	.debug
00000475 2E 00 73 00        		.dw '.stabn 0x44,0,18,',0,0
         74 00 61 00
         62 00 6E 00
         20 00 30 00
         78 00 34 00
         34 00 2C 00
         30 00 2C 00
         31 00 38 00
         2C 00 00 00
         00 00      
00000488 06 00 00 00        		.dd LM2-_Delay
0000048A 0D 00 0A 00        		.dw 0x0d,0x0a
0000802C                    	.code
                            	LM2:
0000802C 40 94              		R2=0	// QImode move
0000802D C5 D4              		[BP]=R2	// QImode move
                            	L3:
0000802E C5 94              		R2=[BP]	// QImode move
0000802F 0A 45 B8 0B        		CMP R2,3000	// QImode compare
00008031 04 8E 01 EE        		NSJNA L6	//QImode LEU
         00 EE      
00008034 0F 9F 3F 80        		PC=L4	// jump
                            	L6:
0000048C                    	.debug
0000048C 2E 00 73 00        		.dw '.stabn 0x44,0,20,',0,0
         74 00 61 00
         62 00 6E 00
         20 00 30 00
         78 00 34 00
         34 00 2C 00
         30 00 2C 00
         32 00 30 00
         2C 00 00 00
         00 00      
0000049F 10 00 00 00        		.dd LM3-_Delay
000004A1 0D 00 0A 00        		.dw 0x0d,0x0a
00008036                    	.code
                            	LM3:
00008036 41 94              		R2=1	// QImode move
00008037 1A D5 12 70        		[28690]=R2	// QImode move
000004A3                    	.debug
000004A3 2E 00 73 00        		.dw '.stabn 0x44,0,18,',0,0
         74 00 61 00
         62 00 6E 00
         20 00 30 00
         78 00 34 00
         34 00 2C 00
         30 00 2C 00
         31 00 38 00
         2C 00 00 00
         00 00      
000004B6 13 00 00 00        		.dd LM4-_Delay
000004B8 0D 00 0A 00        		.dw 0x0d,0x0a
00008039                    	.code
                            	LM4:
                            	L5:
00008039 C5 94              		R2=[BP]	// QImode move
0000803A 0A 07 01 00        		R3=R2+1
0000803C C5 D6              		[BP]=R3	// QImode move
0000803D 0F 9F 2E 80        		PC=L3	// jump
                            	L4:
000004BA                    	.debug
000004BA 2E 00 73 00        		.dw '.stabn 0x44,0,22,',0,0
         74 00 61 00
         62 00 6E 00
         20 00 30 00
         78 00 34 00
         34 00 2C 00
         30 00 2C 00
         32 00 32 00
         2C 00 00 00
         00 00      
000004CD 19 00 00 00        		.dd LM5-_Delay
000004CF 0D 00 0A 00        		.dw 0x0d,0x0a
0000803F                    	.code
                            	LM5:
                            	LBE2:
000004D1                    	.debug
000004D1 2E 00 73 00        		.dw '.stabn 0x44,0,22,',0,0
         74 00 61 00
         62 00 6E 00
         20 00 30 00
         78 00 34 00
         34 00 2C 00
         30 00 2C 00
         32 00 32 00
         2C 00 00 00
         00 00      
000004E4 19 00 00 00        		.dd LM6-_Delay
000004E6 0D 00 0A 00        		.dw 0x0d,0x0a
0000803F                    	.code
                            	LM6:
                            	L2:
                            	
0000803F 41 00              		SP+=1
00008040 88 98              		POP BP from [SP]
00008041 90 9A              		RETF
                            		.endp	// end of Delay
                            	
000004E8                    	.debug
000004E8 2E 00 73 00        		.dw '.stabn 0xc0,0,0,',0,0
         74 00 61 00
         62 00 6E 00
         20 00 30 00
         78 00 63 00
         30 00 2C 00
         30 00 2C 00
         30 00 2C 00
         00 00 00 00
000004FA 06 00 00 00        		.dd LBB2-_Delay
000004FC 0D 00 0A 00        		.dw 0x0d,0x0a
00008042                    	.code
000004FE                    	.debug
000004FE 2E 00 73 00        		.dw '.stabs "uiCount:4",128,0,0,0',0x0d,0x0a
         74 00 61 00
         62 00 73 00
         20 00 22 00
         75 00 69 00
         43 00 6F 00
         75 00 6E 00
         74 00 3A 00
         34 00 22 00
         2C 00 31 00
         32 00 38 00
         2C 00 30 00
         2C 00 30 00
         2C 00 30 00
         0D 00 0A 00
00008042                    	.CODE
0000051C                    	.debug
0000051C 2E 00 73 00        		.dw '.stabn 0xe0,0,0,',0,0
         74 00 61 00
         62 00 6E 00
         20 00 30 00
         78 00 65 00
         30 00 2C 00
         30 00 2C 00
         30 00 2C 00
         00 00 00 00
0000052E 19 00 00 00        		.dd LBE2-_Delay
00000530 0D 00 0A 00        		.dw 0x0d,0x0a
00008042                    	.code
00000532                    	.debug
00000532 2E 00 73 00        		.dw '.stabf ',0,0
         74 00 61 00
         62 00 66 00
         20 00 00 00
         00 00      
0000053B 1C 00 00 00        		.dd LME1-_Delay
0000053D 0D 00 0A 00        		.dw 0x0d,0x0a
00008042                    	.code
                            	LME1:
00008042                    	.code
0000053F                    	.debug
0000053F 2E 00 73 00        		.dw '.stabs "scanKey:F4",36,0,0,',0,0,offset _scanKey,seg _scanKey,0x0d,0x0a
         74 00 61 00
         62 00 73 00
         20 00 22 00
         73 00 63 00
         61 00 6E 00
         4B 00 65 00
         79 00 3A 00
         46 00 34 00
         22 00 2C 00
         33 00 36 00
         2C 00 30 00
         2C 00 30 00
         2C 00 00 00
         00 00 1C 00
         00 00 0D 00
         0A 00      
00008042                    	.CODE
                            	.public _scanKey
                            	_scanKey:	.proc
00000560                    	.debug
00000560 2E 00 73 00        		.dw '.stabn 0x44,0,25,',0,0
         74 00 61 00
         62 00 6E 00
         20 00 30 00
         78 00 34 00
         34 00 2C 00
         30 00 2C 00
         32 00 35 00
         2C 00 00 00
         00 00      
00000573 00 00 00 00        		.dd LM7-_scanKey
00000575 0D 00 0A 00        		.dw 0x0d,0x0a
00008042                    	.code
                            	LM7:
                            		// total=4, vars=4
                            		// frame_pointer_needed: 1
00000577                    	.debug
00000577 2E 00 73 00        		.dw '.stabn 0xa6,0,0,4',0x0d, 0x0a
         74 00 61 00
         62 00 6E 00
         20 00 30 00
         78 00 61 00
         36 00 2C 00
         30 00 2C 00
         30 00 2C 00
         34 00 0D 00
         0A 00      
00008042                    	.code
00008042 88 DA              		PUSH BP to [SP]
00008043 44 20              		SP-=4
00008044 08 0B 01 00        		BP=SP+1
                            	
00008046 0D 03 07 00        		R1=BP+7
00008048 03 D2              		[BP+3]=R1	// QImode move
                            	LBB3:
0000058A                    	.debug
0000058A 2E 00 73 00        		.dw '.stabn 0x44,0,31,',0,0
         74 00 61 00
         62 00 6E 00
         20 00 30 00
         78 00 34 00
         34 00 2C 00
         30 00 2C 00
         33 00 31 00
         2C 00 00 00
         00 00      
0000059D 07 00 00 00        		.dd LM8-_scanKey
0000059F 0D 00 0A 00        		.dw 0x0d,0x0a
00008049                    	.code
                            	LM8:
00008049 03 94              		R2=[BP+3]	// QImode move
0000804A C2 92              		R1=[R2]	// QImode move
0000804B 09 43 41 00        		CMP R1,65	// QImode compare
0000804D 0B 4E 01 EE        		NSJNZ L9	//QImode NE
         00 EE      
000005A1                    	.debug
000005A1 2E 00 73 00        		.dw '.stabn 0x44,0,32,',0,0
         74 00 61 00
         62 00 6E 00
         20 00 30 00
         78 00 34 00
         34 00 2C 00
         30 00 2C 00
         33 00 32 00
         2C 00 00 00
         00 00      
000005B4 0E 00 00 00        		.dd LM9-_scanKey
000005B6 0D 00 0A 00        		.dw 0x0d,0x0a
00008050                    	.code
                            	LM9:
00008050 05 93              		R1=BP	// QImode move
00008051 0D 05 02 00        		R2=BP+2
00008053 09 93 00 70        		R1=28672	// QImode move
00008055 02 97              		R3=R2	// QImode move
00008056 C3 D2              		[R3]=R1	// QImode move
00008057 0F 9F 64 80        		PC=L10	// jump
                            	L9:
000005B8                    	.debug
000005B8 2E 00 73 00        		.dw '.stabn 0x44,0,33,',0,0
         74 00 61 00
         62 00 6E 00
         20 00 30 00
         78 00 34 00
         34 00 2C 00
         30 00 2C 00
         33 00 33 00
         2C 00 00 00
         00 00      
000005CB 17 00 00 00        		.dd LM10-_scanKey
000005CD 0D 00 0A 00        		.dw 0x0d,0x0a
00008059                    	.code
                            	LM10:
00008059 09 93 42 00        		R1=66	// QImode move
0000805B 03 98              		R4=[BP+3]	// QImode move
0000805C C4 D2              		[R4]=R1	// QImode move
000005CF                    	.debug
000005CF 2E 00 73 00        		.dw '.stabn 0x44,0,34,',0,0
         74 00 61 00
         62 00 6E 00
         20 00 30 00
         78 00 34 00
         34 00 2C 00
         30 00 2C 00
         33 00 34 00
         2C 00 00 00
         00 00      
000005E2 1B 00 00 00        		.dd LM11-_scanKey
000005E4 0D 00 0A 00        		.dw 0x0d,0x0a
0000805D                    	.code
                            	LM11:
0000805D 05 93              		R1=BP	// QImode move
0000805E 0D 05 02 00        		R2=BP+2
00008060 09 93 05 70        		R1=28677	// QImode move
00008062 02 97              		R3=R2	// QImode move
00008063 C3 D2              		[R3]=R1	// QImode move
                            	L11:
                            	L10:
000005E6                    	.debug
000005E6 2E 00 73 00        		.dw '.stabn 0x44,0,36,',0,0
         74 00 61 00
         62 00 6E 00
         20 00 30 00
         78 00 34 00
         34 00 2C 00
         30 00 2C 00
         33 00 36 00
         2C 00 00 00
         00 00      
000005F9 22 00 00 00        		.dd LM12-_scanKey
000005FB 0D 00 0A 00        		.dw 0x0d,0x0a
00008064                    	.code
                            	LM12:
00008064 05 93              		R1=BP	// QImode move
00008065 0D 05 02 00        		R2=BP+2
00008067 02 99              		R4=R2	// QImode move
00008068 C4 92              		R1=[R4]	// QImode move
00008069 01 97              		R3=R1	// QImode move
0000806A C3 94              		R2=[R3]	// QImode move
0000806B C5 D4              		[BP]=R2	// QImode move
000005FD                    	.debug
000005FD 2E 00 73 00        		.dw '.stabn 0x44,0,38,',0,0
         74 00 61 00
         62 00 6E 00
         20 00 30 00
         78 00 34 00
         34 00 2C 00
         30 00 2C 00
         33 00 38 00
         2C 00 00 00
         00 00      
00000610 2A 00 00 00        		.dd LM13-_scanKey
00000612 0D 00 0A 00        		.dw 0x0d,0x0a
0000806C                    	.code
                            	LM13:
0000806C C5 92              		R1=[BP]	// QImode move
0000806D 40 42              		CMP R1,0	// QImode test
0000806E 1B 5E 01 EE        		NSJZ L12	//QImode EQ
         00 EE      
00000614                    	.debug
00000614 2E 00 73 00        		.dw '.stabn 0x44,0,40,',0,0
         74 00 61 00
         62 00 6E 00
         20 00 30 00
         78 00 34 00
         34 00 2C 00
         30 00 2C 00
         34 00 30 00
         2C 00 00 00
         00 00      
00000627 2F 00 00 00        		.dd LM14-_scanKey
00000629 0D 00 0A 00        		.dw 0x0d,0x0a
00008071                    	.code
                            	LM14:
00008071 40 F0 26 80        		CALL _Delay	// call without return value
0000062B                    	.debug
0000062B 2E 00 73 00        		.dw '.stabn 0x44,0,41,',0,0
         74 00 61 00
         62 00 6E 00
         20 00 30 00
         78 00 34 00
         34 00 2C 00
         30 00 2C 00
         34 00 31 00
         2C 00 00 00
         00 00      
0000063E 31 00 00 00        		.dd LM15-_scanKey
00000640 0D 00 0A 00        		.dw 0x0d,0x0a
00008073                    	.code
                            	LM15:
00008073 05 95              		R2=BP	// QImode move
00008074 0D 03 01 00        		R1=BP+1
00008076 05 95              		R2=BP	// QImode move
00008077 0D 07 02 00        		R3=BP+2
00008079 03 99              		R4=R3	// QImode move
0000807A C4 94              		R2=[R4]	// QImode move
0000807B 02 99              		R4=R2	// QImode move
0000807C C4 96              		R3=[R4]	// QImode move
0000807D 01 95              		R2=R1	// QImode move
0000807E C2 D6              		[R2]=R3	// QImode move
00000642                    	.debug
00000642 2E 00 73 00        		.dw '.stabn 0x44,0,42,',0,0
         74 00 61 00
         62 00 6E 00
         20 00 30 00
         78 00 34 00
         34 00 2C 00
         30 00 2C 00
         34 00 32 00
         2C 00 00 00
         00 00      
00000655 3D 00 00 00        		.dd LM16-_scanKey
00000657 0D 00 0A 00        		.dw 0x0d,0x0a
0000807F                    	.code
                            	LM16:
0000807F 05 93              		R1=BP	// QImode move
00008080 0D 05 01 00        		R2=BP+1
00008082 C5 92              		R1=[BP]	// QImode move
00008083 02 97              		R3=R2	// QImode move
00008084 C3 42              		CMP R1,[R3]	// QImode compare
00008085 04 5E 01 EE        		NSJZ L12	//QImode EQ
         00 EE      
00000659                    	.debug
00000659 2E 00 73 00        		.dw '.stabn 0x44,0,43,',0,0
         74 00 61 00
         62 00 6E 00
         20 00 30 00
         78 00 34 00
         34 00 2C 00
         30 00 2C 00
         34 00 33 00
         2C 00 00 00
         00 00      
0000066C 46 00 00 00        		.dd LM17-_scanKey
0000066E 0D 00 0A 00        		.dw 0x0d,0x0a
00008088                    	.code
                            	LM17:
00008088 40 92              		R1=0	// QImode move
00008089 C5 D2              		[BP]=R1	// QImode move
                            	L13:
                            	L12:
00000670                    	.debug
00000670 2E 00 73 00        		.dw '.stabn 0x44,0,45,',0,0
         74 00 61 00
         62 00 6E 00
         20 00 30 00
         78 00 34 00
         34 00 2C 00
         30 00 2C 00
         34 00 35 00
         2C 00 00 00
         00 00      
00000683 48 00 00 00        		.dd LM18-_scanKey
00000685 0D 00 0A 00        		.dw 0x0d,0x0a
0000808A                    	.code
                            	LM18:
0000808A C5 94              		R2=[BP]	// QImode move
0000808B 02 93              		R1=R2	// QImode move
0000808C 0F 9F 8E 80        		PC=L8	// jump
00000687                    	.debug
00000687 2E 00 73 00        		.dw '.stabn 0x44,0,46,',0,0
         74 00 61 00
         62 00 6E 00
         20 00 30 00
         78 00 34 00
         34 00 2C 00
         30 00 2C 00
         34 00 36 00
         2C 00 00 00
         00 00      
0000069A 4C 00 00 00        		.dd LM19-_scanKey
0000069C 0D 00 0A 00        		.dw 0x0d,0x0a
0000808E                    	.code
                            	LM19:
                            	LBE3:
0000069E                    	.debug
0000069E 2E 00 73 00        		.dw '.stabn 0x44,0,46,',0,0
         74 00 61 00
         62 00 6E 00
         20 00 30 00
         78 00 34 00
         34 00 2C 00
         30 00 2C 00
         34 00 36 00
         2C 00 00 00
         00 00      
000006B1 4C 00 00 00        		.dd LM20-_scanKey
000006B3 0D 00 0A 00        		.dw 0x0d,0x0a
0000808E                    	.code
                            	LM20:
                            	L8:
                            	
0000808E 44 00              		SP+=4
0000808F 88 98              		POP BP from [SP]
00008090 90 9A              		RETF
                            		.endp	// end of scanKey
                            	
000006B5                    	.debug
000006B5 2E 00 73 00        		.dw '.stabs "portName:p2",160,0,0,7',0x0d,0x0a
         74 00 61 00
         62 00 73 00
         20 00 22 00
         70 00 6F 00
         72 00 74 00
         4E 00 61 00
         6D 00 65 00
         3A 00 70 00
         32 00 22 00
         2C 00 31 00
         36 00 30 00
         2C 00 30 00
         2C 00 30 00
         2C 00 37 00
         0D 00 0A 00
00008091                    	.CODE
000006D5                    	.debug
000006D5 2E 00 73 00        		.dw '.stabn 0xc0,0,0,',0,0
         74 00 61 00
         62 00 6E 00
         20 00 30 00
         78 00 63 00
         30 00 2C 00
         30 00 2C 00
         30 00 2C 00
         00 00 00 00
000006E7 07 00 00 00        		.dd LBB3-_scanKey
000006E9 0D 00 0A 00        		.dw 0x0d,0x0a
00008091                    	.code
000006EB                    	.debug
000006EB 2E 00 73 00        		.dw '.stabs "uiData:4",128,0,0,0',0x0d,0x0a
         74 00 61 00
         62 00 73 00
         20 00 22 00
         75 00 69 00
         44 00 61 00
         74 00 61 00
         3A 00 34 00
         22 00 2C 00
         31 00 32 00
         38 00 2C 00
         30 00 2C 00
         30 00 2C 00
         30 00 0D 00
         0A 00      
00008091                    	.CODE
00000708                    	.debug
00000708 2E 00 73 00        		.dw '.stabs "uiTemp:4",128,0,0,1',0x0d,0x0a
         74 00 61 00
         62 00 73 00
         20 00 22 00
         75 00 69 00
         54 00 65 00
         6D 00 70 00
         3A 00 34 00
         22 00 2C 00
         31 00 32 00
         38 00 2C 00
         30 00 2C 00
         30 00 2C 00
         31 00 0D 00
         0A 00      
00008091                    	.CODE
00000725                    	.debug
00000725 2E 00 73 00        		.dw '.stabs "port:20=*4",128,0,0,2',0x0d,0x0a
         74 00 61 00
         62 00 73 00
         20 00 22 00
         70 00 6F 00
         72 00 74 00
         3A 00 32 00
         30 00 3D 00
         2A 00 34 00
         22 00 2C 00
         31 00 32 00
         38 00 2C 00
         30 00 2C 00
         30 00 2C 00
         32 00 0D 00
         0A 00      
00008091                    	.CODE
00000744                    	.debug
00000744 2E 00 73 00        		.dw '.stabn 0xe0,0,0,',0,0
         74 00 61 00
         62 00 6E 00
         20 00 30 00
         78 00 65 00
         30 00 2C 00
         30 00 2C 00
         30 00 2C 00
         00 00 00 00
00000756 4C 00 00 00        		.dd LBE3-_scanKey
00000758 0D 00 0A 00        		.dw 0x0d,0x0a
00008091                    	.code
0000075A                    	.debug
0000075A 2E 00 73 00        		.dw '.stabf ',0,0
         74 00 61 00
         62 00 66 00
         20 00 00 00
         00 00      
00000763 4F 00 00 00        		.dd LME2-_scanKey
00000765 0D 00 0A 00        		.dw 0x0d,0x0a
00008091                    	.code
                            	LME2:
00008091                    	.code
00000767                    	.debug
00000767 2E 00 73 00        		.dw '.stabs "delayTime:F19",36,0,0,',0,0,offset _delayTime,seg _delayTime,0x0d,0x0a
         74 00 61 00
         62 00 73 00
         20 00 22 00
         64 00 65 00
         6C 00 61 00
         79 00 54 00
         69 00 6D 00
         65 00 3A 00
         46 00 31 00
         39 00 22 00
         2C 00 33 00
         36 00 2C 00
         30 00 2C 00
         30 00 2C 00
         00 00 00 00
         6B 00 00 00
         0D 00 0A 00
00008091                    	.CODE
                            	.public _delayTime
                            	_delayTime:	.proc
0000078B                    	.debug
0000078B 2E 00 73 00        		.dw '.stabn 0x44,0,49,',0,0
         74 00 61 00
         62 00 6E 00
         20 00 30 00
         78 00 34 00
         34 00 2C 00
         30 00 2C 00
         34 00 39 00
         2C 00 00 00
         00 00      
0000079E 00 00 00 00        		.dd LM21-_delayTime
000007A0 0D 00 0A 00        		.dw 0x0d,0x0a
00008091                    	.code
                            	LM21:
                            		// total=4, vars=4
                            		// frame_pointer_needed: 1
000007A2                    	.debug
000007A2 2E 00 73 00        		.dw '.stabn 0xa6,0,0,4',0x0d, 0x0a
         74 00 61 00
         62 00 6E 00
         20 00 30 00
         78 00 61 00
         36 00 2C 00
         30 00 2C 00
         30 00 2C 00
         34 00 0D 00
         0A 00      
00008091                    	.code
00008091 88 DA              		PUSH BP to [SP]
00008092 44 20              		SP-=4
00008093 08 0B 01 00        		BP=SP+1
                            	
00008095 0D 03 07 00        		R1=BP+7
00008097 03 D2              		[BP+3]=R1	// QImode move
                            	LBB4:
000007B5                    	.debug
000007B5 2E 00 73 00        		.dw '.stabn 0x44,0,52,',0,0
         74 00 61 00
         62 00 6E 00
         20 00 30 00
         78 00 34 00
         34 00 2C 00
         30 00 2C 00
         35 00 32 00
         2C 00 00 00
         00 00      
000007C8 07 00 00 00        		.dd LM22-_delayTime
000007CA 0D 00 0A 00        		.dw 0x0d,0x0a
00008098                    	.code
                            	LM22:
                            		//split R1=0
00008098 40 92              		R1=0	// QImode move
00008099 40 94              		R2=0	// QImode move
                            		//split [BP]=R1
0000809A C5 D2              		[BP]=R1	// QImode move
0000809B 01 D4              		[BP+1]=R2	// QImode move
                            	L18:
0000809C 03 96              		R3=[BP+3]	// QImode move
0000809D C3 92              		R1=[R3]
0000809E 40 94              		R2=0
                            		//split R3=[BP]
0000809F C5 96              		R3=[BP]	// QImode move
000080A0 01 98              		R4=[BP+1]	// QImode move
000080A1 02 49              		CMP R4,R2	// HImode 1st compare
000080A2 07 9E              		JA  L24	// HImode LEU
000080A3 08 4E 01 EE        		NSJNZ L21
         00 EE      
000080A6 01 47              		CMP R3,R1
000080A7 04 8E 01 EE        		NSJNA  L21
         00 EE      
                            	L24:
000080AA 0F 9F D4 80        		PC=L19	// jump
                            	L21:
000007CC                    	.debug
000007CC 2E 00 73 00        		.dw '.stabn 0x44,0,54,',0,0
         74 00 61 00
         62 00 6E 00
         20 00 30 00
         78 00 34 00
         34 00 2C 00
         30 00 2C 00
         35 00 34 00
         2C 00 00 00
         00 00      
000007DF 1B 00 00 00        		.dd LM23-_delayTime
000007E1 0D 00 0A 00        		.dw 0x0d,0x0a
000080AC                    	.code
                            	LM23:
000080AC 41 92              		R1=1	// QImode move
000080AD 19 D3 12 70        		[28690]=R1	// QImode move
000007E3                    	.debug
000007E3 2E 00 73 00        		.dw '.stabn 0x44,0,55,',0,0
         74 00 61 00
         62 00 6E 00
         20 00 30 00
         78 00 34 00
         34 00 2C 00
         30 00 2C 00
         35 00 35 00
         2C 00 00 00
         00 00      
000007F6 1E 00 00 00        		.dd LM24-_delayTime
000007F8 0D 00 0A 00        		.dw 0x0d,0x0a
000080AF                    	.code
                            	LM24:
000080AF 09 93 42 00        		R1=66	// QImode move
000080B1 C8 D2              		[SP--]=R1	// QImode move
000080B2 40 F0 42 80        		CALL _scanKey	// call with return value
000080B4 41 00              		SP = SP + 1	//SP
000080B5 05 95              		R2=BP	// QImode move
000080B6 0D 07 02 00        		R3=BP+2
000080B8 03 99              		R4=R3	// QImode move
000080B9 C4 D2              		[R4]=R1	// QImode move
000007FA                    	.debug
000007FA 2E 00 73 00        		.dw '.stabn 0x44,0,56,',0,0
         74 00 61 00
         62 00 6E 00
         20 00 30 00
         78 00 34 00
         34 00 2C 00
         30 00 2C 00
         35 00 36 00
         2C 00 00 00
         00 00      
0000080D 29 00 00 00        		.dd LM25-_delayTime
0000080F 0D 00 0A 00        		.dw 0x0d,0x0a
000080BA                    	.code
                            	LM25:
000080BA 05 93              		R1=BP	// QImode move
000080BB 0D 05 02 00        		R2=BP+2
000080BD 02 97              		R3=R2	// QImode move
000080BE C3 96              		R3=[R3]
000080BF 0B B3 08 00        		R1=R3&8
000080C1 40 42              		CMP R1,0	// QImode test
000080C2 07 5E 01 EE        		NSJZ L20	//QImode EQ
         00 EE      
00000811                    	.debug
00000811 2E 00 73 00        		.dw '.stabn 0x44,0,58,',0,0
         74 00 61 00
         62 00 6E 00
         20 00 30 00
         78 00 34 00
         34 00 2C 00
         30 00 2C 00
         35 00 38 00
         2C 00 00 00
         00 00      
00000824 34 00 00 00        		.dd LM26-_delayTime
00000826 0D 00 0A 00        		.dw 0x0d,0x0a
000080C5                    	.code
                            	LM26:
000080C5 41 92              		R1=1	// QImode move
000080C6 19 D3 01 00        		[_stop]=R1	// QImode move
00000828                    	.debug
00000828 2E 00 73 00        		.dw '.stabn 0x44,0,59,',0,0
         74 00 61 00
         62 00 6E 00
         20 00 30 00
         78 00 34 00
         34 00 2C 00
         30 00 2C 00
         35 00 39 00
         2C 00 00 00
         00 00      
0000083B 37 00 00 00        		.dd LM27-_delayTime
0000083D 0D 00 0A 00        		.dw 0x0d,0x0a
000080C8                    	.code
                            	LM27:
000080C8 0F 9F D4 80        		PC=L17	// jump
                            	L22:
0000083F                    	.debug
0000083F 2E 00 73 00        		.dw '.stabn 0x44,0,52,',0,0
         74 00 61 00
         62 00 6E 00
         20 00 30 00
         78 00 34 00
         34 00 2C 00
         30 00 2C 00
         35 00 32 00
         2C 00 00 00
         00 00      
00000852 39 00 00 00        		.dd LM28-_delayTime
00000854 0D 00 0A 00        		.dw 0x0d,0x0a
000080CA                    	.code
                            	LM28:
                            	L20:
                            		//split R1=[BP]
000080CA C5 92              		R1=[BP]	// QImode move
000080CB 01 94              		R2=[BP+1]	// QImode move
000080CC 09 07 01 00        		R3=R1+1	// HImode RD=RS+#IMM16
000080CE 0A 19 00 00        		R4=R2+0, Carry
                            		//split [BP]=R3
000080D0 C5 D6              		[BP]=R3	// QImode move
000080D1 01 D8              		[BP+1]=R4	// QImode move
000080D2 0F 9F 9C 80        		PC=L18	// jump
                            	L19:
00000856                    	.debug
00000856 2E 00 73 00        		.dw '.stabn 0x44,0,62,',0,0
         74 00 61 00
         62 00 6E 00
         20 00 30 00
         78 00 34 00
         34 00 2C 00
         30 00 2C 00
         36 00 32 00
         2C 00 00 00
         00 00      
00000869 43 00 00 00        		.dd LM29-_delayTime
0000086B 0D 00 0A 00        		.dw 0x0d,0x0a
000080D4                    	.code
                            	LM29:
                            	LBE4:
0000086D                    	.debug
0000086D 2E 00 73 00        		.dw '.stabn 0x44,0,62,',0,0
         74 00 61 00
         62 00 6E 00
         20 00 30 00
         78 00 34 00
         34 00 2C 00
         30 00 2C 00
         36 00 32 00
         2C 00 00 00
         00 00      
00000880 43 00 00 00        		.dd LM30-_delayTime
00000882 0D 00 0A 00        		.dw 0x0d,0x0a
000080D4                    	.code
                            	LM30:
                            	L17:
                            	
000080D4 44 00              		SP+=4
000080D5 88 98              		POP BP from [SP]
000080D6 90 9A              		RETF
                            		.endp	// end of delayTime
                            	
00000884                    	.debug
00000884 2E 00 73 00        		.dw '.stabs "time:p4",160,0,0,7',0x0d,0x0a
         74 00 61 00
         62 00 73 00
         20 00 22 00
         74 00 69 00
         6D 00 65 00
         3A 00 70 00
         34 00 22 00
         2C 00 31 00
         36 00 30 00
         2C 00 30 00
         2C 00 30 00
         2C 00 37 00
         0D 00 0A 00
000080D7                    	.CODE
000008A0                    	.debug
000008A0 2E 00 73 00        		.dw '.stabn 0xc0,0,0,',0,0
         74 00 61 00
         62 00 6E 00
         20 00 30 00
         78 00 63 00
         30 00 2C 00
         30 00 2C 00
         30 00 2C 00
         00 00 00 00
000008B2 07 00 00 00        		.dd LBB4-_delayTime
000008B4 0D 00 0A 00        		.dw 0x0d,0x0a
000080D7                    	.code
000008B6                    	.debug
000008B6 2E 00 73 00        		.dw '.stabs "i:5",128,0,0,0',0x0d,0x0a
         74 00 61 00
         62 00 73 00
         20 00 22 00
         69 00 3A 00
         35 00 22 00
         2C 00 31 00
         32 00 38 00
         2C 00 30 00
         2C 00 30 00
         2C 00 30 00
         0D 00 0A 00
000080D7                    	.CODE
000008CE                    	.debug
000008CE 2E 00 73 00        		.dw '.stabs "key:4",128,0,0,2',0x0d,0x0a
         74 00 61 00
         62 00 73 00
         20 00 22 00
         6B 00 65 00
         79 00 3A 00
         34 00 22 00
         2C 00 31 00
         32 00 38 00
         2C 00 30 00
         2C 00 30 00
         2C 00 32 00
         0D 00 0A 00
000080D7                    	.CODE
000008E8                    	.debug
000008E8 2E 00 73 00        		.dw '.stabn 0xe0,0,0,',0,0
         74 00 61 00
         62 00 6E 00
         20 00 30 00
         78 00 65 00
         30 00 2C 00
         30 00 2C 00
         30 00 2C 00
         00 00 00 00
000008FA 43 00 00 00        		.dd LBE4-_delayTime
000008FC 0D 00 0A 00        		.dw 0x0d,0x0a
000080D7                    	.code
000008FE                    	.debug
000008FE 2E 00 73 00        		.dw '.stabf ',0,0
         74 00 61 00
         62 00 66 00
         20 00 00 00
         00 00      
00000907 46 00 00 00        		.dd LME3-_delayTime
00000909 0D 00 0A 00        		.dw 0x0d,0x0a
000080D7                    	.code
                            	LME3:
000080D7                    	.code
0000090B                    	.debug
0000090B 2E 00 73 00        		.dw '.stabs "main:F1",36,0,0,',0,0,offset _main,seg _main,0x0d,0x0a
         74 00 61 00
         62 00 73 00
         20 00 22 00
         6D 00 61 00
         69 00 6E 00
         3A 00 46 00
         31 00 22 00
         2C 00 33 00
         36 00 2C 00
         30 00 2C 00
         30 00 2C 00
         00 00 00 00
         B1 00 00 00
         0D 00 0A 00
000080D7                    	.CODE
                            	.public _main
                            	_main:	.proc
00000929                    	.debug
00000929 2E 00 73 00        		.dw '.stabn 0x44,0,65,',0,0
         74 00 61 00
         62 00 6E 00
         20 00 30 00
         78 00 34 00
         34 00 2C 00
         30 00 2C 00
         36 00 35 00
         2C 00 00 00
         00 00      
0000093C 00 00 00 00        		.dd LM31-_main
0000093E 0D 00 0A 00        		.dw 0x0d,0x0a
000080D7                    	.code
                            	LM31:
                            		// total=3, vars=3
                            		// frame_pointer_needed: 1
00000940                    	.debug
00000940 2E 00 73 00        		.dw '.stabn 0xa6,0,0,3',0x0d, 0x0a
         74 00 61 00
         62 00 6E 00
         20 00 30 00
         78 00 61 00
         36 00 2C 00
         30 00 2C 00
         30 00 2C 00
         33 00 0D 00
         0A 00      
000080D7                    	.code
000080D7 88 DA              		PUSH BP to [SP]
000080D8 43 20              		SP-=3
000080D9 08 0B 01 00        		BP=SP+1
                            	
000080DB 0D 03 06 00        		R1=BP+6
000080DD 02 D2              		[BP+2]=R1	// QImode move
                            	LBB5:
                            	L27:
00000953                    	.debug
00000953 2E 00 73 00        		.dw '.stabn 0x44,0,68,',0,0
         74 00 61 00
         62 00 6E 00
         20 00 30 00
         78 00 34 00
         34 00 2C 00
         30 00 2C 00
         36 00 38 00
         2C 00 00 00
         00 00      
00000966 07 00 00 00        		.dd LM32-_main
00000968 0D 00 0A 00        		.dw 0x0d,0x0a
000080DE                    	.code
                            	LM32:
000080DE 40 92              		R1=0	// QImode move
000080DF C5 D2              		[BP]=R1	// QImode move
0000096A                    	.debug
0000096A 2E 00 73 00        		.dw '.stabn 0x44,0,69,',0,0
         74 00 61 00
         62 00 6E 00
         20 00 30 00
         78 00 34 00
         34 00 2C 00
         30 00 2C 00
         36 00 39 00
         2C 00 00 00
         00 00      
0000097D 09 00 00 00        		.dd LM33-_main
0000097F 0D 00 0A 00        		.dw 0x0d,0x0a
000080E0                    	.code
                            	LM33:
000080E0 40 92              		R1=0	// QImode move
000080E1 19 D3 01 00        		[_stop]=R1	// QImode move
00000981                    	.debug
00000981 2E 00 73 00        		.dw '.stabn 0x44,0,71,',0,0
         74 00 61 00
         62 00 6E 00
         20 00 30 00
         78 00 34 00
         34 00 2C 00
         30 00 2C 00
         37 00 31 00
         2C 00 00 00
         00 00      
00000994 0C 00 00 00        		.dd LM34-_main
00000996 0D 00 0A 00        		.dw 0x0d,0x0a
000080E3                    	.code
                            	LM34:
000080E3 09 93 FF 7F        		R1=32767	// QImode move
000080E5 19 D3 02 70        		[28674]=R1	// QImode move
00000998                    	.debug
00000998 2E 00 73 00        		.dw '.stabn 0x44,0,72,',0,0
         74 00 61 00
         62 00 6E 00
         20 00 30 00
         78 00 34 00
         34 00 2C 00
         30 00 2C 00
         37 00 32 00
         2C 00 00 00
         00 00      
000009AB 10 00 00 00        		.dd LM35-_main
000009AD 0D 00 0A 00        		.dw 0x0d,0x0a
000080E7                    	.code
                            	LM35:
000080E7 09 93 FF 7F        		R1=32767	// QImode move
000080E9 19 D3 03 70        		[28675]=R1	// QImode move
000009AF                    	.debug
000009AF 2E 00 73 00        		.dw '.stabn 0x44,0,73,',0,0
         74 00 61 00
         62 00 6E 00
         20 00 30 00
         78 00 34 00
         34 00 2C 00
         30 00 2C 00
         37 00 33 00
         2C 00 00 00
         00 00      
000009C2 14 00 00 00        		.dd LM36-_main
000009C4 0D 00 0A 00        		.dw 0x0d,0x0a
000080EB                    	.code
                            	LM36:
000080EB 40 92              		R1=0	// QImode move
000080EC 19 D3 00 70        		[28672]=R1	// QImode move
000009C6                    	.debug
000009C6 2E 00 73 00        		.dw '.stabn 0x44,0,75,',0,0
         74 00 61 00
         62 00 6E 00
         20 00 30 00
         78 00 34 00
         34 00 2C 00
         30 00 2C 00
         37 00 35 00
         2C 00 00 00
         00 00      
000009D9 17 00 00 00        		.dd LM37-_main
000009DB 0D 00 0A 00        		.dw 0x0d,0x0a
000080EE                    	.code
                            	LM37:
000080EE 49 62              		R1=(-9)	// QImode move
000080EF 19 D3 07 70        		[28679]=R1	// QImode move
000009DD                    	.debug
000009DD 2E 00 73 00        		.dw '.stabn 0x44,0,76,',0,0
         74 00 61 00
         62 00 6E 00
         20 00 30 00
         78 00 34 00
         34 00 2C 00
         30 00 2C 00
         37 00 36 00
         2C 00 00 00
         00 00      
000009F0 1A 00 00 00        		.dd LM38-_main
000009F2 0D 00 0A 00        		.dw 0x0d,0x0a
000080F1                    	.code
                            	LM38:
000080F1 49 62              		R1=(-9)	// QImode move
000080F2 19 D3 08 70        		[28680]=R1	// QImode move
000009F4                    	.debug
000009F4 2E 00 73 00        		.dw '.stabn 0x44,0,77,',0,0
         74 00 61 00
         62 00 6E 00
         20 00 30 00
         78 00 34 00
         34 00 2C 00
         30 00 2C 00
         37 00 37 00
         2C 00 00 00
         00 00      
00000A07 1D 00 00 00        		.dd LM39-_main
00000A09 0D 00 0A 00        		.dw 0x0d,0x0a
000080F4                    	.code
                            	LM39:
000080F4 40 92              		R1=0	// QImode move
000080F5 19 D3 05 70        		[28677]=R1	// QImode move
00000A0B                    	.debug
00000A0B 2E 00 73 00        		.dw '.stabn 0x44,0,79,',0,0
         74 00 61 00
         62 00 6E 00
         20 00 30 00
         78 00 34 00
         34 00 2C 00
         30 00 2C 00
         37 00 39 00
         2C 00 00 00
         00 00      
00000A1E 20 00 00 00        		.dd LM40-_main
00000A20 0D 00 0A 00        		.dw 0x0d,0x0a
000080F7                    	.code
                            	LM40:
                            	L28:
000080F7 0F 9F FB 80        		PC=L30	// jump
000080F9 0F 9F 13 81        		PC=L29	// jump
                            	L30:
00000A22                    	.debug
00000A22 2E 00 73 00        		.dw '.stabn 0x44,0,81,',0,0
         74 00 61 00
         62 00 6E 00
         20 00 30 00
         78 00 34 00
         34 00 2C 00
         30 00 2C 00
         38 00 31 00
         2C 00 00 00
         00 00      
00000A35 24 00 00 00        		.dd LM41-_main
00000A37 0D 00 0A 00        		.dw 0x0d,0x0a
000080FB                    	.code
                            	LM41:
000080FB 09 93 41 00        		R1=65	// QImode move
000080FD C8 D2              		[SP--]=R1	// QImode move
000080FE 40 F0 42 80        		CALL _scanKey	// call with return value
00008100 41 00              		SP = SP + 1	//SP
00008101 C5 D2              		[BP]=R1	// QImode move
00000A39                    	.debug
00000A39 2E 00 73 00        		.dw '.stabn 0x44,0,82,',0,0
         74 00 61 00
         62 00 6E 00
         20 00 30 00
         78 00 34 00
         34 00 2C 00
         30 00 2C 00
         38 00 32 00
         2C 00 00 00
         00 00      
00000A4C 2B 00 00 00        		.dd LM42-_main
00000A4E 0D 00 0A 00        		.dw 0x0d,0x0a
00008102                    	.code
                            	LM42:
00008102 C5 94              		R2=[BP]	// QImode move
00008103 0A B3 00 80        		R1=R2&(-32768)
00008105 40 42              		CMP R1,0	// QImode test
00008106 07 5E 01 EE        		NSJZ L31	//QImode EQ
         00 EE      
00000A50                    	.debug
00000A50 2E 00 73 00        		.dw '.stabn 0x44,0,84,',0,0
         74 00 61 00
         62 00 6E 00
         20 00 30 00
         78 00 34 00
         34 00 2C 00
         30 00 2C 00
         38 00 34 00
         2C 00 00 00
         00 00      
00000A63 32 00 00 00        		.dd LM43-_main
00000A65 0D 00 0A 00        		.dw 0x0d,0x0a
00008109                    	.code
                            	LM43:
00008109 41 92              		R1=1	// QImode move
0000810A 19 D3 12 70        		[28690]=R1	// QImode move
00000A67                    	.debug
00000A67 2E 00 73 00        		.dw '.stabn 0x44,0,85,',0,0
         74 00 61 00
         62 00 6E 00
         20 00 30 00
         78 00 34 00
         34 00 2C 00
         30 00 2C 00
         38 00 35 00
         2C 00 00 00
         00 00      
00000A7A 35 00 00 00        		.dd LM44-_main
00000A7C 0D 00 0A 00        		.dw 0x0d,0x0a
0000810C                    	.code
                            	LM44:
0000810C 0F 9F 13 81        		PC=L29	// jump
                            	L31:
00000A7E                    	.debug
00000A7E 2E 00 73 00        		.dw '.stabn 0x44,0,87,',0,0
         74 00 61 00
         62 00 6E 00
         20 00 30 00
         78 00 34 00
         34 00 2C 00
         30 00 2C 00
         38 00 37 00
         2C 00 00 00
         00 00      
00000A91 37 00 00 00        		.dd LM45-_main
00000A93 0D 00 0A 00        		.dw 0x0d,0x0a
0000810E                    	.code
                            	LM45:
0000810E 41 92              		R1=1	// QImode move
0000810F 19 D3 12 70        		[28690]=R1	// QImode move
00000A95                    	.debug
00000A95 2E 00 73 00        		.dw '.stabn 0x44,0,88,',0,0
         74 00 61 00
         62 00 6E 00
         20 00 30 00
         78 00 34 00
         34 00 2C 00
         30 00 2C 00
         38 00 38 00
         2C 00 00 00
         00 00      
00000AA8 3A 00 00 00        		.dd LM46-_main
00000AAA 0D 00 0A 00        		.dw 0x0d,0x0a
00008111                    	.code
                            	LM46:
00008111 0F 9F F7 80        		PC=L28	// jump
                            	L29:
00000AAC                    	.debug
00000AAC 2E 00 73 00        		.dw '.stabn 0x44,0,89,',0,0
         74 00 61 00
         62 00 6E 00
         20 00 30 00
         78 00 34 00
         34 00 2C 00
         30 00 2C 00
         38 00 39 00
         2C 00 00 00
         00 00      
00000ABF 3C 00 00 00        		.dd LM47-_main
00000AC1 0D 00 0A 00        		.dw 0x0d,0x0a
00008113                    	.code
                            	LM47:
                            	L32:
00008113 0F 9F 17 81        		PC=L34	// jump
00008115 0F 9F 24 82        		PC=L33	// jump
                            	L34:
                            	LBB6:
00000AC3                    	.debug
00000AC3 2E 00 73 00        		.dw '.stabn 0x44,0,93,',0,0
         74 00 61 00
         62 00 6E 00
         20 00 30 00
         78 00 34 00
         34 00 2C 00
         30 00 2C 00
         39 00 33 00
         2C 00 00 00
         00 00      
00000AD6 40 00 00 00        		.dd LM48-_main
00000AD8 0D 00 0A 00        		.dw 0x0d,0x0a
00008117                    	.code
                            	LM48:
00008117 05 93              		R1=BP	// QImode move
00008118 0D 05 01 00        		R2=BP+1
0000811A 40 92              		R1=0	// QImode move
0000811B 02 97              		R3=R2	// QImode move
0000811C C3 D2              		[R3]=R1	// QImode move
                            	L35:
0000811D 05 93              		R1=BP	// QImode move
0000811E 0D 05 01 00        		R2=BP+1
00008120 02 99              		R4=R2	// QImode move
00008121 C4 92              		R1=[R4]	// QImode move
00008122 42 42              		CMP R1,2	// QImode compare
00008123 04 AE 01 EE        		NSJNG L38	//QImode LE
         00 EE      
00008126 0F 9F 64 81        		PC=L36	// jump
                            	L38:
00000ADA                    	.debug
00000ADA 2E 00 73 00        		.dw '.stabn 0x44,0,95,',0,0
         74 00 61 00
         62 00 6E 00
         20 00 30 00
         78 00 34 00
         34 00 2C 00
         30 00 2C 00
         39 00 35 00
         2C 00 00 00
         00 00      
00000AED 51 00 00 00        		.dd LM49-_main
00000AEF 0D 00 0A 00        		.dw 0x0d,0x0a
00008128                    	.code
                            	LM49:
00008128 41 92              		R1=1	// QImode move
00008129 19 D3 12 70        		[28690]=R1	// QImode move
00000AF1                    	.debug
00000AF1 2E 00 73 00        		.dw '.stabn 0x44,0,96,',0,0
         74 00 61 00
         62 00 6E 00
         20 00 30 00
         78 00 34 00
         34 00 2C 00
         30 00 2C 00
         39 00 36 00
         2C 00 00 00
         00 00      
00000B04 54 00 00 00        		.dd LM50-_main
00000B06 0D 00 0A 00        		.dw 0x0d,0x0a
0000812B                    	.code
                            	LM50:
0000812B 09 93 00 60        		R1=24576	// QImode move
0000812D 19 D3 00 70        		[28672]=R1	// QImode move
00000B08                    	.debug
00000B08 2E 00 73 00        		.dw '.stabn 0x44,0,97,',0,0
         74 00 61 00
         62 00 6E 00
         20 00 30 00
         78 00 34 00
         34 00 2C 00
         30 00 2C 00
         39 00 37 00
         2C 00 00 00
         00 00      
00000B1B 58 00 00 00        		.dd LM51-_main
00000B1D 0D 00 0A 00        		.dw 0x0d,0x0a
0000812F                    	.code
                            	LM51:
0000812F 44 92              		R1=4	// QImode move
00008130 19 D3 05 70        		[28677]=R1	// QImode move
00000B1F                    	.debug
00000B1F 2E 00 73 00        		.dw '.stabn 0x44,0,98,',0,0
         74 00 61 00
         62 00 6E 00
         20 00 30 00
         78 00 34 00
         34 00 2C 00
         30 00 2C 00
         39 00 38 00
         2C 00 00 00
         00 00      
00000B32 5B 00 00 00        		.dd LM52-_main
00000B34 0D 00 0A 00        		.dw 0x0d,0x0a
00008132                    	.code
                            	LM52:
00008132 45 92              		R1=5	// QImode move
00008133 C8 D2              		[SP--]=R1	// QImode move
00008134 40 F0 91 80        		CALL _delayTime	// call without return value
00008136 41 00              		SP = SP + 1	//SP
00000B36                    	.debug
00000B36 2E 00 73 00        		.dw '.stabn 0x44,0,99,',0,0
         74 00 61 00
         62 00 6E 00
         20 00 30 00
         78 00 34 00
         34 00 2C 00
         30 00 2C 00
         39 00 39 00
         2C 00 00 00
         00 00      
00000B49 60 00 00 00        		.dd LM53-_main
00000B4B 0D 00 0A 00        		.dw 0x0d,0x0a
00008137                    	.code
                            	LM53:
00008137 11 93 01 00        		R1=[_stop]	// QImode move
00008139 41 42              		CMP R1,1	// QImode compare
0000813A 04 4E 01 EE        		NSJNZ L39	//QImode NE
         00 EE      
00000B4D                    	.debug
00000B4D 2E 00 73 00        		.dw '.stabn 0x44,0,100,',0,0
         74 00 61 00
         62 00 6E 00
         20 00 30 00
         78 00 34 00
         34 00 2C 00
         30 00 2C 00
         31 00 30 00
         30 00 2C 00
         00 00 00 00
00000B61 66 00 00 00        		.dd LM54-_main
00000B63 0D 00 0A 00        		.dw 0x0d,0x0a
0000813D                    	.code
                            	LM54:
0000813D 0F 9F DE 80        		PC=L27	// jump
                            	L39:
00000B65                    	.debug
00000B65 2E 00 73 00        		.dw '.stabn 0x44,0,101,',0,0
         74 00 61 00
         62 00 6E 00
         20 00 30 00
         78 00 34 00
         34 00 2C 00
         30 00 2C 00
         31 00 30 00
         31 00 2C 00
         00 00 00 00
00000B79 68 00 00 00        		.dd LM55-_main
00000B7B 0D 00 0A 00        		.dw 0x0d,0x0a
0000813F                    	.code
                            	LM55:
0000813F 09 93 00 20        		R1=8192	// QImode move
00008141 19 D3 00 70        		[28672]=R1	// QImode move
00000B7D                    	.debug
00000B7D 2E 00 73 00        		.dw '.stabn 0x44,0,102,',0,0
         74 00 61 00
         62 00 6E 00
         20 00 30 00
         78 00 34 00
         34 00 2C 00
         30 00 2C 00
         31 00 30 00
         32 00 2C 00
         00 00 00 00
00000B91 6C 00 00 00        		.dd LM56-_main
00000B93 0D 00 0A 00        		.dw 0x0d,0x0a
00008143                    	.code
                            	LM56:
00008143 40 92              		R1=0	// QImode move
00008144 19 D3 05 70        		[28677]=R1	// QImode move
00000B95                    	.debug
00000B95 2E 00 73 00        		.dw '.stabn 0x44,0,103,',0,0
         74 00 61 00
         62 00 6E 00
         20 00 30 00
         78 00 34 00
         34 00 2C 00
         30 00 2C 00
         31 00 30 00
         33 00 2C 00
         00 00 00 00
00000BA9 6F 00 00 00        		.dd LM57-_main
00000BAB 0D 00 0A 00        		.dw 0x0d,0x0a
00008146                    	.code
                            	LM57:
00008146 45 92              		R1=5	// QImode move
00008147 C8 D2              		[SP--]=R1	// QImode move
00008148 40 F0 91 80        		CALL _delayTime	// call without return value
0000814A 41 00              		SP = SP + 1	//SP
00000BAD                    	.debug
00000BAD 2E 00 73 00        		.dw '.stabn 0x44,0,104,',0,0
         74 00 61 00
         62 00 6E 00
         20 00 30 00
         78 00 34 00
         34 00 2C 00
         30 00 2C 00
         31 00 30 00
         34 00 2C 00
         00 00 00 00
00000BC1 74 00 00 00        		.dd LM58-_main
00000BC3 0D 00 0A 00        		.dw 0x0d,0x0a
0000814B                    	.code
                            	LM58:
0000814B 11 93 01 00        		R1=[_stop]	// QImode move
0000814D 41 42              		CMP R1,1	// QImode compare
0000814E 04 4E 01 EE        		NSJNZ L37	//QImode NE
         00 EE      
00000BC5                    	.debug
00000BC5 2E 00 73 00        		.dw '.stabn 0x44,0,105,',0,0
         74 00 61 00
         62 00 6E 00
         20 00 30 00
         78 00 34 00
         34 00 2C 00
         30 00 2C 00
         31 00 30 00
         35 00 2C 00
         00 00 00 00
00000BD9 7A 00 00 00        		.dd LM59-_main
00000BDB 0D 00 0A 00        		.dw 0x0d,0x0a
00008151                    	.code
                            	LM59:
00008151 0F 9F DE 80        		PC=L27	// jump
                            	L40:
00000BDD                    	.debug
00000BDD 2E 00 73 00        		.dw '.stabn 0x44,0,93,',0,0
         74 00 61 00
         62 00 6E 00
         20 00 30 00
         78 00 34 00
         34 00 2C 00
         30 00 2C 00
         39 00 33 00
         2C 00 00 00
         00 00      
00000BF0 7C 00 00 00        		.dd LM60-_main
00000BF2 0D 00 0A 00        		.dw 0x0d,0x0a
00008153                    	.code
                            	LM60:
                            	L37:
00008153 05 93              		R1=BP	// QImode move
00008154 0D 05 01 00        		R2=BP+1
00008156 05 97              		R3=BP	// QImode move
00008157 0D 03 01 00        		R1=BP+1
00008159 05 95              		R2=BP	// QImode move
0000815A 0D 07 01 00        		R3=BP+1
0000815C 03 99              		R4=R3	// QImode move
0000815D C4 94              		R2=[R4]	// QImode move
0000815E 0A 07 01 00        		R3=R2+1
00008160 01 95              		R2=R1	// QImode move
00008161 C2 D6              		[R2]=R3	// QImode move
00008162 0F 9F 1D 81        		PC=L35	// jump
                            	L36:
00000BF4                    	.debug
00000BF4 2E 00 73 00        		.dw '.stabn 0x44,0,107,',0,0
         74 00 61 00
         62 00 6E 00
         20 00 30 00
         78 00 34 00
         34 00 2C 00
         30 00 2C 00
         31 00 30 00
         37 00 2C 00
         00 00 00 00
00000C08 8D 00 00 00        		.dd LM61-_main
00000C0A 0D 00 0A 00        		.dw 0x0d,0x0a
00008164                    	.code
                            	LM61:
00008164 05 93              		R1=BP	// QImode move
00008165 0D 05 01 00        		R2=BP+1
00008167 40 92              		R1=0	// QImode move
00008168 02 97              		R3=R2	// QImode move
00008169 C3 D2              		[R3]=R1	// QImode move
                            	L41:
0000816A 05 93              		R1=BP	// QImode move
0000816B 0D 05 01 00        		R2=BP+1
0000816D 02 99              		R4=R2	// QImode move
0000816E C4 92              		R1=[R4]	// QImode move
0000816F 53 42              		CMP R1,19	// QImode compare
00008170 04 AE 01 EE        		NSJNG L44	//QImode LE
         00 EE      
00008173 0F 9F 9D 81        		PC=L42	// jump
                            	L44:
00000C0C                    	.debug
00000C0C 2E 00 73 00        		.dw '.stabn 0x44,0,109,',0,0
         74 00 61 00
         62 00 6E 00
         20 00 30 00
         78 00 34 00
         34 00 2C 00
         30 00 2C 00
         31 00 30 00
         39 00 2C 00
         00 00 00 00
00000C20 9E 00 00 00        		.dd LM62-_main
00000C22 0D 00 0A 00        		.dw 0x0d,0x0a
00008175                    	.code
                            	LM62:
00008175 41 92              		R1=1	// QImode move
00008176 19 D3 12 70        		[28690]=R1	// QImode move
00000C24                    	.debug
00000C24 2E 00 73 00        		.dw '.stabn 0x44,0,110,',0,0
         74 00 61 00
         62 00 6E 00
         20 00 30 00
         78 00 34 00
         34 00 2C 00
         30 00 2C 00
         31 00 31 00
         30 00 2C 00
         00 00 00 00
00000C38 A1 00 00 00        		.dd LM63-_main
00000C3A 0D 00 0A 00        		.dw 0x0d,0x0a
00008178                    	.code
                            	LM63:
00008178 09 93 00 50        		R1=20480	// QImode move
0000817A 19 D3 00 70        		[28672]=R1	// QImode move
00000C3C                    	.debug
00000C3C 2E 00 73 00        		.dw '.stabn 0x44,0,111,',0,0
         74 00 61 00
         62 00 6E 00
         20 00 30 00
         78 00 34 00
         34 00 2C 00
         30 00 2C 00
         31 00 31 00
         31 00 2C 00
         00 00 00 00
00000C50 A5 00 00 00        		.dd LM64-_main
00000C52 0D 00 0A 00        		.dw 0x0d,0x0a
0000817C                    	.code
                            	LM64:
0000817C 40 92              		R1=0	// QImode move
0000817D 19 D3 05 70        		[28677]=R1	// QImode move
00000C54                    	.debug
00000C54 2E 00 73 00        		.dw '.stabn 0x44,0,112,',0,0
         74 00 61 00
         62 00 6E 00
         20 00 30 00
         78 00 34 00
         34 00 2C 00
         30 00 2C 00
         31 00 31 00
         32 00 2C 00
         00 00 00 00
00000C68 A8 00 00 00        		.dd LM65-_main
00000C6A 0D 00 0A 00        		.dw 0x0d,0x0a
0000817F                    	.code
                            	LM65:
0000817F 45 92              		R1=5	// QImode move
00008180 C8 D2              		[SP--]=R1	// QImode move
00008181 40 F0 91 80        		CALL _delayTime	// call without return value
00008183 41 00              		SP = SP + 1	//SP
00000C6C                    	.debug
00000C6C 2E 00 73 00        		.dw '.stabn 0x44,0,113,',0,0
         74 00 61 00
         62 00 6E 00
         20 00 30 00
         78 00 34 00
         34 00 2C 00
         30 00 2C 00
         31 00 31 00
         33 00 2C 00
         00 00 00 00
00000C80 AD 00 00 00        		.dd LM66-_main
00000C82 0D 00 0A 00        		.dw 0x0d,0x0a
00008184                    	.code
                            	LM66:
00008184 11 93 01 00        		R1=[_stop]	// QImode move
00008186 41 42              		CMP R1,1	// QImode compare
00008187 04 4E 01 EE        		NSJNZ L43	//QImode NE
         00 EE      
00000C84                    	.debug
00000C84 2E 00 73 00        		.dw '.stabn 0x44,0,114,',0,0
         74 00 61 00
         62 00 6E 00
         20 00 30 00
         78 00 34 00
         34 00 2C 00
         30 00 2C 00
         31 00 31 00
         34 00 2C 00
         00 00 00 00
00000C98 B3 00 00 00        		.dd LM67-_main
00000C9A 0D 00 0A 00        		.dw 0x0d,0x0a
0000818A                    	.code
                            	LM67:
0000818A 0F 9F DE 80        		PC=L27	// jump
                            	L45:
00000C9C                    	.debug
00000C9C 2E 00 73 00        		.dw '.stabn 0x44,0,107,',0,0
         74 00 61 00
         62 00 6E 00
         20 00 30 00
         78 00 34 00
         34 00 2C 00
         30 00 2C 00
         31 00 30 00
         37 00 2C 00
         00 00 00 00
00000CB0 B5 00 00 00        		.dd LM68-_main
00000CB2 0D 00 0A 00        		.dw 0x0d,0x0a
0000818C                    	.code
                            	LM68:
                            	L43:
0000818C 05 93              		R1=BP	// QImode move
0000818D 0D 05 01 00        		R2=BP+1
0000818F 05 97              		R3=BP	// QImode move
00008190 0D 03 01 00        		R1=BP+1
00008192 05 95              		R2=BP	// QImode move
00008193 0D 07 01 00        		R3=BP+1
00008195 03 99              		R4=R3	// QImode move
00008196 C4 94              		R2=[R4]	// QImode move
00008197 0A 07 01 00        		R3=R2+1
00008199 01 95              		R2=R1	// QImode move
0000819A C2 D6              		[R2]=R3	// QImode move
0000819B 0F 9F 6A 81        		PC=L41	// jump
                            	L42:
00000CB4                    	.debug
00000CB4 2E 00 73 00        		.dw '.stabn 0x44,0,117,',0,0
         74 00 61 00
         62 00 6E 00
         20 00 30 00
         78 00 34 00
         34 00 2C 00
         30 00 2C 00
         31 00 31 00
         37 00 2C 00
         00 00 00 00
00000CC8 C6 00 00 00        		.dd LM69-_main
00000CCA 0D 00 0A 00        		.dw 0x0d,0x0a
0000819D                    	.code
                            	LM69:
0000819D 05 93              		R1=BP	// QImode move
0000819E 0D 05 01 00        		R2=BP+1
000081A0 40 92              		R1=0	// QImode move
000081A1 02 97              		R3=R2	// QImode move
000081A2 C3 D2              		[R3]=R1	// QImode move
                            	L46:
000081A3 05 93              		R1=BP	// QImode move
000081A4 0D 05 01 00        		R2=BP+1
000081A6 02 99              		R4=R2	// QImode move
000081A7 C4 92              		R1=[R4]	// QImode move
000081A8 53 42              		CMP R1,19	// QImode compare
000081A9 04 AE 01 EE        		NSJNG L49	//QImode LE
         00 EE      
000081AC 0F 9F D6 81        		PC=L47	// jump
                            	L49:
00000CCC                    	.debug
00000CCC 2E 00 73 00        		.dw '.stabn 0x44,0,119,',0,0
         74 00 61 00
         62 00 6E 00
         20 00 30 00
         78 00 34 00
         34 00 2C 00
         30 00 2C 00
         31 00 31 00
         39 00 2C 00
         00 00 00 00
00000CE0 D7 00 00 00        		.dd LM70-_main
00000CE2 0D 00 0A 00        		.dw 0x0d,0x0a
000081AE                    	.code
                            	LM70:
000081AE 41 92              		R1=1	// QImode move
000081AF 19 D3 12 70        		[28690]=R1	// QImode move
00000CE4                    	.debug
00000CE4 2E 00 73 00        		.dw '.stabn 0x44,0,120,',0,0
         74 00 61 00
         62 00 6E 00
         20 00 30 00
         78 00 34 00
         34 00 2C 00
         30 00 2C 00
         31 00 32 00
         30 00 2C 00
         00 00 00 00
00000CF8 DA 00 00 00        		.dd LM71-_main
00000CFA 0D 00 0A 00        		.dw 0x0d,0x0a
000081B1                    	.code
                            	LM71:
000081B1 09 93 00 10        		R1=4096	// QImode move
000081B3 19 D3 00 70        		[28672]=R1	// QImode move
00000CFC                    	.debug
00000CFC 2E 00 73 00        		.dw '.stabn 0x44,0,121,',0,0
         74 00 61 00
         62 00 6E 00
         20 00 30 00
         78 00 34 00
         34 00 2C 00
         30 00 2C 00
         31 00 32 00
         31 00 2C 00
         00 00 00 00
00000D10 DE 00 00 00        		.dd LM72-_main
00000D12 0D 00 0A 00        		.dw 0x0d,0x0a
000081B5                    	.code
                            	LM72:
000081B5 41 92              		R1=1	// QImode move
000081B6 19 D3 05 70        		[28677]=R1	// QImode move
00000D14                    	.debug
00000D14 2E 00 73 00        		.dw '.stabn 0x44,0,122,',0,0
         74 00 61 00
         62 00 6E 00
         20 00 30 00
         78 00 34 00
         34 00 2C 00
         30 00 2C 00
         31 00 32 00
         32 00 2C 00
         00 00 00 00
00000D28 E1 00 00 00        		.dd LM73-_main
00000D2A 0D 00 0A 00        		.dw 0x0d,0x0a
000081B8                    	.code
                            	LM73:
000081B8 45 92              		R1=5	// QImode move
000081B9 C8 D2              		[SP--]=R1	// QImode move
000081BA 40 F0 91 80        		CALL _delayTime	// call without return value
000081BC 41 00              		SP = SP + 1	//SP
00000D2C                    	.debug
00000D2C 2E 00 73 00        		.dw '.stabn 0x44,0,123,',0,0
         74 00 61 00
         62 00 6E 00
         20 00 30 00
         78 00 34 00
         34 00 2C 00
         30 00 2C 00
         31 00 32 00
         33 00 2C 00
         00 00 00 00
00000D40 E6 00 00 00        		.dd LM74-_main
00000D42 0D 00 0A 00        		.dw 0x0d,0x0a
000081BD                    	.code
                            	LM74:
000081BD 11 93 01 00        		R1=[_stop]	// QImode move
000081BF 41 42              		CMP R1,1	// QImode compare
000081C0 04 4E 01 EE        		NSJNZ L48	//QImode NE
         00 EE      
00000D44                    	.debug
00000D44 2E 00 73 00        		.dw '.stabn 0x44,0,124,',0,0
         74 00 61 00
         62 00 6E 00
         20 00 30 00
         78 00 34 00
         34 00 2C 00
         30 00 2C 00
         31 00 32 00
         34 00 2C 00
         00 00 00 00
00000D58 EC 00 00 00        		.dd LM75-_main
00000D5A 0D 00 0A 00        		.dw 0x0d,0x0a
000081C3                    	.code
                            	LM75:
000081C3 0F 9F DE 80        		PC=L27	// jump
                            	L50:
00000D5C                    	.debug
00000D5C 2E 00 73 00        		.dw '.stabn 0x44,0,117,',0,0
         74 00 61 00
         62 00 6E 00
         20 00 30 00
         78 00 34 00
         34 00 2C 00
         30 00 2C 00
         31 00 31 00
         37 00 2C 00
         00 00 00 00
00000D70 EE 00 00 00        		.dd LM76-_main
00000D72 0D 00 0A 00        		.dw 0x0d,0x0a
000081C5                    	.code
                            	LM76:
                            	L48:
000081C5 05 93              		R1=BP	// QImode move
000081C6 0D 05 01 00        		R2=BP+1
000081C8 05 97              		R3=BP	// QImode move
000081C9 0D 03 01 00        		R1=BP+1
000081CB 05 95              		R2=BP	// QImode move
000081CC 0D 07 01 00        		R3=BP+1
000081CE 03 99              		R4=R3	// QImode move
000081CF C4 94              		R2=[R4]	// QImode move
000081D0 0A 07 01 00        		R3=R2+1
000081D2 01 95              		R2=R1	// QImode move
000081D3 C2 D6              		[R2]=R3	// QImode move
000081D4 0F 9F A3 81        		PC=L46	// jump
                            	L47:
00000D74                    	.debug
00000D74 2E 00 73 00        		.dw '.stabn 0x44,0,127,',0,0
         74 00 61 00
         62 00 6E 00
         20 00 30 00
         78 00 34 00
         34 00 2C 00
         30 00 2C 00
         31 00 32 00
         37 00 2C 00
         00 00 00 00
00000D88 FF 00 00 00        		.dd LM77-_main
00000D8A 0D 00 0A 00        		.dw 0x0d,0x0a
000081D6                    	.code
                            	LM77:
000081D6 05 93              		R1=BP	// QImode move
000081D7 0D 05 01 00        		R2=BP+1
000081D9 40 92              		R1=0	// QImode move
000081DA 02 97              		R3=R2	// QImode move
000081DB C3 D2              		[R3]=R1	// QImode move
                            	L51:
000081DC 05 93              		R1=BP	// QImode move
000081DD 0D 05 01 00        		R2=BP+1
000081DF 02 99              		R4=R2	// QImode move
000081E0 C4 92              		R1=[R4]	// QImode move
000081E1 42 42              		CMP R1,2	// QImode compare
000081E2 04 AE 01 EE        		NSJNG L54	//QImode LE
         00 EE      
000081E5 0F 9F 22 82        		PC=L52	// jump
                            	L54:
00000D8C                    	.debug
00000D8C 2E 00 73 00        		.dw '.stabn 0x44,0,129,',0,0
         74 00 61 00
         62 00 6E 00
         20 00 30 00
         78 00 34 00
         34 00 2C 00
         30 00 2C 00
         31 00 32 00
         39 00 2C 00
         00 00 00 00
00000DA0 10 01 00 00        		.dd LM78-_main
00000DA2 0D 00 0A 00        		.dw 0x0d,0x0a
000081E7                    	.code
                            	LM78:
000081E7 41 92              		R1=1	// QImode move
000081E8 19 D3 12 70        		[28690]=R1	// QImode move
00000DA4                    	.debug
00000DA4 2E 00 73 00        		.dw '.stabn 0x44,0,130,',0,0
         74 00 61 00
         62 00 6E 00
         20 00 30 00
         78 00 34 00
         34 00 2C 00
         30 00 2C 00
         31 00 33 00
         30 00 2C 00
         00 00 00 00
00000DB8 13 01 00 00        		.dd LM79-_main
00000DBA 0D 00 0A 00        		.dw 0x0d,0x0a
000081EA                    	.code
                            	LM79:
000081EA 09 93 00 20        		R1=8192	// QImode move
000081EC 19 D3 00 70        		[28672]=R1	// QImode move
00000DBC                    	.debug
00000DBC 2E 00 73 00        		.dw '.stabn 0x44,0,131,',0,0
         74 00 61 00
         62 00 6E 00
         20 00 30 00
         78 00 34 00
         34 00 2C 00
         30 00 2C 00
         31 00 33 00
         31 00 2C 00
         00 00 00 00
00000DD0 17 01 00 00        		.dd LM80-_main
00000DD2 0D 00 0A 00        		.dw 0x0d,0x0a
000081EE                    	.code
                            	LM80:
000081EE 42 92              		R1=2	// QImode move
000081EF 19 D3 05 70        		[28677]=R1	// QImode move
00000DD4                    	.debug
00000DD4 2E 00 73 00        		.dw '.stabn 0x44,0,132,',0,0
         74 00 61 00
         62 00 6E 00
         20 00 30 00
         78 00 34 00
         34 00 2C 00
         30 00 2C 00
         31 00 33 00
         32 00 2C 00
         00 00 00 00
00000DE8 1A 01 00 00        		.dd LM81-_main
00000DEA 0D 00 0A 00        		.dw 0x0d,0x0a
000081F1                    	.code
                            	LM81:
000081F1 45 92              		R1=5	// QImode move
000081F2 C8 D2              		[SP--]=R1	// QImode move
000081F3 40 F0 91 80        		CALL _delayTime	// call without return value
000081F5 41 00              		SP = SP + 1	//SP
00000DEC                    	.debug
00000DEC 2E 00 73 00        		.dw '.stabn 0x44,0,133,',0,0
         74 00 61 00
         62 00 6E 00
         20 00 30 00
         78 00 34 00
         34 00 2C 00
         30 00 2C 00
         31 00 33 00
         33 00 2C 00
         00 00 00 00
00000E00 1F 01 00 00        		.dd LM82-_main
00000E02 0D 00 0A 00        		.dw 0x0d,0x0a
000081F6                    	.code
                            	LM82:
000081F6 11 93 01 00        		R1=[_stop]	// QImode move
000081F8 41 42              		CMP R1,1	// QImode compare
000081F9 04 4E 01 EE        		NSJNZ L55	//QImode NE
         00 EE      
00000E04                    	.debug
00000E04 2E 00 73 00        		.dw '.stabn 0x44,0,134,',0,0
         74 00 61 00
         62 00 6E 00
         20 00 30 00
         78 00 34 00
         34 00 2C 00
         30 00 2C 00
         31 00 33 00
         34 00 2C 00
         00 00 00 00
00000E18 25 01 00 00        		.dd LM83-_main
00000E1A 0D 00 0A 00        		.dw 0x0d,0x0a
000081FC                    	.code
                            	LM83:
000081FC 0F 9F DE 80        		PC=L27	// jump
                            	L55:
00000E1C                    	.debug
00000E1C 2E 00 73 00        		.dw '.stabn 0x44,0,135,',0,0
         74 00 61 00
         62 00 6E 00
         20 00 30 00
         78 00 34 00
         34 00 2C 00
         30 00 2C 00
         31 00 33 00
         35 00 2C 00
         00 00 00 00
00000E30 27 01 00 00        		.dd LM84-_main
00000E32 0D 00 0A 00        		.dw 0x0d,0x0a
000081FE                    	.code
                            	LM84:
000081FE 40 92              		R1=0	// QImode move
000081FF 19 D3 00 70        		[28672]=R1	// QImode move
00000E34                    	.debug
00000E34 2E 00 73 00        		.dw '.stabn 0x44,0,136,',0,0
         74 00 61 00
         62 00 6E 00
         20 00 30 00
         78 00 34 00
         34 00 2C 00
         30 00 2C 00
         31 00 33 00
         36 00 2C 00
         00 00 00 00
00000E48 2A 01 00 00        		.dd LM85-_main
00000E4A 0D 00 0A 00        		.dw 0x0d,0x0a
00008201                    	.code
                            	LM85:
00008201 42 92              		R1=2	// QImode move
00008202 19 D3 05 70        		[28677]=R1	// QImode move
00000E4C                    	.debug
00000E4C 2E 00 73 00        		.dw '.stabn 0x44,0,137,',0,0
         74 00 61 00
         62 00 6E 00
         20 00 30 00
         78 00 34 00
         34 00 2C 00
         30 00 2C 00
         31 00 33 00
         37 00 2C 00
         00 00 00 00
00000E60 2D 01 00 00        		.dd LM86-_main
00000E62 0D 00 0A 00        		.dw 0x0d,0x0a
00008204                    	.code
                            	LM86:
00008204 45 92              		R1=5	// QImode move
00008205 C8 D2              		[SP--]=R1	// QImode move
00008206 40 F0 91 80        		CALL _delayTime	// call without return value
00008208 41 00              		SP = SP + 1	//SP
00000E64                    	.debug
00000E64 2E 00 73 00        		.dw '.stabn 0x44,0,138,',0,0
         74 00 61 00
         62 00 6E 00
         20 00 30 00
         78 00 34 00
         34 00 2C 00
         30 00 2C 00
         31 00 33 00
         38 00 2C 00
         00 00 00 00
00000E78 32 01 00 00        		.dd LM87-_main
00000E7A 0D 00 0A 00        		.dw 0x0d,0x0a
00008209                    	.code
                            	LM87:
00008209 11 93 01 00        		R1=[_stop]	// QImode move
0000820B 41 42              		CMP R1,1	// QImode compare
0000820C 04 4E 01 EE        		NSJNZ L53	//QImode NE
         00 EE      
00000E7C                    	.debug
00000E7C 2E 00 73 00        		.dw '.stabn 0x44,0,139,',0,0
         74 00 61 00
         62 00 6E 00
         20 00 30 00
         78 00 34 00
         34 00 2C 00
         30 00 2C 00
         31 00 33 00
         39 00 2C 00
         00 00 00 00
00000E90 38 01 00 00        		.dd LM88-_main
00000E92 0D 00 0A 00        		.dw 0x0d,0x0a
0000820F                    	.code
                            	LM88:
0000820F 0F 9F DE 80        		PC=L27	// jump
                            	L56:
00000E94                    	.debug
00000E94 2E 00 73 00        		.dw '.stabn 0x44,0,127,',0,0
         74 00 61 00
         62 00 6E 00
         20 00 30 00
         78 00 34 00
         34 00 2C 00
         30 00 2C 00
         31 00 32 00
         37 00 2C 00
         00 00 00 00
00000EA8 3A 01 00 00        		.dd LM89-_main
00000EAA 0D 00 0A 00        		.dw 0x0d,0x0a
00008211                    	.code
                            	LM89:
                            	L53:
00008211 05 93              		R1=BP	// QImode move
00008212 0D 05 01 00        		R2=BP+1
00008214 05 97              		R3=BP	// QImode move
00008215 0D 03 01 00        		R1=BP+1
00008217 05 95              		R2=BP	// QImode move
00008218 0D 07 01 00        		R3=BP+1
0000821A 03 99              		R4=R3	// QImode move
0000821B C4 94              		R2=[R4]	// QImode move
0000821C 0A 07 01 00        		R3=R2+1
0000821E 01 95              		R2=R1	// QImode move
0000821F C2 D6              		[R2]=R3	// QImode move
00008220 0F 9F DC 81        		PC=L51	// jump
                            	L52:
00000EAC                    	.debug
00000EAC 2E 00 73 00        		.dw '.stabn 0x44,0,141,',0,0
         74 00 61 00
         62 00 6E 00
         20 00 30 00
         78 00 34 00
         34 00 2C 00
         30 00 2C 00
         31 00 34 00
         31 00 2C 00
         00 00 00 00
00000EC0 4B 01 00 00        		.dd LM90-_main
00000EC2 0D 00 0A 00        		.dw 0x0d,0x0a
00008222                    	.code
                            	LM90:
                            	LBE6:
00008222 0F 9F 13 81        		PC=L32	// jump
                            	L33:
00000EC4                    	.debug
00000EC4 2E 00 73 00        		.dw '.stabn 0x44,0,142,',0,0
         74 00 61 00
         62 00 6E 00
         20 00 30 00
         78 00 34 00
         34 00 2C 00
         30 00 2C 00
         31 00 34 00
         32 00 2C 00
         00 00 00 00
00000ED8 4D 01 00 00        		.dd LM91-_main
00000EDA 0D 00 0A 00        		.dw 0x0d,0x0a
00008224                    	.code
                            	LM91:
00008224 40 92              		R1=0	// QImode move
00008225 0F 9F 27 82        		PC=L26	// jump
00000EDC                    	.debug
00000EDC 2E 00 73 00        		.dw '.stabn 0x44,0,143,',0,0
         74 00 61 00
         62 00 6E 00
         20 00 30 00
         78 00 34 00
         34 00 2C 00
         30 00 2C 00
         31 00 34 00
         33 00 2C 00
         00 00 00 00
00000EF0 50 01 00 00        		.dd LM92-_main
00000EF2 0D 00 0A 00        		.dw 0x0d,0x0a
00008227                    	.code
                            	LM92:
                            	LBE5:
00000EF4                    	.debug
00000EF4 2E 00 73 00        		.dw '.stabn 0x44,0,143,',0,0
         74 00 61 00
         62 00 6E 00
         20 00 30 00
         78 00 34 00
         34 00 2C 00
         30 00 2C 00
         31 00 34 00
         33 00 2C 00
         00 00 00 00
00000F08 50 01 00 00        		.dd LM93-_main
00000F0A 0D 00 0A 00        		.dw 0x0d,0x0a
00008227                    	.code
                            	LM93:
                            	L26:
                            	
00008227 43 00              		SP+=3
00008228 88 98              		POP BP from [SP]
00008229 90 9A              		RETF
                            		.endp	// end of main
                            	
00000F0C                    	.debug
00000F0C 2E 00 73 00        		.dw '.stabn 0xc0,0,0,',0,0
         74 00 61 00
         62 00 6E 00
         20 00 30 00
         78 00 63 00
         30 00 2C 00
         30 00 2C 00
         30 00 2C 00
         00 00 00 00
00000F1E 07 00 00 00        		.dd LBB5-_main
00000F20 0D 00 0A 00        		.dw 0x0d,0x0a
0000822A                    	.code
00000F22                    	.debug
00000F22 2E 00 73 00        		.dw '.stabs "key:4",128,0,0,0',0x0d,0x0a
         74 00 61 00
         62 00 73 00
         20 00 22 00
         6B 00 65 00
         79 00 3A 00
         34 00 22 00
         2C 00 31 00
         32 00 38 00
         2C 00 30 00
         2C 00 30 00
         2C 00 30 00
         0D 00 0A 00
0000822A                    	.CODE
00000F3C                    	.debug
00000F3C 2E 00 73 00        		.dw '.stabn 0xc0,0,0,',0,0
         74 00 61 00
         62 00 6E 00
         20 00 30 00
         78 00 63 00
         30 00 2C 00
         30 00 2C 00
         30 00 2C 00
         00 00 00 00
00000F4E 40 00 00 00        		.dd LBB6-_main
00000F50 0D 00 0A 00        		.dw 0x0d,0x0a
0000822A                    	.code
00000F52                    	.debug
00000F52 2E 00 73 00        		.dw '.stabs "i:1",128,0,0,1',0x0d,0x0a
         74 00 61 00
         62 00 73 00
         20 00 22 00
         69 00 3A 00
         31 00 22 00
         2C 00 31 00
         32 00 38 00
         2C 00 30 00
         2C 00 30 00
         2C 00 31 00
         0D 00 0A 00
0000822A                    	.CODE
00000F6A                    	.debug
00000F6A 2E 00 73 00        		.dw '.stabn 0xe0,0,0,',0,0
         74 00 61 00
         62 00 6E 00
         20 00 30 00
         78 00 65 00
         30 00 2C 00
         30 00 2C 00
         30 00 2C 00
         00 00 00 00
00000F7C 4B 01 00 00        		.dd LBE6-_main
00000F7E 0D 00 0A 00        		.dw 0x0d,0x0a
0000822A                    	.code
00000F80                    	.debug
00000F80 2E 00 73 00        		.dw '.stabn 0xe0,0,0,',0,0
         74 00 61 00
         62 00 6E 00
         20 00 30 00
         78 00 65 00
         30 00 2C 00
         30 00 2C 00
         30 00 2C 00
         00 00 00 00
00000F92 50 01 00 00        		.dd LBE5-_main
00000F94 0D 00 0A 00        		.dw 0x0d,0x0a
0000822A                    	.code
00000F96                    	.debug
00000F96 2E 00 73 00        		.dw '.stabf ',0,0
         74 00 61 00
         62 00 66 00
         20 00 00 00
         00 00      
00000F9F 53 01 00 00        		.dd LME4-_main
00000FA1 0D 00 0A 00        		.dw 0x0d,0x0a
0000822A                    	.code
                            	LME4:
                            		.end
0 error(s), 0 warning(s).

