Sunplus u'nSP Assembler - Ver. 1.14.12
              Listing File Has Been Relocated
                            	// GCC for SUNPLUS u'nSP version 1.0.23
                            	// Command: C:\PROGRA~1\Sunplus\UNSPID~1.2D\toolchain\cc1.exe C:\DOCUME~1\ADMINI~1\LOCALS~1\Temp\ccozaaaa.i -fkeep-inline-functions -quiet -dumpbase main.c -mglobal-var-iram -gstabs -Wall -o .\Debug/main.asm
                            		.external __sn_func_ptr_sec
                            	
                            	// gcc2_compiled.:
                            	
00000000                    	.debug
00000000 2E 00 73 00        		.dw '.stabs "D:/Light/light/",0x64,0,3,',0,0,offset Ltext0,seg Ltext0,0x0d,0x0a
         74 00 61 00
         62 00 73 00
         20 00 22 00
         44 00 3A 00
         2F 00 4C 00
         69 00 67 00
         68 00 74 00
         2F 00 6C 00
         69 00 67 00
         68 00 74 00
         2F 00 22 00
         2C 00 30 00
         78 00 36 00
         34 00 2C 00
         30 00 2C 00
         33 00 2C 00
         00 00 00 00
         00 00 00 00
         0D 00 0A 00
00008026                    	.code
00000028                    	.debug
00000028 2E 00 73 00        		.dw '.stabs "D:/Light/light/main.c",0x64,0,3,',0,0,offset Ltext0,seg Ltext0,0x0d,0x0a
         74 00 61 00
         62 00 73 00
         20 00 22 00
         44 00 3A 00
         2F 00 4C 00
         69 00 67 00
         68 00 74 00
         2F 00 6C 00
         69 00 67 00
         68 00 74 00
         2F 00 6D 00
         61 00 69 00
         6E 00 2E 00
         63 00 22 00
         2C 00 30 00
         78 00 36 00
         34 00 2C 00
         30 00 2C 00
         33 00 2C 00
         00 00 00 00
         00 00 00 00
         0D 00 0A 00
00008026                    	.code
00008026                    	.code
                            	Ltext0:
00000056                    	.debug
00000056 2E 00 73 00        		.dw '.stabs "int:t1=r1;-32768;32767;",128,0,0,0',0x0d,0x0a
         74 00 61 00
         62 00 73 00
         20 00 22 00
         69 00 6E 00
         74 00 3A 00
         74 00 31 00
         3D 00 72 00
         31 00 3B 00
         2D 00 33 00
         32 00 37 00
         36 00 38 00
         3B 00 33 00
         32 00 37 00
         36 00 37 00
         3B 00 22 00
         2C 00 31 00
         32 00 38 00
         2C 00 30 00
         2C 00 30 00
         2C 00 30 00
         0D 00 0A 00
00008026                    	.CODE
00000082                    	.debug
00000082 2E 00 73 00        		.dw '.stabs "char:t2=r2;0;127;",128,0,0,0',0x0d,0x0a
         74 00 61 00
         62 00 73 00
         20 00 22 00
         63 00 68 00
         61 00 72 00
         3A 00 74 00
         32 00 3D 00
         72 00 32 00
         3B 00 30 00
         3B 00 31 00
         32 00 37 00
         3B 00 22 00
         2C 00 31 00
         32 00 38 00
         2C 00 30 00
         2C 00 30 00
         2C 00 30 00
         0D 00 0A 00
00008026                    	.CODE
000000A8                    	.debug
000000A8 2E 00 73 00        		.dw '.stabs "long int:t3=r3;-2147483648;2147483647;",128,0,0,0',0x0d,0x0a
         74 00 61 00
         62 00 73 00
         20 00 22 00
         6C 00 6F 00
         6E 00 67 00
         20 00 69 00
         6E 00 74 00
         3A 00 74 00
         33 00 3D 00
         72 00 33 00
         3B 00 2D 00
         32 00 31 00
         34 00 37 00
         34 00 38 00
         33 00 36 00
         34 00 38 00
         3B 00 32 00
         31 00 34 00
         37 00 34 00
         38 00 33 00
         36 00 34 00
         37 00 3B 00
         22 00 2C 00
         31 00 32 00
         38 00 2C 00
         30 00 2C 00
         30 00 2C 00
         30 00 0D 00
         0A 00      
00008026                    	.CODE
000000E3                    	.debug
000000E3 2E 00 73 00        		.dw '.stabs "unsigned int:t4=r4;0;65535;",128,0,0,0',0x0d,0x0a
         74 00 61 00
         62 00 73 00
         20 00 22 00
         75 00 6E 00
         73 00 69 00
         67 00 6E 00
         65 00 64 00
         20 00 69 00
         6E 00 74 00
         3A 00 74 00
         34 00 3D 00
         72 00 34 00
         3B 00 30 00
         3B 00 36 00
         35 00 35 00
         33 00 35 00
         3B 00 22 00
         2C 00 31 00
         32 00 38 00
         2C 00 30 00
         2C 00 30 00
         2C 00 30 00
         0D 00 0A 00
00008026                    	.CODE
00000113                    	.debug
00000113 2E 00 73 00        		.dw '.stabs "long unsigned int:t5=r5;0;4294967295;",128,0,0,0',0x0d,0x0a
         74 00 61 00
         62 00 73 00
         20 00 22 00
         6C 00 6F 00
         6E 00 67 00
         20 00 75 00
         6E 00 73 00
         69 00 67 00
         6E 00 65 00
         64 00 20 00
         69 00 6E 00
         74 00 3A 00
         74 00 35 00
         3D 00 72 00
         35 00 3B 00
         30 00 3B 00
         34 00 32 00
         39 00 34 00
         39 00 36 00
         37 00 32 00
         39 00 35 00
         3B 00 22 00
         2C 00 31 00
         32 00 38 00
         2C 00 30 00
         2C 00 30 00
         2C 00 30 00
         0D 00 0A 00
00008026                    	.CODE
0000014D                    	.debug
0000014D 2E 00 73 00        		.dw '.stabs "long long int:t6=r6;-2147483648;2147483647;",128,0,0,0',0x0d,0x0a
         74 00 61 00
         62 00 73 00
         20 00 22 00
         6C 00 6F 00
         6E 00 67 00
         20 00 6C 00
         6F 00 6E 00
         67 00 20 00
         69 00 6E 00
         74 00 3A 00
         74 00 36 00
         3D 00 72 00
         36 00 3B 00
         2D 00 32 00
         31 00 34 00
         37 00 34 00
         38 00 33 00
         36 00 34 00
         38 00 3B 00
         32 00 31 00
         34 00 37 00
         34 00 38 00
         33 00 36 00
         34 00 37 00
         3B 00 22 00
         2C 00 31 00
         32 00 38 00
         2C 00 30 00
         2C 00 30 00
         2C 00 30 00
         0D 00 0A 00
00008026                    	.CODE
0000018D                    	.debug
0000018D 2E 00 73 00        		.dw '.stabs "long long unsigned int:t7=r7;0;4294967295;",128,0,0,0',0x0d,0x0a
         74 00 61 00
         62 00 73 00
         20 00 22 00
         6C 00 6F 00
         6E 00 67 00
         20 00 6C 00
         6F 00 6E 00
         67 00 20 00
         75 00 6E 00
         73 00 69 00
         67 00 6E 00
         65 00 64 00
         20 00 69 00
         6E 00 74 00
         3A 00 74 00
         37 00 3D 00
         72 00 37 00
         3B 00 30 00
         3B 00 34 00
         32 00 39 00
         34 00 39 00
         36 00 37 00
         32 00 39 00
         35 00 3B 00
         22 00 2C 00
         31 00 32 00
         38 00 2C 00
         30 00 2C 00
         30 00 2C 00
         30 00 0D 00
         0A 00      
00008026                    	.CODE
000001CC                    	.debug
000001CC 2E 00 73 00        		.dw '.stabs "short int:t8=r8;-32768;32767;",128,0,0,0',0x0d,0x0a
         74 00 61 00
         62 00 73 00
         20 00 22 00
         73 00 68 00
         6F 00 72 00
         74 00 20 00
         69 00 6E 00
         74 00 3A 00
         74 00 38 00
         3D 00 72 00
         38 00 3B 00
         2D 00 33 00
         32 00 37 00
         36 00 38 00
         3B 00 33 00
         32 00 37 00
         36 00 37 00
         3B 00 22 00
         2C 00 31 00
         32 00 38 00
         2C 00 30 00
         2C 00 30 00
         2C 00 30 00
         0D 00 0A 00
00008026                    	.CODE
000001FE                    	.debug
000001FE 2E 00 73 00        		.dw '.stabs "short unsigned int:t9=r9;0;65535;",128,0,0,0',0x0d,0x0a
         74 00 61 00
         62 00 73 00
         20 00 22 00
         73 00 68 00
         6F 00 72 00
         74 00 20 00
         75 00 6E 00
         73 00 69 00
         67 00 6E 00
         65 00 64 00
         20 00 69 00
         6E 00 74 00
         3A 00 74 00
         39 00 3D 00
         72 00 39 00
         3B 00 30 00
         3B 00 36 00
         35 00 35 00
         33 00 35 00
         3B 00 22 00
         2C 00 31 00
         32 00 38 00
         2C 00 30 00
         2C 00 30 00
         2C 00 30 00
         0D 00 0A 00
00008026                    	.CODE
00000234                    	.debug
00000234 2E 00 73 00        		.dw '.stabs "signed char:t10=r10;-32768;32767;",128,0,0,0',0x0d,0x0a
         74 00 61 00
         62 00 73 00
         20 00 22 00
         73 00 69 00
         67 00 6E 00
         65 00 64 00
         20 00 63 00
         68 00 61 00
         72 00 3A 00
         74 00 31 00
         30 00 3D 00
         72 00 31 00
         30 00 3B 00
         2D 00 33 00
         32 00 37 00
         36 00 38 00
         3B 00 33 00
         32 00 37 00
         36 00 37 00
         3B 00 22 00
         2C 00 31 00
         32 00 38 00
         2C 00 30 00
         2C 00 30 00
         2C 00 30 00
         0D 00 0A 00
00008026                    	.CODE
0000026A                    	.debug
0000026A 2E 00 73 00        		.dw '.stabs "unsigned char:t11=r11;0;65535;",128,0,0,0',0x0d,0x0a
         74 00 61 00
         62 00 73 00
         20 00 22 00
         75 00 6E 00
         73 00 69 00
         67 00 6E 00
         65 00 64 00
         20 00 63 00
         68 00 61 00
         72 00 3A 00
         74 00 31 00
         31 00 3D 00
         72 00 31 00
         31 00 3B 00
         30 00 3B 00
         36 00 35 00
         35 00 33 00
         35 00 3B 00
         22 00 2C 00
         31 00 32 00
         38 00 2C 00
         30 00 2C 00
         30 00 2C 00
         30 00 0D 00
         0A 00      
00008026                    	.CODE
0000029D                    	.debug
0000029D 2E 00 73 00        		.dw '.stabs "float:t12=r1;2;0;",128,0,0,0',0x0d,0x0a
         74 00 61 00
         62 00 73 00
         20 00 22 00
         66 00 6C 00
         6F 00 61 00
         74 00 3A 00
         74 00 31 00
         32 00 3D 00
         72 00 31 00
         3B 00 32 00
         3B 00 30 00
         3B 00 22 00
         2C 00 31 00
         32 00 38 00
         2C 00 30 00
         2C 00 30 00
         2C 00 30 00
         0D 00 0A 00
00008026                    	.CODE
000002C3                    	.debug
000002C3 2E 00 73 00        		.dw '.stabs "double:t13=r1;2;0;",128,0,0,0',0x0d,0x0a
         74 00 61 00
         62 00 73 00
         20 00 22 00
         64 00 6F 00
         75 00 62 00
         6C 00 65 00
         3A 00 74 00
         31 00 33 00
         3D 00 72 00
         31 00 3B 00
         32 00 3B 00
         30 00 3B 00
         22 00 2C 00
         31 00 32 00
         38 00 2C 00
         30 00 2C 00
         30 00 2C 00
         30 00 0D 00
         0A 00      
00008026                    	.CODE
000002EA                    	.debug
000002EA 2E 00 73 00        		.dw '.stabs "long double:t14=r1;2;0;",128,0,0,0',0x0d,0x0a
         74 00 61 00
         62 00 73 00
         20 00 22 00
         6C 00 6F 00
         6E 00 67 00
         20 00 64 00
         6F 00 75 00
         62 00 6C 00
         65 00 3A 00
         74 00 31 00
         34 00 3D 00
         72 00 31 00
         3B 00 32 00
         3B 00 30 00
         3B 00 22 00
         2C 00 31 00
         32 00 38 00
         2C 00 30 00
         2C 00 30 00
         2C 00 30 00
         0D 00 0A 00
00008026                    	.CODE
00000316                    	.debug
00000316 2E 00 73 00        		.dw '.stabs "complex int:t15=s2real:1,0,16;imag:1,16,16;;",128,0,0,0',0x0d,0x0a
         74 00 61 00
         62 00 73 00
         20 00 22 00
         63 00 6F 00
         6D 00 70 00
         6C 00 65 00
         78 00 20 00
         69 00 6E 00
         74 00 3A 00
         74 00 31 00
         35 00 3D 00
         73 00 32 00
         72 00 65 00
         61 00 6C 00
         3A 00 31 00
         2C 00 30 00
         2C 00 31 00
         36 00 3B 00
         69 00 6D 00
         61 00 67 00
         3A 00 31 00
         2C 00 31 00
         36 00 2C 00
         31 00 36 00
         3B 00 3B 00
         22 00 2C 00
         31 00 32 00
         38 00 2C 00
         30 00 2C 00
         30 00 2C 00
         30 00 0D 00
         0A 00      
00008026                    	.CODE
00000357                    	.debug
00000357 2E 00 73 00        		.dw '.stabs "complex float:t16=r16;2;0;",128,0,0,0',0x0d,0x0a
         74 00 61 00
         62 00 73 00
         20 00 22 00
         63 00 6F 00
         6D 00 70 00
         6C 00 65 00
         78 00 20 00
         66 00 6C 00
         6F 00 61 00
         74 00 3A 00
         74 00 31 00
         36 00 3D 00
         72 00 31 00
         36 00 3B 00
         32 00 3B 00
         30 00 3B 00
         22 00 2C 00
         31 00 32 00
         38 00 2C 00
         30 00 2C 00
         30 00 2C 00
         30 00 0D 00
         0A 00      
00008026                    	.CODE
00000386                    	.debug
00000386 2E 00 73 00        		.dw '.stabs "complex double:t17=r17;2;0;",128,0,0,0',0x0d,0x0a
         74 00 61 00
         62 00 73 00
         20 00 22 00
         63 00 6F 00
         6D 00 70 00
         6C 00 65 00
         78 00 20 00
         64 00 6F 00
         75 00 62 00
         6C 00 65 00
         3A 00 74 00
         31 00 37 00
         3D 00 72 00
         31 00 37 00
         3B 00 32 00
         3B 00 30 00
         3B 00 22 00
         2C 00 31 00
         32 00 38 00
         2C 00 30 00
         2C 00 30 00
         2C 00 30 00
         0D 00 0A 00
00008026                    	.CODE
000003B6                    	.debug
000003B6 2E 00 73 00        		.dw '.stabs "complex long double:t18=r18;2;0;",128,0,0,0',0x0d,0x0a
         74 00 61 00
         62 00 73 00
         20 00 22 00
         63 00 6F 00
         6D 00 70 00
         6C 00 65 00
         78 00 20 00
         6C 00 6F 00
         6E 00 67 00
         20 00 64 00
         6F 00 75 00
         62 00 6C 00
         65 00 3A 00
         74 00 31 00
         38 00 3D 00
         72 00 31 00
         38 00 3B 00
         32 00 3B 00
         30 00 3B 00
         22 00 2C 00
         31 00 32 00
         38 00 2C 00
         30 00 2C 00
         30 00 2C 00
         30 00 0D 00
         0A 00      
00008026                    	.CODE
000003EB                    	.debug
000003EB 2E 00 73 00        		.dw '.stabs "void:t19=19",128,0,0,0',0x0d,0x0a
         74 00 61 00
         62 00 73 00
         20 00 22 00
         76 00 6F 00
         69 00 64 00
         3A 00 74 00
         31 00 39 00
         3D 00 31 00
         39 00 22 00
         2C 00 31 00
         32 00 38 00
         2C 00 30 00
         2C 00 30 00
         2C 00 30 00
         0D 00 0A 00
00008026                    	.CODE
00008026                    	.code
0000040B                    	.debug
0000040B 2E 00 73 00        		.dw '.stabs "clearTimer:F19",36,0,0,',0,0,offset _clearTimer,seg _clearTimer,0x0d,0x0a
         74 00 61 00
         62 00 73 00
         20 00 22 00
         63 00 6C 00
         65 00 61 00
         72 00 54 00
         69 00 6D 00
         65 00 72 00
         3A 00 46 00
         31 00 39 00
         22 00 2C 00
         33 00 36 00
         2C 00 30 00
         2C 00 30 00
         2C 00 00 00
         00 00 00 00
         00 00 0D 00
         0A 00      
00008026                    	.CODE
                            	.public _clearTimer
                            	_clearTimer:	.proc
00000430                    	.debug
00000430 2E 00 73 00        		.dw '.stabn 0x44,0,16,',0,0
         74 00 61 00
         62 00 6E 00
         20 00 30 00
         78 00 34 00
         34 00 2C 00
         30 00 2C 00
         31 00 36 00
         2C 00 00 00
         00 00      
00000443 00 00 00 00        		.dd LM1-_clearTimer
00000445 0D 00 0A 00        		.dw 0x0d,0x0a
00008026                    	.code
                            	LM1:
                            		// total=0, vars=0
                            		// frame_pointer_needed: 1
00000447                    	.debug
00000447 2E 00 73 00        		.dw '.stabn 0xa6,0,0,0',0x0d, 0x0a
         74 00 61 00
         62 00 6E 00
         20 00 30 00
         78 00 61 00
         36 00 2C 00
         30 00 2C 00
         30 00 2C 00
         30 00 0D 00
         0A 00      
00008026                    	.code
00008026 88 DA              		PUSH BP to [SP]
00008027 08 0B 01 00        		BP=SP+1
                            	
00008029 0D 03 03 00        		R1=BP+3
0000045A                    	.debug
0000045A 2E 00 73 00        		.dw '.stabn 0x44,0,17,',0,0
         74 00 61 00
         62 00 6E 00
         20 00 30 00
         78 00 34 00
         34 00 2C 00
         30 00 2C 00
         31 00 37 00
         2C 00 00 00
         00 00      
0000046D 05 00 00 00        		.dd LM2-_clearTimer
0000046F 0D 00 0A 00        		.dw 0x0d,0x0a
0000802B                    	.code
                            	LM2:
0000802B 41 94              		R2=1	// QImode move
0000802C 1A D5 12 70        		[28690]=R2	// QImode move
00000471                    	.debug
00000471 2E 00 73 00        		.dw '.stabn 0x44,0,18,',0,0
         74 00 61 00
         62 00 6E 00
         20 00 30 00
         78 00 34 00
         34 00 2C 00
         30 00 2C 00
         31 00 38 00
         2C 00 00 00
         00 00      
00000484 08 00 00 00        		.dd LM3-_clearTimer
00000486 0D 00 0A 00        		.dw 0x0d,0x0a
0000802E                    	.code
                            	LM3:
0000802E 40 94              		R2=0	// QImode move
0000802F 1A D5 0A 70        		[28682]=R2	// QImode move
00000488                    	.debug
00000488 2E 00 73 00        		.dw '.stabn 0x44,0,19,',0,0
         74 00 61 00
         62 00 6E 00
         20 00 30 00
         78 00 34 00
         34 00 2C 00
         30 00 2C 00
         31 00 39 00
         2C 00 00 00
         00 00      
0000049B 0B 00 00 00        		.dd LM4-_clearTimer
0000049D 0D 00 0A 00        		.dw 0x0d,0x0a
00008031                    	.code
                            	LM4:
0000049F                    	.debug
0000049F 2E 00 73 00        		.dw '.stabn 0x44,0,19,',0,0
         74 00 61 00
         62 00 6E 00
         20 00 30 00
         78 00 34 00
         34 00 2C 00
         30 00 2C 00
         31 00 39 00
         2C 00 00 00
         00 00      
000004B2 0B 00 00 00        		.dd LM5-_clearTimer
000004B4 0D 00 0A 00        		.dw 0x0d,0x0a
00008031                    	.code
                            	LM5:
                            	L2:
                            	
00008031 88 98              		POP BP from [SP]
00008032 90 9A              		RETF
                            		.endp	// end of clearTimer
                            	
000004B6                    	.debug
000004B6 2E 00 73 00        		.dw '.stabf ',0,0
         74 00 61 00
         62 00 66 00
         20 00 00 00
         00 00      
000004BF 0D 00 00 00        		.dd LME1-_clearTimer
000004C1 0D 00 0A 00        		.dw 0x0d,0x0a
00008033                    	.code
                            	LME1:
00008033                    	.code
000004C3                    	.debug
000004C3 2E 00 73 00        		.dw '.stabs "Delay:F19",36,0,0,',0,0,offset _Delay,seg _Delay,0x0d,0x0a
         74 00 61 00
         62 00 73 00
         20 00 22 00
         44 00 65 00
         6C 00 61 00
         79 00 3A 00
         46 00 31 00
         39 00 22 00
         2C 00 33 00
         36 00 2C 00
         30 00 2C 00
         30 00 2C 00
         00 00 00 00
         0D 00 00 00
         0D 00 0A 00
00008033                    	.CODE
                            	.public _Delay
                            	_Delay:	.proc
000004E3                    	.debug
000004E3 2E 00 73 00        		.dw '.stabn 0x44,0,22,',0,0
         74 00 61 00
         62 00 6E 00
         20 00 30 00
         78 00 34 00
         34 00 2C 00
         30 00 2C 00
         32 00 32 00
         2C 00 00 00
         00 00      
000004F6 00 00 00 00        		.dd LM6-_Delay
000004F8 0D 00 0A 00        		.dw 0x0d,0x0a
00008033                    	.code
                            	LM6:
                            		// total=2, vars=2
                            		// frame_pointer_needed: 1
000004FA                    	.debug
000004FA 2E 00 73 00        		.dw '.stabn 0xa6,0,0,2',0x0d, 0x0a
         74 00 61 00
         62 00 6E 00
         20 00 30 00
         78 00 61 00
         36 00 2C 00
         30 00 2C 00
         30 00 2C 00
         32 00 0D 00
         0A 00      
00008033                    	.code
00008033 88 DA              		PUSH BP to [SP]
00008034 42 20              		SP-=2
00008035 08 0B 01 00        		BP=SP+1
                            	
00008037 0D 03 05 00        		R1=BP+5
00008039 01 D2              		[BP+1]=R1	// QImode move
                            	LBB2:
0000050D                    	.debug
0000050D 2E 00 73 00        		.dw '.stabn 0x44,0,24,',0,0
         74 00 61 00
         62 00 6E 00
         20 00 30 00
         78 00 34 00
         34 00 2C 00
         30 00 2C 00
         32 00 34 00
         2C 00 00 00
         00 00      
00000520 07 00 00 00        		.dd LM7-_Delay
00000522 0D 00 0A 00        		.dw 0x0d,0x0a
0000803A                    	.code
                            	LM7:
0000803A 40 92              		R1=0	// QImode move
0000803B C5 D2              		[BP]=R1	// QImode move
                            	L4:
0000803C C5 92              		R1=[BP]	// QImode move
0000803D 09 43 B8 0B        		CMP R1,3000	// QImode compare
0000803F 04 8E 01 EE        		NSJNA L7	//QImode LEU
         00 EE      
00008042 0F 9F 4C 80        		PC=L5	// jump
                            	L7:
00000524                    	.debug
00000524 2E 00 73 00        		.dw '.stabn 0x44,0,26,',0,0
         74 00 61 00
         62 00 6E 00
         20 00 30 00
         78 00 34 00
         34 00 2C 00
         30 00 2C 00
         32 00 36 00
         2C 00 00 00
         00 00      
00000537 11 00 00 00        		.dd LM8-_Delay
00000539 0D 00 0A 00        		.dw 0x0d,0x0a
00008044                    	.code
                            	LM8:
00008044 40 F0 26 80        		CALL _clearTimer	// call without return value
0000053B                    	.debug
0000053B 2E 00 73 00        		.dw '.stabn 0x44,0,24,',0,0
         74 00 61 00
         62 00 6E 00
         20 00 30 00
         78 00 34 00
         34 00 2C 00
         30 00 2C 00
         32 00 34 00
         2C 00 00 00
         00 00      
0000054E 13 00 00 00        		.dd LM9-_Delay
00000550 0D 00 0A 00        		.dw 0x0d,0x0a
00008046                    	.code
                            	LM9:
                            	L6:
00008046 C5 92              		R1=[BP]	// QImode move
00008047 09 05 01 00        		R2=R1+1
00008049 C5 D4              		[BP]=R2	// QImode move
0000804A 0F 9F 3C 80        		PC=L4	// jump
                            	L5:
00000552                    	.debug
00000552 2E 00 73 00        		.dw '.stabn 0x44,0,28,',0,0
         74 00 61 00
         62 00 6E 00
         20 00 30 00
         78 00 34 00
         34 00 2C 00
         30 00 2C 00
         32 00 38 00
         2C 00 00 00
         00 00      
00000565 19 00 00 00        		.dd LM10-_Delay
00000567 0D 00 0A 00        		.dw 0x0d,0x0a
0000804C                    	.code
                            	LM10:
                            	LBE2:
00000569                    	.debug
00000569 2E 00 73 00        		.dw '.stabn 0x44,0,28,',0,0
         74 00 61 00
         62 00 6E 00
         20 00 30 00
         78 00 34 00
         34 00 2C 00
         30 00 2C 00
         32 00 38 00
         2C 00 00 00
         00 00      
0000057C 19 00 00 00        		.dd LM11-_Delay
0000057E 0D 00 0A 00        		.dw 0x0d,0x0a
0000804C                    	.code
                            	LM11:
                            	L3:
                            	
0000804C 42 00              		SP+=2
0000804D 88 98              		POP BP from [SP]
0000804E 90 9A              		RETF
                            		.endp	// end of Delay
                            	
00000580                    	.debug
00000580 2E 00 73 00        		.dw '.stabn 0xc0,0,0,',0,0
         74 00 61 00
         62 00 6E 00
         20 00 30 00
         78 00 63 00
         30 00 2C 00
         30 00 2C 00
         30 00 2C 00
         00 00 00 00
00000592 07 00 00 00        		.dd LBB2-_Delay
00000594 0D 00 0A 00        		.dw 0x0d,0x0a
0000804F                    	.code
00000596                    	.debug
00000596 2E 00 73 00        		.dw '.stabs "uiCount:4",128,0,0,0',0x0d,0x0a
         74 00 61 00
         62 00 73 00
         20 00 22 00
         75 00 69 00
         43 00 6F 00
         75 00 6E 00
         74 00 3A 00
         34 00 22 00
         2C 00 31 00
         32 00 38 00
         2C 00 30 00
         2C 00 30 00
         2C 00 30 00
         0D 00 0A 00
0000804F                    	.CODE
000005B4                    	.debug
000005B4 2E 00 73 00        		.dw '.stabn 0xe0,0,0,',0,0
         74 00 61 00
         62 00 6E 00
         20 00 30 00
         78 00 65 00
         30 00 2C 00
         30 00 2C 00
         30 00 2C 00
         00 00 00 00
000005C6 19 00 00 00        		.dd LBE2-_Delay
000005C8 0D 00 0A 00        		.dw 0x0d,0x0a
0000804F                    	.code
000005CA                    	.debug
000005CA 2E 00 73 00        		.dw '.stabf ',0,0
         74 00 61 00
         62 00 66 00
         20 00 00 00
         00 00      
000005D3 1C 00 00 00        		.dd LME2-_Delay
000005D5 0D 00 0A 00        		.dw 0x0d,0x0a
0000804F                    	.code
                            	LME2:
0000804F                    	.code
000005D7                    	.debug
000005D7 2E 00 73 00        		.dw '.stabs "KeyScan:F4",36,0,0,',0,0,offset _KeyScan,seg _KeyScan,0x0d,0x0a
         74 00 61 00
         62 00 73 00
         20 00 22 00
         4B 00 65 00
         79 00 53 00
         63 00 61 00
         6E 00 3A 00
         46 00 34 00
         22 00 2C 00
         33 00 36 00
         2C 00 30 00
         2C 00 30 00
         2C 00 00 00
         00 00 29 00
         00 00 0D 00
         0A 00      
0000804F                    	.CODE
                            	.public _KeyScan
                            	_KeyScan:	.proc
000005F8                    	.debug
000005F8 2E 00 73 00        		.dw '.stabn 0x44,0,31,',0,0
         74 00 61 00
         62 00 6E 00
         20 00 30 00
         78 00 34 00
         34 00 2C 00
         30 00 2C 00
         33 00 31 00
         2C 00 00 00
         00 00      
0000060B 00 00 00 00        		.dd LM12-_KeyScan
0000060D 0D 00 0A 00        		.dw 0x0d,0x0a
0000804F                    	.code
                            	LM12:
                            		// total=3, vars=3
                            		// frame_pointer_needed: 1
0000060F                    	.debug
0000060F 2E 00 73 00        		.dw '.stabn 0xa6,0,0,3',0x0d, 0x0a
         74 00 61 00
         62 00 6E 00
         20 00 30 00
         78 00 61 00
         36 00 2C 00
         30 00 2C 00
         30 00 2C 00
         33 00 0D 00
         0A 00      
0000804F                    	.code
0000804F 88 DA              		PUSH BP to [SP]
00008050 43 20              		SP-=3
00008051 08 0B 01 00        		BP=SP+1
                            	
00008053 0D 03 06 00        		R1=BP+6
00008055 02 D2              		[BP+2]=R1	// QImode move
                            	LBB3:
00000622                    	.debug
00000622 2E 00 73 00        		.dw '.stabn 0x44,0,34,',0,0
         74 00 61 00
         62 00 6E 00
         20 00 30 00
         78 00 34 00
         34 00 2C 00
         30 00 2C 00
         33 00 34 00
         2C 00 00 00
         00 00      
00000635 07 00 00 00        		.dd LM13-_KeyScan
00000637 0D 00 0A 00        		.dw 0x0d,0x0a
00008056                    	.code
                            	LM13:
00008056 11 93 00 70        		R1=[28672]	// QImode move
00008058 C5 D2              		[BP]=R1	// QImode move
00000639                    	.debug
00000639 2E 00 73 00        		.dw '.stabn 0x44,0,35,',0,0
         74 00 61 00
         62 00 6E 00
         20 00 30 00
         78 00 34 00
         34 00 2C 00
         30 00 2C 00
         33 00 35 00
         2C 00 00 00
         00 00      
0000064C 0A 00 00 00        		.dd LM14-_KeyScan
0000064E 0D 00 0A 00        		.dw 0x0d,0x0a
00008059                    	.code
                            	LM14:
00008059 C5 92              		R1=[BP]	// QImode move
0000805A 40 42              		CMP R1,0	// QImode test
0000805B 16 5E 01 EE        		NSJZ L10	//QImode EQ
         00 EE      
00000650                    	.debug
00000650 2E 00 73 00        		.dw '.stabn 0x44,0,37,',0,0
         74 00 61 00
         62 00 6E 00
         20 00 30 00
         78 00 34 00
         34 00 2C 00
         30 00 2C 00
         33 00 37 00
         2C 00 00 00
         00 00      
00000663 0F 00 00 00        		.dd LM15-_KeyScan
00000665 0D 00 0A 00        		.dw 0x0d,0x0a
0000805E                    	.code
                            	LM15:
0000805E 40 F0 33 80        		CALL _Delay	// call without return value
00000667                    	.debug
00000667 2E 00 73 00        		.dw '.stabn 0x44,0,38,',0,0
         74 00 61 00
         62 00 6E 00
         20 00 30 00
         78 00 34 00
         34 00 2C 00
         30 00 2C 00
         33 00 38 00
         2C 00 00 00
         00 00      
0000067A 11 00 00 00        		.dd LM16-_KeyScan
0000067C 0D 00 0A 00        		.dw 0x0d,0x0a
00008060                    	.code
                            	LM16:
00008060 05 93              		R1=BP	// QImode move
00008061 0D 05 01 00        		R2=BP+1
00008063 11 93 00 70        		R1=[28672]	// QImode move
00008065 02 97              		R3=R2	// QImode move
00008066 C3 D2              		[R3]=R1	// QImode move
0000067E                    	.debug
0000067E 2E 00 73 00        		.dw '.stabn 0x44,0,39,',0,0
         74 00 61 00
         62 00 6E 00
         20 00 30 00
         78 00 34 00
         34 00 2C 00
         30 00 2C 00
         33 00 39 00
         2C 00 00 00
         00 00      
00000691 18 00 00 00        		.dd LM17-_KeyScan
00000693 0D 00 0A 00        		.dw 0x0d,0x0a
00008067                    	.code
                            	LM17:
00008067 05 93              		R1=BP	// QImode move
00008068 0D 05 01 00        		R2=BP+1
0000806A C5 92              		R1=[BP]	// QImode move
0000806B 02 97              		R3=R2	// QImode move
0000806C C3 42              		CMP R1,[R3]	// QImode compare
0000806D 04 5E 01 EE        		NSJZ L10	//QImode EQ
         00 EE      
00000695                    	.debug
00000695 2E 00 73 00        		.dw '.stabn 0x44,0,40,',0,0
         74 00 61 00
         62 00 6E 00
         20 00 30 00
         78 00 34 00
         34 00 2C 00
         30 00 2C 00
         34 00 30 00
         2C 00 00 00
         00 00      
000006A8 21 00 00 00        		.dd LM18-_KeyScan
000006AA 0D 00 0A 00        		.dw 0x0d,0x0a
00008070                    	.code
                            	LM18:
00008070 40 92              		R1=0	// QImode move
00008071 C5 D2              		[BP]=R1	// QImode move
                            	L11:
                            	L10:
000006AC                    	.debug
000006AC 2E 00 73 00        		.dw '.stabn 0x44,0,42,',0,0
         74 00 61 00
         62 00 6E 00
         20 00 30 00
         78 00 34 00
         34 00 2C 00
         30 00 2C 00
         34 00 32 00
         2C 00 00 00
         00 00      
000006BF 23 00 00 00        		.dd LM19-_KeyScan
000006C1 0D 00 0A 00        		.dw 0x0d,0x0a
00008072                    	.code
                            	LM19:
00008072 C5 94              		R2=[BP]	// QImode move
00008073 02 93              		R1=R2	// QImode move
00008074 0F 9F 76 80        		PC=L9	// jump
000006C3                    	.debug
000006C3 2E 00 73 00        		.dw '.stabn 0x44,0,43,',0,0
         74 00 61 00
         62 00 6E 00
         20 00 30 00
         78 00 34 00
         34 00 2C 00
         30 00 2C 00
         34 00 33 00
         2C 00 00 00
         00 00      
000006D6 27 00 00 00        		.dd LM20-_KeyScan
000006D8 0D 00 0A 00        		.dw 0x0d,0x0a
00008076                    	.code
                            	LM20:
                            	LBE3:
000006DA                    	.debug
000006DA 2E 00 73 00        		.dw '.stabn 0x44,0,43,',0,0
         74 00 61 00
         62 00 6E 00
         20 00 30 00
         78 00 34 00
         34 00 2C 00
         30 00 2C 00
         34 00 33 00
         2C 00 00 00
         00 00      
000006ED 27 00 00 00        		.dd LM21-_KeyScan
000006EF 0D 00 0A 00        		.dw 0x0d,0x0a
00008076                    	.code
                            	LM21:
                            	L9:
                            	
00008076 43 00              		SP+=3
00008077 88 98              		POP BP from [SP]
00008078 90 9A              		RETF
                            		.endp	// end of KeyScan
                            	
000006F1                    	.debug
000006F1 2E 00 73 00        		.dw '.stabn 0xc0,0,0,',0,0
         74 00 61 00
         62 00 6E 00
         20 00 30 00
         78 00 63 00
         30 00 2C 00
         30 00 2C 00
         30 00 2C 00
         00 00 00 00
00000703 07 00 00 00        		.dd LBB3-_KeyScan
00000705 0D 00 0A 00        		.dw 0x0d,0x0a
00008079                    	.code
00000707                    	.debug
00000707 2E 00 73 00        		.dw '.stabs "uiData:4",128,0,0,0',0x0d,0x0a
         74 00 61 00
         62 00 73 00
         20 00 22 00
         75 00 69 00
         44 00 61 00
         74 00 61 00
         3A 00 34 00
         22 00 2C 00
         31 00 32 00
         38 00 2C 00
         30 00 2C 00
         30 00 2C 00
         30 00 0D 00
         0A 00      
00008079                    	.CODE
00000724                    	.debug
00000724 2E 00 73 00        		.dw '.stabs "uiTemp:4",128,0,0,1',0x0d,0x0a
         74 00 61 00
         62 00 73 00
         20 00 22 00
         75 00 69 00
         54 00 65 00
         6D 00 70 00
         3A 00 34 00
         22 00 2C 00
         31 00 32 00
         38 00 2C 00
         30 00 2C 00
         30 00 2C 00
         31 00 0D 00
         0A 00      
00008079                    	.CODE
00000741                    	.debug
00000741 2E 00 73 00        		.dw '.stabn 0xe0,0,0,',0,0
         74 00 61 00
         62 00 6E 00
         20 00 30 00
         78 00 65 00
         30 00 2C 00
         30 00 2C 00
         30 00 2C 00
         00 00 00 00
00000753 27 00 00 00        		.dd LBE3-_KeyScan
00000755 0D 00 0A 00        		.dw 0x0d,0x0a
00008079                    	.code
00000757                    	.debug
00000757 2E 00 73 00        		.dw '.stabf ',0,0
         74 00 61 00
         62 00 66 00
         20 00 00 00
         00 00      
00000760 2A 00 00 00        		.dd LME3-_KeyScan
00000762 0D 00 0A 00        		.dw 0x0d,0x0a
00008079                    	.code
                            	LME3:
00008079                    	.code
00000764                    	.debug
00000764 2E 00 73 00        		.dw '.stabs "delayMs:F19",36,0,0,',0,0,offset _delayMs,seg _delayMs,0x0d,0x0a
         74 00 61 00
         62 00 73 00
         20 00 22 00
         64 00 65 00
         6C 00 61 00
         79 00 4D 00
         73 00 3A 00
         46 00 31 00
         39 00 22 00
         2C 00 33 00
         36 00 2C 00
         30 00 2C 00
         30 00 2C 00
         00 00 00 00
         53 00 00 00
         0D 00 0A 00
00008079                    	.CODE
                            	.public _delayMs
                            	_delayMs:	.proc
00000786                    	.debug
00000786 2E 00 73 00        		.dw '.stabn 0x44,0,46,',0,0
         74 00 61 00
         62 00 6E 00
         20 00 30 00
         78 00 34 00
         34 00 2C 00
         30 00 2C 00
         34 00 36 00
         2C 00 00 00
         00 00      
00000799 00 00 00 00        		.dd LM22-_delayMs
0000079B 0D 00 0A 00        		.dw 0x0d,0x0a
00008079                    	.code
                            	LM22:
                            		// total=1, vars=1
                            		// frame_pointer_needed: 1
0000079D                    	.debug
0000079D 2E 00 73 00        		.dw '.stabn 0xa6,0,0,1',0x0d, 0x0a
         74 00 61 00
         62 00 6E 00
         20 00 30 00
         78 00 61 00
         36 00 2C 00
         30 00 2C 00
         30 00 2C 00
         31 00 0D 00
         0A 00      
00008079                    	.code
00008079 88 DA              		PUSH BP to [SP]
0000807A 41 20              		SP-=1
0000807B 08 0B 01 00        		BP=SP+1
                            	
0000807D 0D 03 04 00        		R1=BP+4
0000807F C5 D2              		[BP]=R1	// QImode move
000007B0                    	.debug
000007B0 2E 00 73 00        		.dw '.stabn 0x44,0,47,',0,0
         74 00 61 00
         62 00 6E 00
         20 00 30 00
         78 00 34 00
         34 00 2C 00
         30 00 2C 00
         34 00 37 00
         2C 00 00 00
         00 00      
000007C3 07 00 00 00        		.dd LM23-_delayMs
000007C5 0D 00 0A 00        		.dw 0x0d,0x0a
00008080                    	.code
                            	LM23:
                            	L15:
00008080 0F 9F 84 80        		PC=L17	// jump
00008082 0F 9F A4 80        		PC=L16	// jump
                            	L17:
000007C7                    	.debug
000007C7 2E 00 73 00        		.dw '.stabn 0x44,0,49,',0,0
         74 00 61 00
         62 00 6E 00
         20 00 30 00
         78 00 34 00
         34 00 2C 00
         30 00 2C 00
         34 00 39 00
         2C 00 00 00
         00 00      
000007DA 0B 00 00 00        		.dd LM24-_delayMs
000007DC 0D 00 0A 00        		.dw 0x0d,0x0a
00008084                    	.code
                            	LM24:
00008084 40 92              		R1=0	// QImode move
00008085 19 D3 12 70        		[28690]=R1	// QImode move
000007DE                    	.debug
000007DE 2E 00 73 00        		.dw '.stabn 0x44,0,50,',0,0
         74 00 61 00
         62 00 6E 00
         20 00 30 00
         78 00 34 00
         34 00 2C 00
         30 00 2C 00
         35 00 30 00
         2C 00 00 00
         00 00      
000007F1 0E 00 00 00        		.dd LM25-_delayMs
000007F3 0D 00 0A 00        		.dw 0x0d,0x0a
00008087                    	.code
                            	LM25:
00008087 C5 94              		R2=[BP]	// QImode move
00008088 C2 92              		R1=[R2]	// QImode move
00008089 01 95              		R2=R1	// QImode move
0000808A 42 93              		R1=R2 lsl 1
0000808B 12 95 0A 70        		R2=[28682]	// QImode move
0000808D 02 43              		CMP R1,R2	// QImode compare
0000808E 0B 9E 01 EE        		NSJA L18	//QImode GTU
         00 EE      
000007F5                    	.debug
000007F5 2E 00 73 00        		.dw '.stabn 0x44,0,52,',0,0
         74 00 61 00
         62 00 6E 00
         20 00 30 00
         78 00 34 00
         34 00 2C 00
         30 00 2C 00
         35 00 32 00
         2C 00 00 00
         00 00      
00000808 18 00 00 00        		.dd LM26-_delayMs
0000080A 0D 00 0A 00        		.dw 0x0d,0x0a
00008091                    	.code
                            	LM26:
00008091 C5 94              		R2=[BP]	// QImode move
00008092 C2 92              		R1=[R2]	// QImode move
00008093 09 05 FF FF        		R2=R1+(-1)
00008095 C5 92              		R1=[BP]	// QImode move
00008096 C1 D4              		[R1]=R2	// QImode move
0000080C                    	.debug
0000080C 2E 00 73 00        		.dw '.stabn 0x44,0,53,',0,0
         74 00 61 00
         62 00 6E 00
         20 00 30 00
         78 00 34 00
         34 00 2C 00
         30 00 2C 00
         35 00 33 00
         2C 00 00 00
         00 00      
0000081F 1E 00 00 00        		.dd LM27-_delayMs
00000821 0D 00 0A 00        		.dw 0x0d,0x0a
00008097                    	.code
                            	LM27:
00008097 40 92              		R1=0	// QImode move
00008098 19 D3 0A 70        		[28682]=R1	// QImode move
                            	L18:
00000823                    	.debug
00000823 2E 00 73 00        		.dw '.stabn 0x44,0,55,',0,0
         74 00 61 00
         62 00 6E 00
         20 00 30 00
         78 00 34 00
         34 00 2C 00
         30 00 2C 00
         35 00 35 00
         2C 00 00 00
         00 00      
00000836 21 00 00 00        		.dd LM28-_delayMs
00000838 0D 00 0A 00        		.dw 0x0d,0x0a
0000809A                    	.code
                            	LM28:
0000809A C5 94              		R2=[BP]	// QImode move
0000809B C2 92              		R1=[R2]	// QImode move
0000809C 40 42              		CMP R1,0	// QImode test
0000809D 04 4E 01 EE        		NSJNZ L19	//QImode NE
         00 EE      
0000083A                    	.debug
0000083A 2E 00 73 00        		.dw '.stabn 0x44,0,56,',0,0
         74 00 61 00
         62 00 6E 00
         20 00 30 00
         78 00 34 00
         34 00 2C 00
         30 00 2C 00
         35 00 36 00
         2C 00 00 00
         00 00      
0000084D 27 00 00 00        		.dd LM29-_delayMs
0000084F 0D 00 0A 00        		.dw 0x0d,0x0a
000080A0                    	.code
                            	LM29:
000080A0 0F 9F A4 80        		PC=L16	// jump
                            	L19:
00000851                    	.debug
00000851 2E 00 73 00        		.dw '.stabn 0x44,0,57,',0,0
         74 00 61 00
         62 00 6E 00
         20 00 30 00
         78 00 34 00
         34 00 2C 00
         30 00 2C 00
         35 00 37 00
         2C 00 00 00
         00 00      
00000864 29 00 00 00        		.dd LM30-_delayMs
00000866 0D 00 0A 00        		.dw 0x0d,0x0a
000080A2                    	.code
                            	LM30:
000080A2 0F 9F 80 80        		PC=L15	// jump
                            	L16:
00000868                    	.debug
00000868 2E 00 73 00        		.dw '.stabn 0x44,0,58,',0,0
         74 00 61 00
         62 00 6E 00
         20 00 30 00
         78 00 34 00
         34 00 2C 00
         30 00 2C 00
         35 00 38 00
         2C 00 00 00
         00 00      
0000087B 2B 00 00 00        		.dd LM31-_delayMs
0000087D 0D 00 0A 00        		.dw 0x0d,0x0a
000080A4                    	.code
                            	LM31:
000080A4 40 F0 26 80        		CALL _clearTimer	// call without return value
0000087F                    	.debug
0000087F 2E 00 73 00        		.dw '.stabn 0x44,0,59,',0,0
         74 00 61 00
         62 00 6E 00
         20 00 30 00
         78 00 34 00
         34 00 2C 00
         30 00 2C 00
         35 00 39 00
         2C 00 00 00
         00 00      
00000892 2D 00 00 00        		.dd LM32-_delayMs
00000894 0D 00 0A 00        		.dw 0x0d,0x0a
000080A6                    	.code
                            	LM32:
00000896                    	.debug
00000896 2E 00 73 00        		.dw '.stabn 0x44,0,59,',0,0
         74 00 61 00
         62 00 6E 00
         20 00 30 00
         78 00 34 00
         34 00 2C 00
         30 00 2C 00
         35 00 39 00
         2C 00 00 00
         00 00      
000008A9 2D 00 00 00        		.dd LM33-_delayMs
000008AB 0D 00 0A 00        		.dw 0x0d,0x0a
000080A6                    	.code
                            	LM33:
                            	L14:
                            	
000080A6 41 00              		SP+=1
000080A7 88 98              		POP BP from [SP]
000080A8 90 9A              		RETF
                            		.endp	// end of delayMs
                            	
000008AD                    	.debug
000008AD 2E 00 73 00        		.dw '.stabs "millis:p4",160,0,0,4',0x0d,0x0a
         74 00 61 00
         62 00 73 00
         20 00 22 00
         6D 00 69 00
         6C 00 6C 00
         69 00 73 00
         3A 00 70 00
         34 00 22 00
         2C 00 31 00
         36 00 30 00
         2C 00 30 00
         2C 00 30 00
         2C 00 34 00
         0D 00 0A 00
000080A9                    	.CODE
000008CB                    	.debug
000008CB 2E 00 73 00        		.dw '.stabf ',0,0
         74 00 61 00
         62 00 66 00
         20 00 00 00
         00 00      
000008D4 30 00 00 00        		.dd LME4-_delayMs
000008D6 0D 00 0A 00        		.dw 0x0d,0x0a
000080A9                    	.code
                            	LME4:
000080A9                    	.code
000008D8                    	.debug
000008D8 2E 00 73 00        		.dw '.stabs "loop:F19",36,0,0,',0,0,offset _loop,seg _loop,0x0d,0x0a
         74 00 61 00
         62 00 73 00
         20 00 22 00
         6C 00 6F 00
         6F 00 70 00
         3A 00 46 00
         31 00 39 00
         22 00 2C 00
         33 00 36 00
         2C 00 30 00
         2C 00 30 00
         2C 00 00 00
         00 00 83 00
         00 00 0D 00
         0A 00      
000080A9                    	.CODE
                            	.public _loop
                            	_loop:	.proc
000008F7                    	.debug
000008F7 2E 00 73 00        		.dw '.stabn 0x44,0,62,',0,0
         74 00 61 00
         62 00 6E 00
         20 00 30 00
         78 00 34 00
         34 00 2C 00
         30 00 2C 00
         36 00 32 00
         2C 00 00 00
         00 00      
0000090A 00 00 00 00        		.dd LM34-_loop
0000090C 0D 00 0A 00        		.dw 0x0d,0x0a
000080A9                    	.code
                            	LM34:
                            		// total=3, vars=3
                            		// frame_pointer_needed: 1
0000090E                    	.debug
0000090E 2E 00 73 00        		.dw '.stabn 0xa6,0,0,3',0x0d, 0x0a
         74 00 61 00
         62 00 6E 00
         20 00 30 00
         78 00 61 00
         36 00 2C 00
         30 00 2C 00
         30 00 2C 00
         33 00 0D 00
         0A 00      
000080A9                    	.code
000080A9 88 DA              		PUSH BP to [SP]
000080AA 43 20              		SP-=3
000080AB 08 0B 01 00        		BP=SP+1
                            	
000080AD 0D 03 06 00        		R1=BP+6
000080AF 02 D2              		[BP+2]=R1	// QImode move
                            	LBB4:
00000921                    	.debug
00000921 2E 00 73 00        		.dw '.stabn 0x44,0,66,',0,0
         74 00 61 00
         62 00 6E 00
         20 00 30 00
         78 00 34 00
         34 00 2C 00
         30 00 2C 00
         36 00 36 00
         2C 00 00 00
         00 00      
00000934 07 00 00 00        		.dd LM35-_loop
00000936 0D 00 0A 00        		.dw 0x0d,0x0a
000080B0                    	.code
                            	LM35:
000080B0 45 92              		R1=5	// QImode move
000080B1 19 D3 0B 70        		[28683]=R1	// QImode move
00000938                    	.debug
00000938 2E 00 73 00        		.dw '.stabn 0x44,0,67,',0,0
         74 00 61 00
         62 00 6E 00
         20 00 30 00
         78 00 34 00
         34 00 2C 00
         30 00 2C 00
         36 00 37 00
         2C 00 00 00
         00 00      
0000094B 0A 00 00 00        		.dd LM36-_loop
0000094D 0D 00 0A 00        		.dw 0x0d,0x0a
000080B3                    	.code
                            	LM36:
000080B3 40 92              		R1=0	// QImode move
000080B4 19 D3 0A 70        		[28682]=R1	// QImode move
0000094F                    	.debug
0000094F 2E 00 73 00        		.dw '.stabn 0x44,0,69,',0,0
         74 00 61 00
         62 00 6E 00
         20 00 30 00
         78 00 34 00
         34 00 2C 00
         30 00 2C 00
         36 00 39 00
         2C 00 00 00
         00 00      
00000962 0D 00 00 00        		.dd LM37-_loop
00000964 0D 00 0A 00        		.dw 0x0d,0x0a
000080B6                    	.code
                            	LM37:
000080B6 09 93 FF 7F        		R1=32767	// QImode move
000080B8 19 D3 02 70        		[28674]=R1	// QImode move
00000966                    	.debug
00000966 2E 00 73 00        		.dw '.stabn 0x44,0,70,',0,0
         74 00 61 00
         62 00 6E 00
         20 00 30 00
         78 00 34 00
         34 00 2C 00
         30 00 2C 00
         37 00 30 00
         2C 00 00 00
         00 00      
00000979 11 00 00 00        		.dd LM38-_loop
0000097B 0D 00 0A 00        		.dw 0x0d,0x0a
000080BA                    	.code
                            	LM38:
000080BA 09 93 FF 7F        		R1=32767	// QImode move
000080BC 19 D3 03 70        		[28675]=R1	// QImode move
0000097D                    	.debug
0000097D 2E 00 73 00        		.dw '.stabn 0x44,0,71,',0,0
         74 00 61 00
         62 00 6E 00
         20 00 30 00
         78 00 34 00
         34 00 2C 00
         30 00 2C 00
         37 00 31 00
         2C 00 00 00
         00 00      
00000990 15 00 00 00        		.dd LM39-_loop
00000992 0D 00 0A 00        		.dw 0x0d,0x0a
000080BE                    	.code
                            	LM39:
000080BE 40 92              		R1=0	// QImode move
000080BF 19 D3 00 70        		[28672]=R1	// QImode move
00000994                    	.debug
00000994 2E 00 73 00        		.dw '.stabn 0x44,0,73,',0,0
         74 00 61 00
         62 00 6E 00
         20 00 30 00
         78 00 34 00
         34 00 2C 00
         30 00 2C 00
         37 00 33 00
         2C 00 00 00
         00 00      
000009A7 18 00 00 00        		.dd LM40-_loop
000009A9 0D 00 0A 00        		.dw 0x0d,0x0a
000080C1                    	.code
                            	LM40:
000080C1 47 92              		R1=7	// QImode move
000080C2 19 D3 07 70        		[28679]=R1	// QImode move
000009AB                    	.debug
000009AB 2E 00 73 00        		.dw '.stabn 0x44,0,74,',0,0
         74 00 61 00
         62 00 6E 00
         20 00 30 00
         78 00 34 00
         34 00 2C 00
         30 00 2C 00
         37 00 34 00
         2C 00 00 00
         00 00      
000009BE 1B 00 00 00        		.dd LM41-_loop
000009C0 0D 00 0A 00        		.dw 0x0d,0x0a
000080C4                    	.code
                            	LM41:
000080C4 47 92              		R1=7	// QImode move
000080C5 19 D3 08 70        		[28680]=R1	// QImode move
000009C2                    	.debug
000009C2 2E 00 73 00        		.dw '.stabn 0x44,0,75,',0,0
         74 00 61 00
         62 00 6E 00
         20 00 30 00
         78 00 34 00
         34 00 2C 00
         30 00 2C 00
         37 00 35 00
         2C 00 00 00
         00 00      
000009D5 1E 00 00 00        		.dd LM42-_loop
000009D7 0D 00 0A 00        		.dw 0x0d,0x0a
000080C7                    	.code
                            	LM42:
000080C7 40 92              		R1=0	// QImode move
000080C8 19 D3 05 70        		[28677]=R1	// QImode move
000009D9                    	.debug
000009D9 2E 00 73 00        		.dw '.stabn 0x44,0,77,',0,0
         74 00 61 00
         62 00 6E 00
         20 00 30 00
         78 00 34 00
         34 00 2C 00
         30 00 2C 00
         37 00 37 00
         2C 00 00 00
         00 00      
000009EC 21 00 00 00        		.dd LM43-_loop
000009EE 0D 00 0A 00        		.dw 0x0d,0x0a
000080CA                    	.code
                            	LM43:
                            	L23:
000080CA 0F 9F CE 80        		PC=L25	// jump
000080CC 0F 9F E7 80        		PC=L24	// jump
                            	L25:
000009F0                    	.debug
000009F0 2E 00 73 00        		.dw '.stabn 0x44,0,79,',0,0
         74 00 61 00
         62 00 6E 00
         20 00 30 00
         78 00 34 00
         34 00 2C 00
         30 00 2C 00
         37 00 39 00
         2C 00 00 00
         00 00      
00000A03 25 00 00 00        		.dd LM44-_loop
00000A05 0D 00 0A 00        		.dw 0x0d,0x0a
000080CE                    	.code
                            	LM44:
000080CE 40 F0 4F 80        		CALL _KeyScan	// call with return value
000080D0 05 95              		R2=BP	// QImode move
000080D1 0D 07 01 00        		R3=BP+1
000080D3 03 95              		R2=R3	// QImode move
000080D4 C2 D2              		[R2]=R1	// QImode move
00000A07                    	.debug
00000A07 2E 00 73 00        		.dw '.stabn 0x44,0,80,',0,0
         74 00 61 00
         62 00 6E 00
         20 00 30 00
         78 00 34 00
         34 00 2C 00
         30 00 2C 00
         38 00 30 00
         2C 00 00 00
         00 00      
00000A1A 2C 00 00 00        		.dd LM45-_loop
00000A1C 0D 00 0A 00        		.dw 0x0d,0x0a
000080D5                    	.code
                            	LM45:
000080D5 05 93              		R1=BP	// QImode move
000080D6 0D 05 01 00        		R2=BP+1
000080D8 02 97              		R3=R2	// QImode move
000080D9 C3 92              		R1=[R3]	// QImode move
000080DA 09 43 00 80        		CMP R1,(-32768)	// QImode compare
000080DC 06 4E 01 EE        		NSJNZ L26	//QImode NE
         00 EE      
00000A1E                    	.debug
00000A1E 2E 00 73 00        		.dw '.stabn 0x44,0,82,',0,0
         74 00 61 00
         62 00 6E 00
         20 00 30 00
         78 00 34 00
         34 00 2C 00
         30 00 2C 00
         38 00 32 00
         2C 00 00 00
         00 00      
00000A31 36 00 00 00        		.dd LM46-_loop
00000A33 0D 00 0A 00        		.dw 0x0d,0x0a
000080DF                    	.code
                            	LM46:
000080DF 40 F0 26 80        		CALL _clearTimer	// call without return value
00000A35                    	.debug
00000A35 2E 00 73 00        		.dw '.stabn 0x44,0,83,',0,0
         74 00 61 00
         62 00 6E 00
         20 00 30 00
         78 00 34 00
         34 00 2C 00
         30 00 2C 00
         38 00 33 00
         2C 00 00 00
         00 00      
00000A48 38 00 00 00        		.dd LM47-_loop
00000A4A 0D 00 0A 00        		.dw 0x0d,0x0a
000080E1                    	.code
                            	LM47:
000080E1 0F 9F E7 80        		PC=L24	// jump
                            	L26:
00000A4C                    	.debug
00000A4C 2E 00 73 00        		.dw '.stabn 0x44,0,85,',0,0
         74 00 61 00
         62 00 6E 00
         20 00 30 00
         78 00 34 00
         34 00 2C 00
         30 00 2C 00
         38 00 35 00
         2C 00 00 00
         00 00      
00000A5F 3A 00 00 00        		.dd LM48-_loop
00000A61 0D 00 0A 00        		.dw 0x0d,0x0a
000080E3                    	.code
                            	LM48:
000080E3 40 F0 26 80        		CALL _clearTimer	// call without return value
00000A63                    	.debug
00000A63 2E 00 73 00        		.dw '.stabn 0x44,0,86,',0,0
         74 00 61 00
         62 00 6E 00
         20 00 30 00
         78 00 34 00
         34 00 2C 00
         30 00 2C 00
         38 00 36 00
         2C 00 00 00
         00 00      
00000A76 3C 00 00 00        		.dd LM49-_loop
00000A78 0D 00 0A 00        		.dw 0x0d,0x0a
000080E5                    	.code
                            	LM49:
000080E5 0F 9F CA 80        		PC=L23	// jump
                            	L24:
00000A7A                    	.debug
00000A7A 2E 00 73 00        		.dw '.stabn 0x44,0,88,',0,0
         74 00 61 00
         62 00 6E 00
         20 00 30 00
         78 00 34 00
         34 00 2C 00
         30 00 2C 00
         38 00 38 00
         2C 00 00 00
         00 00      
00000A8D 3E 00 00 00        		.dd LM50-_loop
00000A8F 0D 00 0A 00        		.dw 0x0d,0x0a
000080E7                    	.code
                            	LM50:
000080E7 40 92              		R1=0	// QImode move
000080E8 C5 D2              		[BP]=R1	// QImode move
                            	L27:
000080E9 C5 92              		R1=[BP]	// QImode move
000080EA 42 42              		CMP R1,2	// QImode compare
000080EB 04 AE 01 EE        		NSJNG L30	//QImode LE
         00 EE      
000080EE 0F 9F 12 81        		PC=L28	// jump
                            	L30:
00000A91                    	.debug
00000A91 2E 00 73 00        		.dw '.stabn 0x44,0,90,',0,0
         74 00 61 00
         62 00 6E 00
         20 00 30 00
         78 00 34 00
         34 00 2C 00
         30 00 2C 00
         39 00 30 00
         2C 00 00 00
         00 00      
00000AA4 47 00 00 00        		.dd LM51-_loop
00000AA6 0D 00 0A 00        		.dw 0x0d,0x0a
000080F0                    	.code
                            	LM51:
000080F0 40 F0 26 80        		CALL _clearTimer	// call without return value
00000AA8                    	.debug
00000AA8 2E 00 73 00        		.dw '.stabn 0x44,0,91,',0,0
         74 00 61 00
         62 00 6E 00
         20 00 30 00
         78 00 34 00
         34 00 2C 00
         30 00 2C 00
         39 00 31 00
         2C 00 00 00
         00 00      
00000ABB 49 00 00 00        		.dd LM52-_loop
00000ABD 0D 00 0A 00        		.dw 0x0d,0x0a
000080F2                    	.code
                            	LM52:
000080F2 09 93 00 60        		R1=24576	// QImode move
000080F4 19 D3 00 70        		[28672]=R1	// QImode move
00000ABF                    	.debug
00000ABF 2E 00 73 00        		.dw '.stabn 0x44,0,92,',0,0
         74 00 61 00
         62 00 6E 00
         20 00 30 00
         78 00 34 00
         34 00 2C 00
         30 00 2C 00
         39 00 32 00
         2C 00 00 00
         00 00      
00000AD2 4D 00 00 00        		.dd LM53-_loop
00000AD4 0D 00 0A 00        		.dw 0x0d,0x0a
000080F6                    	.code
                            	LM53:
000080F6 44 92              		R1=4	// QImode move
000080F7 19 D3 05 70        		[28677]=R1	// QImode move
00000AD6                    	.debug
00000AD6 2E 00 73 00        		.dw '.stabn 0x44,0,93,',0,0
         74 00 61 00
         62 00 6E 00
         20 00 30 00
         78 00 34 00
         34 00 2C 00
         30 00 2C 00
         39 00 33 00
         2C 00 00 00
         00 00      
00000AE9 50 00 00 00        		.dd LM54-_loop
00000AEB 0D 00 0A 00        		.dw 0x0d,0x0a
000080F9                    	.code
                            	LM54:
000080F9 09 93 F4 01        		R1=500	// QImode move
000080FB C8 D2              		[SP--]=R1	// QImode move
000080FC 40 F0 79 80        		CALL _delayMs	// call without return value
000080FE 41 00              		SP = SP + 1	//SP
00000AED                    	.debug
00000AED 2E 00 73 00        		.dw '.stabn 0x44,0,94,',0,0
         74 00 61 00
         62 00 6E 00
         20 00 30 00
         78 00 34 00
         34 00 2C 00
         30 00 2C 00
         39 00 34 00
         2C 00 00 00
         00 00      
00000B00 56 00 00 00        		.dd LM55-_loop
00000B02 0D 00 0A 00        		.dw 0x0d,0x0a
000080FF                    	.code
                            	LM55:
000080FF 09 93 00 20        		R1=8192	// QImode move
00008101 19 D3 00 70        		[28672]=R1	// QImode move
00000B04                    	.debug
00000B04 2E 00 73 00        		.dw '.stabn 0x44,0,95,',0,0
         74 00 61 00
         62 00 6E 00
         20 00 30 00
         78 00 34 00
         34 00 2C 00
         30 00 2C 00
         39 00 35 00
         2C 00 00 00
         00 00      
00000B17 5A 00 00 00        		.dd LM56-_loop
00000B19 0D 00 0A 00        		.dw 0x0d,0x0a
00008103                    	.code
                            	LM56:
00008103 40 92              		R1=0	// QImode move
00008104 19 D3 05 70        		[28677]=R1	// QImode move
00000B1B                    	.debug
00000B1B 2E 00 73 00        		.dw '.stabn 0x44,0,96,',0,0
         74 00 61 00
         62 00 6E 00
         20 00 30 00
         78 00 34 00
         34 00 2C 00
         30 00 2C 00
         39 00 36 00
         2C 00 00 00
         00 00      
00000B2E 5D 00 00 00        		.dd LM57-_loop
00000B30 0D 00 0A 00        		.dw 0x0d,0x0a
00008106                    	.code
                            	LM57:
00008106 09 93 F4 01        		R1=500	// QImode move
00008108 C8 D2              		[SP--]=R1	// QImode move
00008109 40 F0 79 80        		CALL _delayMs	// call without return value
0000810B 41 00              		SP = SP + 1	//SP
00000B32                    	.debug
00000B32 2E 00 73 00        		.dw '.stabn 0x44,0,88,',0,0
         74 00 61 00
         62 00 6E 00
         20 00 30 00
         78 00 34 00
         34 00 2C 00
         30 00 2C 00
         38 00 38 00
         2C 00 00 00
         00 00      
00000B45 63 00 00 00        		.dd LM58-_loop
00000B47 0D 00 0A 00        		.dw 0x0d,0x0a
0000810C                    	.code
                            	LM58:
                            	L29:
0000810C C5 92              		R1=[BP]	// QImode move
0000810D 09 05 01 00        		R2=R1+1
0000810F C5 D4              		[BP]=R2	// QImode move
00008110 0F 9F E9 80        		PC=L27	// jump
                            	L28:
00000B49                    	.debug
00000B49 2E 00 73 00        		.dw '.stabn 0x44,0,99,',0,0
         74 00 61 00
         62 00 6E 00
         20 00 30 00
         78 00 34 00
         34 00 2C 00
         30 00 2C 00
         39 00 39 00
         2C 00 00 00
         00 00      
00000B5C 69 00 00 00        		.dd LM59-_loop
00000B5E 0D 00 0A 00        		.dw 0x0d,0x0a
00008112                    	.code
                            	LM59:
00008112 40 F0 26 80        		CALL _clearTimer	// call without return value
00000B60                    	.debug
00000B60 2E 00 73 00        		.dw '.stabn 0x44,0,100,',0,0
         74 00 61 00
         62 00 6E 00
         20 00 30 00
         78 00 34 00
         34 00 2C 00
         30 00 2C 00
         31 00 30 00
         30 00 2C 00
         00 00 00 00
00000B74 6B 00 00 00        		.dd LM60-_loop
00000B76 0D 00 0A 00        		.dw 0x0d,0x0a
00008114                    	.code
                            	LM60:
00008114 09 93 00 50        		R1=20480	// QImode move
00008116 19 D3 00 70        		[28672]=R1	// QImode move
00000B78                    	.debug
00000B78 2E 00 73 00        		.dw '.stabn 0x44,0,101,',0,0
         74 00 61 00
         62 00 6E 00
         20 00 30 00
         78 00 34 00
         34 00 2C 00
         30 00 2C 00
         31 00 30 00
         31 00 2C 00
         00 00 00 00
00000B8C 6F 00 00 00        		.dd LM61-_loop
00000B8E 0D 00 0A 00        		.dw 0x0d,0x0a
00008118                    	.code
                            	LM61:
00008118 40 92              		R1=0	// QImode move
00008119 19 D3 05 70        		[28677]=R1	// QImode move
00000B90                    	.debug
00000B90 2E 00 73 00        		.dw '.stabn 0x44,0,102,',0,0
         74 00 61 00
         62 00 6E 00
         20 00 30 00
         78 00 34 00
         34 00 2C 00
         30 00 2C 00
         31 00 30 00
         32 00 2C 00
         00 00 00 00
00000BA4 72 00 00 00        		.dd LM62-_loop
00000BA6 0D 00 0A 00        		.dw 0x0d,0x0a
0000811B                    	.code
                            	LM62:
0000811B 09 93 10 27        		R1=10000	// QImode move
0000811D C8 D2              		[SP--]=R1	// QImode move
0000811E 40 F0 79 80        		CALL _delayMs	// call without return value
00008120 41 00              		SP = SP + 1	//SP
00000BA8                    	.debug
00000BA8 2E 00 73 00        		.dw '.stabn 0x44,0,104,',0,0
         74 00 61 00
         62 00 6E 00
         20 00 30 00
         78 00 34 00
         34 00 2C 00
         30 00 2C 00
         31 00 30 00
         34 00 2C 00
         00 00 00 00
00000BBC 78 00 00 00        		.dd LM63-_loop
00000BBE 0D 00 0A 00        		.dw 0x0d,0x0a
00008121                    	.code
                            	LM63:
00008121 40 F0 26 80        		CALL _clearTimer	// call without return value
00000BC0                    	.debug
00000BC0 2E 00 73 00        		.dw '.stabn 0x44,0,105,',0,0
         74 00 61 00
         62 00 6E 00
         20 00 30 00
         78 00 34 00
         34 00 2C 00
         30 00 2C 00
         31 00 30 00
         35 00 2C 00
         00 00 00 00
00000BD4 7A 00 00 00        		.dd LM64-_loop
00000BD6 0D 00 0A 00        		.dw 0x0d,0x0a
00008123                    	.code
                            	LM64:
00008123 09 93 00 10        		R1=4096	// QImode move
00008125 19 D3 00 70        		[28672]=R1	// QImode move
00000BD8                    	.debug
00000BD8 2E 00 73 00        		.dw '.stabn 0x44,0,106,',0,0
         74 00 61 00
         62 00 6E 00
         20 00 30 00
         78 00 34 00
         34 00 2C 00
         30 00 2C 00
         31 00 30 00
         36 00 2C 00
         00 00 00 00
00000BEC 7E 00 00 00        		.dd LM65-_loop
00000BEE 0D 00 0A 00        		.dw 0x0d,0x0a
00008127                    	.code
                            	LM65:
00008127 41 92              		R1=1	// QImode move
00008128 19 D3 05 70        		[28677]=R1	// QImode move
00000BF0                    	.debug
00000BF0 2E 00 73 00        		.dw '.stabn 0x44,0,107,',0,0
         74 00 61 00
         62 00 6E 00
         20 00 30 00
         78 00 34 00
         34 00 2C 00
         30 00 2C 00
         31 00 30 00
         37 00 2C 00
         00 00 00 00
00000C04 81 00 00 00        		.dd LM66-_loop
00000C06 0D 00 0A 00        		.dw 0x0d,0x0a
0000812A                    	.code
                            	LM66:
0000812A 09 93 10 27        		R1=10000	// QImode move
0000812C C8 D2              		[SP--]=R1	// QImode move
0000812D 40 F0 79 80        		CALL _delayMs	// call without return value
0000812F 41 00              		SP = SP + 1	//SP
00000C08                    	.debug
00000C08 2E 00 73 00        		.dw '.stabn 0x44,0,109,',0,0
         74 00 61 00
         62 00 6E 00
         20 00 30 00
         78 00 34 00
         34 00 2C 00
         30 00 2C 00
         31 00 30 00
         39 00 2C 00
         00 00 00 00
00000C1C 87 00 00 00        		.dd LM67-_loop
00000C1E 0D 00 0A 00        		.dw 0x0d,0x0a
00008130                    	.code
                            	LM67:
00008130 40 92              		R1=0	// QImode move
00008131 C5 D2              		[BP]=R1	// QImode move
                            	L31:
00008132 C5 92              		R1=[BP]	// QImode move
00008133 42 42              		CMP R1,2	// QImode compare
00008134 04 AE 01 EE        		NSJNG L34	//QImode LE
         00 EE      
00008137 0F 9F 54 81        		PC=L32	// jump
                            	L34:
00000C20                    	.debug
00000C20 2E 00 73 00        		.dw '.stabn 0x44,0,111,',0,0
         74 00 61 00
         62 00 6E 00
         20 00 30 00
         78 00 34 00
         34 00 2C 00
         30 00 2C 00
         31 00 31 00
         31 00 2C 00
         00 00 00 00
00000C34 90 00 00 00        		.dd LM68-_loop
00000C36 0D 00 0A 00        		.dw 0x0d,0x0a
00008139                    	.code
                            	LM68:
00008139 40 F0 26 80        		CALL _clearTimer	// call without return value
00000C38                    	.debug
00000C38 2E 00 73 00        		.dw '.stabn 0x44,0,112,',0,0
         74 00 61 00
         62 00 6E 00
         20 00 30 00
         78 00 34 00
         34 00 2C 00
         30 00 2C 00
         31 00 31 00
         32 00 2C 00
         00 00 00 00
00000C4C 92 00 00 00        		.dd LM69-_loop
00000C4E 0D 00 0A 00        		.dw 0x0d,0x0a
0000813B                    	.code
                            	LM69:
0000813B 09 93 00 20        		R1=8192	// QImode move
0000813D 19 D3 00 70        		[28672]=R1	// QImode move
00000C50                    	.debug
00000C50 2E 00 73 00        		.dw '.stabn 0x44,0,113,',0,0
         74 00 61 00
         62 00 6E 00
         20 00 30 00
         78 00 34 00
         34 00 2C 00
         30 00 2C 00
         31 00 31 00
         33 00 2C 00
         00 00 00 00
00000C64 96 00 00 00        		.dd LM70-_loop
00000C66 0D 00 0A 00        		.dw 0x0d,0x0a
0000813F                    	.code
                            	LM70:
0000813F 42 92              		R1=2	// QImode move
00008140 19 D3 05 70        		[28677]=R1	// QImode move
00000C68                    	.debug
00000C68 2E 00 73 00        		.dw '.stabn 0x44,0,114,',0,0
         74 00 61 00
         62 00 6E 00
         20 00 30 00
         78 00 34 00
         34 00 2C 00
         30 00 2C 00
         31 00 31 00
         34 00 2C 00
         00 00 00 00
00000C7C 99 00 00 00        		.dd LM71-_loop
00000C7E 0D 00 0A 00        		.dw 0x0d,0x0a
00008142                    	.code
                            	LM71:
00008142 09 93 F4 01        		R1=500	// QImode move
00008144 C8 D2              		[SP--]=R1	// QImode move
00008145 40 F0 79 80        		CALL _delayMs	// call without return value
00008147 41 00              		SP = SP + 1	//SP
00000C80                    	.debug
00000C80 2E 00 73 00        		.dw '.stabn 0x44,0,115,',0,0
         74 00 61 00
         62 00 6E 00
         20 00 30 00
         78 00 34 00
         34 00 2C 00
         30 00 2C 00
         31 00 31 00
         35 00 2C 00
         00 00 00 00
00000C94 9F 00 00 00        		.dd LM72-_loop
00000C96 0D 00 0A 00        		.dw 0x0d,0x0a
00008148                    	.code
                            	LM72:
00008148 40 92              		R1=0	// QImode move
00008149 19 D3 00 70        		[28672]=R1	// QImode move
00000C98                    	.debug
00000C98 2E 00 73 00        		.dw '.stabn 0x44,0,116,',0,0
         74 00 61 00
         62 00 6E 00
         20 00 30 00
         78 00 34 00
         34 00 2C 00
         30 00 2C 00
         31 00 31 00
         36 00 2C 00
         00 00 00 00
00000CAC A2 00 00 00        		.dd LM73-_loop
00000CAE 0D 00 0A 00        		.dw 0x0d,0x0a
0000814B                    	.code
                            	LM73:
0000814B 42 92              		R1=2	// QImode move
0000814C 19 D3 05 70        		[28677]=R1	// QImode move
00000CB0                    	.debug
00000CB0 2E 00 73 00        		.dw '.stabn 0x44,0,109,',0,0
         74 00 61 00
         62 00 6E 00
         20 00 30 00
         78 00 34 00
         34 00 2C 00
         30 00 2C 00
         31 00 30 00
         39 00 2C 00
         00 00 00 00
00000CC4 A5 00 00 00        		.dd LM74-_loop
00000CC6 0D 00 0A 00        		.dw 0x0d,0x0a
0000814E                    	.code
                            	LM74:
                            	L33:
0000814E C5 92              		R1=[BP]	// QImode move
0000814F 09 05 01 00        		R2=R1+1
00008151 C5 D4              		[BP]=R2	// QImode move
00008152 0F 9F 32 81        		PC=L31	// jump
                            	L32:
00000CC8                    	.debug
00000CC8 2E 00 73 00        		.dw '.stabn 0x44,0,118,',0,0
         74 00 61 00
         62 00 6E 00
         20 00 30 00
         78 00 34 00
         34 00 2C 00
         30 00 2C 00
         31 00 31 00
         38 00 2C 00
         00 00 00 00
00000CDC AB 00 00 00        		.dd LM75-_loop
00000CDE 0D 00 0A 00        		.dw 0x0d,0x0a
00008154                    	.code
                            	LM75:
                            	LBE4:
00000CE0                    	.debug
00000CE0 2E 00 73 00        		.dw '.stabn 0x44,0,118,',0,0
         74 00 61 00
         62 00 6E 00
         20 00 30 00
         78 00 34 00
         34 00 2C 00
         30 00 2C 00
         31 00 31 00
         38 00 2C 00
         00 00 00 00
00000CF4 AB 00 00 00        		.dd LM76-_loop
00000CF6 0D 00 0A 00        		.dw 0x0d,0x0a
00008154                    	.code
                            	LM76:
                            	L22:
                            	
00008154 43 00              		SP+=3
00008155 88 98              		POP BP from [SP]
00008156 90 9A              		RETF
                            		.endp	// end of loop
                            	
00000CF8                    	.debug
00000CF8 2E 00 73 00        		.dw '.stabn 0xc0,0,0,',0,0
         74 00 61 00
         62 00 6E 00
         20 00 30 00
         78 00 63 00
         30 00 2C 00
         30 00 2C 00
         30 00 2C 00
         00 00 00 00
00000D0A 07 00 00 00        		.dd LBB4-_loop
00000D0C 0D 00 0A 00        		.dw 0x0d,0x0a
00008157                    	.code
00000D0E                    	.debug
00000D0E 2E 00 73 00        		.dw '.stabs "i:1",128,0,0,0',0x0d,0x0a
         74 00 61 00
         62 00 73 00
         20 00 22 00
         69 00 3A 00
         31 00 22 00
         2C 00 31 00
         32 00 38 00
         2C 00 30 00
         2C 00 30 00
         2C 00 30 00
         0D 00 0A 00
00008157                    	.CODE
00000D26                    	.debug
00000D26 2E 00 73 00        		.dw '.stabs "uiKey:4",128,0,0,1',0x0d,0x0a
         74 00 61 00
         62 00 73 00
         20 00 22 00
         75 00 69 00
         4B 00 65 00
         79 00 3A 00
         34 00 22 00
         2C 00 31 00
         32 00 38 00
         2C 00 30 00
         2C 00 30 00
         2C 00 31 00
         0D 00 0A 00
00008157                    	.CODE
00000D42                    	.debug
00000D42 2E 00 73 00        		.dw '.stabn 0xe0,0,0,',0,0
         74 00 61 00
         62 00 6E 00
         20 00 30 00
         78 00 65 00
         30 00 2C 00
         30 00 2C 00
         30 00 2C 00
         00 00 00 00
00000D54 AB 00 00 00        		.dd LBE4-_loop
00000D56 0D 00 0A 00        		.dw 0x0d,0x0a
00008157                    	.code
00000D58                    	.debug
00000D58 2E 00 73 00        		.dw '.stabf ',0,0
         74 00 61 00
         62 00 66 00
         20 00 00 00
         00 00      
00000D61 AE 00 00 00        		.dd LME5-_loop
00000D63 0D 00 0A 00        		.dw 0x0d,0x0a
00008157                    	.code
                            	LME5:
00008157                    	.code
00000D65                    	.debug
00000D65 2E 00 73 00        		.dw '.stabs "main:F1",36,0,0,',0,0,offset _main,seg _main,0x0d,0x0a
         74 00 61 00
         62 00 73 00
         20 00 22 00
         6D 00 61 00
         69 00 6E 00
         3A 00 46 00
         31 00 22 00
         2C 00 33 00
         36 00 2C 00
         30 00 2C 00
         30 00 2C 00
         00 00 00 00
         31 01 00 00
         0D 00 0A 00
00008157                    	.CODE
                            	.public _main
                            	_main:	.proc
00000D83                    	.debug
00000D83 2E 00 73 00        		.dw '.stabn 0x44,0,121,',0,0
         74 00 61 00
         62 00 6E 00
         20 00 30 00
         78 00 34 00
         34 00 2C 00
         30 00 2C 00
         31 00 32 00
         31 00 2C 00
         00 00 00 00
00000D97 00 00 00 00        		.dd LM77-_main
00000D99 0D 00 0A 00        		.dw 0x0d,0x0a
00008157                    	.code
                            	LM77:
                            		// total=1, vars=1
                            		// frame_pointer_needed: 1
00000D9B                    	.debug
00000D9B 2E 00 73 00        		.dw '.stabn 0xa6,0,0,1',0x0d, 0x0a
         74 00 61 00
         62 00 6E 00
         20 00 30 00
         78 00 61 00
         36 00 2C 00
         30 00 2C 00
         30 00 2C 00
         31 00 0D 00
         0A 00      
00008157                    	.code
00008157 88 DA              		PUSH BP to [SP]
00008158 41 20              		SP-=1
00008159 08 0B 01 00        		BP=SP+1
                            	
0000815B 0D 03 04 00        		R1=BP+4
0000815D C5 D2              		[BP]=R1	// QImode move
00000DAE                    	.debug
00000DAE 2E 00 73 00        		.dw '.stabn 0x44,0,122,',0,0
         74 00 61 00
         62 00 6E 00
         20 00 30 00
         78 00 34 00
         34 00 2C 00
         30 00 2C 00
         31 00 32 00
         32 00 2C 00
         00 00 00 00
00000DC2 07 00 00 00        		.dd LM78-_main
00000DC4 0D 00 0A 00        		.dw 0x0d,0x0a
0000815E                    	.code
                            	LM78:
                            	L39:
0000815E 0F 9F 62 81        		PC=L41	// jump
00008160 0F 9F 68 81        		PC=L40	// jump
                            	L41:
00000DC6                    	.debug
00000DC6 2E 00 73 00        		.dw '.stabn 0x44,0,124,',0,0
         74 00 61 00
         62 00 6E 00
         20 00 30 00
         78 00 34 00
         34 00 2C 00
         30 00 2C 00
         31 00 32 00
         34 00 2C 00
         00 00 00 00
00000DDA 0B 00 00 00        		.dd LM79-_main
00000DDC 0D 00 0A 00        		.dw 0x0d,0x0a
00008162                    	.code
                            	LM79:
00008162 40 F0 26 80        		CALL _clearTimer	// call without return value
00000DDE                    	.debug
00000DDE 2E 00 73 00        		.dw '.stabn 0x44,0,125,',0,0
         74 00 61 00
         62 00 6E 00
         20 00 30 00
         78 00 34 00
         34 00 2C 00
         30 00 2C 00
         31 00 32 00
         35 00 2C 00
         00 00 00 00
00000DF2 0D 00 00 00        		.dd LM80-_main
00000DF4 0D 00 0A 00        		.dw 0x0d,0x0a
00008164                    	.code
                            	LM80:
00008164 40 F0 A9 80        		CALL _loop	// call without return value
00000DF6                    	.debug
00000DF6 2E 00 73 00        		.dw '.stabn 0x44,0,126,',0,0
         74 00 61 00
         62 00 6E 00
         20 00 30 00
         78 00 34 00
         34 00 2C 00
         30 00 2C 00
         31 00 32 00
         36 00 2C 00
         00 00 00 00
00000E0A 0F 00 00 00        		.dd LM81-_main
00000E0C 0D 00 0A 00        		.dw 0x0d,0x0a
00008166                    	.code
                            	LM81:
00008166 0F 9F 5E 81        		PC=L39	// jump
                            	L40:
00000E0E                    	.debug
00000E0E 2E 00 73 00        		.dw '.stabn 0x44,0,127,',0,0
         74 00 61 00
         62 00 6E 00
         20 00 30 00
         78 00 34 00
         34 00 2C 00
         30 00 2C 00
         31 00 32 00
         37 00 2C 00
         00 00 00 00
00000E22 11 00 00 00        		.dd LM82-_main
00000E24 0D 00 0A 00        		.dw 0x0d,0x0a
00008168                    	.code
                            	LM82:
00008168 40 92              		R1=0	// QImode move
00008169 0F 9F 6B 81        		PC=L38	// jump
00000E26                    	.debug
00000E26 2E 00 73 00        		.dw '.stabn 0x44,0,128,',0,0
         74 00 61 00
         62 00 6E 00
         20 00 30 00
         78 00 34 00
         34 00 2C 00
         30 00 2C 00
         31 00 32 00
         38 00 2C 00
         00 00 00 00
00000E3A 14 00 00 00        		.dd LM83-_main
00000E3C 0D 00 0A 00        		.dw 0x0d,0x0a
0000816B                    	.code
                            	LM83:
00000E3E                    	.debug
00000E3E 2E 00 73 00        		.dw '.stabn 0x44,0,128,',0,0
         74 00 61 00
         62 00 6E 00
         20 00 30 00
         78 00 34 00
         34 00 2C 00
         30 00 2C 00
         31 00 32 00
         38 00 2C 00
         00 00 00 00
00000E52 14 00 00 00        		.dd LM84-_main
00000E54 0D 00 0A 00        		.dw 0x0d,0x0a
0000816B                    	.code
                            	LM84:
                            	L38:
                            	
0000816B 41 00              		SP+=1
0000816C 88 98              		POP BP from [SP]
0000816D 90 9A              		RETF
                            		.endp	// end of main
                            	
00000E56                    	.debug
00000E56 2E 00 73 00        		.dw '.stabf ',0,0
         74 00 61 00
         62 00 66 00
         20 00 00 00
         00 00      
00000E5F 17 00 00 00        		.dd LME6-_main
00000E61 0D 00 0A 00        		.dw 0x0d,0x0a
0000816E                    	.code
                            	LME6:
                            		.end
0 error(s), 0 warning(s).

