Sunplus u'nSP Assembler - Ver. 1.14.12
              Listing File Has Been Relocated
                            	// GCC for SUNPLUS u'nSP version 1.0.23
                            	// Command: C:\PROGRA~1\Sunplus\UNSPID~1.2D\toolchain\cc1.exe C:\DOCUME~1\ADMINI~1\LOCALS~1\Temp\ccKMaaaa.i -fkeep-inline-functions -quiet -dumpbase main.c -mglobal-var-iram -gstabs -Wall -o .\Debug/main.asm
                            		.external __sn_func_ptr_sec
                            	
                            	// gcc2_compiled.:
                            	
00000000                    	.debug
00000000 2E 00 73 00        		.dw '.stabs "H:/Light/light/",0x64,0,3,',0,0,offset Ltext0,seg Ltext0,0x0d,0x0a
         74 00 61 00
         62 00 73 00
         20 00 22 00
         48 00 3A 00
         2F 00 4C 00
         69 00 67 00
         68 00 74 00
         2F 00 6C 00
         69 00 67 00
         68 00 74 00
         2F 00 22 00
         2C 00 30 00
         78 00 36 00
         34 00 2C 00
         30 00 2C 00
         33 00 2C 00
         00 00 00 00
         00 00 00 00
         0D 00 0A 00
00008026                    	.code
00000028                    	.debug
00000028 2E 00 73 00        		.dw '.stabs "H:/Light/light/main.c",0x64,0,3,',0,0,offset Ltext0,seg Ltext0,0x0d,0x0a
         74 00 61 00
         62 00 73 00
         20 00 22 00
         48 00 3A 00
         2F 00 4C 00
         69 00 67 00
         68 00 74 00
         2F 00 6C 00
         69 00 67 00
         68 00 74 00
         2F 00 6D 00
         61 00 69 00
         6E 00 2E 00
         63 00 22 00
         2C 00 30 00
         78 00 36 00
         34 00 2C 00
         30 00 2C 00
         33 00 2C 00
         00 00 00 00
         00 00 00 00
         0D 00 0A 00
00008026                    	.code
00008026                    	.code
                            	Ltext0:
00000056                    	.debug
00000056 2E 00 73 00        		.dw '.stabs "int:t1=r1;-32768;32767;",128,0,0,0',0x0d,0x0a
         74 00 61 00
         62 00 73 00
         20 00 22 00
         69 00 6E 00
         74 00 3A 00
         74 00 31 00
         3D 00 72 00
         31 00 3B 00
         2D 00 33 00
         32 00 37 00
         36 00 38 00
         3B 00 33 00
         32 00 37 00
         36 00 37 00
         3B 00 22 00
         2C 00 31 00
         32 00 38 00
         2C 00 30 00
         2C 00 30 00
         2C 00 30 00
         0D 00 0A 00
00008026                    	.CODE
00000082                    	.debug
00000082 2E 00 73 00        		.dw '.stabs "char:t2=r2;0;127;",128,0,0,0',0x0d,0x0a
         74 00 61 00
         62 00 73 00
         20 00 22 00
         63 00 68 00
         61 00 72 00
         3A 00 74 00
         32 00 3D 00
         72 00 32 00
         3B 00 30 00
         3B 00 31 00
         32 00 37 00
         3B 00 22 00
         2C 00 31 00
         32 00 38 00
         2C 00 30 00
         2C 00 30 00
         2C 00 30 00
         0D 00 0A 00
00008026                    	.CODE
000000A8                    	.debug
000000A8 2E 00 73 00        		.dw '.stabs "long int:t3=r3;-2147483648;2147483647;",128,0,0,0',0x0d,0x0a
         74 00 61 00
         62 00 73 00
         20 00 22 00
         6C 00 6F 00
         6E 00 67 00
         20 00 69 00
         6E 00 74 00
         3A 00 74 00
         33 00 3D 00
         72 00 33 00
         3B 00 2D 00
         32 00 31 00
         34 00 37 00
         34 00 38 00
         33 00 36 00
         34 00 38 00
         3B 00 32 00
         31 00 34 00
         37 00 34 00
         38 00 33 00
         36 00 34 00
         37 00 3B 00
         22 00 2C 00
         31 00 32 00
         38 00 2C 00
         30 00 2C 00
         30 00 2C 00
         30 00 0D 00
         0A 00      
00008026                    	.CODE
000000E3                    	.debug
000000E3 2E 00 73 00        		.dw '.stabs "unsigned int:t4=r4;0;65535;",128,0,0,0',0x0d,0x0a
         74 00 61 00
         62 00 73 00
         20 00 22 00
         75 00 6E 00
         73 00 69 00
         67 00 6E 00
         65 00 64 00
         20 00 69 00
         6E 00 74 00
         3A 00 74 00
         34 00 3D 00
         72 00 34 00
         3B 00 30 00
         3B 00 36 00
         35 00 35 00
         33 00 35 00
         3B 00 22 00
         2C 00 31 00
         32 00 38 00
         2C 00 30 00
         2C 00 30 00
         2C 00 30 00
         0D 00 0A 00
00008026                    	.CODE
00000113                    	.debug
00000113 2E 00 73 00        		.dw '.stabs "long unsigned int:t5=r5;0;4294967295;",128,0,0,0',0x0d,0x0a
         74 00 61 00
         62 00 73 00
         20 00 22 00
         6C 00 6F 00
         6E 00 67 00
         20 00 75 00
         6E 00 73 00
         69 00 67 00
         6E 00 65 00
         64 00 20 00
         69 00 6E 00
         74 00 3A 00
         74 00 35 00
         3D 00 72 00
         35 00 3B 00
         30 00 3B 00
         34 00 32 00
         39 00 34 00
         39 00 36 00
         37 00 32 00
         39 00 35 00
         3B 00 22 00
         2C 00 31 00
         32 00 38 00
         2C 00 30 00
         2C 00 30 00
         2C 00 30 00
         0D 00 0A 00
00008026                    	.CODE
0000014D                    	.debug
0000014D 2E 00 73 00        		.dw '.stabs "long long int:t6=r6;-2147483648;2147483647;",128,0,0,0',0x0d,0x0a
         74 00 61 00
         62 00 73 00
         20 00 22 00
         6C 00 6F 00
         6E 00 67 00
         20 00 6C 00
         6F 00 6E 00
         67 00 20 00
         69 00 6E 00
         74 00 3A 00
         74 00 36 00
         3D 00 72 00
         36 00 3B 00
         2D 00 32 00
         31 00 34 00
         37 00 34 00
         38 00 33 00
         36 00 34 00
         38 00 3B 00
         32 00 31 00
         34 00 37 00
         34 00 38 00
         33 00 36 00
         34 00 37 00
         3B 00 22 00
         2C 00 31 00
         32 00 38 00
         2C 00 30 00
         2C 00 30 00
         2C 00 30 00
         0D 00 0A 00
00008026                    	.CODE
0000018D                    	.debug
0000018D 2E 00 73 00        		.dw '.stabs "long long unsigned int:t7=r7;0;4294967295;",128,0,0,0',0x0d,0x0a
         74 00 61 00
         62 00 73 00
         20 00 22 00
         6C 00 6F 00
         6E 00 67 00
         20 00 6C 00
         6F 00 6E 00
         67 00 20 00
         75 00 6E 00
         73 00 69 00
         67 00 6E 00
         65 00 64 00
         20 00 69 00
         6E 00 74 00
         3A 00 74 00
         37 00 3D 00
         72 00 37 00
         3B 00 30 00
         3B 00 34 00
         32 00 39 00
         34 00 39 00
         36 00 37 00
         32 00 39 00
         35 00 3B 00
         22 00 2C 00
         31 00 32 00
         38 00 2C 00
         30 00 2C 00
         30 00 2C 00
         30 00 0D 00
         0A 00      
00008026                    	.CODE
000001CC                    	.debug
000001CC 2E 00 73 00        		.dw '.stabs "short int:t8=r8;-32768;32767;",128,0,0,0',0x0d,0x0a
         74 00 61 00
         62 00 73 00
         20 00 22 00
         73 00 68 00
         6F 00 72 00
         74 00 20 00
         69 00 6E 00
         74 00 3A 00
         74 00 38 00
         3D 00 72 00
         38 00 3B 00
         2D 00 33 00
         32 00 37 00
         36 00 38 00
         3B 00 33 00
         32 00 37 00
         36 00 37 00
         3B 00 22 00
         2C 00 31 00
         32 00 38 00
         2C 00 30 00
         2C 00 30 00
         2C 00 30 00
         0D 00 0A 00
00008026                    	.CODE
000001FE                    	.debug
000001FE 2E 00 73 00        		.dw '.stabs "short unsigned int:t9=r9;0;65535;",128,0,0,0',0x0d,0x0a
         74 00 61 00
         62 00 73 00
         20 00 22 00
         73 00 68 00
         6F 00 72 00
         74 00 20 00
         75 00 6E 00
         73 00 69 00
         67 00 6E 00
         65 00 64 00
         20 00 69 00
         6E 00 74 00
         3A 00 74 00
         39 00 3D 00
         72 00 39 00
         3B 00 30 00
         3B 00 36 00
         35 00 35 00
         33 00 35 00
         3B 00 22 00
         2C 00 31 00
         32 00 38 00
         2C 00 30 00
         2C 00 30 00
         2C 00 30 00
         0D 00 0A 00
00008026                    	.CODE
00000234                    	.debug
00000234 2E 00 73 00        		.dw '.stabs "signed char:t10=r10;-32768;32767;",128,0,0,0',0x0d,0x0a
         74 00 61 00
         62 00 73 00
         20 00 22 00
         73 00 69 00
         67 00 6E 00
         65 00 64 00
         20 00 63 00
         68 00 61 00
         72 00 3A 00
         74 00 31 00
         30 00 3D 00
         72 00 31 00
         30 00 3B 00
         2D 00 33 00
         32 00 37 00
         36 00 38 00
         3B 00 33 00
         32 00 37 00
         36 00 37 00
         3B 00 22 00
         2C 00 31 00
         32 00 38 00
         2C 00 30 00
         2C 00 30 00
         2C 00 30 00
         0D 00 0A 00
00008026                    	.CODE
0000026A                    	.debug
0000026A 2E 00 73 00        		.dw '.stabs "unsigned char:t11=r11;0;65535;",128,0,0,0',0x0d,0x0a
         74 00 61 00
         62 00 73 00
         20 00 22 00
         75 00 6E 00
         73 00 69 00
         67 00 6E 00
         65 00 64 00
         20 00 63 00
         68 00 61 00
         72 00 3A 00
         74 00 31 00
         31 00 3D 00
         72 00 31 00
         31 00 3B 00
         30 00 3B 00
         36 00 35 00
         35 00 33 00
         35 00 3B 00
         22 00 2C 00
         31 00 32 00
         38 00 2C 00
         30 00 2C 00
         30 00 2C 00
         30 00 0D 00
         0A 00      
00008026                    	.CODE
0000029D                    	.debug
0000029D 2E 00 73 00        		.dw '.stabs "float:t12=r1;2;0;",128,0,0,0',0x0d,0x0a
         74 00 61 00
         62 00 73 00
         20 00 22 00
         66 00 6C 00
         6F 00 61 00
         74 00 3A 00
         74 00 31 00
         32 00 3D 00
         72 00 31 00
         3B 00 32 00
         3B 00 30 00
         3B 00 22 00
         2C 00 31 00
         32 00 38 00
         2C 00 30 00
         2C 00 30 00
         2C 00 30 00
         0D 00 0A 00
00008026                    	.CODE
000002C3                    	.debug
000002C3 2E 00 73 00        		.dw '.stabs "double:t13=r1;2;0;",128,0,0,0',0x0d,0x0a
         74 00 61 00
         62 00 73 00
         20 00 22 00
         64 00 6F 00
         75 00 62 00
         6C 00 65 00
         3A 00 74 00
         31 00 33 00
         3D 00 72 00
         31 00 3B 00
         32 00 3B 00
         30 00 3B 00
         22 00 2C 00
         31 00 32 00
         38 00 2C 00
         30 00 2C 00
         30 00 2C 00
         30 00 0D 00
         0A 00      
00008026                    	.CODE
000002EA                    	.debug
000002EA 2E 00 73 00        		.dw '.stabs "long double:t14=r1;2;0;",128,0,0,0',0x0d,0x0a
         74 00 61 00
         62 00 73 00
         20 00 22 00
         6C 00 6F 00
         6E 00 67 00
         20 00 64 00
         6F 00 75 00
         62 00 6C 00
         65 00 3A 00
         74 00 31 00
         34 00 3D 00
         72 00 31 00
         3B 00 32 00
         3B 00 30 00
         3B 00 22 00
         2C 00 31 00
         32 00 38 00
         2C 00 30 00
         2C 00 30 00
         2C 00 30 00
         0D 00 0A 00
00008026                    	.CODE
00000316                    	.debug
00000316 2E 00 73 00        		.dw '.stabs "complex int:t15=s2real:1,0,16;imag:1,16,16;;",128,0,0,0',0x0d,0x0a
         74 00 61 00
         62 00 73 00
         20 00 22 00
         63 00 6F 00
         6D 00 70 00
         6C 00 65 00
         78 00 20 00
         69 00 6E 00
         74 00 3A 00
         74 00 31 00
         35 00 3D 00
         73 00 32 00
         72 00 65 00
         61 00 6C 00
         3A 00 31 00
         2C 00 30 00
         2C 00 31 00
         36 00 3B 00
         69 00 6D 00
         61 00 67 00
         3A 00 31 00
         2C 00 31 00
         36 00 2C 00
         31 00 36 00
         3B 00 3B 00
         22 00 2C 00
         31 00 32 00
         38 00 2C 00
         30 00 2C 00
         30 00 2C 00
         30 00 0D 00
         0A 00      
00008026                    	.CODE
00000357                    	.debug
00000357 2E 00 73 00        		.dw '.stabs "complex float:t16=r16;2;0;",128,0,0,0',0x0d,0x0a
         74 00 61 00
         62 00 73 00
         20 00 22 00
         63 00 6F 00
         6D 00 70 00
         6C 00 65 00
         78 00 20 00
         66 00 6C 00
         6F 00 61 00
         74 00 3A 00
         74 00 31 00
         36 00 3D 00
         72 00 31 00
         36 00 3B 00
         32 00 3B 00
         30 00 3B 00
         22 00 2C 00
         31 00 32 00
         38 00 2C 00
         30 00 2C 00
         30 00 2C 00
         30 00 0D 00
         0A 00      
00008026                    	.CODE
00000386                    	.debug
00000386 2E 00 73 00        		.dw '.stabs "complex double:t17=r17;2;0;",128,0,0,0',0x0d,0x0a
         74 00 61 00
         62 00 73 00
         20 00 22 00
         63 00 6F 00
         6D 00 70 00
         6C 00 65 00
         78 00 20 00
         64 00 6F 00
         75 00 62 00
         6C 00 65 00
         3A 00 74 00
         31 00 37 00
         3D 00 72 00
         31 00 37 00
         3B 00 32 00
         3B 00 30 00
         3B 00 22 00
         2C 00 31 00
         32 00 38 00
         2C 00 30 00
         2C 00 30 00
         2C 00 30 00
         0D 00 0A 00
00008026                    	.CODE
000003B6                    	.debug
000003B6 2E 00 73 00        		.dw '.stabs "complex long double:t18=r18;2;0;",128,0,0,0',0x0d,0x0a
         74 00 61 00
         62 00 73 00
         20 00 22 00
         63 00 6F 00
         6D 00 70 00
         6C 00 65 00
         78 00 20 00
         6C 00 6F 00
         6E 00 67 00
         20 00 64 00
         6F 00 75 00
         62 00 6C 00
         65 00 3A 00
         74 00 31 00
         38 00 3D 00
         72 00 31 00
         38 00 3B 00
         32 00 3B 00
         30 00 3B 00
         22 00 2C 00
         31 00 32 00
         38 00 2C 00
         30 00 2C 00
         30 00 2C 00
         30 00 0D 00
         0A 00      
00008026                    	.CODE
000003EB                    	.debug
000003EB 2E 00 73 00        		.dw '.stabs "void:t19=19",128,0,0,0',0x0d,0x0a
         74 00 61 00
         62 00 73 00
         20 00 22 00
         76 00 6F 00
         69 00 64 00
         3A 00 74 00
         31 00 39 00
         3D 00 31 00
         39 00 22 00
         2C 00 31 00
         32 00 38 00
         2C 00 30 00
         2C 00 30 00
         2C 00 30 00
         0D 00 0A 00
00008026                    	.CODE
00008026                    	.code
0000040B                    	.debug
0000040B 2E 00 73 00        		.dw '.stabs "Delay:F19",36,0,0,',0,0,offset _Delay,seg _Delay,0x0d,0x0a
         74 00 61 00
         62 00 73 00
         20 00 22 00
         44 00 65 00
         6C 00 61 00
         79 00 3A 00
         46 00 31 00
         39 00 22 00
         2C 00 33 00
         36 00 2C 00
         30 00 2C 00
         30 00 2C 00
         00 00 00 00
         00 00 00 00
         0D 00 0A 00
00008026                    	.CODE
                            	.public _Delay
                            	_Delay:	.proc
0000042B                    	.debug
0000042B 2E 00 73 00        		.dw '.stabn 0x44,0,13,',0,0
         74 00 61 00
         62 00 6E 00
         20 00 30 00
         78 00 34 00
         34 00 2C 00
         30 00 2C 00
         31 00 33 00
         2C 00 00 00
         00 00      
0000043E 00 00 00 00        		.dd LM1-_Delay
00000440 0D 00 0A 00        		.dw 0x0d,0x0a
00008026                    	.code
                            	LM1:
                            		// total=1, vars=1
                            		// frame_pointer_needed: 1
00000442                    	.debug
00000442 2E 00 73 00        		.dw '.stabn 0xa6,0,0,1',0x0d, 0x0a
         74 00 61 00
         62 00 6E 00
         20 00 30 00
         78 00 61 00
         36 00 2C 00
         30 00 2C 00
         30 00 2C 00
         31 00 0D 00
         0A 00      
00008026                    	.code
00008026 88 DA              		PUSH BP to [SP]
00008027 41 20              		SP-=1
00008028 08 0B 01 00        		BP=SP+1
                            	
0000802A 0D 03 04 00        		R1=BP+4
                            	LBB2:
00000455                    	.debug
00000455 2E 00 73 00        		.dw '.stabn 0x44,0,15,',0,0
         74 00 61 00
         62 00 6E 00
         20 00 30 00
         78 00 34 00
         34 00 2C 00
         30 00 2C 00
         31 00 35 00
         2C 00 00 00
         00 00      
00000468 06 00 00 00        		.dd LM2-_Delay
0000046A 0D 00 0A 00        		.dw 0x0d,0x0a
0000802C                    	.code
                            	LM2:
0000802C 40 94              		R2=0	// QImode move
0000802D C5 D4              		[BP]=R2	// QImode move
                            	L3:
0000802E C5 94              		R2=[BP]	// QImode move
0000802F 0A 45 B8 0B        		CMP R2,3000	// QImode compare
00008031 04 8E 01 EE        		NSJNA L6	//QImode LEU
         00 EE      
00008034 0F 9F 3F 80        		PC=L4	// jump
                            	L6:
0000046C                    	.debug
0000046C 2E 00 73 00        		.dw '.stabn 0x44,0,17,',0,0
         74 00 61 00
         62 00 6E 00
         20 00 30 00
         78 00 34 00
         34 00 2C 00
         30 00 2C 00
         31 00 37 00
         2C 00 00 00
         00 00      
0000047F 10 00 00 00        		.dd LM3-_Delay
00000481 0D 00 0A 00        		.dw 0x0d,0x0a
00008036                    	.code
                            	LM3:
00008036 41 94              		R2=1	// QImode move
00008037 1A D5 12 70        		[28690]=R2	// QImode move
00000483                    	.debug
00000483 2E 00 73 00        		.dw '.stabn 0x44,0,15,',0,0
         74 00 61 00
         62 00 6E 00
         20 00 30 00
         78 00 34 00
         34 00 2C 00
         30 00 2C 00
         31 00 35 00
         2C 00 00 00
         00 00      
00000496 13 00 00 00        		.dd LM4-_Delay
00000498 0D 00 0A 00        		.dw 0x0d,0x0a
00008039                    	.code
                            	LM4:
                            	L5:
00008039 C5 94              		R2=[BP]	// QImode move
0000803A 0A 07 01 00        		R3=R2+1
0000803C C5 D6              		[BP]=R3	// QImode move
0000803D 0F 9F 2E 80        		PC=L3	// jump
                            	L4:
0000049A                    	.debug
0000049A 2E 00 73 00        		.dw '.stabn 0x44,0,19,',0,0
         74 00 61 00
         62 00 6E 00
         20 00 30 00
         78 00 34 00
         34 00 2C 00
         30 00 2C 00
         31 00 39 00
         2C 00 00 00
         00 00      
000004AD 19 00 00 00        		.dd LM5-_Delay
000004AF 0D 00 0A 00        		.dw 0x0d,0x0a
0000803F                    	.code
                            	LM5:
                            	LBE2:
000004B1                    	.debug
000004B1 2E 00 73 00        		.dw '.stabn 0x44,0,19,',0,0
         74 00 61 00
         62 00 6E 00
         20 00 30 00
         78 00 34 00
         34 00 2C 00
         30 00 2C 00
         31 00 39 00
         2C 00 00 00
         00 00      
000004C4 19 00 00 00        		.dd LM6-_Delay
000004C6 0D 00 0A 00        		.dw 0x0d,0x0a
0000803F                    	.code
                            	LM6:
                            	L2:
                            	
0000803F 41 00              		SP+=1
00008040 88 98              		POP BP from [SP]
00008041 90 9A              		RETF
                            		.endp	// end of Delay
                            	
000004C8                    	.debug
000004C8 2E 00 73 00        		.dw '.stabn 0xc0,0,0,',0,0
         74 00 61 00
         62 00 6E 00
         20 00 30 00
         78 00 63 00
         30 00 2C 00
         30 00 2C 00
         30 00 2C 00
         00 00 00 00
000004DA 06 00 00 00        		.dd LBB2-_Delay
000004DC 0D 00 0A 00        		.dw 0x0d,0x0a
00008042                    	.code
000004DE                    	.debug
000004DE 2E 00 73 00        		.dw '.stabs "uiCount:4",128,0,0,0',0x0d,0x0a
         74 00 61 00
         62 00 73 00
         20 00 22 00
         75 00 69 00
         43 00 6F 00
         75 00 6E 00
         74 00 3A 00
         34 00 22 00
         2C 00 31 00
         32 00 38 00
         2C 00 30 00
         2C 00 30 00
         2C 00 30 00
         0D 00 0A 00
00008042                    	.CODE
000004FC                    	.debug
000004FC 2E 00 73 00        		.dw '.stabn 0xe0,0,0,',0,0
         74 00 61 00
         62 00 6E 00
         20 00 30 00
         78 00 65 00
         30 00 2C 00
         30 00 2C 00
         30 00 2C 00
         00 00 00 00
0000050E 19 00 00 00        		.dd LBE2-_Delay
00000510 0D 00 0A 00        		.dw 0x0d,0x0a
00008042                    	.code
00000512                    	.debug
00000512 2E 00 73 00        		.dw '.stabf ',0,0
         74 00 61 00
         62 00 66 00
         20 00 00 00
         00 00      
0000051B 1C 00 00 00        		.dd LME1-_Delay
0000051D 0D 00 0A 00        		.dw 0x0d,0x0a
00008042                    	.code
                            	LME1:
00008042                    	.code
0000051F                    	.debug
0000051F 2E 00 73 00        		.dw '.stabs "KeyScan:F4",36,0,0,',0,0,offset _KeyScan,seg _KeyScan,0x0d,0x0a
         74 00 61 00
         62 00 73 00
         20 00 22 00
         4B 00 65 00
         79 00 53 00
         63 00 61 00
         6E 00 3A 00
         46 00 34 00
         22 00 2C 00
         33 00 36 00
         2C 00 30 00
         2C 00 30 00
         2C 00 00 00
         00 00 1C 00
         00 00 0D 00
         0A 00      
00008042                    	.CODE
                            	.public _KeyScan
                            	_KeyScan:	.proc
00000540                    	.debug
00000540 2E 00 73 00        		.dw '.stabn 0x44,0,22,',0,0
         74 00 61 00
         62 00 6E 00
         20 00 30 00
         78 00 34 00
         34 00 2C 00
         30 00 2C 00
         32 00 32 00
         2C 00 00 00
         00 00      
00000553 00 00 00 00        		.dd LM7-_KeyScan
00000555 0D 00 0A 00        		.dw 0x0d,0x0a
00008042                    	.code
                            	LM7:
                            		// total=3, vars=3
                            		// frame_pointer_needed: 1
00000557                    	.debug
00000557 2E 00 73 00        		.dw '.stabn 0xa6,0,0,3',0x0d, 0x0a
         74 00 61 00
         62 00 6E 00
         20 00 30 00
         78 00 61 00
         36 00 2C 00
         30 00 2C 00
         30 00 2C 00
         33 00 0D 00
         0A 00      
00008042                    	.code
00008042 88 DA              		PUSH BP to [SP]
00008043 43 20              		SP-=3
00008044 08 0B 01 00        		BP=SP+1
                            	
00008046 0D 03 06 00        		R1=BP+6
00008048 02 D2              		[BP+2]=R1	// QImode move
                            	LBB3:
0000056A                    	.debug
0000056A 2E 00 73 00        		.dw '.stabn 0x44,0,25,',0,0
         74 00 61 00
         62 00 6E 00
         20 00 30 00
         78 00 34 00
         34 00 2C 00
         30 00 2C 00
         32 00 35 00
         2C 00 00 00
         00 00      
0000057D 07 00 00 00        		.dd LM8-_KeyScan
0000057F 0D 00 0A 00        		.dw 0x0d,0x0a
00008049                    	.code
                            	LM8:
00008049 11 93 00 70        		R1=[28672]	// QImode move
0000804B C5 D2              		[BP]=R1	// QImode move
00000581                    	.debug
00000581 2E 00 73 00        		.dw '.stabn 0x44,0,26,',0,0
         74 00 61 00
         62 00 6E 00
         20 00 30 00
         78 00 34 00
         34 00 2C 00
         30 00 2C 00
         32 00 36 00
         2C 00 00 00
         00 00      
00000594 0A 00 00 00        		.dd LM9-_KeyScan
00000596 0D 00 0A 00        		.dw 0x0d,0x0a
0000804C                    	.code
                            	LM9:
0000804C C5 92              		R1=[BP]	// QImode move
0000804D 40 42              		CMP R1,0	// QImode test
0000804E 16 5E 01 EE        		NSJZ L9	//QImode EQ
         00 EE      
00000598                    	.debug
00000598 2E 00 73 00        		.dw '.stabn 0x44,0,28,',0,0
         74 00 61 00
         62 00 6E 00
         20 00 30 00
         78 00 34 00
         34 00 2C 00
         30 00 2C 00
         32 00 38 00
         2C 00 00 00
         00 00      
000005AB 0F 00 00 00        		.dd LM10-_KeyScan
000005AD 0D 00 0A 00        		.dw 0x0d,0x0a
00008051                    	.code
                            	LM10:
00008051 40 F0 26 80        		CALL _Delay	// call without return value
000005AF                    	.debug
000005AF 2E 00 73 00        		.dw '.stabn 0x44,0,29,',0,0
         74 00 61 00
         62 00 6E 00
         20 00 30 00
         78 00 34 00
         34 00 2C 00
         30 00 2C 00
         32 00 39 00
         2C 00 00 00
         00 00      
000005C2 11 00 00 00        		.dd LM11-_KeyScan
000005C4 0D 00 0A 00        		.dw 0x0d,0x0a
00008053                    	.code
                            	LM11:
00008053 05 93              		R1=BP	// QImode move
00008054 0D 05 01 00        		R2=BP+1
00008056 11 93 00 70        		R1=[28672]	// QImode move
00008058 02 97              		R3=R2	// QImode move
00008059 C3 D2              		[R3]=R1	// QImode move
000005C6                    	.debug
000005C6 2E 00 73 00        		.dw '.stabn 0x44,0,30,',0,0
         74 00 61 00
         62 00 6E 00
         20 00 30 00
         78 00 34 00
         34 00 2C 00
         30 00 2C 00
         33 00 30 00
         2C 00 00 00
         00 00      
000005D9 18 00 00 00        		.dd LM12-_KeyScan
000005DB 0D 00 0A 00        		.dw 0x0d,0x0a
0000805A                    	.code
                            	LM12:
0000805A 05 93              		R1=BP	// QImode move
0000805B 0D 05 01 00        		R2=BP+1
0000805D C5 92              		R1=[BP]	// QImode move
0000805E 02 97              		R3=R2	// QImode move
0000805F C3 42              		CMP R1,[R3]	// QImode compare
00008060 04 5E 01 EE        		NSJZ L9	//QImode EQ
         00 EE      
000005DD                    	.debug
000005DD 2E 00 73 00        		.dw '.stabn 0x44,0,31,',0,0
         74 00 61 00
         62 00 6E 00
         20 00 30 00
         78 00 34 00
         34 00 2C 00
         30 00 2C 00
         33 00 31 00
         2C 00 00 00
         00 00      
000005F0 21 00 00 00        		.dd LM13-_KeyScan
000005F2 0D 00 0A 00        		.dw 0x0d,0x0a
00008063                    	.code
                            	LM13:
00008063 40 92              		R1=0	// QImode move
00008064 C5 D2              		[BP]=R1	// QImode move
                            	L10:
                            	L9:
000005F4                    	.debug
000005F4 2E 00 73 00        		.dw '.stabn 0x44,0,33,',0,0
         74 00 61 00
         62 00 6E 00
         20 00 30 00
         78 00 34 00
         34 00 2C 00
         30 00 2C 00
         33 00 33 00
         2C 00 00 00
         00 00      
00000607 23 00 00 00        		.dd LM14-_KeyScan
00000609 0D 00 0A 00        		.dw 0x0d,0x0a
00008065                    	.code
                            	LM14:
00008065 C5 94              		R2=[BP]	// QImode move
00008066 02 93              		R1=R2	// QImode move
00008067 0F 9F 69 80        		PC=L8	// jump
0000060B                    	.debug
0000060B 2E 00 73 00        		.dw '.stabn 0x44,0,34,',0,0
         74 00 61 00
         62 00 6E 00
         20 00 30 00
         78 00 34 00
         34 00 2C 00
         30 00 2C 00
         33 00 34 00
         2C 00 00 00
         00 00      
0000061E 27 00 00 00        		.dd LM15-_KeyScan
00000620 0D 00 0A 00        		.dw 0x0d,0x0a
00008069                    	.code
                            	LM15:
                            	LBE3:
00000622                    	.debug
00000622 2E 00 73 00        		.dw '.stabn 0x44,0,34,',0,0
         74 00 61 00
         62 00 6E 00
         20 00 30 00
         78 00 34 00
         34 00 2C 00
         30 00 2C 00
         33 00 34 00
         2C 00 00 00
         00 00      
00000635 27 00 00 00        		.dd LM16-_KeyScan
00000637 0D 00 0A 00        		.dw 0x0d,0x0a
00008069                    	.code
                            	LM16:
                            	L8:
                            	
00008069 43 00              		SP+=3
0000806A 88 98              		POP BP from [SP]
0000806B 90 9A              		RETF
                            		.endp	// end of KeyScan
                            	
00000639                    	.debug
00000639 2E 00 73 00        		.dw '.stabn 0xc0,0,0,',0,0
         74 00 61 00
         62 00 6E 00
         20 00 30 00
         78 00 63 00
         30 00 2C 00
         30 00 2C 00
         30 00 2C 00
         00 00 00 00
0000064B 07 00 00 00        		.dd LBB3-_KeyScan
0000064D 0D 00 0A 00        		.dw 0x0d,0x0a
0000806C                    	.code
0000064F                    	.debug
0000064F 2E 00 73 00        		.dw '.stabs "uiData:4",128,0,0,0',0x0d,0x0a
         74 00 61 00
         62 00 73 00
         20 00 22 00
         75 00 69 00
         44 00 61 00
         74 00 61 00
         3A 00 34 00
         22 00 2C 00
         31 00 32 00
         38 00 2C 00
         30 00 2C 00
         30 00 2C 00
         30 00 0D 00
         0A 00      
0000806C                    	.CODE
0000066C                    	.debug
0000066C 2E 00 73 00        		.dw '.stabs "uiTemp:4",128,0,0,1',0x0d,0x0a
         74 00 61 00
         62 00 73 00
         20 00 22 00
         75 00 69 00
         54 00 65 00
         6D 00 70 00
         3A 00 34 00
         22 00 2C 00
         31 00 32 00
         38 00 2C 00
         30 00 2C 00
         30 00 2C 00
         31 00 0D 00
         0A 00      
0000806C                    	.CODE
00000689                    	.debug
00000689 2E 00 73 00        		.dw '.stabn 0xe0,0,0,',0,0
         74 00 61 00
         62 00 6E 00
         20 00 30 00
         78 00 65 00
         30 00 2C 00
         30 00 2C 00
         30 00 2C 00
         00 00 00 00
0000069B 27 00 00 00        		.dd LBE3-_KeyScan
0000069D 0D 00 0A 00        		.dw 0x0d,0x0a
0000806C                    	.code
0000069F                    	.debug
0000069F 2E 00 73 00        		.dw '.stabf ',0,0
         74 00 61 00
         62 00 66 00
         20 00 00 00
         00 00      
000006A8 2A 00 00 00        		.dd LME2-_KeyScan
000006AA 0D 00 0A 00        		.dw 0x0d,0x0a
0000806C                    	.code
                            	LME2:
0000806C                    	.code
000006AC                    	.debug
000006AC 2E 00 73 00        		.dw '.stabs "delayMs:F19",36,0,0,',0,0,offset _delayMs,seg _delayMs,0x0d,0x0a
         74 00 61 00
         62 00 73 00
         20 00 22 00
         64 00 65 00
         6C 00 61 00
         79 00 4D 00
         73 00 3A 00
         46 00 31 00
         39 00 22 00
         2C 00 33 00
         36 00 2C 00
         30 00 2C 00
         30 00 2C 00
         00 00 00 00
         46 00 00 00
         0D 00 0A 00
0000806C                    	.CODE
                            	.public _delayMs
                            	_delayMs:	.proc
000006CE                    	.debug
000006CE 2E 00 73 00        		.dw '.stabn 0x44,0,37,',0,0
         74 00 61 00
         62 00 6E 00
         20 00 30 00
         78 00 34 00
         34 00 2C 00
         30 00 2C 00
         33 00 37 00
         2C 00 00 00
         00 00      
000006E1 00 00 00 00        		.dd LM17-_delayMs
000006E3 0D 00 0A 00        		.dw 0x0d,0x0a
0000806C                    	.code
                            	LM17:
                            		// total=16, vars=16
                            		// frame_pointer_needed: 1
000006E5                    	.debug
000006E5 2E 00 73 00        		.dw '.stabn 0xa6,0,0,16',0x0d, 0x0a
         74 00 61 00
         62 00 6E 00
         20 00 30 00
         78 00 61 00
         36 00 2C 00
         30 00 2C 00
         30 00 2C 00
         31 00 36 00
         0D 00 0A 00
0000806C                    	.code
0000806C 88 DA              		PUSH BP to [SP]
0000806D 50 20              		SP-=16
0000806E 08 0B 01 00        		BP=SP+1
                            	
00008070 0D 03 13 00        		R1=BP+19
00008072 01 D2              		[BP+1]=R1	// QImode move
                            	LBB4:
000006F9                    	.debug
000006F9 2E 00 73 00        		.dw '.stabn 0x44,0,39,',0,0
         74 00 61 00
         62 00 6E 00
         20 00 30 00
         78 00 34 00
         34 00 2C 00
         30 00 2C 00
         33 00 39 00
         2C 00 00 00
         00 00      
0000070C 07 00 00 00        		.dd LM18-_delayMs
0000070E 0D 00 0A 00        		.dw 0x0d,0x0a
00008073                    	.code
                            	LM18:
00008073 40 92              		R1=0	// QImode move
00008074 C5 D2              		[BP]=R1	// QImode move
                            	L14:
00008075 C5 96              		R3=[BP]
00008076 40 98              		R4=0
                            		//split [BP+2]=R3
00008077 02 D6              		[BP+2]=R3	// QImode move
00008078 03 D8              		[BP+3]=R4	// QImode move
00008079 01 94              		R2=[BP+1]	// QImode move
0000807A C2 92              		R1=[R2]
0000807B 40 94              		R2=0
                            		//split [BP+4]=R1
0000807C 04 D2              		[BP+4]=R1	// QImode move
0000807D 05 D4              		[BP+5]=R2	// QImode move
                            		//split R1=[BP+4]
0000807E 04 92              		R1=[BP+4]	// QImode move
0000807F 05 94              		R2=[BP+5]	// QImode move
00008080 44 96              		R3=4	// QImode move
00008081 C8 D6              		[SP--]=R3	// QImode move
00008082 90 D4              		PUSH R1,R2 to [SP]	// pushhi
00008083 40 F0 E3 81        		CALL __lshiu2	// call with return value
00008085 43 00              		SP = SP + 3	//SP
                            		//split [BP+14]=R1
00008086 0E D2              		[BP+14]=R1	// QImode move
00008087 0F D4              		[BP+15]=R2	// QImode move
00008088 0E 96              		R3=[BP+14]	// QImode move
00008089 06 D6              		[BP+6]=R3	// QImode move
0000808A 04 98              		R4=[BP+4]	// QImode move
0000808B 06 08              		R4 = R4 + [BP+6]	//addqi3
0000808C 06 D8              		[BP+6]=R4	// QImode move
0000808D 06 92              		R1=[BP+6]	// QImode move
0000808E 41 96              		R3=1	// QImode move
0000808F 07 D6              		[BP+7]=R3	// QImode move
00008090 06 98              		R4=[BP+6]	// QImode move
00008091 0E 96              		R3=[BP+14]	// QImode move
00008092 03 49              		CMP R4,R3	// QImode compare
00008093 04 0E 01 EE        		NSJB L18	//QImode LTU
         00 EE      
00008096 40 98              		R4=0	// QImode move
00008097 07 D8              		[BP+7]=R4	// QImode move
                            	L18:
00008098 0F 98              		R4=[BP+15]	// QImode move
00008099 04 97              		R3=R4	// QImode move
0000809A 05 98              		R4=[BP+5]	// QImode move
0000809B 04 07              		R3 = R3 + R4	//addqi3
0000809C 03 95              		R2=R3	// QImode move
0000809D 07 06              		R3 = R3 + [BP+7]	//addqi3
0000809E 03 95              		R2=R3	// QImode move
0000809F 43 96              		R3=3	// QImode move
000080A0 C8 D6              		[SP--]=R3	// QImode move
000080A1 90 D4              		PUSH R1,R2 to [SP]	// pushhi
000080A2 40 F0 E3 81        		CALL __lshiu2	// call with return value
000080A4 43 00              		SP = SP + 3	//SP
                            		//split [BP+14]=R1
000080A5 0E D2              		[BP+14]=R1	// QImode move
000080A6 0F D4              		[BP+15]=R2	// QImode move
000080A7 0E 96              		R3=[BP+14]	// QImode move
000080A8 08 D6              		[BP+8]=R3	// QImode move
000080A9 04 98              		R4=[BP+4]	// QImode move
000080AA 08 08              		R4 = R4 + [BP+8]	//addqi3
000080AB 08 D8              		[BP+8]=R4	// QImode move
000080AC 08 92              		R1=[BP+8]	// QImode move
000080AD 41 96              		R3=1	// QImode move
000080AE 09 D6              		[BP+9]=R3	// QImode move
000080AF 08 98              		R4=[BP+8]	// QImode move
000080B0 0E 96              		R3=[BP+14]	// QImode move
000080B1 03 49              		CMP R4,R3	// QImode compare
000080B2 04 0E 01 EE        		NSJB L19	//QImode LTU
         00 EE      
000080B5 40 98              		R4=0	// QImode move
000080B6 09 D8              		[BP+9]=R4	// QImode move
                            	L19:
000080B7 0F 98              		R4=[BP+15]	// QImode move
000080B8 04 97              		R3=R4	// QImode move
000080B9 05 98              		R4=[BP+5]	// QImode move
000080BA 04 07              		R3 = R3 + R4	//addqi3
000080BB 03 95              		R2=R3	// QImode move
000080BC 09 06              		R3 = R3 + [BP+9]	//addqi3
000080BD 03 95              		R2=R3	// QImode move
000080BE 42 96              		R3=2	// QImode move
000080BF C8 D6              		[SP--]=R3	// QImode move
000080C0 90 D4              		PUSH R1,R2 to [SP]	// pushhi
000080C1 40 F0 E3 81        		CALL __lshiu2	// call with return value
000080C3 43 00              		SP = SP + 3	//SP
                            		//split [BP+14]=R1
000080C4 0E D2              		[BP+14]=R1	// QImode move
000080C5 0F D4              		[BP+15]=R2	// QImode move
000080C6 0E 96              		R3=[BP+14]	// QImode move
000080C7 0A D6              		[BP+10]=R3	// QImode move
000080C8 0A 98              		R4=[BP+10]	// QImode move
000080C9 04 96              		R3=[BP+4]	// QImode move
000080CA 03 29              		R4 = R4 - R3	//subqi3
000080CB 0A D8              		[BP+10]=R4	// QImode move
000080CC 0A 92              		R1=[BP+10]	// QImode move
000080CD 41 98              		R4=1	// QImode move
000080CE 0B D8              		[BP+11]=R4	// QImode move
000080CF 0A 96              		R3=[BP+10]	// QImode move
000080D0 0E 98              		R4=[BP+14]	// QImode move
000080D1 04 47              		CMP R3,R4	// QImode compare
000080D2 04 9E 01 EE        		NSJA L20	//QImode GTU
         00 EE      
000080D5 40 96              		R3=0	// QImode move
000080D6 0B D6              		[BP+11]=R3	// QImode move
                            	L20:
000080D7 0F 98              		R4=[BP+15]	// QImode move
000080D8 04 97              		R3=R4	// QImode move
000080D9 05 98              		R4=[BP+5]	// QImode move
000080DA 04 27              		R3 = R3 - R4	//subqi3
000080DB 03 95              		R2=R3	// QImode move
000080DC 0B 26              		R3 = R3 - [BP+11]	//subqi3
000080DD 03 95              		R2=R3	// QImode move
000080DE 43 96              		R3=3	// QImode move
000080DF C8 D6              		[SP--]=R3	// QImode move
000080E0 90 D4              		PUSH R1,R2 to [SP]	// pushhi
000080E1 40 F0 E3 81        		CALL __lshiu2	// call with return value
000080E3 43 00              		SP = SP + 3	//SP
                            		//split [BP+14]=R1
000080E4 0E D2              		[BP+14]=R1	// QImode move
000080E5 0F D4              		[BP+15]=R2	// QImode move
000080E6 0E 96              		R3=[BP+14]	// QImode move
000080E7 0C D6              		[BP+12]=R3	// QImode move
000080E8 0C 98              		R4=[BP+12]	// QImode move
000080E9 04 96              		R3=[BP+4]	// QImode move
000080EA 03 29              		R4 = R4 - R3	//subqi3
000080EB 0C D8              		[BP+12]=R4	// QImode move
000080EC 0C 92              		R1=[BP+12]	// QImode move
000080ED 41 98              		R4=1	// QImode move
000080EE 0D D8              		[BP+13]=R4	// QImode move
000080EF 0C 96              		R3=[BP+12]	// QImode move
000080F0 0E 98              		R4=[BP+14]	// QImode move
000080F1 04 47              		CMP R3,R4	// QImode compare
000080F2 04 9E 01 EE        		NSJA L21	//QImode GTU
         00 EE      
000080F5 40 96              		R3=0	// QImode move
000080F6 0D D6              		[BP+13]=R3	// QImode move
                            	L21:
000080F7 0F 98              		R4=[BP+15]	// QImode move
000080F8 04 97              		R3=R4	// QImode move
000080F9 05 98              		R4=[BP+5]	// QImode move
000080FA 04 27              		R3 = R3 - R4	//subqi3
000080FB 03 95              		R2=R3	// QImode move
000080FC 0D 26              		R3 = R3 - [BP+13]	//subqi3
000080FD 03 95              		R2=R3	// QImode move
000080FE 44 96              		R3=4	// QImode move
000080FF C8 D6              		[SP--]=R3	// QImode move
00008100 90 D4              		PUSH R1,R2 to [SP]	// pushhi
00008101 40 F0 E3 81        		CALL __lshiu2	// call with return value
00008103 43 00              		SP = SP + 3	//SP
                            		//split R3=[BP+2]
00008104 02 96              		R3=[BP+2]	// QImode move
00008105 03 98              		R4=[BP+3]	// QImode move
00008106 02 49              		CMP R4,R2	// HImode 1st compare
00008107 07 BE              		JG  L27	// HImode LE
00008108 08 4E 01 EE        		NSJNZ L17
         00 EE      
0000810B 01 47              		CMP R3,R1
0000810C 04 8E 01 EE        		NSJNA  L17
         00 EE      
                            	L27:
0000810F 0F 9F 1A 81        		PC=L15	// jump
                            	L17:
00000710                    	.debug
00000710 2E 00 73 00        		.dw '.stabn 0x44,0,41,',0,0
         74 00 61 00
         62 00 6E 00
         20 00 30 00
         78 00 34 00
         34 00 2C 00
         30 00 2C 00
         34 00 31 00
         2C 00 00 00
         00 00      
00000723 A5 00 00 00        		.dd LM19-_delayMs
00000725 0D 00 0A 00        		.dw 0x0d,0x0a
00008111                    	.code
                            	LM19:
00008111 41 92              		R1=1	// QImode move
00008112 19 D3 12 70        		[28690]=R1	// QImode move
00000727                    	.debug
00000727 2E 00 73 00        		.dw '.stabn 0x44,0,39,',0,0
         74 00 61 00
         62 00 6E 00
         20 00 30 00
         78 00 34 00
         34 00 2C 00
         30 00 2C 00
         33 00 39 00
         2C 00 00 00
         00 00      
0000073A A8 00 00 00        		.dd LM20-_delayMs
0000073C 0D 00 0A 00        		.dw 0x0d,0x0a
00008114                    	.code
                            	LM20:
                            	L16:
00008114 C5 92              		R1=[BP]	// QImode move
00008115 09 05 01 00        		R2=R1+1
00008117 C5 D4              		[BP]=R2	// QImode move
00008118 0F 9F 75 80        		PC=L14	// jump
                            	L15:
0000073E                    	.debug
0000073E 2E 00 73 00        		.dw '.stabn 0x44,0,43,',0,0
         74 00 61 00
         62 00 6E 00
         20 00 30 00
         78 00 34 00
         34 00 2C 00
         30 00 2C 00
         34 00 33 00
         2C 00 00 00
         00 00      
00000751 AE 00 00 00        		.dd LM21-_delayMs
00000753 0D 00 0A 00        		.dw 0x0d,0x0a
0000811A                    	.code
                            	LM21:
                            	LBE4:
00000755                    	.debug
00000755 2E 00 73 00        		.dw '.stabn 0x44,0,43,',0,0
         74 00 61 00
         62 00 6E 00
         20 00 30 00
         78 00 34 00
         34 00 2C 00
         30 00 2C 00
         34 00 33 00
         2C 00 00 00
         00 00      
00000768 AE 00 00 00        		.dd LM22-_delayMs
0000076A 0D 00 0A 00        		.dw 0x0d,0x0a
0000811A                    	.code
                            	LM22:
                            	L13:
                            	
0000811A 50 00              		SP+=16
0000811B 88 98              		POP BP from [SP]
0000811C 90 9A              		RETF
                            		.endp	// end of delayMs
                            	
0000076C                    	.debug
0000076C 2E 00 73 00        		.dw '.stabs "millis:p4",160,0,0,19',0x0d,0x0a
         74 00 61 00
         62 00 73 00
         20 00 22 00
         6D 00 69 00
         6C 00 6C 00
         69 00 73 00
         3A 00 70 00
         34 00 22 00
         2C 00 31 00
         36 00 30 00
         2C 00 30 00
         2C 00 30 00
         2C 00 31 00
         39 00 0D 00
         0A 00      
0000811D                    	.CODE
0000078B                    	.debug
0000078B 2E 00 73 00        		.dw '.stabn 0xc0,0,0,',0,0
         74 00 61 00
         62 00 6E 00
         20 00 30 00
         78 00 63 00
         30 00 2C 00
         30 00 2C 00
         30 00 2C 00
         00 00 00 00
0000079D 07 00 00 00        		.dd LBB4-_delayMs
0000079F 0D 00 0A 00        		.dw 0x0d,0x0a
0000811D                    	.code
000007A1                    	.debug
000007A1 2E 00 73 00        		.dw '.stabs "uiCount:4",128,0,0,0',0x0d,0x0a
         74 00 61 00
         62 00 73 00
         20 00 22 00
         75 00 69 00
         43 00 6F 00
         75 00 6E 00
         74 00 3A 00
         34 00 22 00
         2C 00 31 00
         32 00 38 00
         2C 00 30 00
         2C 00 30 00
         2C 00 30 00
         0D 00 0A 00
0000811D                    	.CODE
000007BF                    	.debug
000007BF 2E 00 73 00        		.dw '.stabn 0xe0,0,0,',0,0
         74 00 61 00
         62 00 6E 00
         20 00 30 00
         78 00 65 00
         30 00 2C 00
         30 00 2C 00
         30 00 2C 00
         00 00 00 00
000007D1 AE 00 00 00        		.dd LBE4-_delayMs
000007D3 0D 00 0A 00        		.dw 0x0d,0x0a
0000811D                    	.code
000007D5                    	.debug
000007D5 2E 00 73 00        		.dw '.stabf ',0,0
         74 00 61 00
         62 00 66 00
         20 00 00 00
         00 00      
000007DE B1 00 00 00        		.dd LME3-_delayMs
000007E0 0D 00 0A 00        		.dw 0x0d,0x0a
0000811D                    	.code
                            	LME3:
0000811D                    	.code
000007E2                    	.debug
000007E2 2E 00 73 00        		.dw '.stabs "loop:F19",36,0,0,',0,0,offset _loop,seg _loop,0x0d,0x0a
         74 00 61 00
         62 00 73 00
         20 00 22 00
         6C 00 6F 00
         6F 00 70 00
         3A 00 46 00
         31 00 39 00
         22 00 2C 00
         33 00 36 00
         2C 00 30 00
         2C 00 30 00
         2C 00 00 00
         00 00 F7 00
         00 00 0D 00
         0A 00      
0000811D                    	.CODE
                            	.public _loop
                            	_loop:	.proc
00000801                    	.debug
00000801 2E 00 73 00        		.dw '.stabn 0x44,0,46,',0,0
         74 00 61 00
         62 00 6E 00
         20 00 30 00
         78 00 34 00
         34 00 2C 00
         30 00 2C 00
         34 00 36 00
         2C 00 00 00
         00 00      
00000814 00 00 00 00        		.dd LM23-_loop
00000816 0D 00 0A 00        		.dw 0x0d,0x0a
0000811D                    	.code
                            	LM23:
                            		// total=3, vars=3
                            		// frame_pointer_needed: 1
00000818                    	.debug
00000818 2E 00 73 00        		.dw '.stabn 0xa6,0,0,3',0x0d, 0x0a
         74 00 61 00
         62 00 6E 00
         20 00 30 00
         78 00 61 00
         36 00 2C 00
         30 00 2C 00
         30 00 2C 00
         33 00 0D 00
         0A 00      
0000811D                    	.code
0000811D 88 DA              		PUSH BP to [SP]
0000811E 43 20              		SP-=3
0000811F 08 0B 01 00        		BP=SP+1
                            	
00008121 0D 03 06 00        		R1=BP+6
00008123 02 D2              		[BP+2]=R1	// QImode move
                            	LBB5:
0000082B                    	.debug
0000082B 2E 00 73 00        		.dw '.stabn 0x44,0,50,',0,0
         74 00 61 00
         62 00 6E 00
         20 00 30 00
         78 00 34 00
         34 00 2C 00
         30 00 2C 00
         35 00 30 00
         2C 00 00 00
         00 00      
0000083E 07 00 00 00        		.dd LM24-_loop
00000840 0D 00 0A 00        		.dw 0x0d,0x0a
00008124                    	.code
                            	LM24:
00008124 09 93 FF 7F        		R1=32767	// QImode move
00008126 19 D3 02 70        		[28674]=R1	// QImode move
00000842                    	.debug
00000842 2E 00 73 00        		.dw '.stabn 0x44,0,51,',0,0
         74 00 61 00
         62 00 6E 00
         20 00 30 00
         78 00 34 00
         34 00 2C 00
         30 00 2C 00
         35 00 31 00
         2C 00 00 00
         00 00      
00000855 0B 00 00 00        		.dd LM25-_loop
00000857 0D 00 0A 00        		.dw 0x0d,0x0a
00008128                    	.code
                            	LM25:
00008128 09 93 FF 7F        		R1=32767	// QImode move
0000812A 19 D3 03 70        		[28675]=R1	// QImode move
00000859                    	.debug
00000859 2E 00 73 00        		.dw '.stabn 0x44,0,52,',0,0
         74 00 61 00
         62 00 6E 00
         20 00 30 00
         78 00 34 00
         34 00 2C 00
         30 00 2C 00
         35 00 32 00
         2C 00 00 00
         00 00      
0000086C 0F 00 00 00        		.dd LM26-_loop
0000086E 0D 00 0A 00        		.dw 0x0d,0x0a
0000812C                    	.code
                            	LM26:
0000812C 40 92              		R1=0	// QImode move
0000812D 19 D3 00 70        		[28672]=R1	// QImode move
00000870                    	.debug
00000870 2E 00 73 00        		.dw '.stabn 0x44,0,54,',0,0
         74 00 61 00
         62 00 6E 00
         20 00 30 00
         78 00 34 00
         34 00 2C 00
         30 00 2C 00
         35 00 34 00
         2C 00 00 00
         00 00      
00000883 12 00 00 00        		.dd LM27-_loop
00000885 0D 00 0A 00        		.dw 0x0d,0x0a
0000812F                    	.code
                            	LM27:
0000812F 47 92              		R1=7	// QImode move
00008130 19 D3 07 70        		[28679]=R1	// QImode move
00000887                    	.debug
00000887 2E 00 73 00        		.dw '.stabn 0x44,0,55,',0,0
         74 00 61 00
         62 00 6E 00
         20 00 30 00
         78 00 34 00
         34 00 2C 00
         30 00 2C 00
         35 00 35 00
         2C 00 00 00
         00 00      
0000089A 15 00 00 00        		.dd LM28-_loop
0000089C 0D 00 0A 00        		.dw 0x0d,0x0a
00008132                    	.code
                            	LM28:
00008132 47 92              		R1=7	// QImode move
00008133 19 D3 08 70        		[28680]=R1	// QImode move
0000089E                    	.debug
0000089E 2E 00 73 00        		.dw '.stabn 0x44,0,56,',0,0
         74 00 61 00
         62 00 6E 00
         20 00 30 00
         78 00 34 00
         34 00 2C 00
         30 00 2C 00
         35 00 36 00
         2C 00 00 00
         00 00      
000008B1 18 00 00 00        		.dd LM29-_loop
000008B3 0D 00 0A 00        		.dw 0x0d,0x0a
00008135                    	.code
                            	LM29:
00008135 40 92              		R1=0	// QImode move
00008136 19 D3 05 70        		[28677]=R1	// QImode move
000008B5                    	.debug
000008B5 2E 00 73 00        		.dw '.stabn 0x44,0,58,',0,0
         74 00 61 00
         62 00 6E 00
         20 00 30 00
         78 00 34 00
         34 00 2C 00
         30 00 2C 00
         35 00 38 00
         2C 00 00 00
         00 00      
000008C8 1B 00 00 00        		.dd LM30-_loop
000008CA 0D 00 0A 00        		.dw 0x0d,0x0a
00008138                    	.code
                            	LM30:
                            	L29:
00008138 0F 9F 3C 81        		PC=L31	// jump
0000813A 0F 9F 57 81        		PC=L30	// jump
                            	L31:
000008CC                    	.debug
000008CC 2E 00 73 00        		.dw '.stabn 0x44,0,60,',0,0
         74 00 61 00
         62 00 6E 00
         20 00 30 00
         78 00 34 00
         34 00 2C 00
         30 00 2C 00
         36 00 30 00
         2C 00 00 00
         00 00      
000008DF 1F 00 00 00        		.dd LM31-_loop
000008E1 0D 00 0A 00        		.dw 0x0d,0x0a
0000813C                    	.code
                            	LM31:
0000813C 40 F0 42 80        		CALL _KeyScan	// call with return value
0000813E 05 95              		R2=BP	// QImode move
0000813F 0D 07 01 00        		R3=BP+1
00008141 03 95              		R2=R3	// QImode move
00008142 C2 D2              		[R2]=R1	// QImode move
000008E3                    	.debug
000008E3 2E 00 73 00        		.dw '.stabn 0x44,0,61,',0,0
         74 00 61 00
         62 00 6E 00
         20 00 30 00
         78 00 34 00
         34 00 2C 00
         30 00 2C 00
         36 00 31 00
         2C 00 00 00
         00 00      
000008F6 26 00 00 00        		.dd LM32-_loop
000008F8 0D 00 0A 00        		.dw 0x0d,0x0a
00008143                    	.code
                            	LM32:
00008143 05 93              		R1=BP	// QImode move
00008144 0D 05 01 00        		R2=BP+1
00008146 02 97              		R3=R2	// QImode move
00008147 C3 92              		R1=[R3]	// QImode move
00008148 09 43 00 80        		CMP R1,(-32768)	// QImode compare
0000814A 07 4E 01 EE        		NSJNZ L32	//QImode NE
         00 EE      
000008FA                    	.debug
000008FA 2E 00 73 00        		.dw '.stabn 0x44,0,63,',0,0
         74 00 61 00
         62 00 6E 00
         20 00 30 00
         78 00 34 00
         34 00 2C 00
         30 00 2C 00
         36 00 33 00
         2C 00 00 00
         00 00      
0000090D 30 00 00 00        		.dd LM33-_loop
0000090F 0D 00 0A 00        		.dw 0x0d,0x0a
0000814D                    	.code
                            	LM33:
0000814D 41 92              		R1=1	// QImode move
0000814E 19 D3 12 70        		[28690]=R1	// QImode move
00000911                    	.debug
00000911 2E 00 73 00        		.dw '.stabn 0x44,0,64,',0,0
         74 00 61 00
         62 00 6E 00
         20 00 30 00
         78 00 34 00
         34 00 2C 00
         30 00 2C 00
         36 00 34 00
         2C 00 00 00
         00 00      
00000924 33 00 00 00        		.dd LM34-_loop
00000926 0D 00 0A 00        		.dw 0x0d,0x0a
00008150                    	.code
                            	LM34:
00008150 0F 9F 57 81        		PC=L30	// jump
                            	L32:
00000928                    	.debug
00000928 2E 00 73 00        		.dw '.stabn 0x44,0,66,',0,0
         74 00 61 00
         62 00 6E 00
         20 00 30 00
         78 00 34 00
         34 00 2C 00
         30 00 2C 00
         36 00 36 00
         2C 00 00 00
         00 00      
0000093B 35 00 00 00        		.dd LM35-_loop
0000093D 0D 00 0A 00        		.dw 0x0d,0x0a
00008152                    	.code
                            	LM35:
00008152 41 92              		R1=1	// QImode move
00008153 19 D3 12 70        		[28690]=R1	// QImode move
0000093F                    	.debug
0000093F 2E 00 73 00        		.dw '.stabn 0x44,0,67,',0,0
         74 00 61 00
         62 00 6E 00
         20 00 30 00
         78 00 34 00
         34 00 2C 00
         30 00 2C 00
         36 00 37 00
         2C 00 00 00
         00 00      
00000952 38 00 00 00        		.dd LM36-_loop
00000954 0D 00 0A 00        		.dw 0x0d,0x0a
00008155                    	.code
                            	LM36:
00008155 0F 9F 38 81        		PC=L29	// jump
                            	L30:
00000956                    	.debug
00000956 2E 00 73 00        		.dw '.stabn 0x44,0,69,',0,0
         74 00 61 00
         62 00 6E 00
         20 00 30 00
         78 00 34 00
         34 00 2C 00
         30 00 2C 00
         36 00 39 00
         2C 00 00 00
         00 00      
00000969 3A 00 00 00        		.dd LM37-_loop
0000096B 0D 00 0A 00        		.dw 0x0d,0x0a
00008157                    	.code
                            	LM37:
00008157 40 92              		R1=0	// QImode move
00008158 C5 D2              		[BP]=R1	// QImode move
                            	L33:
00008159 C5 92              		R1=[BP]	// QImode move
0000815A 42 42              		CMP R1,2	// QImode compare
0000815B 04 AE 01 EE        		NSJNG L36	//QImode LE
         00 EE      
0000815E 0F 9F 83 81        		PC=L34	// jump
                            	L36:
0000096D                    	.debug
0000096D 2E 00 73 00        		.dw '.stabn 0x44,0,71,',0,0
         74 00 61 00
         62 00 6E 00
         20 00 30 00
         78 00 34 00
         34 00 2C 00
         30 00 2C 00
         37 00 31 00
         2C 00 00 00
         00 00      
00000980 43 00 00 00        		.dd LM38-_loop
00000982 0D 00 0A 00        		.dw 0x0d,0x0a
00008160                    	.code
                            	LM38:
00008160 41 92              		R1=1	// QImode move
00008161 19 D3 12 70        		[28690]=R1	// QImode move
00000984                    	.debug
00000984 2E 00 73 00        		.dw '.stabn 0x44,0,72,',0,0
         74 00 61 00
         62 00 6E 00
         20 00 30 00
         78 00 34 00
         34 00 2C 00
         30 00 2C 00
         37 00 32 00
         2C 00 00 00
         00 00      
00000997 46 00 00 00        		.dd LM39-_loop
00000999 0D 00 0A 00        		.dw 0x0d,0x0a
00008163                    	.code
                            	LM39:
00008163 09 93 00 60        		R1=24576	// QImode move
00008165 19 D3 00 70        		[28672]=R1	// QImode move
0000099B                    	.debug
0000099B 2E 00 73 00        		.dw '.stabn 0x44,0,73,',0,0
         74 00 61 00
         62 00 6E 00
         20 00 30 00
         78 00 34 00
         34 00 2C 00
         30 00 2C 00
         37 00 33 00
         2C 00 00 00
         00 00      
000009AE 4A 00 00 00        		.dd LM40-_loop
000009B0 0D 00 0A 00        		.dw 0x0d,0x0a
00008167                    	.code
                            	LM40:
00008167 44 92              		R1=4	// QImode move
00008168 19 D3 05 70        		[28677]=R1	// QImode move
000009B2                    	.debug
000009B2 2E 00 73 00        		.dw '.stabn 0x44,0,74,',0,0
         74 00 61 00
         62 00 6E 00
         20 00 30 00
         78 00 34 00
         34 00 2C 00
         30 00 2C 00
         37 00 34 00
         2C 00 00 00
         00 00      
000009C5 4D 00 00 00        		.dd LM41-_loop
000009C7 0D 00 0A 00        		.dw 0x0d,0x0a
0000816A                    	.code
                            	LM41:
0000816A 09 93 F4 01        		R1=500	// QImode move
0000816C C8 D2              		[SP--]=R1	// QImode move
0000816D 40 F0 6C 80        		CALL _delayMs	// call without return value
0000816F 41 00              		SP = SP + 1	//SP
000009C9                    	.debug
000009C9 2E 00 73 00        		.dw '.stabn 0x44,0,75,',0,0
         74 00 61 00
         62 00 6E 00
         20 00 30 00
         78 00 34 00
         34 00 2C 00
         30 00 2C 00
         37 00 35 00
         2C 00 00 00
         00 00      
000009DC 53 00 00 00        		.dd LM42-_loop
000009DE 0D 00 0A 00        		.dw 0x0d,0x0a
00008170                    	.code
                            	LM42:
00008170 09 93 00 20        		R1=8192	// QImode move
00008172 19 D3 00 70        		[28672]=R1	// QImode move
000009E0                    	.debug
000009E0 2E 00 73 00        		.dw '.stabn 0x44,0,76,',0,0
         74 00 61 00
         62 00 6E 00
         20 00 30 00
         78 00 34 00
         34 00 2C 00
         30 00 2C 00
         37 00 36 00
         2C 00 00 00
         00 00      
000009F3 57 00 00 00        		.dd LM43-_loop
000009F5 0D 00 0A 00        		.dw 0x0d,0x0a
00008174                    	.code
                            	LM43:
00008174 40 92              		R1=0	// QImode move
00008175 19 D3 05 70        		[28677]=R1	// QImode move
000009F7                    	.debug
000009F7 2E 00 73 00        		.dw '.stabn 0x44,0,77,',0,0
         74 00 61 00
         62 00 6E 00
         20 00 30 00
         78 00 34 00
         34 00 2C 00
         30 00 2C 00
         37 00 37 00
         2C 00 00 00
         00 00      
00000A0A 5A 00 00 00        		.dd LM44-_loop
00000A0C 0D 00 0A 00        		.dw 0x0d,0x0a
00008177                    	.code
                            	LM44:
00008177 09 93 F4 01        		R1=500	// QImode move
00008179 C8 D2              		[SP--]=R1	// QImode move
0000817A 40 F0 6C 80        		CALL _delayMs	// call without return value
0000817C 41 00              		SP = SP + 1	//SP
00000A0E                    	.debug
00000A0E 2E 00 73 00        		.dw '.stabn 0x44,0,69,',0,0
         74 00 61 00
         62 00 6E 00
         20 00 30 00
         78 00 34 00
         34 00 2C 00
         30 00 2C 00
         36 00 39 00
         2C 00 00 00
         00 00      
00000A21 60 00 00 00        		.dd LM45-_loop
00000A23 0D 00 0A 00        		.dw 0x0d,0x0a
0000817D                    	.code
                            	LM45:
                            	L35:
0000817D C5 92              		R1=[BP]	// QImode move
0000817E 09 05 01 00        		R2=R1+1
00008180 C5 D4              		[BP]=R2	// QImode move
00008181 0F 9F 59 81        		PC=L33	// jump
                            	L34:
00000A25                    	.debug
00000A25 2E 00 73 00        		.dw '.stabn 0x44,0,80,',0,0
         74 00 61 00
         62 00 6E 00
         20 00 30 00
         78 00 34 00
         34 00 2C 00
         30 00 2C 00
         38 00 30 00
         2C 00 00 00
         00 00      
00000A38 66 00 00 00        		.dd LM46-_loop
00000A3A 0D 00 0A 00        		.dw 0x0d,0x0a
00008183                    	.code
                            	LM46:
00008183 41 92              		R1=1	// QImode move
00008184 19 D3 12 70        		[28690]=R1	// QImode move
00000A3C                    	.debug
00000A3C 2E 00 73 00        		.dw '.stabn 0x44,0,81,',0,0
         74 00 61 00
         62 00 6E 00
         20 00 30 00
         78 00 34 00
         34 00 2C 00
         30 00 2C 00
         38 00 31 00
         2C 00 00 00
         00 00      
00000A4F 69 00 00 00        		.dd LM47-_loop
00000A51 0D 00 0A 00        		.dw 0x0d,0x0a
00008186                    	.code
                            	LM47:
00008186 09 93 00 50        		R1=20480	// QImode move
00008188 19 D3 00 70        		[28672]=R1	// QImode move
00000A53                    	.debug
00000A53 2E 00 73 00        		.dw '.stabn 0x44,0,82,',0,0
         74 00 61 00
         62 00 6E 00
         20 00 30 00
         78 00 34 00
         34 00 2C 00
         30 00 2C 00
         38 00 32 00
         2C 00 00 00
         00 00      
00000A66 6D 00 00 00        		.dd LM48-_loop
00000A68 0D 00 0A 00        		.dw 0x0d,0x0a
0000818A                    	.code
                            	LM48:
0000818A 40 92              		R1=0	// QImode move
0000818B 19 D3 05 70        		[28677]=R1	// QImode move
00000A6A                    	.debug
00000A6A 2E 00 73 00        		.dw '.stabn 0x44,0,83,',0,0
         74 00 61 00
         62 00 6E 00
         20 00 30 00
         78 00 34 00
         34 00 2C 00
         30 00 2C 00
         38 00 33 00
         2C 00 00 00
         00 00      
00000A7D 70 00 00 00        		.dd LM49-_loop
00000A7F 0D 00 0A 00        		.dw 0x0d,0x0a
0000818D                    	.code
                            	LM49:
0000818D 09 93 10 27        		R1=10000	// QImode move
0000818F C8 D2              		[SP--]=R1	// QImode move
00008190 40 F0 6C 80        		CALL _delayMs	// call without return value
00008192 41 00              		SP = SP + 1	//SP
00000A81                    	.debug
00000A81 2E 00 73 00        		.dw '.stabn 0x44,0,85,',0,0
         74 00 61 00
         62 00 6E 00
         20 00 30 00
         78 00 34 00
         34 00 2C 00
         30 00 2C 00
         38 00 35 00
         2C 00 00 00
         00 00      
00000A94 76 00 00 00        		.dd LM50-_loop
00000A96 0D 00 0A 00        		.dw 0x0d,0x0a
00008193                    	.code
                            	LM50:
00008193 41 92              		R1=1	// QImode move
00008194 19 D3 12 70        		[28690]=R1	// QImode move
00000A98                    	.debug
00000A98 2E 00 73 00        		.dw '.stabn 0x44,0,86,',0,0
         74 00 61 00
         62 00 6E 00
         20 00 30 00
         78 00 34 00
         34 00 2C 00
         30 00 2C 00
         38 00 36 00
         2C 00 00 00
         00 00      
00000AAB 79 00 00 00        		.dd LM51-_loop
00000AAD 0D 00 0A 00        		.dw 0x0d,0x0a
00008196                    	.code
                            	LM51:
00008196 09 93 00 10        		R1=4096	// QImode move
00008198 19 D3 00 70        		[28672]=R1	// QImode move
00000AAF                    	.debug
00000AAF 2E 00 73 00        		.dw '.stabn 0x44,0,87,',0,0
         74 00 61 00
         62 00 6E 00
         20 00 30 00
         78 00 34 00
         34 00 2C 00
         30 00 2C 00
         38 00 37 00
         2C 00 00 00
         00 00      
00000AC2 7D 00 00 00        		.dd LM52-_loop
00000AC4 0D 00 0A 00        		.dw 0x0d,0x0a
0000819A                    	.code
                            	LM52:
0000819A 41 92              		R1=1	// QImode move
0000819B 19 D3 05 70        		[28677]=R1	// QImode move
00000AC6                    	.debug
00000AC6 2E 00 73 00        		.dw '.stabn 0x44,0,88,',0,0
         74 00 61 00
         62 00 6E 00
         20 00 30 00
         78 00 34 00
         34 00 2C 00
         30 00 2C 00
         38 00 38 00
         2C 00 00 00
         00 00      
00000AD9 80 00 00 00        		.dd LM53-_loop
00000ADB 0D 00 0A 00        		.dw 0x0d,0x0a
0000819D                    	.code
                            	LM53:
0000819D 09 93 10 27        		R1=10000	// QImode move
0000819F C8 D2              		[SP--]=R1	// QImode move
000081A0 40 F0 6C 80        		CALL _delayMs	// call without return value
000081A2 41 00              		SP = SP + 1	//SP
00000ADD                    	.debug
00000ADD 2E 00 73 00        		.dw '.stabn 0x44,0,90,',0,0
         74 00 61 00
         62 00 6E 00
         20 00 30 00
         78 00 34 00
         34 00 2C 00
         30 00 2C 00
         39 00 30 00
         2C 00 00 00
         00 00      
00000AF0 86 00 00 00        		.dd LM54-_loop
00000AF2 0D 00 0A 00        		.dw 0x0d,0x0a
000081A3                    	.code
                            	LM54:
000081A3 40 92              		R1=0	// QImode move
000081A4 C5 D2              		[BP]=R1	// QImode move
                            	L37:
000081A5 C5 92              		R1=[BP]	// QImode move
000081A6 42 42              		CMP R1,2	// QImode compare
000081A7 04 AE 01 EE        		NSJNG L40	//QImode LE
         00 EE      
000081AA 0F 9F C8 81        		PC=L38	// jump
                            	L40:
00000AF4                    	.debug
00000AF4 2E 00 73 00        		.dw '.stabn 0x44,0,92,',0,0
         74 00 61 00
         62 00 6E 00
         20 00 30 00
         78 00 34 00
         34 00 2C 00
         30 00 2C 00
         39 00 32 00
         2C 00 00 00
         00 00      
00000B07 8F 00 00 00        		.dd LM55-_loop
00000B09 0D 00 0A 00        		.dw 0x0d,0x0a
000081AC                    	.code
                            	LM55:
000081AC 41 92              		R1=1	// QImode move
000081AD 19 D3 12 70        		[28690]=R1	// QImode move
00000B0B                    	.debug
00000B0B 2E 00 73 00        		.dw '.stabn 0x44,0,93,',0,0
         74 00 61 00
         62 00 6E 00
         20 00 30 00
         78 00 34 00
         34 00 2C 00
         30 00 2C 00
         39 00 33 00
         2C 00 00 00
         00 00      
00000B1E 92 00 00 00        		.dd LM56-_loop
00000B20 0D 00 0A 00        		.dw 0x0d,0x0a
000081AF                    	.code
                            	LM56:
000081AF 09 93 00 20        		R1=8192	// QImode move
000081B1 19 D3 00 70        		[28672]=R1	// QImode move
00000B22                    	.debug
00000B22 2E 00 73 00        		.dw '.stabn 0x44,0,94,',0,0
         74 00 61 00
         62 00 6E 00
         20 00 30 00
         78 00 34 00
         34 00 2C 00
         30 00 2C 00
         39 00 34 00
         2C 00 00 00
         00 00      
00000B35 96 00 00 00        		.dd LM57-_loop
00000B37 0D 00 0A 00        		.dw 0x0d,0x0a
000081B3                    	.code
                            	LM57:
000081B3 42 92              		R1=2	// QImode move
000081B4 19 D3 05 70        		[28677]=R1	// QImode move
00000B39                    	.debug
00000B39 2E 00 73 00        		.dw '.stabn 0x44,0,95,',0,0
         74 00 61 00
         62 00 6E 00
         20 00 30 00
         78 00 34 00
         34 00 2C 00
         30 00 2C 00
         39 00 35 00
         2C 00 00 00
         00 00      
00000B4C 99 00 00 00        		.dd LM58-_loop
00000B4E 0D 00 0A 00        		.dw 0x0d,0x0a
000081B6                    	.code
                            	LM58:
000081B6 09 93 F4 01        		R1=500	// QImode move
000081B8 C8 D2              		[SP--]=R1	// QImode move
000081B9 40 F0 6C 80        		CALL _delayMs	// call without return value
000081BB 41 00              		SP = SP + 1	//SP
00000B50                    	.debug
00000B50 2E 00 73 00        		.dw '.stabn 0x44,0,96,',0,0
         74 00 61 00
         62 00 6E 00
         20 00 30 00
         78 00 34 00
         34 00 2C 00
         30 00 2C 00
         39 00 36 00
         2C 00 00 00
         00 00      
00000B63 9F 00 00 00        		.dd LM59-_loop
00000B65 0D 00 0A 00        		.dw 0x0d,0x0a
000081BC                    	.code
                            	LM59:
000081BC 40 92              		R1=0	// QImode move
000081BD 19 D3 00 70        		[28672]=R1	// QImode move
00000B67                    	.debug
00000B67 2E 00 73 00        		.dw '.stabn 0x44,0,97,',0,0
         74 00 61 00
         62 00 6E 00
         20 00 30 00
         78 00 34 00
         34 00 2C 00
         30 00 2C 00
         39 00 37 00
         2C 00 00 00
         00 00      
00000B7A A2 00 00 00        		.dd LM60-_loop
00000B7C 0D 00 0A 00        		.dw 0x0d,0x0a
000081BF                    	.code
                            	LM60:
000081BF 42 92              		R1=2	// QImode move
000081C0 19 D3 05 70        		[28677]=R1	// QImode move
00000B7E                    	.debug
00000B7E 2E 00 73 00        		.dw '.stabn 0x44,0,90,',0,0
         74 00 61 00
         62 00 6E 00
         20 00 30 00
         78 00 34 00
         34 00 2C 00
         30 00 2C 00
         39 00 30 00
         2C 00 00 00
         00 00      
00000B91 A5 00 00 00        		.dd LM61-_loop
00000B93 0D 00 0A 00        		.dw 0x0d,0x0a
000081C2                    	.code
                            	LM61:
                            	L39:
000081C2 C5 92              		R1=[BP]	// QImode move
000081C3 09 05 01 00        		R2=R1+1
000081C5 C5 D4              		[BP]=R2	// QImode move
000081C6 0F 9F A5 81        		PC=L37	// jump
                            	L38:
00000B95                    	.debug
00000B95 2E 00 73 00        		.dw '.stabn 0x44,0,99,',0,0
         74 00 61 00
         62 00 6E 00
         20 00 30 00
         78 00 34 00
         34 00 2C 00
         30 00 2C 00
         39 00 39 00
         2C 00 00 00
         00 00      
00000BA8 AB 00 00 00        		.dd LM62-_loop
00000BAA 0D 00 0A 00        		.dw 0x0d,0x0a
000081C8                    	.code
                            	LM62:
                            	LBE5:
00000BAC                    	.debug
00000BAC 2E 00 73 00        		.dw '.stabn 0x44,0,99,',0,0
         74 00 61 00
         62 00 6E 00
         20 00 30 00
         78 00 34 00
         34 00 2C 00
         30 00 2C 00
         39 00 39 00
         2C 00 00 00
         00 00      
00000BBF AB 00 00 00        		.dd LM63-_loop
00000BC1 0D 00 0A 00        		.dw 0x0d,0x0a
000081C8                    	.code
                            	LM63:
                            	L28:
                            	
000081C8 43 00              		SP+=3
000081C9 88 98              		POP BP from [SP]
000081CA 90 9A              		RETF
                            		.endp	// end of loop
                            	
00000BC3                    	.debug
00000BC3 2E 00 73 00        		.dw '.stabn 0xc0,0,0,',0,0
         74 00 61 00
         62 00 6E 00
         20 00 30 00
         78 00 63 00
         30 00 2C 00
         30 00 2C 00
         30 00 2C 00
         00 00 00 00
00000BD5 07 00 00 00        		.dd LBB5-_loop
00000BD7 0D 00 0A 00        		.dw 0x0d,0x0a
000081CB                    	.code
00000BD9                    	.debug
00000BD9 2E 00 73 00        		.dw '.stabs "i:1",128,0,0,0',0x0d,0x0a
         74 00 61 00
         62 00 73 00
         20 00 22 00
         69 00 3A 00
         31 00 22 00
         2C 00 31 00
         32 00 38 00
         2C 00 30 00
         2C 00 30 00
         2C 00 30 00
         0D 00 0A 00
000081CB                    	.CODE
00000BF1                    	.debug
00000BF1 2E 00 73 00        		.dw '.stabs "uiKey:4",128,0,0,1',0x0d,0x0a
         74 00 61 00
         62 00 73 00
         20 00 22 00
         75 00 69 00
         4B 00 65 00
         79 00 3A 00
         34 00 22 00
         2C 00 31 00
         32 00 38 00
         2C 00 30 00
         2C 00 30 00
         2C 00 31 00
         0D 00 0A 00
000081CB                    	.CODE
00000C0D                    	.debug
00000C0D 2E 00 73 00        		.dw '.stabn 0xe0,0,0,',0,0
         74 00 61 00
         62 00 6E 00
         20 00 30 00
         78 00 65 00
         30 00 2C 00
         30 00 2C 00
         30 00 2C 00
         00 00 00 00
00000C1F AB 00 00 00        		.dd LBE5-_loop
00000C21 0D 00 0A 00        		.dw 0x0d,0x0a
000081CB                    	.code
00000C23                    	.debug
00000C23 2E 00 73 00        		.dw '.stabf ',0,0
         74 00 61 00
         62 00 66 00
         20 00 00 00
         00 00      
00000C2C AE 00 00 00        		.dd LME4-_loop
00000C2E 0D 00 0A 00        		.dw 0x0d,0x0a
000081CB                    	.code
                            	LME4:
000081CB                    	.code
00000C30                    	.debug
00000C30 2E 00 73 00        		.dw '.stabs "main:F1",36,0,0,',0,0,offset _main,seg _main,0x0d,0x0a
         74 00 61 00
         62 00 73 00
         20 00 22 00
         6D 00 61 00
         69 00 6E 00
         3A 00 46 00
         31 00 22 00
         2C 00 33 00
         36 00 2C 00
         30 00 2C 00
         30 00 2C 00
         00 00 00 00
         A5 01 00 00
         0D 00 0A 00
000081CB                    	.CODE
                            	.public _main
                            	_main:	.proc
00000C4E                    	.debug
00000C4E 2E 00 73 00        		.dw '.stabn 0x44,0,102,',0,0
         74 00 61 00
         62 00 6E 00
         20 00 30 00
         78 00 34 00
         34 00 2C 00
         30 00 2C 00
         31 00 30 00
         32 00 2C 00
         00 00 00 00
00000C62 00 00 00 00        		.dd LM64-_main
00000C64 0D 00 0A 00        		.dw 0x0d,0x0a
000081CB                    	.code
                            	LM64:
                            		// total=1, vars=1
                            		// frame_pointer_needed: 1
00000C66                    	.debug
00000C66 2E 00 73 00        		.dw '.stabn 0xa6,0,0,1',0x0d, 0x0a
         74 00 61 00
         62 00 6E 00
         20 00 30 00
         78 00 61 00
         36 00 2C 00
         30 00 2C 00
         30 00 2C 00
         31 00 0D 00
         0A 00      
000081CB                    	.code
000081CB 88 DA              		PUSH BP to [SP]
000081CC 41 20              		SP-=1
000081CD 08 0B 01 00        		BP=SP+1
                            	
000081CF 0D 03 04 00        		R1=BP+4
000081D1 C5 D2              		[BP]=R1	// QImode move
00000C79                    	.debug
00000C79 2E 00 73 00        		.dw '.stabn 0x44,0,103,',0,0
         74 00 61 00
         62 00 6E 00
         20 00 30 00
         78 00 34 00
         34 00 2C 00
         30 00 2C 00
         31 00 30 00
         33 00 2C 00
         00 00 00 00
00000C8D 07 00 00 00        		.dd LM65-_main
00000C8F 0D 00 0A 00        		.dw 0x0d,0x0a
000081D2                    	.code
                            	LM65:
                            	L45:
000081D2 0F 9F D6 81        		PC=L47	// jump
000081D4 0F 9F DD 81        		PC=L46	// jump
                            	L47:
00000C91                    	.debug
00000C91 2E 00 73 00        		.dw '.stabn 0x44,0,105,',0,0
         74 00 61 00
         62 00 6E 00
         20 00 30 00
         78 00 34 00
         34 00 2C 00
         30 00 2C 00
         31 00 30 00
         35 00 2C 00
         00 00 00 00
00000CA5 0B 00 00 00        		.dd LM66-_main
00000CA7 0D 00 0A 00        		.dw 0x0d,0x0a
000081D6                    	.code
                            	LM66:
000081D6 41 92              		R1=1	// QImode move
000081D7 19 D3 12 70        		[28690]=R1	// QImode move
00000CA9                    	.debug
00000CA9 2E 00 73 00        		.dw '.stabn 0x44,0,106,',0,0
         74 00 61 00
         62 00 6E 00
         20 00 30 00
         78 00 34 00
         34 00 2C 00
         30 00 2C 00
         31 00 30 00
         36 00 2C 00
         00 00 00 00
00000CBD 0E 00 00 00        		.dd LM67-_main
00000CBF 0D 00 0A 00        		.dw 0x0d,0x0a
000081D9                    	.code
                            	LM67:
000081D9 40 F0 1D 81        		CALL _loop	// call without return value
00000CC1                    	.debug
00000CC1 2E 00 73 00        		.dw '.stabn 0x44,0,107,',0,0
         74 00 61 00
         62 00 6E 00
         20 00 30 00
         78 00 34 00
         34 00 2C 00
         30 00 2C 00
         31 00 30 00
         37 00 2C 00
         00 00 00 00
00000CD5 10 00 00 00        		.dd LM68-_main
00000CD7 0D 00 0A 00        		.dw 0x0d,0x0a
000081DB                    	.code
                            	LM68:
000081DB 0F 9F D2 81        		PC=L45	// jump
                            	L46:
00000CD9                    	.debug
00000CD9 2E 00 73 00        		.dw '.stabn 0x44,0,108,',0,0
         74 00 61 00
         62 00 6E 00
         20 00 30 00
         78 00 34 00
         34 00 2C 00
         30 00 2C 00
         31 00 30 00
         38 00 2C 00
         00 00 00 00
00000CED 12 00 00 00        		.dd LM69-_main
00000CEF 0D 00 0A 00        		.dw 0x0d,0x0a
000081DD                    	.code
                            	LM69:
000081DD 40 92              		R1=0	// QImode move
000081DE 0F 9F E0 81        		PC=L44	// jump
00000CF1                    	.debug
00000CF1 2E 00 73 00        		.dw '.stabn 0x44,0,109,',0,0
         74 00 61 00
         62 00 6E 00
         20 00 30 00
         78 00 34 00
         34 00 2C 00
         30 00 2C 00
         31 00 30 00
         39 00 2C 00
         00 00 00 00
00000D05 15 00 00 00        		.dd LM70-_main
00000D07 0D 00 0A 00        		.dw 0x0d,0x0a
000081E0                    	.code
                            	LM70:
00000D09                    	.debug
00000D09 2E 00 73 00        		.dw '.stabn 0x44,0,109,',0,0
         74 00 61 00
         62 00 6E 00
         20 00 30 00
         78 00 34 00
         34 00 2C 00
         30 00 2C 00
         31 00 30 00
         39 00 2C 00
         00 00 00 00
00000D1D 15 00 00 00        		.dd LM71-_main
00000D1F 0D 00 0A 00        		.dw 0x0d,0x0a
000081E0                    	.code
                            	LM71:
                            	L44:
                            	
000081E0 41 00              		SP+=1
000081E1 88 98              		POP BP from [SP]
000081E2 90 9A              		RETF
                            		.endp	// end of main
                            	
00000D21                    	.debug
00000D21 2E 00 73 00        		.dw '.stabf ',0,0
         74 00 61 00
         62 00 66 00
         20 00 00 00
         00 00      
00000D2A 18 00 00 00        		.dd LME5-_main
00000D2C 0D 00 0A 00        		.dw 0x0d,0x0a
000081E3                    	.code
                            	LME5:
                            	.external __lshiu2
                            		.end
0 error(s), 0 warning(s).

