Generalplus u'nSP Assembler - Ver. 1.14.13.0
              Listing File Has Been Relocated
                            	// GCC for GeneralPlus u'nSP version 1.1.0.3
                            	// Command: C:\PROGRA~2\unspIDE\toolchain\cc1.exe C:\Users\Libertas\AppData\Local\Temp\cc1suxof.i -fkeep-inline-functions -quiet -dumpbase main.c -mglobal-var-iram -gstabs -Wall -o .\Debug/main.asm
                            		.external __sn_func_ptr_sec
                            	
                            	// gcc2_compiled.:
                            	
00000000                    	.debug
00000000 2E 00 73 00        		.dw '.stabs "D:/Light2/light/",0x64,0,3,',0,0,offset Ltext0,seg Ltext0,0x0d,0x0a
         74 00 61 00
         62 00 73 00
         20 00 22 00
         44 00 3A 00
         2F 00 4C 00
         69 00 67 00
         68 00 74 00
         32 00 2F 00
         6C 00 69 00
         67 00 68 00
         74 00 2F 00
         22 00 2C 00
         30 00 78 00
         36 00 34 00
         2C 00 30 00
         2C 00 33 00
         2C 00 00 00
         00 00 00 00
         00 00 0D 00
         0A 00      
00008026                    	.code
00000029                    	.debug
00000029 2E 00 73 00        		.dw '.stabs "D:/Light2/light/main.c",0x64,0,3,',0,0,offset Ltext0,seg Ltext0,0x0d,0x0a
         74 00 61 00
         62 00 73 00
         20 00 22 00
         44 00 3A 00
         2F 00 4C 00
         69 00 67 00
         68 00 74 00
         32 00 2F 00
         6C 00 69 00
         67 00 68 00
         74 00 2F 00
         6D 00 61 00
         69 00 6E 00
         2E 00 63 00
         22 00 2C 00
         30 00 78 00
         36 00 34 00
         2C 00 30 00
         2C 00 33 00
         2C 00 00 00
         00 00 00 00
         00 00 0D 00
         0A 00      
00008026                    	.code
00008026                    	.code
                            	Ltext0:
00000058                    	.debug
00000058 2E 00 73 00        		.dw '.stabs "int:t1=r1;-32768;32767;",128,0,0,0',0x0d,0x0a
         74 00 61 00
         62 00 73 00
         20 00 22 00
         69 00 6E 00
         74 00 3A 00
         74 00 31 00
         3D 00 72 00
         31 00 3B 00
         2D 00 33 00
         32 00 37 00
         36 00 38 00
         3B 00 33 00
         32 00 37 00
         36 00 37 00
         3B 00 22 00
         2C 00 31 00
         32 00 38 00
         2C 00 30 00
         2C 00 30 00
         2C 00 30 00
         0D 00 0A 00
00008026                    	.CODE
00000084                    	.debug
00000084 2E 00 73 00        		.dw '.stabs "char:t2=r2;0;127;",128,0,0,0',0x0d,0x0a
         74 00 61 00
         62 00 73 00
         20 00 22 00
         63 00 68 00
         61 00 72 00
         3A 00 74 00
         32 00 3D 00
         72 00 32 00
         3B 00 30 00
         3B 00 31 00
         32 00 37 00
         3B 00 22 00
         2C 00 31 00
         32 00 38 00
         2C 00 30 00
         2C 00 30 00
         2C 00 30 00
         0D 00 0A 00
00008026                    	.CODE
000000AA                    	.debug
000000AA 2E 00 73 00        		.dw '.stabs "long int:t3=r3;-2147483648;2147483647;",128,0,0,0',0x0d,0x0a
         74 00 61 00
         62 00 73 00
         20 00 22 00
         6C 00 6F 00
         6E 00 67 00
         20 00 69 00
         6E 00 74 00
         3A 00 74 00
         33 00 3D 00
         72 00 33 00
         3B 00 2D 00
         32 00 31 00
         34 00 37 00
         34 00 38 00
         33 00 36 00
         34 00 38 00
         3B 00 32 00
         31 00 34 00
         37 00 34 00
         38 00 33 00
         36 00 34 00
         37 00 3B 00
         22 00 2C 00
         31 00 32 00
         38 00 2C 00
         30 00 2C 00
         30 00 2C 00
         30 00 0D 00
         0A 00      
00008026                    	.CODE
000000E5                    	.debug
000000E5 2E 00 73 00        		.dw '.stabs "unsigned int:t4=r4;0;65535;",128,0,0,0',0x0d,0x0a
         74 00 61 00
         62 00 73 00
         20 00 22 00
         75 00 6E 00
         73 00 69 00
         67 00 6E 00
         65 00 64 00
         20 00 69 00
         6E 00 74 00
         3A 00 74 00
         34 00 3D 00
         72 00 34 00
         3B 00 30 00
         3B 00 36 00
         35 00 35 00
         33 00 35 00
         3B 00 22 00
         2C 00 31 00
         32 00 38 00
         2C 00 30 00
         2C 00 30 00
         2C 00 30 00
         0D 00 0A 00
00008026                    	.CODE
00000115                    	.debug
00000115 2E 00 73 00        		.dw '.stabs "long unsigned int:t5=r5;0;4294967295;",128,0,0,0',0x0d,0x0a
         74 00 61 00
         62 00 73 00
         20 00 22 00
         6C 00 6F 00
         6E 00 67 00
         20 00 75 00
         6E 00 73 00
         69 00 67 00
         6E 00 65 00
         64 00 20 00
         69 00 6E 00
         74 00 3A 00
         74 00 35 00
         3D 00 72 00
         35 00 3B 00
         30 00 3B 00
         34 00 32 00
         39 00 34 00
         39 00 36 00
         37 00 32 00
         39 00 35 00
         3B 00 22 00
         2C 00 31 00
         32 00 38 00
         2C 00 30 00
         2C 00 30 00
         2C 00 30 00
         0D 00 0A 00
00008026                    	.CODE
0000014F                    	.debug
0000014F 2E 00 73 00        		.dw '.stabs "long long int:t6=r6;-2147483648;2147483647;",128,0,0,0',0x0d,0x0a
         74 00 61 00
         62 00 73 00
         20 00 22 00
         6C 00 6F 00
         6E 00 67 00
         20 00 6C 00
         6F 00 6E 00
         67 00 20 00
         69 00 6E 00
         74 00 3A 00
         74 00 36 00
         3D 00 72 00
         36 00 3B 00
         2D 00 32 00
         31 00 34 00
         37 00 34 00
         38 00 33 00
         36 00 34 00
         38 00 3B 00
         32 00 31 00
         34 00 37 00
         34 00 38 00
         33 00 36 00
         34 00 37 00
         3B 00 22 00
         2C 00 31 00
         32 00 38 00
         2C 00 30 00
         2C 00 30 00
         2C 00 30 00
         0D 00 0A 00
00008026                    	.CODE
0000018F                    	.debug
0000018F 2E 00 73 00        		.dw '.stabs "long long unsigned int:t7=r7;0;4294967295;",128,0,0,0',0x0d,0x0a
         74 00 61 00
         62 00 73 00
         20 00 22 00
         6C 00 6F 00
         6E 00 67 00
         20 00 6C 00
         6F 00 6E 00
         67 00 20 00
         75 00 6E 00
         73 00 69 00
         67 00 6E 00
         65 00 64 00
         20 00 69 00
         6E 00 74 00
         3A 00 74 00
         37 00 3D 00
         72 00 37 00
         3B 00 30 00
         3B 00 34 00
         32 00 39 00
         34 00 39 00
         36 00 37 00
         32 00 39 00
         35 00 3B 00
         22 00 2C 00
         31 00 32 00
         38 00 2C 00
         30 00 2C 00
         30 00 2C 00
         30 00 0D 00
         0A 00      
00008026                    	.CODE
000001CE                    	.debug
000001CE 2E 00 73 00        		.dw '.stabs "short int:t8=r8;-32768;32767;",128,0,0,0',0x0d,0x0a
         74 00 61 00
         62 00 73 00
         20 00 22 00
         73 00 68 00
         6F 00 72 00
         74 00 20 00
         69 00 6E 00
         74 00 3A 00
         74 00 38 00
         3D 00 72 00
         38 00 3B 00
         2D 00 33 00
         32 00 37 00
         36 00 38 00
         3B 00 33 00
         32 00 37 00
         36 00 37 00
         3B 00 22 00
         2C 00 31 00
         32 00 38 00
         2C 00 30 00
         2C 00 30 00
         2C 00 30 00
         0D 00 0A 00
00008026                    	.CODE
00000200                    	.debug
00000200 2E 00 73 00        		.dw '.stabs "short unsigned int:t9=r9;0;65535;",128,0,0,0',0x0d,0x0a
         74 00 61 00
         62 00 73 00
         20 00 22 00
         73 00 68 00
         6F 00 72 00
         74 00 20 00
         75 00 6E 00
         73 00 69 00
         67 00 6E 00
         65 00 64 00
         20 00 69 00
         6E 00 74 00
         3A 00 74 00
         39 00 3D 00
         72 00 39 00
         3B 00 30 00
         3B 00 36 00
         35 00 35 00
         33 00 35 00
         3B 00 22 00
         2C 00 31 00
         32 00 38 00
         2C 00 30 00
         2C 00 30 00
         2C 00 30 00
         0D 00 0A 00
00008026                    	.CODE
00000236                    	.debug
00000236 2E 00 73 00        		.dw '.stabs "signed char:t10=r10;-32768;32767;",128,0,0,0',0x0d,0x0a
         74 00 61 00
         62 00 73 00
         20 00 22 00
         73 00 69 00
         67 00 6E 00
         65 00 64 00
         20 00 63 00
         68 00 61 00
         72 00 3A 00
         74 00 31 00
         30 00 3D 00
         72 00 31 00
         30 00 3B 00
         2D 00 33 00
         32 00 37 00
         36 00 38 00
         3B 00 33 00
         32 00 37 00
         36 00 37 00
         3B 00 22 00
         2C 00 31 00
         32 00 38 00
         2C 00 30 00
         2C 00 30 00
         2C 00 30 00
         0D 00 0A 00
00008026                    	.CODE
0000026C                    	.debug
0000026C 2E 00 73 00        		.dw '.stabs "unsigned char:t11=r11;0;65535;",128,0,0,0',0x0d,0x0a
         74 00 61 00
         62 00 73 00
         20 00 22 00
         75 00 6E 00
         73 00 69 00
         67 00 6E 00
         65 00 64 00
         20 00 63 00
         68 00 61 00
         72 00 3A 00
         74 00 31 00
         31 00 3D 00
         72 00 31 00
         31 00 3B 00
         30 00 3B 00
         36 00 35 00
         35 00 33 00
         35 00 3B 00
         22 00 2C 00
         31 00 32 00
         38 00 2C 00
         30 00 2C 00
         30 00 2C 00
         30 00 0D 00
         0A 00      
00008026                    	.CODE
0000029F                    	.debug
0000029F 2E 00 73 00        		.dw '.stabs "float:t12=r1;2;0;",128,0,0,0',0x0d,0x0a
         74 00 61 00
         62 00 73 00
         20 00 22 00
         66 00 6C 00
         6F 00 61 00
         74 00 3A 00
         74 00 31 00
         32 00 3D 00
         72 00 31 00
         3B 00 32 00
         3B 00 30 00
         3B 00 22 00
         2C 00 31 00
         32 00 38 00
         2C 00 30 00
         2C 00 30 00
         2C 00 30 00
         0D 00 0A 00
00008026                    	.CODE
000002C5                    	.debug
000002C5 2E 00 73 00        		.dw '.stabs "double:t13=r1;2;0;",128,0,0,0',0x0d,0x0a
         74 00 61 00
         62 00 73 00
         20 00 22 00
         64 00 6F 00
         75 00 62 00
         6C 00 65 00
         3A 00 74 00
         31 00 33 00
         3D 00 72 00
         31 00 3B 00
         32 00 3B 00
         30 00 3B 00
         22 00 2C 00
         31 00 32 00
         38 00 2C 00
         30 00 2C 00
         30 00 2C 00
         30 00 0D 00
         0A 00      
00008026                    	.CODE
000002EC                    	.debug
000002EC 2E 00 73 00        		.dw '.stabs "long double:t14=r1;2;0;",128,0,0,0',0x0d,0x0a
         74 00 61 00
         62 00 73 00
         20 00 22 00
         6C 00 6F 00
         6E 00 67 00
         20 00 64 00
         6F 00 75 00
         62 00 6C 00
         65 00 3A 00
         74 00 31 00
         34 00 3D 00
         72 00 31 00
         3B 00 32 00
         3B 00 30 00
         3B 00 22 00
         2C 00 31 00
         32 00 38 00
         2C 00 30 00
         2C 00 30 00
         2C 00 30 00
         0D 00 0A 00
00008026                    	.CODE
00000318                    	.debug
00000318 2E 00 73 00        		.dw '.stabs "complex int:t15=s2real:1,0,16;imag:1,16,16;;",128,0,0,0',0x0d,0x0a
         74 00 61 00
         62 00 73 00
         20 00 22 00
         63 00 6F 00
         6D 00 70 00
         6C 00 65 00
         78 00 20 00
         69 00 6E 00
         74 00 3A 00
         74 00 31 00
         35 00 3D 00
         73 00 32 00
         72 00 65 00
         61 00 6C 00
         3A 00 31 00
         2C 00 30 00
         2C 00 31 00
         36 00 3B 00
         69 00 6D 00
         61 00 67 00
         3A 00 31 00
         2C 00 31 00
         36 00 2C 00
         31 00 36 00
         3B 00 3B 00
         22 00 2C 00
         31 00 32 00
         38 00 2C 00
         30 00 2C 00
         30 00 2C 00
         30 00 0D 00
         0A 00      
00008026                    	.CODE
00000359                    	.debug
00000359 2E 00 73 00        		.dw '.stabs "complex float:t16=r16;2;0;",128,0,0,0',0x0d,0x0a
         74 00 61 00
         62 00 73 00
         20 00 22 00
         63 00 6F 00
         6D 00 70 00
         6C 00 65 00
         78 00 20 00
         66 00 6C 00
         6F 00 61 00
         74 00 3A 00
         74 00 31 00
         36 00 3D 00
         72 00 31 00
         36 00 3B 00
         32 00 3B 00
         30 00 3B 00
         22 00 2C 00
         31 00 32 00
         38 00 2C 00
         30 00 2C 00
         30 00 2C 00
         30 00 0D 00
         0A 00      
00008026                    	.CODE
00000388                    	.debug
00000388 2E 00 73 00        		.dw '.stabs "complex double:t17=r17;2;0;",128,0,0,0',0x0d,0x0a
         74 00 61 00
         62 00 73 00
         20 00 22 00
         63 00 6F 00
         6D 00 70 00
         6C 00 65 00
         78 00 20 00
         64 00 6F 00
         75 00 62 00
         6C 00 65 00
         3A 00 74 00
         31 00 37 00
         3D 00 72 00
         31 00 37 00
         3B 00 32 00
         3B 00 30 00
         3B 00 22 00
         2C 00 31 00
         32 00 38 00
         2C 00 30 00
         2C 00 30 00
         2C 00 30 00
         0D 00 0A 00
00008026                    	.CODE
000003B8                    	.debug
000003B8 2E 00 73 00        		.dw '.stabs "complex long double:t18=r18;2;0;",128,0,0,0',0x0d,0x0a
         74 00 61 00
         62 00 73 00
         20 00 22 00
         63 00 6F 00
         6D 00 70 00
         6C 00 65 00
         78 00 20 00
         6C 00 6F 00
         6E 00 67 00
         20 00 64 00
         6F 00 75 00
         62 00 6C 00
         65 00 3A 00
         74 00 31 00
         38 00 3D 00
         72 00 31 00
         38 00 3B 00
         32 00 3B 00
         30 00 3B 00
         22 00 2C 00
         31 00 32 00
         38 00 2C 00
         30 00 2C 00
         30 00 2C 00
         30 00 0D 00
         0A 00      
00008026                    	.CODE
000003ED                    	.debug
000003ED 2E 00 73 00        		.dw '.stabs "void:t19=19",128,0,0,0',0x0d,0x0a
         74 00 61 00
         62 00 73 00
         20 00 22 00
         76 00 6F 00
         69 00 64 00
         3A 00 74 00
         31 00 39 00
         3D 00 31 00
         39 00 22 00
         2C 00 31 00
         32 00 38 00
         2C 00 30 00
         2C 00 30 00
         2C 00 30 00
         0D 00 0A 00
00008026                    	.CODE
00008026                    	.code
0000040D                    	.debug
0000040D 2E 00 73 00        		.dw '.stabs "Delay:F19",36,0,0,',0,0,offset _Delay,seg _Delay,0x0d,0x0a
         74 00 61 00
         62 00 73 00
         20 00 22 00
         44 00 65 00
         6C 00 61 00
         79 00 3A 00
         46 00 31 00
         39 00 22 00
         2C 00 33 00
         36 00 2C 00
         30 00 2C 00
         30 00 2C 00
         00 00 00 00
         00 00 00 00
         0D 00 0A 00
00008026                    	.CODE
                            	.public _Delay
                            	_Delay:	.proc
0000042D                    	.debug
0000042D 2E 00 73 00        		.dw '.stabn 0x44,0,13,',0,0
         74 00 61 00
         62 00 6E 00
         20 00 30 00
         78 00 34 00
         34 00 2C 00
         30 00 2C 00
         31 00 33 00
         2C 00 00 00
         00 00      
00000440 00 00 00 00        		.dd LM1-_Delay
00000442 0D 00 0A 00        		.dw 0x0d,0x0a
00008026                    	.code
                            	LM1:
                            		// total=1, vars=1
                            		// frame_pointer_needed: 1
00000444                    	.debug
00000444 2E 00 73 00        		.dw '.stabn 0xa6,0,0,1',0x0d, 0x0a
         74 00 61 00
         62 00 6E 00
         20 00 30 00
         78 00 61 00
         36 00 2C 00
         30 00 2C 00
         30 00 2C 00
         31 00 0D 00
         0A 00      
00008026                    	.code
00008026 88 DA              		PUSH BP to [SP]
00008027 41 20              		SP-=1
00008028 08 0B 01 00        		BP=SP+1
                            	
0000802A 0D 03 04 00        		R1=BP+4
                            	LBB2:
00000457                    	.debug
00000457 2E 00 73 00        		.dw '.stabn 0x44,0,15,',0,0
         74 00 61 00
         62 00 6E 00
         20 00 30 00
         78 00 34 00
         34 00 2C 00
         30 00 2C 00
         31 00 35 00
         2C 00 00 00
         00 00      
0000046A 06 00 00 00        		.dd LM2-_Delay
0000046C 0D 00 0A 00        		.dw 0x0d,0x0a
0000802C                    	.code
                            	LM2:
0000802C 40 94              		R2=0	// QImode move
0000802D C5 D4              		[BP]=R2	// QImode move
                            	L3:
0000802E C5 94              		R2=[BP]	// QImode move
0000802F 0A 45 B8 0B        		CMP R2,3000	// QImode compare
00008031 04 8E 01 EE        		NSJNA L6	//QImode LEU
         00 EE      
00008034 0F 9F 3F 80        		PC=L4	// jump
                            	L6:
0000046E                    	.debug
0000046E 2E 00 73 00        		.dw '.stabn 0x44,0,17,',0,0
         74 00 61 00
         62 00 6E 00
         20 00 30 00
         78 00 34 00
         34 00 2C 00
         30 00 2C 00
         31 00 37 00
         2C 00 00 00
         00 00      
00000481 10 00 00 00        		.dd LM3-_Delay
00000483 0D 00 0A 00        		.dw 0x0d,0x0a
00008036                    	.code
                            	LM3:
00008036 41 94              		R2=1	// QImode move
00008037 1A D5 12 70        		[28690]=R2	// QImode move
00000485                    	.debug
00000485 2E 00 73 00        		.dw '.stabn 0x44,0,15,',0,0
         74 00 61 00
         62 00 6E 00
         20 00 30 00
         78 00 34 00
         34 00 2C 00
         30 00 2C 00
         31 00 35 00
         2C 00 00 00
         00 00      
00000498 13 00 00 00        		.dd LM4-_Delay
0000049A 0D 00 0A 00        		.dw 0x0d,0x0a
00008039                    	.code
                            	LM4:
                            	L5:
00008039 C5 94              		R2=[BP]	// QImode move
0000803A 0A 07 01 00        		R3=R2+1
0000803C C5 D6              		[BP]=R3	// QImode move
0000803D 0F 9F 2E 80        		PC=L3	// jump
                            	L4:
0000049C                    	.debug
0000049C 2E 00 73 00        		.dw '.stabn 0x44,0,19,',0,0
         74 00 61 00
         62 00 6E 00
         20 00 30 00
         78 00 34 00
         34 00 2C 00
         30 00 2C 00
         31 00 39 00
         2C 00 00 00
         00 00      
000004AF 19 00 00 00        		.dd LM5-_Delay
000004B1 0D 00 0A 00        		.dw 0x0d,0x0a
0000803F                    	.code
                            	LM5:
                            	LBE2:
000004B3                    	.debug
000004B3 2E 00 73 00        		.dw '.stabn 0x44,0,19,',0,0
         74 00 61 00
         62 00 6E 00
         20 00 30 00
         78 00 34 00
         34 00 2C 00
         30 00 2C 00
         31 00 39 00
         2C 00 00 00
         00 00      
000004C6 19 00 00 00        		.dd LM6-_Delay
000004C8 0D 00 0A 00        		.dw 0x0d,0x0a
0000803F                    	.code
                            	LM6:
                            	L2:
                            	
0000803F 41 00              		SP+=1
00008040 88 98              		POP BP from [SP]
00008041 90 9A              		RETF
                            		.endp	// end of Delay
                            	
000004CA                    	.debug
000004CA 2E 00 73 00        		.dw '.stabn 0xc0,0,0,',0,0
         74 00 61 00
         62 00 6E 00
         20 00 30 00
         78 00 63 00
         30 00 2C 00
         30 00 2C 00
         30 00 2C 00
         00 00 00 00
000004DC 06 00 00 00        		.dd LBB2-_Delay
000004DE 0D 00 0A 00        		.dw 0x0d,0x0a
00008042                    	.code
000004E0                    	.debug
000004E0 2E 00 73 00        		.dw '.stabs "uiCount:4",128,0,0,0',0x0d,0x0a
         74 00 61 00
         62 00 73 00
         20 00 22 00
         75 00 69 00
         43 00 6F 00
         75 00 6E 00
         74 00 3A 00
         34 00 22 00
         2C 00 31 00
         32 00 38 00
         2C 00 30 00
         2C 00 30 00
         2C 00 30 00
         0D 00 0A 00
00008042                    	.CODE
000004FE                    	.debug
000004FE 2E 00 73 00        		.dw '.stabn 0xe0,0,0,',0,0
         74 00 61 00
         62 00 6E 00
         20 00 30 00
         78 00 65 00
         30 00 2C 00
         30 00 2C 00
         30 00 2C 00
         00 00 00 00
00000510 19 00 00 00        		.dd LBE2-_Delay
00000512 0D 00 0A 00        		.dw 0x0d,0x0a
00008042                    	.code
00000514                    	.debug
00000514 2E 00 73 00        		.dw '.stabf ',0,0
         74 00 61 00
         62 00 66 00
         20 00 00 00
         00 00      
0000051D 1C 00 00 00        		.dd LME1-_Delay
0000051F 0D 00 0A 00        		.dw 0x0d,0x0a
00008042                    	.code
                            	LME1:
00008042                    	.code
00000521                    	.debug
00000521 2E 00 73 00        		.dw '.stabs "KeyScan:F4",36,0,0,',0,0,offset _KeyScan,seg _KeyScan,0x0d,0x0a
         74 00 61 00
         62 00 73 00
         20 00 22 00
         4B 00 65 00
         79 00 53 00
         63 00 61 00
         6E 00 3A 00
         46 00 34 00
         22 00 2C 00
         33 00 36 00
         2C 00 30 00
         2C 00 30 00
         2C 00 00 00
         00 00 1C 00
         00 00 0D 00
         0A 00      
00008042                    	.CODE
                            	.public _KeyScan
                            	_KeyScan:	.proc
00000542                    	.debug
00000542 2E 00 73 00        		.dw '.stabn 0x44,0,22,',0,0
         74 00 61 00
         62 00 6E 00
         20 00 30 00
         78 00 34 00
         34 00 2C 00
         30 00 2C 00
         32 00 32 00
         2C 00 00 00
         00 00      
00000555 00 00 00 00        		.dd LM7-_KeyScan
00000557 0D 00 0A 00        		.dw 0x0d,0x0a
00008042                    	.code
                            	LM7:
                            		// total=3, vars=3
                            		// frame_pointer_needed: 1
00000559                    	.debug
00000559 2E 00 73 00        		.dw '.stabn 0xa6,0,0,3',0x0d, 0x0a
         74 00 61 00
         62 00 6E 00
         20 00 30 00
         78 00 61 00
         36 00 2C 00
         30 00 2C 00
         30 00 2C 00
         33 00 0D 00
         0A 00      
00008042                    	.code
00008042 88 DA              		PUSH BP to [SP]
00008043 43 20              		SP-=3
00008044 08 0B 01 00        		BP=SP+1
                            	
00008046 0D 03 06 00        		R1=BP+6
00008048 02 D2              		[BP+2]=R1	// QImode move
                            	LBB3:
0000056C                    	.debug
0000056C 2E 00 73 00        		.dw '.stabn 0x44,0,25,',0,0
         74 00 61 00
         62 00 6E 00
         20 00 30 00
         78 00 34 00
         34 00 2C 00
         30 00 2C 00
         32 00 35 00
         2C 00 00 00
         00 00      
0000057F 07 00 00 00        		.dd LM8-_KeyScan
00000581 0D 00 0A 00        		.dw 0x0d,0x0a
00008049                    	.code
                            	LM8:
00008049 11 93 00 70        		R1=[28672]	// QImode move
0000804B C5 D2              		[BP]=R1	// QImode move
00000583                    	.debug
00000583 2E 00 73 00        		.dw '.stabn 0x44,0,26,',0,0
         74 00 61 00
         62 00 6E 00
         20 00 30 00
         78 00 34 00
         34 00 2C 00
         30 00 2C 00
         32 00 36 00
         2C 00 00 00
         00 00      
00000596 0A 00 00 00        		.dd LM9-_KeyScan
00000598 0D 00 0A 00        		.dw 0x0d,0x0a
0000804C                    	.code
                            	LM9:
0000804C C5 92              		R1=[BP]	// QImode move
0000804D 40 42              		CMP R1,0	// QImode test
0000804E 16 5E 01 EE        		NSJZ L9	//QImode EQ
         00 EE      
0000059A                    	.debug
0000059A 2E 00 73 00        		.dw '.stabn 0x44,0,28,',0,0
         74 00 61 00
         62 00 6E 00
         20 00 30 00
         78 00 34 00
         34 00 2C 00
         30 00 2C 00
         32 00 38 00
         2C 00 00 00
         00 00      
000005AD 0F 00 00 00        		.dd LM10-_KeyScan
000005AF 0D 00 0A 00        		.dw 0x0d,0x0a
00008051                    	.code
                            	LM10:
00008051 40 F0 26 80        		CALL _Delay	// call without return value
000005B1                    	.debug
000005B1 2E 00 73 00        		.dw '.stabn 0x44,0,29,',0,0
         74 00 61 00
         62 00 6E 00
         20 00 30 00
         78 00 34 00
         34 00 2C 00
         30 00 2C 00
         32 00 39 00
         2C 00 00 00
         00 00      
000005C4 11 00 00 00        		.dd LM11-_KeyScan
000005C6 0D 00 0A 00        		.dw 0x0d,0x0a
00008053                    	.code
                            	LM11:
00008053 05 93              		R1=BP	// QImode move
00008054 0D 05 01 00        		R2=BP+1
00008056 11 93 00 70        		R1=[28672]	// QImode move
00008058 02 97              		R3=R2	// QImode move
00008059 C3 D2              		[R3]=R1	// QImode move
000005C8                    	.debug
000005C8 2E 00 73 00        		.dw '.stabn 0x44,0,30,',0,0
         74 00 61 00
         62 00 6E 00
         20 00 30 00
         78 00 34 00
         34 00 2C 00
         30 00 2C 00
         33 00 30 00
         2C 00 00 00
         00 00      
000005DB 18 00 00 00        		.dd LM12-_KeyScan
000005DD 0D 00 0A 00        		.dw 0x0d,0x0a
0000805A                    	.code
                            	LM12:
0000805A 05 93              		R1=BP	// QImode move
0000805B 0D 05 01 00        		R2=BP+1
0000805D C5 92              		R1=[BP]	// QImode move
0000805E 02 97              		R3=R2	// QImode move
0000805F C3 42              		CMP R1,[R3]	// QImode compare
00008060 04 5E 01 EE        		NSJZ L9	//QImode EQ
         00 EE      
000005DF                    	.debug
000005DF 2E 00 73 00        		.dw '.stabn 0x44,0,31,',0,0
         74 00 61 00
         62 00 6E 00
         20 00 30 00
         78 00 34 00
         34 00 2C 00
         30 00 2C 00
         33 00 31 00
         2C 00 00 00
         00 00      
000005F2 21 00 00 00        		.dd LM13-_KeyScan
000005F4 0D 00 0A 00        		.dw 0x0d,0x0a
00008063                    	.code
                            	LM13:
00008063 40 92              		R1=0	// QImode move
00008064 C5 D2              		[BP]=R1	// QImode move
                            	L10:
                            	L9:
000005F6                    	.debug
000005F6 2E 00 73 00        		.dw '.stabn 0x44,0,33,',0,0
         74 00 61 00
         62 00 6E 00
         20 00 30 00
         78 00 34 00
         34 00 2C 00
         30 00 2C 00
         33 00 33 00
         2C 00 00 00
         00 00      
00000609 23 00 00 00        		.dd LM14-_KeyScan
0000060B 0D 00 0A 00        		.dw 0x0d,0x0a
00008065                    	.code
                            	LM14:
00008065 C5 94              		R2=[BP]	// QImode move
00008066 02 93              		R1=R2	// QImode move
00008067 0F 9F 69 80        		PC=L8	// jump
0000060D                    	.debug
0000060D 2E 00 73 00        		.dw '.stabn 0x44,0,34,',0,0
         74 00 61 00
         62 00 6E 00
         20 00 30 00
         78 00 34 00
         34 00 2C 00
         30 00 2C 00
         33 00 34 00
         2C 00 00 00
         00 00      
00000620 27 00 00 00        		.dd LM15-_KeyScan
00000622 0D 00 0A 00        		.dw 0x0d,0x0a
00008069                    	.code
                            	LM15:
                            	LBE3:
00000624                    	.debug
00000624 2E 00 73 00        		.dw '.stabn 0x44,0,34,',0,0
         74 00 61 00
         62 00 6E 00
         20 00 30 00
         78 00 34 00
         34 00 2C 00
         30 00 2C 00
         33 00 34 00
         2C 00 00 00
         00 00      
00000637 27 00 00 00        		.dd LM16-_KeyScan
00000639 0D 00 0A 00        		.dw 0x0d,0x0a
00008069                    	.code
                            	LM16:
                            	L8:
                            	
00008069 43 00              		SP+=3
0000806A 88 98              		POP BP from [SP]
0000806B 90 9A              		RETF
                            		.endp	// end of KeyScan
                            	
0000063B                    	.debug
0000063B 2E 00 73 00        		.dw '.stabn 0xc0,0,0,',0,0
         74 00 61 00
         62 00 6E 00
         20 00 30 00
         78 00 63 00
         30 00 2C 00
         30 00 2C 00
         30 00 2C 00
         00 00 00 00
0000064D 07 00 00 00        		.dd LBB3-_KeyScan
0000064F 0D 00 0A 00        		.dw 0x0d,0x0a
0000806C                    	.code
00000651                    	.debug
00000651 2E 00 73 00        		.dw '.stabs "uiData:4",128,0,0,0',0x0d,0x0a
         74 00 61 00
         62 00 73 00
         20 00 22 00
         75 00 69 00
         44 00 61 00
         74 00 61 00
         3A 00 34 00
         22 00 2C 00
         31 00 32 00
         38 00 2C 00
         30 00 2C 00
         30 00 2C 00
         30 00 0D 00
         0A 00      
0000806C                    	.CODE
0000066E                    	.debug
0000066E 2E 00 73 00        		.dw '.stabs "uiTemp:4",128,0,0,1',0x0d,0x0a
         74 00 61 00
         62 00 73 00
         20 00 22 00
         75 00 69 00
         54 00 65 00
         6D 00 70 00
         3A 00 34 00
         22 00 2C 00
         31 00 32 00
         38 00 2C 00
         30 00 2C 00
         30 00 2C 00
         31 00 0D 00
         0A 00      
0000806C                    	.CODE
0000068B                    	.debug
0000068B 2E 00 73 00        		.dw '.stabn 0xe0,0,0,',0,0
         74 00 61 00
         62 00 6E 00
         20 00 30 00
         78 00 65 00
         30 00 2C 00
         30 00 2C 00
         30 00 2C 00
         00 00 00 00
0000069D 27 00 00 00        		.dd LBE3-_KeyScan
0000069F 0D 00 0A 00        		.dw 0x0d,0x0a
0000806C                    	.code
000006A1                    	.debug
000006A1 2E 00 73 00        		.dw '.stabf ',0,0
         74 00 61 00
         62 00 66 00
         20 00 00 00
         00 00      
000006AA 2A 00 00 00        		.dd LME2-_KeyScan
000006AC 0D 00 0A 00        		.dw 0x0d,0x0a
0000806C                    	.code
                            	LME2:
0000806C                    	.code
000006AE                    	.debug
000006AE 2E 00 73 00        		.dw '.stabs "delay:F19",36,0,0,',0,0,offset _delay,seg _delay,0x0d,0x0a
         74 00 61 00
         62 00 73 00
         20 00 22 00
         64 00 65 00
         6C 00 61 00
         79 00 3A 00
         46 00 31 00
         39 00 22 00
         2C 00 33 00
         36 00 2C 00
         30 00 2C 00
         30 00 2C 00
         00 00 00 00
         46 00 00 00
         0D 00 0A 00
0000806C                    	.CODE
                            	.public _delay
                            	_delay:	.proc
000006CE                    	.debug
000006CE 2E 00 73 00        		.dw '.stabn 0x44,0,37,',0,0
         74 00 61 00
         62 00 6E 00
         20 00 30 00
         78 00 34 00
         34 00 2C 00
         30 00 2C 00
         33 00 37 00
         2C 00 00 00
         00 00      
000006E1 00 00 00 00        		.dd LM17-_delay
000006E3 0D 00 0A 00        		.dw 0x0d,0x0a
0000806C                    	.code
                            	LM17:
                            		// total=19, vars=19
                            		// frame_pointer_needed: 1
000006E5                    	.debug
000006E5 2E 00 73 00        		.dw '.stabn 0xa6,0,0,19',0x0d, 0x0a
         74 00 61 00
         62 00 6E 00
         20 00 30 00
         78 00 61 00
         36 00 2C 00
         30 00 2C 00
         30 00 2C 00
         31 00 39 00
         0D 00 0A 00
0000806C                    	.code
0000806C 88 DA              		PUSH BP to [SP]
0000806D 53 20              		SP-=19
0000806E 08 0B 01 00        		BP=SP+1
                            	
00008070 0D 03 16 00        		R1=BP+22
                            	LBB4:
000006F9                    	.debug
000006F9 2E 00 73 00        		.dw '.stabn 0x44,0,39,',0,0
         74 00 61 00
         62 00 6E 00
         20 00 30 00
         78 00 34 00
         34 00 2C 00
         30 00 2C 00
         33 00 39 00
         2C 00 00 00
         00 00      
0000070C 06 00 00 00        		.dd LM18-_delay
0000070E 0D 00 0A 00        		.dw 0x0d,0x0a
00008072                    	.code
                            	LM18:
                            		//split R3=0
00008072 40 96              		R3=0	// QImode move
00008073 40 98              		R4=0	// QImode move
                            		//split [BP]=R3
00008074 C5 D6              		[BP]=R3	// QImode move
00008075 01 D8              		[BP+1]=R4	// QImode move
                            	L14:
00008076 01 97              		R3=R1	// QImode move
00008077 C3 94              		R2=[R3]	// QImode move
00008078 4A 98              		R4=10	// QImode move
00008079 0F D8              		[BP+15]=R4	// QImode move
0000807A 0F 96              		R3=[BP+15]	// QImode move
0000807B 0B F5              		MR=R2*R3	// R3=R2*R3 16bit=16bit*16bit
0000807C 0E D6              		[BP+14]=R3	// QImode move
0000807D 0E 96              		R3=[BP+14]
0000807E 40 98              		R4=0
                            		//split [BP+4]=R3
0000807F 04 D6              		[BP+4]=R3	// QImode move
00008080 05 D8              		[BP+5]=R4	// QImode move
                            		//split R3=[BP]
00008081 C5 96              		R3=[BP]	// QImode move
00008082 01 98              		R4=[BP+1]	// QImode move
00008083 05 48              		CMP R4,[BP+5]	// CMP RD,[RS] HImode
00008084 07 9E              		JA  L23	// HImode LEU
00008085 08 4E 01 EE        		NSJNZ L17
         00 EE      
00008088 04 46              		CMP R3,[BP+4]
00008089 04 8E 01 EE        		NSJNA  L17
         00 EE      
                            	L23:
0000808C 0F 9F E2 80        		PC=L15	// jump
                            	L17:
00000710                    	.debug
00000710 2E 00 73 00        		.dw '.stabn 0x44,0,41,',0,0
         74 00 61 00
         62 00 6E 00
         20 00 30 00
         78 00 34 00
         34 00 2C 00
         30 00 2C 00
         34 00 31 00
         2C 00 00 00
         00 00      
00000723 22 00 00 00        		.dd LM19-_delay
00000725 0D 00 0A 00        		.dw 0x0d,0x0a
0000808E                    	.code
                            	LM19:
0000808E 05 95              		R2=BP	// QImode move
0000808F 0D 09 02 00        		R4=BP+2
00008091 0E D8              		[BP+14]=R4	// QImode move
                            		//split R3=0
00008092 40 96              		R3=0	// QImode move
00008093 40 98              		R4=0	// QImode move
                            		//split [BP+6]=R3
00008094 06 D6              		[BP+6]=R3	// QImode move
00008095 07 D8              		[BP+7]=R4	// QImode move
                            		//split R3=[BP+6]
00008096 06 96              		R3=[BP+6]	// QImode move
00008097 07 98              		R4=[BP+7]	// QImode move
00008098 0E 94              		R2=[BP+14]	// QImode move
                            		//split [R2]=R3
00008099 D2 D6              		[R2++]=R3	// QImode move
0000809A CA D8              		[R2--]=R4	// QImode move
                            	L18:
0000809B 05 95              		R2=BP	// QImode move
0000809C 0D 07 02 00        		R3=BP+2
0000809E 0E D6              		[BP+14]=R3	// QImode move
0000809F 0E 98              		R4=[BP+14]	// QImode move
                            		//split R3=[R4]
000080A0 D4 96              		R3=[R4++]	// QImode move
000080A1 CC 98              		R4=[R4--]	// QImode move
                            		//split [BP+8]=R3
000080A2 08 D6              		[BP+8]=R3	// QImode move
000080A3 09 D8              		[BP+9]=R4	// QImode move
                            		//split R3=[BP+8]
000080A4 08 96              		R3=[BP+8]	// QImode move
000080A5 09 98              		R4=[BP+9]	// QImode move
000080A6 40 48              		CMP R4, 0	// HImode 1st compare
000080A7 08 9E              		JA  L25	// HImode LEU
000080A8 09 4E 01 EE        		NSJNZ L21
         00 EE      
000080AB 0B 47 B7 0B        		CMP R3,2999
000080AD 04 8E 01 EE        		NSJNA  L21
         00 EE      
                            	L25:
000080B0 0F 9F D2 80        		PC=L16	// jump
                            	L21:
00000727                    	.debug
00000727 2E 00 73 00        		.dw '.stabn 0x44,0,42,',0,0
         74 00 61 00
         62 00 6E 00
         20 00 30 00
         78 00 34 00
         34 00 2C 00
         30 00 2C 00
         34 00 32 00
         2C 00 00 00
         00 00      
0000073A 46 00 00 00        		.dd LM20-_delay
0000073C 0D 00 0A 00        		.dw 0x0d,0x0a
000080B2                    	.code
                            	LM20:
000080B2 41 94              		R2=1	// QImode move
000080B3 1A D5 12 70        		[28690]=R2	// QImode move
0000073E                    	.debug
0000073E 2E 00 73 00        		.dw '.stabn 0x44,0,41,',0,0
         74 00 61 00
         62 00 6E 00
         20 00 30 00
         78 00 34 00
         34 00 2C 00
         30 00 2C 00
         34 00 31 00
         2C 00 00 00
         00 00      
00000751 49 00 00 00        		.dd LM21-_delay
00000753 0D 00 0A 00        		.dw 0x0d,0x0a
000080B5                    	.code
                            	LM21:
                            	L20:
000080B5 05 95              		R2=BP	// QImode move
000080B6 0D 07 02 00        		R3=BP+2
000080B8 05 99              		R4=BP	// QImode move
000080B9 0D 09 02 00        		R4=BP+2
000080BB 12 D8              		[BP+18]=R4	// QImode move
000080BC 05 97              		R3=BP	// QImode move
000080BD 0D 05 02 00        		R2=BP+2
000080BF 0F D4              		[BP+15]=R2	// QImode move
000080C0 0F 98              		R4=[BP+15]	// QImode move
                            		//split R3=[R4]
000080C1 D4 96              		R3=[R4++]	// QImode move
000080C2 CC 98              		R4=[R4--]	// QImode move
                            		//split [BP+10]=R3
000080C3 0A D6              		[BP+10]=R3	// QImode move
000080C4 0B D8              		[BP+11]=R4	// QImode move
                            		//split R3=[BP+10]
000080C5 0A 96              		R3=[BP+10]	// QImode move
000080C6 0B 98              		R4=[BP+11]	// QImode move
000080C7 41 06              		R3=R3+1	// HImode RD=RS+#IMM16
000080C8 40 18              		R4=R4+0, Carry
                            		//split [BP+16]=R3
000080C9 10 D6              		[BP+16]=R3	// QImode move
000080CA 11 D8              		[BP+17]=R4	// QImode move
                            		//split R3=[BP+16]
000080CB 10 96              		R3=[BP+16]	// QImode move
000080CC 11 98              		R4=[BP+17]	// QImode move
000080CD 12 94              		R2=[BP+18]	// QImode move
                            		//split [R2]=R3
000080CE D2 D6              		[R2++]=R3	// QImode move
000080CF CA D8              		[R2--]=R4	// QImode move
000080D0 0F 9F 9B 80        		PC=L18	// jump
                            	L19:
00000755                    	.debug
00000755 2E 00 73 00        		.dw '.stabn 0x44,0,39,',0,0
         74 00 61 00
         62 00 6E 00
         20 00 30 00
         78 00 34 00
         34 00 2C 00
         30 00 2C 00
         33 00 39 00
         2C 00 00 00
         00 00      
00000768 66 00 00 00        		.dd LM22-_delay
0000076A 0D 00 0A 00        		.dw 0x0d,0x0a
000080D2                    	.code
                            	LM22:
                            	L16:
                            		//split R3=[BP]
000080D2 C5 96              		R3=[BP]	// QImode move
000080D3 01 98              		R4=[BP+1]	// QImode move
                            		//split [BP+16]=R3
000080D4 10 D6              		[BP+16]=R3	// QImode move
000080D5 11 D8              		[BP+17]=R4	// QImode move
                            		//split R3=[BP+16]
000080D6 10 96              		R3=[BP+16]	// QImode move
000080D7 11 98              		R4=[BP+17]	// QImode move
000080D8 41 06              		R3=R3+1	// HImode RD=RS+#IMM16
000080D9 40 18              		R4=R4+0, Carry
                            		//split [BP+12]=R3
000080DA 0C D6              		[BP+12]=R3	// QImode move
000080DB 0D D8              		[BP+13]=R4	// QImode move
                            		//split R3=[BP+12]
000080DC 0C 96              		R3=[BP+12]	// QImode move
000080DD 0D 98              		R4=[BP+13]	// QImode move
                            		//split [BP]=R3
000080DE C5 D6              		[BP]=R3	// QImode move
000080DF 01 D8              		[BP+1]=R4	// QImode move
000080E0 0F 9F 76 80        		PC=L14	// jump
                            	L15:
0000076C                    	.debug
0000076C 2E 00 73 00        		.dw '.stabn 0x44,0,44,',0,0
         74 00 61 00
         62 00 6E 00
         20 00 30 00
         78 00 34 00
         34 00 2C 00
         30 00 2C 00
         34 00 34 00
         2C 00 00 00
         00 00      
0000077F 76 00 00 00        		.dd LM23-_delay
00000781 0D 00 0A 00        		.dw 0x0d,0x0a
000080E2                    	.code
                            	LM23:
                            	LBE4:
00000783                    	.debug
00000783 2E 00 73 00        		.dw '.stabn 0x44,0,44,',0,0
         74 00 61 00
         62 00 6E 00
         20 00 30 00
         78 00 34 00
         34 00 2C 00
         30 00 2C 00
         34 00 34 00
         2C 00 00 00
         00 00      
00000796 76 00 00 00        		.dd LM24-_delay
00000798 0D 00 0A 00        		.dw 0x0d,0x0a
000080E2                    	.code
                            	LM24:
                            	L13:
                            	
000080E2 53 00              		SP+=19
000080E3 88 98              		POP BP from [SP]
000080E4 90 9A              		RETF
                            		.endp	// end of delay
                            	
0000079A                    	.debug
0000079A 2E 00 73 00        		.dw '.stabs "time:p4",160,0,0,22',0x0d,0x0a
         74 00 61 00
         62 00 73 00
         20 00 22 00
         74 00 69 00
         6D 00 65 00
         3A 00 70 00
         34 00 22 00
         2C 00 31 00
         36 00 30 00
         2C 00 30 00
         2C 00 30 00
         2C 00 32 00
         32 00 0D 00
         0A 00      
000080E5                    	.CODE
000007B7                    	.debug
000007B7 2E 00 73 00        		.dw '.stabn 0xc0,0,0,',0,0
         74 00 61 00
         62 00 6E 00
         20 00 30 00
         78 00 63 00
         30 00 2C 00
         30 00 2C 00
         30 00 2C 00
         00 00 00 00
000007C9 06 00 00 00        		.dd LBB4-_delay
000007CB 0D 00 0A 00        		.dw 0x0d,0x0a
000080E5                    	.code
000007CD                    	.debug
000007CD 2E 00 73 00        		.dw '.stabs "i:5",128,0,0,0',0x0d,0x0a
         74 00 61 00
         62 00 73 00
         20 00 22 00
         69 00 3A 00
         35 00 22 00
         2C 00 31 00
         32 00 38 00
         2C 00 30 00
         2C 00 30 00
         2C 00 30 00
         0D 00 0A 00
000080E5                    	.CODE
000007E5                    	.debug
000007E5 2E 00 73 00        		.dw '.stabs "j:5",128,0,0,2',0x0d,0x0a
         74 00 61 00
         62 00 73 00
         20 00 22 00
         6A 00 3A 00
         35 00 22 00
         2C 00 31 00
         32 00 38 00
         2C 00 30 00
         2C 00 30 00
         2C 00 32 00
         0D 00 0A 00
000080E5                    	.CODE
000007FD                    	.debug
000007FD 2E 00 73 00        		.dw '.stabn 0xe0,0,0,',0,0
         74 00 61 00
         62 00 6E 00
         20 00 30 00
         78 00 65 00
         30 00 2C 00
         30 00 2C 00
         30 00 2C 00
         00 00 00 00
0000080F 76 00 00 00        		.dd LBE4-_delay
00000811 0D 00 0A 00        		.dw 0x0d,0x0a
000080E5                    	.code
00000813                    	.debug
00000813 2E 00 73 00        		.dw '.stabf ',0,0
         74 00 61 00
         62 00 66 00
         20 00 00 00
         00 00      
0000081C 79 00 00 00        		.dd LME3-_delay
0000081E 0D 00 0A 00        		.dw 0x0d,0x0a
000080E5                    	.code
                            	LME3:
000080E5                    	.code
00000820                    	.debug
00000820 2E 00 73 00        		.dw '.stabs "loop:F19",36,0,0,',0,0,offset _loop,seg _loop,0x0d,0x0a
         74 00 61 00
         62 00 73 00
         20 00 22 00
         6C 00 6F 00
         6F 00 70 00
         3A 00 46 00
         31 00 39 00
         22 00 2C 00
         33 00 36 00
         2C 00 30 00
         2C 00 30 00
         2C 00 00 00
         00 00 BF 00
         00 00 0D 00
         0A 00      
000080E5                    	.CODE
                            	.public _loop
                            	_loop:	.proc
0000083F                    	.debug
0000083F 2E 00 73 00        		.dw '.stabn 0x44,0,47,',0,0
         74 00 61 00
         62 00 6E 00
         20 00 30 00
         78 00 34 00
         34 00 2C 00
         30 00 2C 00
         34 00 37 00
         2C 00 00 00
         00 00      
00000852 00 00 00 00        		.dd LM25-_loop
00000854 0D 00 0A 00        		.dw 0x0d,0x0a
000080E5                    	.code
                            	LM25:
                            		// total=2, vars=2
                            		// frame_pointer_needed: 1
00000856                    	.debug
00000856 2E 00 73 00        		.dw '.stabn 0xa6,0,0,2',0x0d, 0x0a
         74 00 61 00
         62 00 6E 00
         20 00 30 00
         78 00 61 00
         36 00 2C 00
         30 00 2C 00
         30 00 2C 00
         32 00 0D 00
         0A 00      
000080E5                    	.code
000080E5 88 DA              		PUSH BP to [SP]
000080E6 42 20              		SP-=2
000080E7 08 0B 01 00        		BP=SP+1
                            	
000080E9 0D 03 05 00        		R1=BP+5
000080EB 01 D2              		[BP+1]=R1	// QImode move
                            	LBB5:
00000869                    	.debug
00000869 2E 00 73 00        		.dw '.stabn 0x44,0,50,',0,0
         74 00 61 00
         62 00 6E 00
         20 00 30 00
         78 00 34 00
         34 00 2C 00
         30 00 2C 00
         35 00 30 00
         2C 00 00 00
         00 00      
0000087C 07 00 00 00        		.dd LM26-_loop
0000087E 0D 00 0A 00        		.dw 0x0d,0x0a
000080EC                    	.code
                            	LM26:
000080EC 40 92              		R1=0	// QImode move
000080ED C5 D2              		[BP]=R1	// QImode move
                            	L27:
000080EE C5 92              		R1=[BP]	// QImode move
000080EF 42 42              		CMP R1,2	// QImode compare
000080F0 04 AE 01 EE        		NSJNG L30	//QImode LE
         00 EE      
000080F3 0F 9F 16 81        		PC=L28	// jump
                            	L30:
00000880                    	.debug
00000880 2E 00 73 00        		.dw '.stabn 0x44,0,52,',0,0
         74 00 61 00
         62 00 6E 00
         20 00 30 00
         78 00 34 00
         34 00 2C 00
         30 00 2C 00
         35 00 32 00
         2C 00 00 00
         00 00      
00000893 10 00 00 00        		.dd LM27-_loop
00000895 0D 00 0A 00        		.dw 0x0d,0x0a
000080F5                    	.code
                            	LM27:
000080F5 41 92              		R1=1	// QImode move
000080F6 19 D3 12 70        		[28690]=R1	// QImode move
00000897                    	.debug
00000897 2E 00 73 00        		.dw '.stabn 0x44,0,53,',0,0
         74 00 61 00
         62 00 6E 00
         20 00 30 00
         78 00 34 00
         34 00 2C 00
         30 00 2C 00
         35 00 33 00
         2C 00 00 00
         00 00      
000008AA 13 00 00 00        		.dd LM28-_loop
000008AC 0D 00 0A 00        		.dw 0x0d,0x0a
000080F8                    	.code
                            	LM28:
000080F8 09 93 00 60        		R1=24576	// QImode move
000080FA 19 D3 00 70        		[28672]=R1	// QImode move
000008AE                    	.debug
000008AE 2E 00 73 00        		.dw '.stabn 0x44,0,54,',0,0
         74 00 61 00
         62 00 6E 00
         20 00 30 00
         78 00 34 00
         34 00 2C 00
         30 00 2C 00
         35 00 34 00
         2C 00 00 00
         00 00      
000008C1 17 00 00 00        		.dd LM29-_loop
000008C3 0D 00 0A 00        		.dw 0x0d,0x0a
000080FC                    	.code
                            	LM29:
000080FC 44 92              		R1=4	// QImode move
000080FD 19 D3 05 70        		[28677]=R1	// QImode move
000008C5                    	.debug
000008C5 2E 00 73 00        		.dw '.stabn 0x44,0,55,',0,0
         74 00 61 00
         62 00 6E 00
         20 00 30 00
         78 00 34 00
         34 00 2C 00
         30 00 2C 00
         35 00 35 00
         2C 00 00 00
         00 00      
000008D8 1A 00 00 00        		.dd LM30-_loop
000008DA 0D 00 0A 00        		.dw 0x0d,0x0a
000080FF                    	.code
                            	LM30:
000080FF 45 92              		R1=5	// QImode move
00008100 C8 D2              		[SP--]=R1	// QImode move
00008101 40 F0 6C 80        		CALL _delay	// call without return value
00008103 41 00              		SP = SP + 1	//SP
000008DC                    	.debug
000008DC 2E 00 73 00        		.dw '.stabn 0x44,0,56,',0,0
         74 00 61 00
         62 00 6E 00
         20 00 30 00
         78 00 34 00
         34 00 2C 00
         30 00 2C 00
         35 00 36 00
         2C 00 00 00
         00 00      
000008EF 1F 00 00 00        		.dd LM31-_loop
000008F1 0D 00 0A 00        		.dw 0x0d,0x0a
00008104                    	.code
                            	LM31:
00008104 09 93 00 20        		R1=8192	// QImode move
00008106 19 D3 00 70        		[28672]=R1	// QImode move
000008F3                    	.debug
000008F3 2E 00 73 00        		.dw '.stabn 0x44,0,57,',0,0
         74 00 61 00
         62 00 6E 00
         20 00 30 00
         78 00 34 00
         34 00 2C 00
         30 00 2C 00
         35 00 37 00
         2C 00 00 00
         00 00      
00000906 23 00 00 00        		.dd LM32-_loop
00000908 0D 00 0A 00        		.dw 0x0d,0x0a
00008108                    	.code
                            	LM32:
00008108 40 92              		R1=0	// QImode move
00008109 19 D3 05 70        		[28677]=R1	// QImode move
0000090A                    	.debug
0000090A 2E 00 73 00        		.dw '.stabn 0x44,0,58,',0,0
         74 00 61 00
         62 00 6E 00
         20 00 30 00
         78 00 34 00
         34 00 2C 00
         30 00 2C 00
         35 00 38 00
         2C 00 00 00
         00 00      
0000091D 26 00 00 00        		.dd LM33-_loop
0000091F 0D 00 0A 00        		.dw 0x0d,0x0a
0000810B                    	.code
                            	LM33:
0000810B 45 92              		R1=5	// QImode move
0000810C C8 D2              		[SP--]=R1	// QImode move
0000810D 40 F0 6C 80        		CALL _delay	// call without return value
0000810F 41 00              		SP = SP + 1	//SP
00000921                    	.debug
00000921 2E 00 73 00        		.dw '.stabn 0x44,0,50,',0,0
         74 00 61 00
         62 00 6E 00
         20 00 30 00
         78 00 34 00
         34 00 2C 00
         30 00 2C 00
         35 00 30 00
         2C 00 00 00
         00 00      
00000934 2B 00 00 00        		.dd LM34-_loop
00000936 0D 00 0A 00        		.dw 0x0d,0x0a
00008110                    	.code
                            	LM34:
                            	L29:
00008110 C5 92              		R1=[BP]	// QImode move
00008111 09 05 01 00        		R2=R1+1
00008113 C5 D4              		[BP]=R2	// QImode move
00008114 0F 9F EE 80        		PC=L27	// jump
                            	L28:
00000938                    	.debug
00000938 2E 00 73 00        		.dw '.stabn 0x44,0,61,',0,0
         74 00 61 00
         62 00 6E 00
         20 00 30 00
         78 00 34 00
         34 00 2C 00
         30 00 2C 00
         36 00 31 00
         2C 00 00 00
         00 00      
0000094B 31 00 00 00        		.dd LM35-_loop
0000094D 0D 00 0A 00        		.dw 0x0d,0x0a
00008116                    	.code
                            	LM35:
00008116 41 92              		R1=1	// QImode move
00008117 19 D3 12 70        		[28690]=R1	// QImode move
0000094F                    	.debug
0000094F 2E 00 73 00        		.dw '.stabn 0x44,0,62,',0,0
         74 00 61 00
         62 00 6E 00
         20 00 30 00
         78 00 34 00
         34 00 2C 00
         30 00 2C 00
         36 00 32 00
         2C 00 00 00
         00 00      
00000962 34 00 00 00        		.dd LM36-_loop
00000964 0D 00 0A 00        		.dw 0x0d,0x0a
00008119                    	.code
                            	LM36:
00008119 09 93 00 50        		R1=20480	// QImode move
0000811B 19 D3 00 70        		[28672]=R1	// QImode move
00000966                    	.debug
00000966 2E 00 73 00        		.dw '.stabn 0x44,0,63,',0,0
         74 00 61 00
         62 00 6E 00
         20 00 30 00
         78 00 34 00
         34 00 2C 00
         30 00 2C 00
         36 00 33 00
         2C 00 00 00
         00 00      
00000979 38 00 00 00        		.dd LM37-_loop
0000097B 0D 00 0A 00        		.dw 0x0d,0x0a
0000811D                    	.code
                            	LM37:
0000811D 40 92              		R1=0	// QImode move
0000811E 19 D3 05 70        		[28677]=R1	// QImode move
0000097D                    	.debug
0000097D 2E 00 73 00        		.dw '.stabn 0x44,0,64,',0,0
         74 00 61 00
         62 00 6E 00
         20 00 30 00
         78 00 34 00
         34 00 2C 00
         30 00 2C 00
         36 00 34 00
         2C 00 00 00
         00 00      
00000990 3B 00 00 00        		.dd LM38-_loop
00000992 0D 00 0A 00        		.dw 0x0d,0x0a
00008120                    	.code
                            	LM38:
00008120 09 93 64 00        		R1=100	// QImode move
00008122 C8 D2              		[SP--]=R1	// QImode move
00008123 40 F0 6C 80        		CALL _delay	// call without return value
00008125 41 00              		SP = SP + 1	//SP
00000994                    	.debug
00000994 2E 00 73 00        		.dw '.stabn 0x44,0,66,',0,0
         74 00 61 00
         62 00 6E 00
         20 00 30 00
         78 00 34 00
         34 00 2C 00
         30 00 2C 00
         36 00 36 00
         2C 00 00 00
         00 00      
000009A7 41 00 00 00        		.dd LM39-_loop
000009A9 0D 00 0A 00        		.dw 0x0d,0x0a
00008126                    	.code
                            	LM39:
00008126 41 92              		R1=1	// QImode move
00008127 19 D3 12 70        		[28690]=R1	// QImode move
000009AB                    	.debug
000009AB 2E 00 73 00        		.dw '.stabn 0x44,0,67,',0,0
         74 00 61 00
         62 00 6E 00
         20 00 30 00
         78 00 34 00
         34 00 2C 00
         30 00 2C 00
         36 00 37 00
         2C 00 00 00
         00 00      
000009BE 44 00 00 00        		.dd LM40-_loop
000009C0 0D 00 0A 00        		.dw 0x0d,0x0a
00008129                    	.code
                            	LM40:
00008129 09 93 00 10        		R1=4096	// QImode move
0000812B 19 D3 00 70        		[28672]=R1	// QImode move
000009C2                    	.debug
000009C2 2E 00 73 00        		.dw '.stabn 0x44,0,68,',0,0
         74 00 61 00
         62 00 6E 00
         20 00 30 00
         78 00 34 00
         34 00 2C 00
         30 00 2C 00
         36 00 38 00
         2C 00 00 00
         00 00      
000009D5 48 00 00 00        		.dd LM41-_loop
000009D7 0D 00 0A 00        		.dw 0x0d,0x0a
0000812D                    	.code
                            	LM41:
0000812D 41 92              		R1=1	// QImode move
0000812E 19 D3 05 70        		[28677]=R1	// QImode move
000009D9                    	.debug
000009D9 2E 00 73 00        		.dw '.stabn 0x44,0,69,',0,0
         74 00 61 00
         62 00 6E 00
         20 00 30 00
         78 00 34 00
         34 00 2C 00
         30 00 2C 00
         36 00 39 00
         2C 00 00 00
         00 00      
000009EC 4B 00 00 00        		.dd LM42-_loop
000009EE 0D 00 0A 00        		.dw 0x0d,0x0a
00008130                    	.code
                            	LM42:
00008130 09 93 64 00        		R1=100	// QImode move
00008132 C8 D2              		[SP--]=R1	// QImode move
00008133 40 F0 6C 80        		CALL _delay	// call without return value
00008135 41 00              		SP = SP + 1	//SP
000009F0                    	.debug
000009F0 2E 00 73 00        		.dw '.stabn 0x44,0,71,',0,0
         74 00 61 00
         62 00 6E 00
         20 00 30 00
         78 00 34 00
         34 00 2C 00
         30 00 2C 00
         37 00 31 00
         2C 00 00 00
         00 00      
00000A03 51 00 00 00        		.dd LM43-_loop
00000A05 0D 00 0A 00        		.dw 0x0d,0x0a
00008136                    	.code
                            	LM43:
00008136 40 92              		R1=0	// QImode move
00008137 C5 D2              		[BP]=R1	// QImode move
                            	L31:
00008138 C5 92              		R1=[BP]	// QImode move
00008139 42 42              		CMP R1,2	// QImode compare
0000813A 04 AE 01 EE        		NSJNG L34	//QImode LE
         00 EE      
0000813D 0F 9F 5F 81        		PC=L32	// jump
                            	L34:
00000A07                    	.debug
00000A07 2E 00 73 00        		.dw '.stabn 0x44,0,73,',0,0
         74 00 61 00
         62 00 6E 00
         20 00 30 00
         78 00 34 00
         34 00 2C 00
         30 00 2C 00
         37 00 33 00
         2C 00 00 00
         00 00      
00000A1A 5A 00 00 00        		.dd LM44-_loop
00000A1C 0D 00 0A 00        		.dw 0x0d,0x0a
0000813F                    	.code
                            	LM44:
0000813F 41 92              		R1=1	// QImode move
00008140 19 D3 12 70        		[28690]=R1	// QImode move
00000A1E                    	.debug
00000A1E 2E 00 73 00        		.dw '.stabn 0x44,0,74,',0,0
         74 00 61 00
         62 00 6E 00
         20 00 30 00
         78 00 34 00
         34 00 2C 00
         30 00 2C 00
         37 00 34 00
         2C 00 00 00
         00 00      
00000A31 5D 00 00 00        		.dd LM45-_loop
00000A33 0D 00 0A 00        		.dw 0x0d,0x0a
00008142                    	.code
                            	LM45:
00008142 09 93 00 20        		R1=8192	// QImode move
00008144 19 D3 00 70        		[28672]=R1	// QImode move
00000A35                    	.debug
00000A35 2E 00 73 00        		.dw '.stabn 0x44,0,75,',0,0
         74 00 61 00
         62 00 6E 00
         20 00 30 00
         78 00 34 00
         34 00 2C 00
         30 00 2C 00
         37 00 35 00
         2C 00 00 00
         00 00      
00000A48 61 00 00 00        		.dd LM46-_loop
00000A4A 0D 00 0A 00        		.dw 0x0d,0x0a
00008146                    	.code
                            	LM46:
00008146 42 92              		R1=2	// QImode move
00008147 19 D3 05 70        		[28677]=R1	// QImode move
00000A4C                    	.debug
00000A4C 2E 00 73 00        		.dw '.stabn 0x44,0,76,',0,0
         74 00 61 00
         62 00 6E 00
         20 00 30 00
         78 00 34 00
         34 00 2C 00
         30 00 2C 00
         37 00 36 00
         2C 00 00 00
         00 00      
00000A5F 64 00 00 00        		.dd LM47-_loop
00000A61 0D 00 0A 00        		.dw 0x0d,0x0a
00008149                    	.code
                            	LM47:
00008149 45 92              		R1=5	// QImode move
0000814A C8 D2              		[SP--]=R1	// QImode move
0000814B 40 F0 6C 80        		CALL _delay	// call without return value
0000814D 41 00              		SP = SP + 1	//SP
00000A63                    	.debug
00000A63 2E 00 73 00        		.dw '.stabn 0x44,0,77,',0,0
         74 00 61 00
         62 00 6E 00
         20 00 30 00
         78 00 34 00
         34 00 2C 00
         30 00 2C 00
         37 00 37 00
         2C 00 00 00
         00 00      
00000A76 69 00 00 00        		.dd LM48-_loop
00000A78 0D 00 0A 00        		.dw 0x0d,0x0a
0000814E                    	.code
                            	LM48:
0000814E 40 92              		R1=0	// QImode move
0000814F 19 D3 00 70        		[28672]=R1	// QImode move
00000A7A                    	.debug
00000A7A 2E 00 73 00        		.dw '.stabn 0x44,0,78,',0,0
         74 00 61 00
         62 00 6E 00
         20 00 30 00
         78 00 34 00
         34 00 2C 00
         30 00 2C 00
         37 00 38 00
         2C 00 00 00
         00 00      
00000A8D 6C 00 00 00        		.dd LM49-_loop
00000A8F 0D 00 0A 00        		.dw 0x0d,0x0a
00008151                    	.code
                            	LM49:
00008151 42 92              		R1=2	// QImode move
00008152 19 D3 05 70        		[28677]=R1	// QImode move
00000A91                    	.debug
00000A91 2E 00 73 00        		.dw '.stabn 0x44,0,79,',0,0
         74 00 61 00
         62 00 6E 00
         20 00 30 00
         78 00 34 00
         34 00 2C 00
         30 00 2C 00
         37 00 39 00
         2C 00 00 00
         00 00      
00000AA4 6F 00 00 00        		.dd LM50-_loop
00000AA6 0D 00 0A 00        		.dw 0x0d,0x0a
00008154                    	.code
                            	LM50:
00008154 45 92              		R1=5	// QImode move
00008155 C8 D2              		[SP--]=R1	// QImode move
00008156 40 F0 6C 80        		CALL _delay	// call without return value
00008158 41 00              		SP = SP + 1	//SP
00000AA8                    	.debug
00000AA8 2E 00 73 00        		.dw '.stabn 0x44,0,71,',0,0
         74 00 61 00
         62 00 6E 00
         20 00 30 00
         78 00 34 00
         34 00 2C 00
         30 00 2C 00
         37 00 31 00
         2C 00 00 00
         00 00      
00000ABB 74 00 00 00        		.dd LM51-_loop
00000ABD 0D 00 0A 00        		.dw 0x0d,0x0a
00008159                    	.code
                            	LM51:
                            	L33:
00008159 C5 92              		R1=[BP]	// QImode move
0000815A 09 05 01 00        		R2=R1+1
0000815C C5 D4              		[BP]=R2	// QImode move
0000815D 0F 9F 38 81        		PC=L31	// jump
                            	L32:
00000ABF                    	.debug
00000ABF 2E 00 73 00        		.dw '.stabn 0x44,0,81,',0,0
         74 00 61 00
         62 00 6E 00
         20 00 30 00
         78 00 34 00
         34 00 2C 00
         30 00 2C 00
         38 00 31 00
         2C 00 00 00
         00 00      
00000AD2 7A 00 00 00        		.dd LM52-_loop
00000AD4 0D 00 0A 00        		.dw 0x0d,0x0a
0000815F                    	.code
                            	LM52:
                            	LBE5:
00000AD6                    	.debug
00000AD6 2E 00 73 00        		.dw '.stabn 0x44,0,81,',0,0
         74 00 61 00
         62 00 6E 00
         20 00 30 00
         78 00 34 00
         34 00 2C 00
         30 00 2C 00
         38 00 31 00
         2C 00 00 00
         00 00      
00000AE9 7A 00 00 00        		.dd LM53-_loop
00000AEB 0D 00 0A 00        		.dw 0x0d,0x0a
0000815F                    	.code
                            	LM53:
                            	L26:
                            	
0000815F 42 00              		SP+=2
00008160 88 98              		POP BP from [SP]
00008161 90 9A              		RETF
                            		.endp	// end of loop
                            	
00000AED                    	.debug
00000AED 2E 00 73 00        		.dw '.stabn 0xc0,0,0,',0,0
         74 00 61 00
         62 00 6E 00
         20 00 30 00
         78 00 63 00
         30 00 2C 00
         30 00 2C 00
         30 00 2C 00
         00 00 00 00
00000AFF 07 00 00 00        		.dd LBB5-_loop
00000B01 0D 00 0A 00        		.dw 0x0d,0x0a
00008162                    	.code
00000B03                    	.debug
00000B03 2E 00 73 00        		.dw '.stabs "i:1",128,0,0,0',0x0d,0x0a
         74 00 61 00
         62 00 73 00
         20 00 22 00
         69 00 3A 00
         31 00 22 00
         2C 00 31 00
         32 00 38 00
         2C 00 30 00
         2C 00 30 00
         2C 00 30 00
         0D 00 0A 00
00008162                    	.CODE
00000B1B                    	.debug
00000B1B 2E 00 73 00        		.dw '.stabn 0xe0,0,0,',0,0
         74 00 61 00
         62 00 6E 00
         20 00 30 00
         78 00 65 00
         30 00 2C 00
         30 00 2C 00
         30 00 2C 00
         00 00 00 00
00000B2D 7A 00 00 00        		.dd LBE5-_loop
00000B2F 0D 00 0A 00        		.dw 0x0d,0x0a
00008162                    	.code
00000B31                    	.debug
00000B31 2E 00 73 00        		.dw '.stabf ',0,0
         74 00 61 00
         62 00 66 00
         20 00 00 00
         00 00      
00000B3A 7D 00 00 00        		.dd LME4-_loop
00000B3C 0D 00 0A 00        		.dw 0x0d,0x0a
00008162                    	.code
                            	LME4:
00008162                    	.code
00000B3E                    	.debug
00000B3E 2E 00 73 00        		.dw '.stabs "main:F1",36,0,0,',0,0,offset _main,seg _main,0x0d,0x0a
         74 00 61 00
         62 00 73 00
         20 00 22 00
         6D 00 61 00
         69 00 6E 00
         3A 00 46 00
         31 00 22 00
         2C 00 33 00
         36 00 2C 00
         30 00 2C 00
         30 00 2C 00
         00 00 00 00
         3C 01 00 00
         0D 00 0A 00
00008162                    	.CODE
                            	.public _main
                            	_main:	.proc
00000B5C                    	.debug
00000B5C 2E 00 73 00        		.dw '.stabn 0x44,0,84,',0,0
         74 00 61 00
         62 00 6E 00
         20 00 30 00
         78 00 34 00
         34 00 2C 00
         30 00 2C 00
         38 00 34 00
         2C 00 00 00
         00 00      
00000B6F 00 00 00 00        		.dd LM54-_main
00000B71 0D 00 0A 00        		.dw 0x0d,0x0a
00008162                    	.code
                            	LM54:
                            		// total=2, vars=2
                            		// frame_pointer_needed: 1
00000B73                    	.debug
00000B73 2E 00 73 00        		.dw '.stabn 0xa6,0,0,2',0x0d, 0x0a
         74 00 61 00
         62 00 6E 00
         20 00 30 00
         78 00 61 00
         36 00 2C 00
         30 00 2C 00
         30 00 2C 00
         32 00 0D 00
         0A 00      
00008162                    	.code
00008162 88 DA              		PUSH BP to [SP]
00008163 42 20              		SP-=2
00008164 08 0B 01 00        		BP=SP+1
                            	
00008166 0D 03 05 00        		R1=BP+5
00008168 01 D2              		[BP+1]=R1	// QImode move
00000B86                    	.debug
00000B86 2E 00 73 00        		.dw '.stabn 0x44,0,85,',0,0
         74 00 61 00
         62 00 6E 00
         20 00 30 00
         78 00 34 00
         34 00 2C 00
         30 00 2C 00
         38 00 35 00
         2C 00 00 00
         00 00      
00000B99 07 00 00 00        		.dd LM55-_main
00000B9B 0D 00 0A 00        		.dw 0x0d,0x0a
00008169                    	.code
                            	LM55:
                            	LBB6:
00008169 40 92              		R1=0	// QImode move
0000816A C5 D2              		[BP]=R1	// QImode move
00000B9D                    	.debug
00000B9D 2E 00 73 00        		.dw '.stabn 0x44,0,87,',0,0
         74 00 61 00
         62 00 6E 00
         20 00 30 00
         78 00 34 00
         34 00 2C 00
         30 00 2C 00
         38 00 37 00
         2C 00 00 00
         00 00      
00000BB0 09 00 00 00        		.dd LM56-_main
00000BB2 0D 00 0A 00        		.dw 0x0d,0x0a
0000816B                    	.code
                            	LM56:
0000816B 09 93 FF 7F        		R1=32767	// QImode move
0000816D 19 D3 02 70        		[28674]=R1	// QImode move
00000BB4                    	.debug
00000BB4 2E 00 73 00        		.dw '.stabn 0x44,0,88,',0,0
         74 00 61 00
         62 00 6E 00
         20 00 30 00
         78 00 34 00
         34 00 2C 00
         30 00 2C 00
         38 00 38 00
         2C 00 00 00
         00 00      
00000BC7 0D 00 00 00        		.dd LM57-_main
00000BC9 0D 00 0A 00        		.dw 0x0d,0x0a
0000816F                    	.code
                            	LM57:
0000816F 09 93 FF 7F        		R1=32767	// QImode move
00008171 19 D3 03 70        		[28675]=R1	// QImode move
00000BCB                    	.debug
00000BCB 2E 00 73 00        		.dw '.stabn 0x44,0,89,',0,0
         74 00 61 00
         62 00 6E 00
         20 00 30 00
         78 00 34 00
         34 00 2C 00
         30 00 2C 00
         38 00 39 00
         2C 00 00 00
         00 00      
00000BDE 11 00 00 00        		.dd LM58-_main
00000BE0 0D 00 0A 00        		.dw 0x0d,0x0a
00008173                    	.code
                            	LM58:
00008173 40 92              		R1=0	// QImode move
00008174 19 D3 00 70        		[28672]=R1	// QImode move
00000BE2                    	.debug
00000BE2 2E 00 73 00        		.dw '.stabn 0x44,0,91,',0,0
         74 00 61 00
         62 00 6E 00
         20 00 30 00
         78 00 34 00
         34 00 2C 00
         30 00 2C 00
         39 00 31 00
         2C 00 00 00
         00 00      
00000BF5 14 00 00 00        		.dd LM59-_main
00000BF7 0D 00 0A 00        		.dw 0x0d,0x0a
00008176                    	.code
                            	LM59:
00008176 47 92              		R1=7	// QImode move
00008177 19 D3 07 70        		[28679]=R1	// QImode move
00000BF9                    	.debug
00000BF9 2E 00 73 00        		.dw '.stabn 0x44,0,92,',0,0
         74 00 61 00
         62 00 6E 00
         20 00 30 00
         78 00 34 00
         34 00 2C 00
         30 00 2C 00
         39 00 32 00
         2C 00 00 00
         00 00      
00000C0C 17 00 00 00        		.dd LM60-_main
00000C0E 0D 00 0A 00        		.dw 0x0d,0x0a
00008179                    	.code
                            	LM60:
00008179 47 92              		R1=7	// QImode move
0000817A 19 D3 08 70        		[28680]=R1	// QImode move
00000C10                    	.debug
00000C10 2E 00 73 00        		.dw '.stabn 0x44,0,93,',0,0
         74 00 61 00
         62 00 6E 00
         20 00 30 00
         78 00 34 00
         34 00 2C 00
         30 00 2C 00
         39 00 33 00
         2C 00 00 00
         00 00      
00000C23 1A 00 00 00        		.dd LM61-_main
00000C25 0D 00 0A 00        		.dw 0x0d,0x0a
0000817C                    	.code
                            	LM61:
0000817C 40 92              		R1=0	// QImode move
0000817D 19 D3 05 70        		[28677]=R1	// QImode move
00000C27                    	.debug
00000C27 2E 00 73 00        		.dw '.stabn 0x44,0,95,',0,0
         74 00 61 00
         62 00 6E 00
         20 00 30 00
         78 00 34 00
         34 00 2C 00
         30 00 2C 00
         39 00 35 00
         2C 00 00 00
         00 00      
00000C3A 1D 00 00 00        		.dd LM62-_main
00000C3C 0D 00 0A 00        		.dw 0x0d,0x0a
0000817F                    	.code
                            	LM62:
                            	L38:
0000817F 0F 9F 83 81        		PC=L40	// jump
00008181 0F 9F 96 81        		PC=L39	// jump
                            	L40:
00000C3E                    	.debug
00000C3E 2E 00 73 00        		.dw '.stabn 0x44,0,97,',0,0
         74 00 61 00
         62 00 6E 00
         20 00 30 00
         78 00 34 00
         34 00 2C 00
         30 00 2C 00
         39 00 37 00
         2C 00 00 00
         00 00      
00000C51 21 00 00 00        		.dd LM63-_main
00000C53 0D 00 0A 00        		.dw 0x0d,0x0a
00008183                    	.code
                            	LM63:
00008183 40 F0 42 80        		CALL _KeyScan	// call with return value
00008185 C5 D2              		[BP]=R1	// QImode move
00000C55                    	.debug
00000C55 2E 00 73 00        		.dw '.stabn 0x44,0,98,',0,0
         74 00 61 00
         62 00 6E 00
         20 00 30 00
         78 00 34 00
         34 00 2C 00
         30 00 2C 00
         39 00 38 00
         2C 00 00 00
         00 00      
00000C68 24 00 00 00        		.dd LM64-_main
00000C6A 0D 00 0A 00        		.dw 0x0d,0x0a
00008186                    	.code
                            	LM64:
00008186 C5 92              		R1=[BP]	// QImode move
00008187 09 43 00 80        		CMP R1,(-32768)	// QImode compare
00008189 07 4E 01 EE        		NSJNZ L41	//QImode NE
         00 EE      
00000C6C                    	.debug
00000C6C 2E 00 73 00        		.dw '.stabn 0x44,0,100,',0,0
         74 00 61 00
         62 00 6E 00
         20 00 30 00
         78 00 34 00
         34 00 2C 00
         30 00 2C 00
         31 00 30 00
         30 00 2C 00
         00 00 00 00
00000C80 2A 00 00 00        		.dd LM65-_main
00000C82 0D 00 0A 00        		.dw 0x0d,0x0a
0000818C                    	.code
                            	LM65:
0000818C 41 92              		R1=1	// QImode move
0000818D 19 D3 12 70        		[28690]=R1	// QImode move
00000C84                    	.debug
00000C84 2E 00 73 00        		.dw '.stabn 0x44,0,101,',0,0
         74 00 61 00
         62 00 6E 00
         20 00 30 00
         78 00 34 00
         34 00 2C 00
         30 00 2C 00
         31 00 30 00
         31 00 2C 00
         00 00 00 00
00000C98 2D 00 00 00        		.dd LM66-_main
00000C9A 0D 00 0A 00        		.dw 0x0d,0x0a
0000818F                    	.code
                            	LM66:
0000818F 0F 9F 96 81        		PC=L39	// jump
                            	L41:
00000C9C                    	.debug
00000C9C 2E 00 73 00        		.dw '.stabn 0x44,0,103,',0,0
         74 00 61 00
         62 00 6E 00
         20 00 30 00
         78 00 34 00
         34 00 2C 00
         30 00 2C 00
         31 00 30 00
         33 00 2C 00
         00 00 00 00
00000CB0 2F 00 00 00        		.dd LM67-_main
00000CB2 0D 00 0A 00        		.dw 0x0d,0x0a
00008191                    	.code
                            	LM67:
00008191 41 92              		R1=1	// QImode move
00008192 19 D3 12 70        		[28690]=R1	// QImode move
00000CB4                    	.debug
00000CB4 2E 00 73 00        		.dw '.stabn 0x44,0,104,',0,0
         74 00 61 00
         62 00 6E 00
         20 00 30 00
         78 00 34 00
         34 00 2C 00
         30 00 2C 00
         31 00 30 00
         34 00 2C 00
         00 00 00 00
00000CC8 32 00 00 00        		.dd LM68-_main
00000CCA 0D 00 0A 00        		.dw 0x0d,0x0a
00008194                    	.code
                            	LM68:
00008194 0F 9F 7F 81        		PC=L38	// jump
                            	L39:
00000CCC                    	.debug
00000CCC 2E 00 73 00        		.dw '.stabn 0x44,0,105,',0,0
         74 00 61 00
         62 00 6E 00
         20 00 30 00
         78 00 34 00
         34 00 2C 00
         30 00 2C 00
         31 00 30 00
         35 00 2C 00
         00 00 00 00
00000CE0 34 00 00 00        		.dd LM69-_main
00000CE2 0D 00 0A 00        		.dw 0x0d,0x0a
00008196                    	.code
                            	LM69:
                            	L42:
00008196 0F 9F 9A 81        		PC=L44	// jump
00008198 0F 9F 9E 81        		PC=L43	// jump
                            	L44:
00000CE4                    	.debug
00000CE4 2E 00 73 00        		.dw '.stabn 0x44,0,107,',0,0
         74 00 61 00
         62 00 6E 00
         20 00 30 00
         78 00 34 00
         34 00 2C 00
         30 00 2C 00
         31 00 30 00
         37 00 2C 00
         00 00 00 00
00000CF8 38 00 00 00        		.dd LM70-_main
00000CFA 0D 00 0A 00        		.dw 0x0d,0x0a
0000819A                    	.code
                            	LM70:
0000819A 40 F0 E5 80        		CALL _loop	// call without return value
00000CFC                    	.debug
00000CFC 2E 00 73 00        		.dw '.stabn 0x44,0,108,',0,0
         74 00 61 00
         62 00 6E 00
         20 00 30 00
         78 00 34 00
         34 00 2C 00
         30 00 2C 00
         31 00 30 00
         38 00 2C 00
         00 00 00 00
00000D10 3A 00 00 00        		.dd LM71-_main
00000D12 0D 00 0A 00        		.dw 0x0d,0x0a
0000819C                    	.code
                            	LM71:
0000819C 0F 9F 96 81        		PC=L42	// jump
                            	L43:
00000D14                    	.debug
00000D14 2E 00 73 00        		.dw '.stabn 0x44,0,109,',0,0
         74 00 61 00
         62 00 6E 00
         20 00 30 00
         78 00 34 00
         34 00 2C 00
         30 00 2C 00
         31 00 30 00
         39 00 2C 00
         00 00 00 00
00000D28 3C 00 00 00        		.dd LM72-_main
00000D2A 0D 00 0A 00        		.dw 0x0d,0x0a
0000819E                    	.code
                            	LM72:
0000819E 40 92              		R1=0	// QImode move
0000819F 0F 9F A1 81        		PC=L37	// jump
00000D2C                    	.debug
00000D2C 2E 00 73 00        		.dw '.stabn 0x44,0,110,',0,0
         74 00 61 00
         62 00 6E 00
         20 00 30 00
         78 00 34 00
         34 00 2C 00
         30 00 2C 00
         31 00 31 00
         30 00 2C 00
         00 00 00 00
00000D40 3F 00 00 00        		.dd LM73-_main
00000D42 0D 00 0A 00        		.dw 0x0d,0x0a
000081A1                    	.code
                            	LM73:
                            	LBE6:
00000D44                    	.debug
00000D44 2E 00 73 00        		.dw '.stabn 0x44,0,110,',0,0
         74 00 61 00
         62 00 6E 00
         20 00 30 00
         78 00 34 00
         34 00 2C 00
         30 00 2C 00
         31 00 31 00
         30 00 2C 00
         00 00 00 00
00000D58 3F 00 00 00        		.dd LM74-_main
00000D5A 0D 00 0A 00        		.dw 0x0d,0x0a
000081A1                    	.code
                            	LM74:
                            	L37:
                            	
000081A1 42 00              		SP+=2
000081A2 88 98              		POP BP from [SP]
000081A3 90 9A              		RETF
                            		.endp	// end of main
                            	
00000D5C                    	.debug
00000D5C 2E 00 73 00        		.dw '.stabn 0xc0,0,0,',0,0
         74 00 61 00
         62 00 6E 00
         20 00 30 00
         78 00 63 00
         30 00 2C 00
         30 00 2C 00
         30 00 2C 00
         00 00 00 00
00000D6E 07 00 00 00        		.dd LBB6-_main
00000D70 0D 00 0A 00        		.dw 0x0d,0x0a
000081A4                    	.code
00000D72                    	.debug
00000D72 2E 00 73 00        		.dw '.stabs "uiKey:4",128,0,0,0',0x0d,0x0a
         74 00 61 00
         62 00 73 00
         20 00 22 00
         75 00 69 00
         4B 00 65 00
         79 00 3A 00
         34 00 22 00
         2C 00 31 00
         32 00 38 00
         2C 00 30 00
         2C 00 30 00
         2C 00 30 00
         0D 00 0A 00
000081A4                    	.CODE
00000D8E                    	.debug
00000D8E 2E 00 73 00        		.dw '.stabn 0xe0,0,0,',0,0
         74 00 61 00
         62 00 6E 00
         20 00 30 00
         78 00 65 00
         30 00 2C 00
         30 00 2C 00
         30 00 2C 00
         00 00 00 00
00000DA0 3F 00 00 00        		.dd LBE6-_main
00000DA2 0D 00 0A 00        		.dw 0x0d,0x0a
000081A4                    	.code
00000DA4                    	.debug
00000DA4 2E 00 73 00        		.dw '.stabf ',0,0
         74 00 61 00
         62 00 66 00
         20 00 00 00
         00 00      
00000DAD 42 00 00 00        		.dd LME5-_main
00000DAF 0D 00 0A 00        		.dw 0x0d,0x0a
000081A4                    	.code
                            	LME5:
                            		.end
0 error(s), 0 warning(s).

